[2024-11-12T03:33:24.796+0000] {processor.py:186} INFO - Started process (PID=78) to work on /home/airflow/.local/lib/python3.12/site-packages/airflow/example_dags/example_kubernetes_executor.py
[2024-11-12T03:33:24.798+0000] {processor.py:914} INFO - Processing file /home/airflow/.local/lib/python3.12/site-packages/airflow/example_dags/example_kubernetes_executor.py for tasks to queue
[2024-11-12T03:33:24.801+0000] {logging_mixin.py:190} INFO - [2024-11-12T03:33:24.800+0000] {dagbag.py:588} INFO - Filling up the DagBag from /home/airflow/.local/lib/python3.12/site-packages/airflow/example_dags/example_kubernetes_executor.py
[2024-11-12T03:33:24.824+0000] {processor.py:925} INFO - DAG(s) 'example_kubernetes_executor' retrieved from /home/airflow/.local/lib/python3.12/site-packages/airflow/example_dags/example_kubernetes_executor.py
[2024-11-12T03:33:24.943+0000] {logging_mixin.py:190} INFO - [2024-11-12T03:33:24.942+0000] {override.py:1911} INFO - Created Permission View: can read on DAG:example_kubernetes_executor
[2024-11-12T03:33:25.022+0000] {logging_mixin.py:190} INFO - [2024-11-12T03:33:25.022+0000] {override.py:1911} INFO - Created Permission View: can delete on DAG:example_kubernetes_executor
[2024-11-12T03:33:25.033+0000] {logging_mixin.py:190} INFO - [2024-11-12T03:33:25.033+0000] {override.py:1911} INFO - Created Permission View: can edit on DAG:example_kubernetes_executor
[2024-11-12T03:33:25.047+0000] {logging_mixin.py:190} INFO - [2024-11-12T03:33:25.047+0000] {override.py:1911} INFO - Created Permission View: can read on DAG Run:example_kubernetes_executor
[2024-11-12T03:33:25.055+0000] {logging_mixin.py:190} INFO - [2024-11-12T03:33:25.055+0000] {override.py:1911} INFO - Created Permission View: can create on DAG Run:example_kubernetes_executor
[2024-11-12T03:33:25.062+0000] {logging_mixin.py:190} INFO - [2024-11-12T03:33:25.061+0000] {override.py:1911} INFO - Created Permission View: can delete on DAG Run:example_kubernetes_executor
[2024-11-12T03:33:25.069+0000] {logging_mixin.py:190} INFO - [2024-11-12T03:33:25.068+0000] {override.py:1911} INFO - Created Permission View: menu access on DAG Run:example_kubernetes_executor
[2024-11-12T03:33:25.069+0000] {logging_mixin.py:190} INFO - [2024-11-12T03:33:25.069+0000] {dag.py:3239} INFO - Sync 1 DAGs
[2024-11-12T03:33:25.079+0000] {logging_mixin.py:190} INFO - [2024-11-12T03:33:25.079+0000] {dag.py:3262} INFO - Creating ORM DAG for example_kubernetes_executor
[2024-11-12T03:33:25.080+0000] {logging_mixin.py:190} INFO - [2024-11-12T03:33:25.080+0000] {dag.py:4180} INFO - Setting next_dagrun for example_kubernetes_executor to None, run_after=None
[2024-11-12T03:33:25.098+0000] {processor.py:208} INFO - Processing /home/airflow/.local/lib/python3.12/site-packages/airflow/example_dags/example_kubernetes_executor.py took 0.307 seconds
[2024-11-12T03:33:55.974+0000] {processor.py:186} INFO - Started process (PID=147) to work on /home/airflow/.local/lib/python3.12/site-packages/airflow/example_dags/example_kubernetes_executor.py
[2024-11-12T03:33:55.976+0000] {processor.py:914} INFO - Processing file /home/airflow/.local/lib/python3.12/site-packages/airflow/example_dags/example_kubernetes_executor.py for tasks to queue
[2024-11-12T03:33:55.978+0000] {logging_mixin.py:190} INFO - [2024-11-12T03:33:55.977+0000] {dagbag.py:588} INFO - Filling up the DagBag from /home/airflow/.local/lib/python3.12/site-packages/airflow/example_dags/example_kubernetes_executor.py
[2024-11-12T03:33:55.989+0000] {processor.py:925} INFO - DAG(s) 'example_kubernetes_executor' retrieved from /home/airflow/.local/lib/python3.12/site-packages/airflow/example_dags/example_kubernetes_executor.py
[2024-11-12T03:33:56.017+0000] {logging_mixin.py:190} INFO - [2024-11-12T03:33:56.017+0000] {dag.py:3239} INFO - Sync 1 DAGs
[2024-11-12T03:33:56.027+0000] {logging_mixin.py:190} INFO - [2024-11-12T03:33:56.027+0000] {dag.py:4180} INFO - Setting next_dagrun for example_kubernetes_executor to None, run_after=None
[2024-11-12T03:33:56.056+0000] {processor.py:208} INFO - Processing /home/airflow/.local/lib/python3.12/site-packages/airflow/example_dags/example_kubernetes_executor.py took 0.089 seconds
[2024-11-12T03:34:26.821+0000] {processor.py:186} INFO - Started process (PID=210) to work on /home/airflow/.local/lib/python3.12/site-packages/airflow/example_dags/example_kubernetes_executor.py
[2024-11-12T03:34:26.823+0000] {processor.py:914} INFO - Processing file /home/airflow/.local/lib/python3.12/site-packages/airflow/example_dags/example_kubernetes_executor.py for tasks to queue
[2024-11-12T03:34:26.824+0000] {logging_mixin.py:190} INFO - [2024-11-12T03:34:26.824+0000] {dagbag.py:588} INFO - Filling up the DagBag from /home/airflow/.local/lib/python3.12/site-packages/airflow/example_dags/example_kubernetes_executor.py
[2024-11-12T03:34:26.837+0000] {processor.py:925} INFO - DAG(s) 'example_kubernetes_executor' retrieved from /home/airflow/.local/lib/python3.12/site-packages/airflow/example_dags/example_kubernetes_executor.py
[2024-11-12T03:34:26.868+0000] {logging_mixin.py:190} INFO - [2024-11-12T03:34:26.867+0000] {dag.py:3239} INFO - Sync 1 DAGs
[2024-11-12T03:34:26.879+0000] {logging_mixin.py:190} INFO - [2024-11-12T03:34:26.879+0000] {dag.py:4180} INFO - Setting next_dagrun for example_kubernetes_executor to None, run_after=None
[2024-11-12T03:34:26.896+0000] {processor.py:208} INFO - Processing /home/airflow/.local/lib/python3.12/site-packages/airflow/example_dags/example_kubernetes_executor.py took 0.079 seconds
[2024-11-12T03:34:57.304+0000] {processor.py:186} INFO - Started process (PID=271) to work on /home/airflow/.local/lib/python3.12/site-packages/airflow/example_dags/example_kubernetes_executor.py
[2024-11-12T03:34:57.305+0000] {processor.py:914} INFO - Processing file /home/airflow/.local/lib/python3.12/site-packages/airflow/example_dags/example_kubernetes_executor.py for tasks to queue
[2024-11-12T03:34:57.308+0000] {logging_mixin.py:190} INFO - [2024-11-12T03:34:57.307+0000] {dagbag.py:588} INFO - Filling up the DagBag from /home/airflow/.local/lib/python3.12/site-packages/airflow/example_dags/example_kubernetes_executor.py
[2024-11-12T03:34:57.319+0000] {processor.py:925} INFO - DAG(s) 'example_kubernetes_executor' retrieved from /home/airflow/.local/lib/python3.12/site-packages/airflow/example_dags/example_kubernetes_executor.py
[2024-11-12T03:34:57.350+0000] {logging_mixin.py:190} INFO - [2024-11-12T03:34:57.349+0000] {dag.py:3239} INFO - Sync 1 DAGs
[2024-11-12T03:34:57.361+0000] {logging_mixin.py:190} INFO - [2024-11-12T03:34:57.361+0000] {dag.py:4180} INFO - Setting next_dagrun for example_kubernetes_executor to None, run_after=None
[2024-11-12T03:34:57.378+0000] {processor.py:208} INFO - Processing /home/airflow/.local/lib/python3.12/site-packages/airflow/example_dags/example_kubernetes_executor.py took 0.080 seconds
[2024-11-12T03:35:27.678+0000] {processor.py:186} INFO - Started process (PID=334) to work on /home/airflow/.local/lib/python3.12/site-packages/airflow/example_dags/example_kubernetes_executor.py
[2024-11-12T03:35:27.679+0000] {processor.py:914} INFO - Processing file /home/airflow/.local/lib/python3.12/site-packages/airflow/example_dags/example_kubernetes_executor.py for tasks to queue
[2024-11-12T03:35:27.681+0000] {logging_mixin.py:190} INFO - [2024-11-12T03:35:27.681+0000] {dagbag.py:588} INFO - Filling up the DagBag from /home/airflow/.local/lib/python3.12/site-packages/airflow/example_dags/example_kubernetes_executor.py
[2024-11-12T03:35:27.692+0000] {processor.py:925} INFO - DAG(s) 'example_kubernetes_executor' retrieved from /home/airflow/.local/lib/python3.12/site-packages/airflow/example_dags/example_kubernetes_executor.py
[2024-11-12T03:35:27.726+0000] {logging_mixin.py:190} INFO - [2024-11-12T03:35:27.726+0000] {dag.py:3239} INFO - Sync 1 DAGs
[2024-11-12T03:35:27.742+0000] {logging_mixin.py:190} INFO - [2024-11-12T03:35:27.742+0000] {dag.py:4180} INFO - Setting next_dagrun for example_kubernetes_executor to None, run_after=None
[2024-11-12T03:35:27.758+0000] {processor.py:208} INFO - Processing /home/airflow/.local/lib/python3.12/site-packages/airflow/example_dags/example_kubernetes_executor.py took 0.085 seconds
[2024-11-12T03:35:58.058+0000] {processor.py:186} INFO - Started process (PID=396) to work on /home/airflow/.local/lib/python3.12/site-packages/airflow/example_dags/example_kubernetes_executor.py
[2024-11-12T03:35:58.061+0000] {processor.py:914} INFO - Processing file /home/airflow/.local/lib/python3.12/site-packages/airflow/example_dags/example_kubernetes_executor.py for tasks to queue
[2024-11-12T03:35:58.063+0000] {logging_mixin.py:190} INFO - [2024-11-12T03:35:58.063+0000] {dagbag.py:588} INFO - Filling up the DagBag from /home/airflow/.local/lib/python3.12/site-packages/airflow/example_dags/example_kubernetes_executor.py
[2024-11-12T03:35:58.075+0000] {processor.py:925} INFO - DAG(s) 'example_kubernetes_executor' retrieved from /home/airflow/.local/lib/python3.12/site-packages/airflow/example_dags/example_kubernetes_executor.py
[2024-11-12T03:35:58.114+0000] {logging_mixin.py:190} INFO - [2024-11-12T03:35:58.113+0000] {dag.py:3239} INFO - Sync 1 DAGs
[2024-11-12T03:35:58.127+0000] {logging_mixin.py:190} INFO - [2024-11-12T03:35:58.127+0000] {dag.py:4180} INFO - Setting next_dagrun for example_kubernetes_executor to None, run_after=None
[2024-11-12T03:35:58.145+0000] {processor.py:208} INFO - Processing /home/airflow/.local/lib/python3.12/site-packages/airflow/example_dags/example_kubernetes_executor.py took 0.093 seconds
[2024-11-12T03:36:28.506+0000] {processor.py:186} INFO - Started process (PID=459) to work on /home/airflow/.local/lib/python3.12/site-packages/airflow/example_dags/example_kubernetes_executor.py
[2024-11-12T03:36:28.508+0000] {processor.py:914} INFO - Processing file /home/airflow/.local/lib/python3.12/site-packages/airflow/example_dags/example_kubernetes_executor.py for tasks to queue
[2024-11-12T03:36:28.510+0000] {logging_mixin.py:190} INFO - [2024-11-12T03:36:28.510+0000] {dagbag.py:588} INFO - Filling up the DagBag from /home/airflow/.local/lib/python3.12/site-packages/airflow/example_dags/example_kubernetes_executor.py
[2024-11-12T03:36:28.523+0000] {processor.py:925} INFO - DAG(s) 'example_kubernetes_executor' retrieved from /home/airflow/.local/lib/python3.12/site-packages/airflow/example_dags/example_kubernetes_executor.py
[2024-11-12T03:36:28.558+0000] {logging_mixin.py:190} INFO - [2024-11-12T03:36:28.557+0000] {dag.py:3239} INFO - Sync 1 DAGs
[2024-11-12T03:36:28.569+0000] {logging_mixin.py:190} INFO - [2024-11-12T03:36:28.569+0000] {dag.py:4180} INFO - Setting next_dagrun for example_kubernetes_executor to None, run_after=None
[2024-11-12T03:36:28.584+0000] {processor.py:208} INFO - Processing /home/airflow/.local/lib/python3.12/site-packages/airflow/example_dags/example_kubernetes_executor.py took 0.083 seconds
[2024-11-12T03:36:58.684+0000] {processor.py:186} INFO - Started process (PID=522) to work on /home/airflow/.local/lib/python3.12/site-packages/airflow/example_dags/example_kubernetes_executor.py
[2024-11-12T03:36:58.685+0000] {processor.py:914} INFO - Processing file /home/airflow/.local/lib/python3.12/site-packages/airflow/example_dags/example_kubernetes_executor.py for tasks to queue
[2024-11-12T03:36:58.687+0000] {logging_mixin.py:190} INFO - [2024-11-12T03:36:58.687+0000] {dagbag.py:588} INFO - Filling up the DagBag from /home/airflow/.local/lib/python3.12/site-packages/airflow/example_dags/example_kubernetes_executor.py
[2024-11-12T03:36:58.700+0000] {processor.py:925} INFO - DAG(s) 'example_kubernetes_executor' retrieved from /home/airflow/.local/lib/python3.12/site-packages/airflow/example_dags/example_kubernetes_executor.py
[2024-11-12T03:36:58.734+0000] {logging_mixin.py:190} INFO - [2024-11-12T03:36:58.733+0000] {dag.py:3239} INFO - Sync 1 DAGs
[2024-11-12T03:36:58.745+0000] {logging_mixin.py:190} INFO - [2024-11-12T03:36:58.745+0000] {dag.py:4180} INFO - Setting next_dagrun for example_kubernetes_executor to None, run_after=None
[2024-11-12T03:36:58.762+0000] {processor.py:208} INFO - Processing /home/airflow/.local/lib/python3.12/site-packages/airflow/example_dags/example_kubernetes_executor.py took 0.085 seconds
[2024-11-12T03:37:29.554+0000] {processor.py:186} INFO - Started process (PID=585) to work on /home/airflow/.local/lib/python3.12/site-packages/airflow/example_dags/example_kubernetes_executor.py
[2024-11-12T03:37:29.555+0000] {processor.py:914} INFO - Processing file /home/airflow/.local/lib/python3.12/site-packages/airflow/example_dags/example_kubernetes_executor.py for tasks to queue
[2024-11-12T03:37:29.557+0000] {logging_mixin.py:190} INFO - [2024-11-12T03:37:29.557+0000] {dagbag.py:588} INFO - Filling up the DagBag from /home/airflow/.local/lib/python3.12/site-packages/airflow/example_dags/example_kubernetes_executor.py
[2024-11-12T03:37:29.567+0000] {processor.py:925} INFO - DAG(s) 'example_kubernetes_executor' retrieved from /home/airflow/.local/lib/python3.12/site-packages/airflow/example_dags/example_kubernetes_executor.py
[2024-11-12T03:37:29.596+0000] {logging_mixin.py:190} INFO - [2024-11-12T03:37:29.596+0000] {dag.py:3239} INFO - Sync 1 DAGs
[2024-11-12T03:37:29.608+0000] {logging_mixin.py:190} INFO - [2024-11-12T03:37:29.607+0000] {dag.py:4180} INFO - Setting next_dagrun for example_kubernetes_executor to None, run_after=None
[2024-11-12T03:37:29.622+0000] {processor.py:208} INFO - Processing /home/airflow/.local/lib/python3.12/site-packages/airflow/example_dags/example_kubernetes_executor.py took 0.073 seconds
[2024-11-12T03:39:55.784+0000] {processor.py:186} INFO - Started process (PID=65) to work on /home/airflow/.local/lib/python3.12/site-packages/airflow/example_dags/example_kubernetes_executor.py
[2024-11-12T03:39:55.785+0000] {processor.py:914} INFO - Processing file /home/airflow/.local/lib/python3.12/site-packages/airflow/example_dags/example_kubernetes_executor.py for tasks to queue
[2024-11-12T03:39:55.788+0000] {logging_mixin.py:190} INFO - [2024-11-12T03:39:55.788+0000] {dagbag.py:588} INFO - Filling up the DagBag from /home/airflow/.local/lib/python3.12/site-packages/airflow/example_dags/example_kubernetes_executor.py
[2024-11-12T03:39:55.801+0000] {processor.py:925} INFO - DAG(s) 'example_kubernetes_executor' retrieved from /home/airflow/.local/lib/python3.12/site-packages/airflow/example_dags/example_kubernetes_executor.py
[2024-11-12T03:39:55.845+0000] {logging_mixin.py:190} INFO - [2024-11-12T03:39:55.845+0000] {dag.py:3239} INFO - Sync 1 DAGs
[2024-11-12T03:39:55.858+0000] {logging_mixin.py:190} INFO - [2024-11-12T03:39:55.858+0000] {dag.py:4180} INFO - Setting next_dagrun for example_kubernetes_executor to None, run_after=None
[2024-11-12T03:39:55.884+0000] {processor.py:208} INFO - Processing /home/airflow/.local/lib/python3.12/site-packages/airflow/example_dags/example_kubernetes_executor.py took 0.105 seconds
[2024-11-12T03:40:26.586+0000] {processor.py:186} INFO - Started process (PID=134) to work on /home/airflow/.local/lib/python3.12/site-packages/airflow/example_dags/example_kubernetes_executor.py
[2024-11-12T03:40:26.587+0000] {processor.py:914} INFO - Processing file /home/airflow/.local/lib/python3.12/site-packages/airflow/example_dags/example_kubernetes_executor.py for tasks to queue
[2024-11-12T03:40:26.589+0000] {logging_mixin.py:190} INFO - [2024-11-12T03:40:26.589+0000] {dagbag.py:588} INFO - Filling up the DagBag from /home/airflow/.local/lib/python3.12/site-packages/airflow/example_dags/example_kubernetes_executor.py
[2024-11-12T03:40:26.600+0000] {processor.py:925} INFO - DAG(s) 'example_kubernetes_executor' retrieved from /home/airflow/.local/lib/python3.12/site-packages/airflow/example_dags/example_kubernetes_executor.py
[2024-11-12T03:40:26.629+0000] {logging_mixin.py:190} INFO - [2024-11-12T03:40:26.629+0000] {dag.py:3239} INFO - Sync 1 DAGs
[2024-11-12T03:40:26.642+0000] {logging_mixin.py:190} INFO - [2024-11-12T03:40:26.641+0000] {dag.py:4180} INFO - Setting next_dagrun for example_kubernetes_executor to None, run_after=None
[2024-11-12T03:40:26.656+0000] {processor.py:208} INFO - Processing /home/airflow/.local/lib/python3.12/site-packages/airflow/example_dags/example_kubernetes_executor.py took 0.074 seconds
[2024-11-12T03:40:56.813+0000] {processor.py:186} INFO - Started process (PID=196) to work on /home/airflow/.local/lib/python3.12/site-packages/airflow/example_dags/example_kubernetes_executor.py
[2024-11-12T03:40:56.814+0000] {processor.py:914} INFO - Processing file /home/airflow/.local/lib/python3.12/site-packages/airflow/example_dags/example_kubernetes_executor.py for tasks to queue
[2024-11-12T03:40:56.816+0000] {logging_mixin.py:190} INFO - [2024-11-12T03:40:56.816+0000] {dagbag.py:588} INFO - Filling up the DagBag from /home/airflow/.local/lib/python3.12/site-packages/airflow/example_dags/example_kubernetes_executor.py
[2024-11-12T03:40:56.827+0000] {processor.py:925} INFO - DAG(s) 'example_kubernetes_executor' retrieved from /home/airflow/.local/lib/python3.12/site-packages/airflow/example_dags/example_kubernetes_executor.py
[2024-11-12T03:40:56.858+0000] {logging_mixin.py:190} INFO - [2024-11-12T03:40:56.858+0000] {dag.py:3239} INFO - Sync 1 DAGs
[2024-11-12T03:40:56.870+0000] {logging_mixin.py:190} INFO - [2024-11-12T03:40:56.870+0000] {dag.py:4180} INFO - Setting next_dagrun for example_kubernetes_executor to None, run_after=None
[2024-11-12T03:40:56.886+0000] {processor.py:208} INFO - Processing /home/airflow/.local/lib/python3.12/site-packages/airflow/example_dags/example_kubernetes_executor.py took 0.077 seconds
