[2024-11-12T03:33:22.147+0000] {processor.py:186} INFO - Started process (PID=66) to work on /home/airflow/.local/lib/python3.12/site-packages/airflow/example_dags/example_latest_only.py
[2024-11-12T03:33:22.148+0000] {processor.py:914} INFO - Processing file /home/airflow/.local/lib/python3.12/site-packages/airflow/example_dags/example_latest_only.py for tasks to queue
[2024-11-12T03:33:22.151+0000] {logging_mixin.py:190} INFO - [2024-11-12T03:33:22.151+0000] {dagbag.py:588} INFO - Filling up the DagBag from /home/airflow/.local/lib/python3.12/site-packages/airflow/example_dags/example_latest_only.py
[2024-11-12T03:33:22.168+0000] {processor.py:925} INFO - DAG(s) 'latest_only' retrieved from /home/airflow/.local/lib/python3.12/site-packages/airflow/example_dags/example_latest_only.py
[2024-11-12T03:33:22.265+0000] {logging_mixin.py:190} INFO - [2024-11-12T03:33:22.264+0000] {override.py:1911} INFO - Created Permission View: can read on DAG:latest_only
[2024-11-12T03:33:22.276+0000] {logging_mixin.py:190} INFO - [2024-11-12T03:33:22.276+0000] {override.py:1911} INFO - Created Permission View: can delete on DAG:latest_only
[2024-11-12T03:33:22.285+0000] {logging_mixin.py:190} INFO - [2024-11-12T03:33:22.284+0000] {override.py:1911} INFO - Created Permission View: can edit on DAG:latest_only
[2024-11-12T03:33:22.294+0000] {logging_mixin.py:190} INFO - [2024-11-12T03:33:22.294+0000] {override.py:1911} INFO - Created Permission View: can read on DAG Run:latest_only
[2024-11-12T03:33:22.305+0000] {logging_mixin.py:190} INFO - [2024-11-12T03:33:22.304+0000] {override.py:1911} INFO - Created Permission View: can create on DAG Run:latest_only
[2024-11-12T03:33:22.315+0000] {logging_mixin.py:190} INFO - [2024-11-12T03:33:22.315+0000] {override.py:1911} INFO - Created Permission View: can delete on DAG Run:latest_only
[2024-11-12T03:33:22.327+0000] {logging_mixin.py:190} INFO - [2024-11-12T03:33:22.326+0000] {override.py:1911} INFO - Created Permission View: menu access on DAG Run:latest_only
[2024-11-12T03:33:22.328+0000] {logging_mixin.py:190} INFO - [2024-11-12T03:33:22.328+0000] {dag.py:3239} INFO - Sync 1 DAGs
[2024-11-12T03:33:22.342+0000] {logging_mixin.py:190} INFO - [2024-11-12T03:33:22.342+0000] {dag.py:3262} INFO - Creating ORM DAG for latest_only
[2024-11-12T03:33:22.356+0000] {logging_mixin.py:190} INFO - [2024-11-12T03:33:22.356+0000] {dag.py:4180} INFO - Setting next_dagrun for latest_only to 2024-11-11 20:00:00+00:00, run_after=2024-11-12 00:00:00+00:00
[2024-11-12T03:33:22.381+0000] {processor.py:208} INFO - Processing /home/airflow/.local/lib/python3.12/site-packages/airflow/example_dags/example_latest_only.py took 0.239 seconds
[2024-11-12T03:33:53.064+0000] {processor.py:186} INFO - Started process (PID=129) to work on /home/airflow/.local/lib/python3.12/site-packages/airflow/example_dags/example_latest_only.py
[2024-11-12T03:33:53.065+0000] {processor.py:914} INFO - Processing file /home/airflow/.local/lib/python3.12/site-packages/airflow/example_dags/example_latest_only.py for tasks to queue
[2024-11-12T03:33:53.068+0000] {logging_mixin.py:190} INFO - [2024-11-12T03:33:53.068+0000] {dagbag.py:588} INFO - Filling up the DagBag from /home/airflow/.local/lib/python3.12/site-packages/airflow/example_dags/example_latest_only.py
[2024-11-12T03:33:53.078+0000] {processor.py:925} INFO - DAG(s) 'latest_only' retrieved from /home/airflow/.local/lib/python3.12/site-packages/airflow/example_dags/example_latest_only.py
[2024-11-12T03:33:53.102+0000] {logging_mixin.py:190} INFO - [2024-11-12T03:33:53.102+0000] {dag.py:3239} INFO - Sync 1 DAGs
[2024-11-12T03:33:53.126+0000] {logging_mixin.py:190} INFO - [2024-11-12T03:33:53.126+0000] {dag.py:4180} INFO - Setting next_dagrun for latest_only to 2024-11-11 20:00:00+00:00, run_after=2024-11-12 00:00:00+00:00
[2024-11-12T03:33:53.150+0000] {processor.py:208} INFO - Processing /home/airflow/.local/lib/python3.12/site-packages/airflow/example_dags/example_latest_only.py took 0.090 seconds
[2024-11-12T03:34:23.607+0000] {processor.py:186} INFO - Started process (PID=192) to work on /home/airflow/.local/lib/python3.12/site-packages/airflow/example_dags/example_latest_only.py
[2024-11-12T03:34:23.608+0000] {processor.py:914} INFO - Processing file /home/airflow/.local/lib/python3.12/site-packages/airflow/example_dags/example_latest_only.py for tasks to queue
[2024-11-12T03:34:23.610+0000] {logging_mixin.py:190} INFO - [2024-11-12T03:34:23.610+0000] {dagbag.py:588} INFO - Filling up the DagBag from /home/airflow/.local/lib/python3.12/site-packages/airflow/example_dags/example_latest_only.py
[2024-11-12T03:34:23.616+0000] {processor.py:925} INFO - DAG(s) 'latest_only' retrieved from /home/airflow/.local/lib/python3.12/site-packages/airflow/example_dags/example_latest_only.py
[2024-11-12T03:34:23.635+0000] {logging_mixin.py:190} INFO - [2024-11-12T03:34:23.634+0000] {dag.py:3239} INFO - Sync 1 DAGs
[2024-11-12T03:34:23.654+0000] {logging_mixin.py:190} INFO - [2024-11-12T03:34:23.654+0000] {dag.py:4180} INFO - Setting next_dagrun for latest_only to 2024-11-11 20:00:00+00:00, run_after=2024-11-12 00:00:00+00:00
[2024-11-12T03:34:23.671+0000] {processor.py:208} INFO - Processing /home/airflow/.local/lib/python3.12/site-packages/airflow/example_dags/example_latest_only.py took 0.070 seconds
[2024-11-12T03:34:54.192+0000] {processor.py:186} INFO - Started process (PID=255) to work on /home/airflow/.local/lib/python3.12/site-packages/airflow/example_dags/example_latest_only.py
[2024-11-12T03:34:54.194+0000] {processor.py:914} INFO - Processing file /home/airflow/.local/lib/python3.12/site-packages/airflow/example_dags/example_latest_only.py for tasks to queue
[2024-11-12T03:34:54.196+0000] {logging_mixin.py:190} INFO - [2024-11-12T03:34:54.196+0000] {dagbag.py:588} INFO - Filling up the DagBag from /home/airflow/.local/lib/python3.12/site-packages/airflow/example_dags/example_latest_only.py
[2024-11-12T03:34:54.203+0000] {processor.py:925} INFO - DAG(s) 'latest_only' retrieved from /home/airflow/.local/lib/python3.12/site-packages/airflow/example_dags/example_latest_only.py
[2024-11-12T03:34:54.219+0000] {logging_mixin.py:190} INFO - [2024-11-12T03:34:54.219+0000] {dag.py:3239} INFO - Sync 1 DAGs
[2024-11-12T03:34:54.239+0000] {logging_mixin.py:190} INFO - [2024-11-12T03:34:54.238+0000] {dag.py:4180} INFO - Setting next_dagrun for latest_only to 2024-11-11 20:00:00+00:00, run_after=2024-11-12 00:00:00+00:00
[2024-11-12T03:34:54.256+0000] {processor.py:208} INFO - Processing /home/airflow/.local/lib/python3.12/site-packages/airflow/example_dags/example_latest_only.py took 0.068 seconds
[2024-11-12T03:35:25.001+0000] {processor.py:186} INFO - Started process (PID=317) to work on /home/airflow/.local/lib/python3.12/site-packages/airflow/example_dags/example_latest_only.py
[2024-11-12T03:35:25.001+0000] {processor.py:914} INFO - Processing file /home/airflow/.local/lib/python3.12/site-packages/airflow/example_dags/example_latest_only.py for tasks to queue
[2024-11-12T03:35:25.003+0000] {logging_mixin.py:190} INFO - [2024-11-12T03:35:25.003+0000] {dagbag.py:588} INFO - Filling up the DagBag from /home/airflow/.local/lib/python3.12/site-packages/airflow/example_dags/example_latest_only.py
[2024-11-12T03:35:25.009+0000] {processor.py:925} INFO - DAG(s) 'latest_only' retrieved from /home/airflow/.local/lib/python3.12/site-packages/airflow/example_dags/example_latest_only.py
[2024-11-12T03:35:25.026+0000] {logging_mixin.py:190} INFO - [2024-11-12T03:35:25.026+0000] {dag.py:3239} INFO - Sync 1 DAGs
[2024-11-12T03:35:25.046+0000] {logging_mixin.py:190} INFO - [2024-11-12T03:35:25.046+0000] {dag.py:4180} INFO - Setting next_dagrun for latest_only to 2024-11-11 20:00:00+00:00, run_after=2024-11-12 00:00:00+00:00
[2024-11-12T03:35:25.065+0000] {processor.py:208} INFO - Processing /home/airflow/.local/lib/python3.12/site-packages/airflow/example_dags/example_latest_only.py took 0.069 seconds
[2024-11-12T03:35:55.502+0000] {processor.py:186} INFO - Started process (PID=380) to work on /home/airflow/.local/lib/python3.12/site-packages/airflow/example_dags/example_latest_only.py
[2024-11-12T03:35:55.503+0000] {processor.py:914} INFO - Processing file /home/airflow/.local/lib/python3.12/site-packages/airflow/example_dags/example_latest_only.py for tasks to queue
[2024-11-12T03:35:55.505+0000] {logging_mixin.py:190} INFO - [2024-11-12T03:35:55.505+0000] {dagbag.py:588} INFO - Filling up the DagBag from /home/airflow/.local/lib/python3.12/site-packages/airflow/example_dags/example_latest_only.py
[2024-11-12T03:35:55.512+0000] {processor.py:925} INFO - DAG(s) 'latest_only' retrieved from /home/airflow/.local/lib/python3.12/site-packages/airflow/example_dags/example_latest_only.py
[2024-11-12T03:35:55.526+0000] {logging_mixin.py:190} INFO - [2024-11-12T03:35:55.526+0000] {dag.py:3239} INFO - Sync 1 DAGs
[2024-11-12T03:35:55.543+0000] {logging_mixin.py:190} INFO - [2024-11-12T03:35:55.543+0000] {dag.py:4180} INFO - Setting next_dagrun for latest_only to 2024-11-11 20:00:00+00:00, run_after=2024-11-12 00:00:00+00:00
[2024-11-12T03:35:55.565+0000] {processor.py:208} INFO - Processing /home/airflow/.local/lib/python3.12/site-packages/airflow/example_dags/example_latest_only.py took 0.067 seconds
[2024-11-12T03:36:25.902+0000] {processor.py:186} INFO - Started process (PID=449) to work on /home/airflow/.local/lib/python3.12/site-packages/airflow/example_dags/example_latest_only.py
[2024-11-12T03:36:25.903+0000] {processor.py:914} INFO - Processing file /home/airflow/.local/lib/python3.12/site-packages/airflow/example_dags/example_latest_only.py for tasks to queue
[2024-11-12T03:36:25.907+0000] {logging_mixin.py:190} INFO - [2024-11-12T03:36:25.907+0000] {dagbag.py:588} INFO - Filling up the DagBag from /home/airflow/.local/lib/python3.12/site-packages/airflow/example_dags/example_latest_only.py
[2024-11-12T03:36:25.913+0000] {processor.py:925} INFO - DAG(s) 'latest_only' retrieved from /home/airflow/.local/lib/python3.12/site-packages/airflow/example_dags/example_latest_only.py
[2024-11-12T03:36:25.932+0000] {logging_mixin.py:190} INFO - [2024-11-12T03:36:25.931+0000] {dag.py:3239} INFO - Sync 1 DAGs
[2024-11-12T03:36:25.951+0000] {logging_mixin.py:190} INFO - [2024-11-12T03:36:25.951+0000] {dag.py:4180} INFO - Setting next_dagrun for latest_only to 2024-11-11 20:00:00+00:00, run_after=2024-11-12 00:00:00+00:00
[2024-11-12T03:36:25.968+0000] {processor.py:208} INFO - Processing /home/airflow/.local/lib/python3.12/site-packages/airflow/example_dags/example_latest_only.py took 0.071 seconds
[2024-11-12T03:36:56.053+0000] {processor.py:186} INFO - Started process (PID=512) to work on /home/airflow/.local/lib/python3.12/site-packages/airflow/example_dags/example_latest_only.py
[2024-11-12T03:36:56.054+0000] {processor.py:914} INFO - Processing file /home/airflow/.local/lib/python3.12/site-packages/airflow/example_dags/example_latest_only.py for tasks to queue
[2024-11-12T03:36:56.057+0000] {logging_mixin.py:190} INFO - [2024-11-12T03:36:56.057+0000] {dagbag.py:588} INFO - Filling up the DagBag from /home/airflow/.local/lib/python3.12/site-packages/airflow/example_dags/example_latest_only.py
[2024-11-12T03:36:56.063+0000] {processor.py:925} INFO - DAG(s) 'latest_only' retrieved from /home/airflow/.local/lib/python3.12/site-packages/airflow/example_dags/example_latest_only.py
[2024-11-12T03:36:56.079+0000] {logging_mixin.py:190} INFO - [2024-11-12T03:36:56.079+0000] {dag.py:3239} INFO - Sync 1 DAGs
[2024-11-12T03:36:56.098+0000] {logging_mixin.py:190} INFO - [2024-11-12T03:36:56.098+0000] {dag.py:4180} INFO - Setting next_dagrun for latest_only to 2024-11-11 20:00:00+00:00, run_after=2024-11-12 00:00:00+00:00
[2024-11-12T03:36:56.114+0000] {processor.py:208} INFO - Processing /home/airflow/.local/lib/python3.12/site-packages/airflow/example_dags/example_latest_only.py took 0.066 seconds
[2024-11-12T03:37:26.897+0000] {processor.py:186} INFO - Started process (PID=575) to work on /home/airflow/.local/lib/python3.12/site-packages/airflow/example_dags/example_latest_only.py
[2024-11-12T03:37:26.897+0000] {processor.py:914} INFO - Processing file /home/airflow/.local/lib/python3.12/site-packages/airflow/example_dags/example_latest_only.py for tasks to queue
[2024-11-12T03:37:26.899+0000] {logging_mixin.py:190} INFO - [2024-11-12T03:37:26.899+0000] {dagbag.py:588} INFO - Filling up the DagBag from /home/airflow/.local/lib/python3.12/site-packages/airflow/example_dags/example_latest_only.py
[2024-11-12T03:37:26.905+0000] {processor.py:925} INFO - DAG(s) 'latest_only' retrieved from /home/airflow/.local/lib/python3.12/site-packages/airflow/example_dags/example_latest_only.py
[2024-11-12T03:37:26.920+0000] {logging_mixin.py:190} INFO - [2024-11-12T03:37:26.920+0000] {dag.py:3239} INFO - Sync 1 DAGs
[2024-11-12T03:37:26.939+0000] {logging_mixin.py:190} INFO - [2024-11-12T03:37:26.939+0000] {dag.py:4180} INFO - Setting next_dagrun for latest_only to 2024-11-11 20:00:00+00:00, run_after=2024-11-12 00:00:00+00:00
[2024-11-12T03:37:26.965+0000] {processor.py:208} INFO - Processing /home/airflow/.local/lib/python3.12/site-packages/airflow/example_dags/example_latest_only.py took 0.072 seconds
[2024-11-12T03:39:54.616+0000] {processor.py:186} INFO - Started process (PID=53) to work on /home/airflow/.local/lib/python3.12/site-packages/airflow/example_dags/example_latest_only.py
[2024-11-12T03:39:54.617+0000] {processor.py:914} INFO - Processing file /home/airflow/.local/lib/python3.12/site-packages/airflow/example_dags/example_latest_only.py for tasks to queue
[2024-11-12T03:39:54.619+0000] {logging_mixin.py:190} INFO - [2024-11-12T03:39:54.619+0000] {dagbag.py:588} INFO - Filling up the DagBag from /home/airflow/.local/lib/python3.12/site-packages/airflow/example_dags/example_latest_only.py
[2024-11-12T03:39:54.625+0000] {processor.py:925} INFO - DAG(s) 'latest_only' retrieved from /home/airflow/.local/lib/python3.12/site-packages/airflow/example_dags/example_latest_only.py
[2024-11-12T03:39:54.648+0000] {logging_mixin.py:190} INFO - [2024-11-12T03:39:54.648+0000] {dag.py:3239} INFO - Sync 1 DAGs
[2024-11-12T03:39:54.668+0000] {logging_mixin.py:190} INFO - [2024-11-12T03:39:54.668+0000] {dag.py:4180} INFO - Setting next_dagrun for latest_only to 2024-11-11 20:00:00+00:00, run_after=2024-11-12 00:00:00+00:00
[2024-11-12T03:39:54.685+0000] {processor.py:208} INFO - Processing /home/airflow/.local/lib/python3.12/site-packages/airflow/example_dags/example_latest_only.py took 0.073 seconds
[2024-11-12T03:40:25.711+0000] {processor.py:186} INFO - Started process (PID=116) to work on /home/airflow/.local/lib/python3.12/site-packages/airflow/example_dags/example_latest_only.py
[2024-11-12T03:40:25.712+0000] {processor.py:914} INFO - Processing file /home/airflow/.local/lib/python3.12/site-packages/airflow/example_dags/example_latest_only.py for tasks to queue
[2024-11-12T03:40:25.716+0000] {logging_mixin.py:190} INFO - [2024-11-12T03:40:25.715+0000] {dagbag.py:588} INFO - Filling up the DagBag from /home/airflow/.local/lib/python3.12/site-packages/airflow/example_dags/example_latest_only.py
[2024-11-12T03:40:25.720+0000] {processor.py:925} INFO - DAG(s) 'latest_only' retrieved from /home/airflow/.local/lib/python3.12/site-packages/airflow/example_dags/example_latest_only.py
[2024-11-12T03:40:25.735+0000] {logging_mixin.py:190} INFO - [2024-11-12T03:40:25.735+0000] {dag.py:3239} INFO - Sync 1 DAGs
[2024-11-12T03:40:25.752+0000] {logging_mixin.py:190} INFO - [2024-11-12T03:40:25.752+0000] {dag.py:4180} INFO - Setting next_dagrun for latest_only to 2024-11-11 20:00:00+00:00, run_after=2024-11-12 00:00:00+00:00
[2024-11-12T03:40:25.766+0000] {processor.py:208} INFO - Processing /home/airflow/.local/lib/python3.12/site-packages/airflow/example_dags/example_latest_only.py took 0.059 seconds
[2024-11-12T03:40:56.089+0000] {processor.py:186} INFO - Started process (PID=185) to work on /home/airflow/.local/lib/python3.12/site-packages/airflow/example_dags/example_latest_only.py
[2024-11-12T03:40:56.090+0000] {processor.py:914} INFO - Processing file /home/airflow/.local/lib/python3.12/site-packages/airflow/example_dags/example_latest_only.py for tasks to queue
[2024-11-12T03:40:56.093+0000] {logging_mixin.py:190} INFO - [2024-11-12T03:40:56.093+0000] {dagbag.py:588} INFO - Filling up the DagBag from /home/airflow/.local/lib/python3.12/site-packages/airflow/example_dags/example_latest_only.py
[2024-11-12T03:40:56.102+0000] {processor.py:925} INFO - DAG(s) 'latest_only' retrieved from /home/airflow/.local/lib/python3.12/site-packages/airflow/example_dags/example_latest_only.py
[2024-11-12T03:40:56.118+0000] {logging_mixin.py:190} INFO - [2024-11-12T03:40:56.118+0000] {dag.py:3239} INFO - Sync 1 DAGs
[2024-11-12T03:40:56.135+0000] {logging_mixin.py:190} INFO - [2024-11-12T03:40:56.135+0000] {dag.py:4180} INFO - Setting next_dagrun for latest_only to 2024-11-11 20:00:00+00:00, run_after=2024-11-12 00:00:00+00:00
[2024-11-12T03:40:56.149+0000] {processor.py:208} INFO - Processing /home/airflow/.local/lib/python3.12/site-packages/airflow/example_dags/example_latest_only.py took 0.067 seconds
