[2024-11-12T03:33:28.264+0000] {processor.py:186} INFO - Started process (PID=103) to work on /home/airflow/.local/lib/python3.12/site-packages/airflow/example_dags/example_local_kubernetes_executor.py
[2024-11-12T03:33:28.265+0000] {processor.py:914} INFO - Processing file /home/airflow/.local/lib/python3.12/site-packages/airflow/example_dags/example_local_kubernetes_executor.py for tasks to queue
[2024-11-12T03:33:28.268+0000] {logging_mixin.py:190} INFO - [2024-11-12T03:33:28.268+0000] {dagbag.py:588} INFO - Filling up the DagBag from /home/airflow/.local/lib/python3.12/site-packages/airflow/example_dags/example_local_kubernetes_executor.py
[2024-11-12T03:33:28.277+0000] {processor.py:925} INFO - DAG(s) 'example_local_kubernetes_executor' retrieved from /home/airflow/.local/lib/python3.12/site-packages/airflow/example_dags/example_local_kubernetes_executor.py
[2024-11-12T03:33:28.370+0000] {logging_mixin.py:190} INFO - [2024-11-12T03:33:28.370+0000] {override.py:1911} INFO - Created Permission View: can read on DAG:example_local_kubernetes_executor
[2024-11-12T03:33:28.380+0000] {logging_mixin.py:190} INFO - [2024-11-12T03:33:28.379+0000] {override.py:1911} INFO - Created Permission View: can delete on DAG:example_local_kubernetes_executor
[2024-11-12T03:33:28.385+0000] {logging_mixin.py:190} INFO - [2024-11-12T03:33:28.385+0000] {override.py:1911} INFO - Created Permission View: can edit on DAG:example_local_kubernetes_executor
[2024-11-12T03:33:28.392+0000] {logging_mixin.py:190} INFO - [2024-11-12T03:33:28.392+0000] {override.py:1911} INFO - Created Permission View: can read on DAG Run:example_local_kubernetes_executor
[2024-11-12T03:33:28.398+0000] {logging_mixin.py:190} INFO - [2024-11-12T03:33:28.398+0000] {override.py:1911} INFO - Created Permission View: can create on DAG Run:example_local_kubernetes_executor
[2024-11-12T03:33:28.406+0000] {logging_mixin.py:190} INFO - [2024-11-12T03:33:28.406+0000] {override.py:1911} INFO - Created Permission View: can delete on DAG Run:example_local_kubernetes_executor
[2024-11-12T03:33:28.412+0000] {logging_mixin.py:190} INFO - [2024-11-12T03:33:28.412+0000] {override.py:1911} INFO - Created Permission View: menu access on DAG Run:example_local_kubernetes_executor
[2024-11-12T03:33:28.413+0000] {logging_mixin.py:190} INFO - [2024-11-12T03:33:28.412+0000] {dag.py:3239} INFO - Sync 1 DAGs
[2024-11-12T03:33:28.425+0000] {logging_mixin.py:190} INFO - [2024-11-12T03:33:28.425+0000] {dag.py:3262} INFO - Creating ORM DAG for example_local_kubernetes_executor
[2024-11-12T03:33:28.426+0000] {logging_mixin.py:190} INFO - [2024-11-12T03:33:28.426+0000] {dag.py:4180} INFO - Setting next_dagrun for example_local_kubernetes_executor to None, run_after=None
[2024-11-12T03:33:28.447+0000] {processor.py:208} INFO - Processing /home/airflow/.local/lib/python3.12/site-packages/airflow/example_dags/example_local_kubernetes_executor.py took 0.188 seconds
[2024-11-12T03:33:58.678+0000] {processor.py:186} INFO - Started process (PID=166) to work on /home/airflow/.local/lib/python3.12/site-packages/airflow/example_dags/example_local_kubernetes_executor.py
[2024-11-12T03:33:58.679+0000] {processor.py:914} INFO - Processing file /home/airflow/.local/lib/python3.12/site-packages/airflow/example_dags/example_local_kubernetes_executor.py for tasks to queue
[2024-11-12T03:33:58.682+0000] {logging_mixin.py:190} INFO - [2024-11-12T03:33:58.682+0000] {dagbag.py:588} INFO - Filling up the DagBag from /home/airflow/.local/lib/python3.12/site-packages/airflow/example_dags/example_local_kubernetes_executor.py
[2024-11-12T03:33:58.690+0000] {processor.py:925} INFO - DAG(s) 'example_local_kubernetes_executor' retrieved from /home/airflow/.local/lib/python3.12/site-packages/airflow/example_dags/example_local_kubernetes_executor.py
[2024-11-12T03:33:58.718+0000] {logging_mixin.py:190} INFO - [2024-11-12T03:33:58.717+0000] {dag.py:3239} INFO - Sync 1 DAGs
[2024-11-12T03:33:58.730+0000] {logging_mixin.py:190} INFO - [2024-11-12T03:33:58.729+0000] {dag.py:4180} INFO - Setting next_dagrun for example_local_kubernetes_executor to None, run_after=None
[2024-11-12T03:33:58.748+0000] {processor.py:208} INFO - Processing /home/airflow/.local/lib/python3.12/site-packages/airflow/example_dags/example_local_kubernetes_executor.py took 0.074 seconds
[2024-11-12T03:34:29.724+0000] {processor.py:186} INFO - Started process (PID=229) to work on /home/airflow/.local/lib/python3.12/site-packages/airflow/example_dags/example_local_kubernetes_executor.py
[2024-11-12T03:34:29.726+0000] {processor.py:914} INFO - Processing file /home/airflow/.local/lib/python3.12/site-packages/airflow/example_dags/example_local_kubernetes_executor.py for tasks to queue
[2024-11-12T03:34:29.728+0000] {logging_mixin.py:190} INFO - [2024-11-12T03:34:29.727+0000] {dagbag.py:588} INFO - Filling up the DagBag from /home/airflow/.local/lib/python3.12/site-packages/airflow/example_dags/example_local_kubernetes_executor.py
[2024-11-12T03:34:29.735+0000] {processor.py:925} INFO - DAG(s) 'example_local_kubernetes_executor' retrieved from /home/airflow/.local/lib/python3.12/site-packages/airflow/example_dags/example_local_kubernetes_executor.py
[2024-11-12T03:34:29.762+0000] {logging_mixin.py:190} INFO - [2024-11-12T03:34:29.761+0000] {dag.py:3239} INFO - Sync 1 DAGs
[2024-11-12T03:34:29.774+0000] {logging_mixin.py:190} INFO - [2024-11-12T03:34:29.774+0000] {dag.py:4180} INFO - Setting next_dagrun for example_local_kubernetes_executor to None, run_after=None
[2024-11-12T03:34:29.789+0000] {processor.py:208} INFO - Processing /home/airflow/.local/lib/python3.12/site-packages/airflow/example_dags/example_local_kubernetes_executor.py took 0.069 seconds
[2024-11-12T03:35:00.936+0000] {processor.py:186} INFO - Started process (PID=291) to work on /home/airflow/.local/lib/python3.12/site-packages/airflow/example_dags/example_local_kubernetes_executor.py
[2024-11-12T03:35:00.937+0000] {processor.py:914} INFO - Processing file /home/airflow/.local/lib/python3.12/site-packages/airflow/example_dags/example_local_kubernetes_executor.py for tasks to queue
[2024-11-12T03:35:00.940+0000] {logging_mixin.py:190} INFO - [2024-11-12T03:35:00.939+0000] {dagbag.py:588} INFO - Filling up the DagBag from /home/airflow/.local/lib/python3.12/site-packages/airflow/example_dags/example_local_kubernetes_executor.py
[2024-11-12T03:35:00.949+0000] {processor.py:925} INFO - DAG(s) 'example_local_kubernetes_executor' retrieved from /home/airflow/.local/lib/python3.12/site-packages/airflow/example_dags/example_local_kubernetes_executor.py
[2024-11-12T03:35:00.976+0000] {logging_mixin.py:190} INFO - [2024-11-12T03:35:00.976+0000] {dag.py:3239} INFO - Sync 1 DAGs
[2024-11-12T03:35:00.989+0000] {logging_mixin.py:190} INFO - [2024-11-12T03:35:00.989+0000] {dag.py:4180} INFO - Setting next_dagrun for example_local_kubernetes_executor to None, run_after=None
[2024-11-12T03:35:01.007+0000] {processor.py:208} INFO - Processing /home/airflow/.local/lib/python3.12/site-packages/airflow/example_dags/example_local_kubernetes_executor.py took 0.075 seconds
[2024-11-12T03:35:31.830+0000] {processor.py:186} INFO - Started process (PID=354) to work on /home/airflow/.local/lib/python3.12/site-packages/airflow/example_dags/example_local_kubernetes_executor.py
[2024-11-12T03:35:31.831+0000] {processor.py:914} INFO - Processing file /home/airflow/.local/lib/python3.12/site-packages/airflow/example_dags/example_local_kubernetes_executor.py for tasks to queue
[2024-11-12T03:35:31.834+0000] {logging_mixin.py:190} INFO - [2024-11-12T03:35:31.834+0000] {dagbag.py:588} INFO - Filling up the DagBag from /home/airflow/.local/lib/python3.12/site-packages/airflow/example_dags/example_local_kubernetes_executor.py
[2024-11-12T03:35:31.843+0000] {processor.py:925} INFO - DAG(s) 'example_local_kubernetes_executor' retrieved from /home/airflow/.local/lib/python3.12/site-packages/airflow/example_dags/example_local_kubernetes_executor.py
[2024-11-12T03:35:31.880+0000] {logging_mixin.py:190} INFO - [2024-11-12T03:35:31.879+0000] {dag.py:3239} INFO - Sync 1 DAGs
[2024-11-12T03:35:31.903+0000] {logging_mixin.py:190} INFO - [2024-11-12T03:35:31.902+0000] {dag.py:4180} INFO - Setting next_dagrun for example_local_kubernetes_executor to None, run_after=None
[2024-11-12T03:35:31.944+0000] {processor.py:208} INFO - Processing /home/airflow/.local/lib/python3.12/site-packages/airflow/example_dags/example_local_kubernetes_executor.py took 0.120 seconds
[2024-11-12T03:36:02.832+0000] {processor.py:186} INFO - Started process (PID=417) to work on /home/airflow/.local/lib/python3.12/site-packages/airflow/example_dags/example_local_kubernetes_executor.py
[2024-11-12T03:36:02.834+0000] {processor.py:914} INFO - Processing file /home/airflow/.local/lib/python3.12/site-packages/airflow/example_dags/example_local_kubernetes_executor.py for tasks to queue
[2024-11-12T03:36:02.836+0000] {logging_mixin.py:190} INFO - [2024-11-12T03:36:02.836+0000] {dagbag.py:588} INFO - Filling up the DagBag from /home/airflow/.local/lib/python3.12/site-packages/airflow/example_dags/example_local_kubernetes_executor.py
[2024-11-12T03:36:02.844+0000] {processor.py:925} INFO - DAG(s) 'example_local_kubernetes_executor' retrieved from /home/airflow/.local/lib/python3.12/site-packages/airflow/example_dags/example_local_kubernetes_executor.py
[2024-11-12T03:36:02.871+0000] {logging_mixin.py:190} INFO - [2024-11-12T03:36:02.871+0000] {dag.py:3239} INFO - Sync 1 DAGs
[2024-11-12T03:36:02.883+0000] {logging_mixin.py:190} INFO - [2024-11-12T03:36:02.883+0000] {dag.py:4180} INFO - Setting next_dagrun for example_local_kubernetes_executor to None, run_after=None
[2024-11-12T03:36:02.901+0000] {processor.py:208} INFO - Processing /home/airflow/.local/lib/python3.12/site-packages/airflow/example_dags/example_local_kubernetes_executor.py took 0.074 seconds
[2024-11-12T03:36:33.550+0000] {processor.py:186} INFO - Started process (PID=480) to work on /home/airflow/.local/lib/python3.12/site-packages/airflow/example_dags/example_local_kubernetes_executor.py
[2024-11-12T03:36:33.552+0000] {processor.py:914} INFO - Processing file /home/airflow/.local/lib/python3.12/site-packages/airflow/example_dags/example_local_kubernetes_executor.py for tasks to queue
[2024-11-12T03:36:33.554+0000] {logging_mixin.py:190} INFO - [2024-11-12T03:36:33.554+0000] {dagbag.py:588} INFO - Filling up the DagBag from /home/airflow/.local/lib/python3.12/site-packages/airflow/example_dags/example_local_kubernetes_executor.py
[2024-11-12T03:36:33.562+0000] {processor.py:925} INFO - DAG(s) 'example_local_kubernetes_executor' retrieved from /home/airflow/.local/lib/python3.12/site-packages/airflow/example_dags/example_local_kubernetes_executor.py
[2024-11-12T03:36:33.588+0000] {logging_mixin.py:190} INFO - [2024-11-12T03:36:33.588+0000] {dag.py:3239} INFO - Sync 1 DAGs
[2024-11-12T03:36:33.599+0000] {logging_mixin.py:190} INFO - [2024-11-12T03:36:33.599+0000] {dag.py:4180} INFO - Setting next_dagrun for example_local_kubernetes_executor to None, run_after=None
[2024-11-12T03:36:33.615+0000] {processor.py:208} INFO - Processing /home/airflow/.local/lib/python3.12/site-packages/airflow/example_dags/example_local_kubernetes_executor.py took 0.070 seconds
[2024-11-12T03:37:03.686+0000] {processor.py:186} INFO - Started process (PID=542) to work on /home/airflow/.local/lib/python3.12/site-packages/airflow/example_dags/example_local_kubernetes_executor.py
[2024-11-12T03:37:03.687+0000] {processor.py:914} INFO - Processing file /home/airflow/.local/lib/python3.12/site-packages/airflow/example_dags/example_local_kubernetes_executor.py for tasks to queue
[2024-11-12T03:37:03.689+0000] {logging_mixin.py:190} INFO - [2024-11-12T03:37:03.689+0000] {dagbag.py:588} INFO - Filling up the DagBag from /home/airflow/.local/lib/python3.12/site-packages/airflow/example_dags/example_local_kubernetes_executor.py
[2024-11-12T03:37:03.699+0000] {processor.py:925} INFO - DAG(s) 'example_local_kubernetes_executor' retrieved from /home/airflow/.local/lib/python3.12/site-packages/airflow/example_dags/example_local_kubernetes_executor.py
[2024-11-12T03:37:03.729+0000] {logging_mixin.py:190} INFO - [2024-11-12T03:37:03.728+0000] {dag.py:3239} INFO - Sync 1 DAGs
[2024-11-12T03:37:03.744+0000] {logging_mixin.py:190} INFO - [2024-11-12T03:37:03.743+0000] {dag.py:4180} INFO - Setting next_dagrun for example_local_kubernetes_executor to None, run_after=None
[2024-11-12T03:37:03.763+0000] {processor.py:208} INFO - Processing /home/airflow/.local/lib/python3.12/site-packages/airflow/example_dags/example_local_kubernetes_executor.py took 0.081 seconds
[2024-11-12T03:37:34.309+0000] {processor.py:186} INFO - Started process (PID=605) to work on /home/airflow/.local/lib/python3.12/site-packages/airflow/example_dags/example_local_kubernetes_executor.py
[2024-11-12T03:37:34.311+0000] {processor.py:914} INFO - Processing file /home/airflow/.local/lib/python3.12/site-packages/airflow/example_dags/example_local_kubernetes_executor.py for tasks to queue
[2024-11-12T03:37:34.313+0000] {logging_mixin.py:190} INFO - [2024-11-12T03:37:34.313+0000] {dagbag.py:588} INFO - Filling up the DagBag from /home/airflow/.local/lib/python3.12/site-packages/airflow/example_dags/example_local_kubernetes_executor.py
[2024-11-12T03:37:34.320+0000] {processor.py:925} INFO - DAG(s) 'example_local_kubernetes_executor' retrieved from /home/airflow/.local/lib/python3.12/site-packages/airflow/example_dags/example_local_kubernetes_executor.py
[2024-11-12T03:37:34.347+0000] {logging_mixin.py:190} INFO - [2024-11-12T03:37:34.347+0000] {dag.py:3239} INFO - Sync 1 DAGs
[2024-11-12T03:37:34.358+0000] {logging_mixin.py:190} INFO - [2024-11-12T03:37:34.358+0000] {dag.py:4180} INFO - Setting next_dagrun for example_local_kubernetes_executor to None, run_after=None
[2024-11-12T03:37:34.381+0000] {processor.py:208} INFO - Processing /home/airflow/.local/lib/python3.12/site-packages/airflow/example_dags/example_local_kubernetes_executor.py took 0.078 seconds
[2024-11-12T03:39:57.582+0000] {processor.py:186} INFO - Started process (PID=90) to work on /home/airflow/.local/lib/python3.12/site-packages/airflow/example_dags/example_local_kubernetes_executor.py
[2024-11-12T03:39:57.583+0000] {processor.py:914} INFO - Processing file /home/airflow/.local/lib/python3.12/site-packages/airflow/example_dags/example_local_kubernetes_executor.py for tasks to queue
[2024-11-12T03:39:57.586+0000] {logging_mixin.py:190} INFO - [2024-11-12T03:39:57.586+0000] {dagbag.py:588} INFO - Filling up the DagBag from /home/airflow/.local/lib/python3.12/site-packages/airflow/example_dags/example_local_kubernetes_executor.py
[2024-11-12T03:39:57.595+0000] {processor.py:925} INFO - DAG(s) 'example_local_kubernetes_executor' retrieved from /home/airflow/.local/lib/python3.12/site-packages/airflow/example_dags/example_local_kubernetes_executor.py
[2024-11-12T03:39:57.625+0000] {logging_mixin.py:190} INFO - [2024-11-12T03:39:57.625+0000] {dag.py:3239} INFO - Sync 1 DAGs
[2024-11-12T03:39:57.639+0000] {logging_mixin.py:190} INFO - [2024-11-12T03:39:57.638+0000] {dag.py:4180} INFO - Setting next_dagrun for example_local_kubernetes_executor to None, run_after=None
[2024-11-12T03:39:57.656+0000] {processor.py:208} INFO - Processing /home/airflow/.local/lib/python3.12/site-packages/airflow/example_dags/example_local_kubernetes_executor.py took 0.078 seconds
[2024-11-12T03:40:28.120+0000] {processor.py:186} INFO - Started process (PID=153) to work on /home/airflow/.local/lib/python3.12/site-packages/airflow/example_dags/example_local_kubernetes_executor.py
[2024-11-12T03:40:28.122+0000] {processor.py:914} INFO - Processing file /home/airflow/.local/lib/python3.12/site-packages/airflow/example_dags/example_local_kubernetes_executor.py for tasks to queue
[2024-11-12T03:40:28.123+0000] {logging_mixin.py:190} INFO - [2024-11-12T03:40:28.123+0000] {dagbag.py:588} INFO - Filling up the DagBag from /home/airflow/.local/lib/python3.12/site-packages/airflow/example_dags/example_local_kubernetes_executor.py
[2024-11-12T03:40:28.131+0000] {processor.py:925} INFO - DAG(s) 'example_local_kubernetes_executor' retrieved from /home/airflow/.local/lib/python3.12/site-packages/airflow/example_dags/example_local_kubernetes_executor.py
[2024-11-12T03:40:28.154+0000] {logging_mixin.py:190} INFO - [2024-11-12T03:40:28.154+0000] {dag.py:3239} INFO - Sync 1 DAGs
[2024-11-12T03:40:28.166+0000] {logging_mixin.py:190} INFO - [2024-11-12T03:40:28.165+0000] {dag.py:4180} INFO - Setting next_dagrun for example_local_kubernetes_executor to None, run_after=None
[2024-11-12T03:40:28.181+0000] {processor.py:208} INFO - Processing /home/airflow/.local/lib/python3.12/site-packages/airflow/example_dags/example_local_kubernetes_executor.py took 0.066 seconds
[2024-11-12T03:40:58.281+0000] {processor.py:186} INFO - Started process (PID=216) to work on /home/airflow/.local/lib/python3.12/site-packages/airflow/example_dags/example_local_kubernetes_executor.py
[2024-11-12T03:40:58.282+0000] {processor.py:914} INFO - Processing file /home/airflow/.local/lib/python3.12/site-packages/airflow/example_dags/example_local_kubernetes_executor.py for tasks to queue
[2024-11-12T03:40:58.284+0000] {logging_mixin.py:190} INFO - [2024-11-12T03:40:58.284+0000] {dagbag.py:588} INFO - Filling up the DagBag from /home/airflow/.local/lib/python3.12/site-packages/airflow/example_dags/example_local_kubernetes_executor.py
[2024-11-12T03:40:58.290+0000] {processor.py:925} INFO - DAG(s) 'example_local_kubernetes_executor' retrieved from /home/airflow/.local/lib/python3.12/site-packages/airflow/example_dags/example_local_kubernetes_executor.py
[2024-11-12T03:40:58.316+0000] {logging_mixin.py:190} INFO - [2024-11-12T03:40:58.316+0000] {dag.py:3239} INFO - Sync 1 DAGs
[2024-11-12T03:40:58.325+0000] {logging_mixin.py:190} INFO - [2024-11-12T03:40:58.325+0000] {dag.py:4180} INFO - Setting next_dagrun for example_local_kubernetes_executor to None, run_after=None
[2024-11-12T03:40:58.339+0000] {processor.py:208} INFO - Processing /home/airflow/.local/lib/python3.12/site-packages/airflow/example_dags/example_local_kubernetes_executor.py took 0.063 seconds
