[2024-11-12T03:33:26.423+0000] {processor.py:186} INFO - Started process (PID=94) to work on /home/airflow/.local/lib/python3.12/site-packages/airflow/example_dags/example_display_name.py
[2024-11-12T03:33:26.424+0000] {processor.py:914} INFO - Processing file /home/airflow/.local/lib/python3.12/site-packages/airflow/example_dags/example_display_name.py for tasks to queue
[2024-11-12T03:33:26.426+0000] {logging_mixin.py:190} INFO - [2024-11-12T03:33:26.426+0000] {dagbag.py:588} INFO - Filling up the DagBag from /home/airflow/.local/lib/python3.12/site-packages/airflow/example_dags/example_display_name.py
[2024-11-12T03:33:26.434+0000] {processor.py:925} INFO - DAG(s) 'example_display_name' retrieved from /home/airflow/.local/lib/python3.12/site-packages/airflow/example_dags/example_display_name.py
[2024-11-12T03:33:26.527+0000] {logging_mixin.py:190} INFO - [2024-11-12T03:33:26.526+0000] {override.py:1911} INFO - Created Permission View: can read on DAG:example_display_name
[2024-11-12T03:33:26.539+0000] {logging_mixin.py:190} INFO - [2024-11-12T03:33:26.538+0000] {override.py:1911} INFO - Created Permission View: can delete on DAG:example_display_name
[2024-11-12T03:33:26.548+0000] {logging_mixin.py:190} INFO - [2024-11-12T03:33:26.548+0000] {override.py:1911} INFO - Created Permission View: can edit on DAG:example_display_name
[2024-11-12T03:33:26.562+0000] {logging_mixin.py:190} INFO - [2024-11-12T03:33:26.562+0000] {override.py:1911} INFO - Created Permission View: can read on DAG Run:example_display_name
[2024-11-12T03:33:26.570+0000] {logging_mixin.py:190} INFO - [2024-11-12T03:33:26.570+0000] {override.py:1911} INFO - Created Permission View: can create on DAG Run:example_display_name
[2024-11-12T03:33:26.581+0000] {logging_mixin.py:190} INFO - [2024-11-12T03:33:26.580+0000] {override.py:1911} INFO - Created Permission View: can delete on DAG Run:example_display_name
[2024-11-12T03:33:26.588+0000] {logging_mixin.py:190} INFO - [2024-11-12T03:33:26.588+0000] {override.py:1911} INFO - Created Permission View: menu access on DAG Run:example_display_name
[2024-11-12T03:33:26.589+0000] {logging_mixin.py:190} INFO - [2024-11-12T03:33:26.589+0000] {dag.py:3239} INFO - Sync 1 DAGs
[2024-11-12T03:33:26.601+0000] {logging_mixin.py:190} INFO - [2024-11-12T03:33:26.601+0000] {dag.py:3262} INFO - Creating ORM DAG for example_display_name
[2024-11-12T03:33:26.603+0000] {logging_mixin.py:190} INFO - [2024-11-12T03:33:26.602+0000] {dag.py:4180} INFO - Setting next_dagrun for example_display_name to None, run_after=None
[2024-11-12T03:33:26.620+0000] {processor.py:208} INFO - Processing /home/airflow/.local/lib/python3.12/site-packages/airflow/example_dags/example_display_name.py took 0.202 seconds
[2024-11-12T03:33:56.798+0000] {processor.py:186} INFO - Started process (PID=157) to work on /home/airflow/.local/lib/python3.12/site-packages/airflow/example_dags/example_display_name.py
[2024-11-12T03:33:56.800+0000] {processor.py:914} INFO - Processing file /home/airflow/.local/lib/python3.12/site-packages/airflow/example_dags/example_display_name.py for tasks to queue
[2024-11-12T03:33:56.802+0000] {logging_mixin.py:190} INFO - [2024-11-12T03:33:56.801+0000] {dagbag.py:588} INFO - Filling up the DagBag from /home/airflow/.local/lib/python3.12/site-packages/airflow/example_dags/example_display_name.py
[2024-11-12T03:33:56.808+0000] {processor.py:925} INFO - DAG(s) 'example_display_name' retrieved from /home/airflow/.local/lib/python3.12/site-packages/airflow/example_dags/example_display_name.py
[2024-11-12T03:33:56.827+0000] {logging_mixin.py:190} INFO - [2024-11-12T03:33:56.826+0000] {dag.py:3239} INFO - Sync 1 DAGs
[2024-11-12T03:33:56.837+0000] {logging_mixin.py:190} INFO - [2024-11-12T03:33:56.837+0000] {dag.py:4180} INFO - Setting next_dagrun for example_display_name to None, run_after=None
[2024-11-12T03:33:56.852+0000] {processor.py:208} INFO - Processing /home/airflow/.local/lib/python3.12/site-packages/airflow/example_dags/example_display_name.py took 0.058 seconds
[2024-11-12T03:34:27.708+0000] {processor.py:186} INFO - Started process (PID=220) to work on /home/airflow/.local/lib/python3.12/site-packages/airflow/example_dags/example_display_name.py
[2024-11-12T03:34:27.709+0000] {processor.py:914} INFO - Processing file /home/airflow/.local/lib/python3.12/site-packages/airflow/example_dags/example_display_name.py for tasks to queue
[2024-11-12T03:34:27.711+0000] {logging_mixin.py:190} INFO - [2024-11-12T03:34:27.711+0000] {dagbag.py:588} INFO - Filling up the DagBag from /home/airflow/.local/lib/python3.12/site-packages/airflow/example_dags/example_display_name.py
[2024-11-12T03:34:27.718+0000] {processor.py:925} INFO - DAG(s) 'example_display_name' retrieved from /home/airflow/.local/lib/python3.12/site-packages/airflow/example_dags/example_display_name.py
[2024-11-12T03:34:27.736+0000] {logging_mixin.py:190} INFO - [2024-11-12T03:34:27.736+0000] {dag.py:3239} INFO - Sync 1 DAGs
[2024-11-12T03:34:27.749+0000] {logging_mixin.py:190} INFO - [2024-11-12T03:34:27.749+0000] {dag.py:4180} INFO - Setting next_dagrun for example_display_name to None, run_after=None
[2024-11-12T03:34:27.765+0000] {processor.py:208} INFO - Processing /home/airflow/.local/lib/python3.12/site-packages/airflow/example_dags/example_display_name.py took 0.063 seconds
[2024-11-12T03:34:58.196+0000] {processor.py:186} INFO - Started process (PID=282) to work on /home/airflow/.local/lib/python3.12/site-packages/airflow/example_dags/example_display_name.py
[2024-11-12T03:34:58.197+0000] {processor.py:914} INFO - Processing file /home/airflow/.local/lib/python3.12/site-packages/airflow/example_dags/example_display_name.py for tasks to queue
[2024-11-12T03:34:58.199+0000] {logging_mixin.py:190} INFO - [2024-11-12T03:34:58.199+0000] {dagbag.py:588} INFO - Filling up the DagBag from /home/airflow/.local/lib/python3.12/site-packages/airflow/example_dags/example_display_name.py
[2024-11-12T03:34:58.205+0000] {processor.py:925} INFO - DAG(s) 'example_display_name' retrieved from /home/airflow/.local/lib/python3.12/site-packages/airflow/example_dags/example_display_name.py
[2024-11-12T03:34:58.224+0000] {logging_mixin.py:190} INFO - [2024-11-12T03:34:58.224+0000] {dag.py:3239} INFO - Sync 1 DAGs
[2024-11-12T03:34:58.238+0000] {logging_mixin.py:190} INFO - [2024-11-12T03:34:58.238+0000] {dag.py:4180} INFO - Setting next_dagrun for example_display_name to None, run_after=None
[2024-11-12T03:34:58.259+0000] {processor.py:208} INFO - Processing /home/airflow/.local/lib/python3.12/site-packages/airflow/example_dags/example_display_name.py took 0.069 seconds
[2024-11-12T03:35:29.100+0000] {processor.py:186} INFO - Started process (PID=345) to work on /home/airflow/.local/lib/python3.12/site-packages/airflow/example_dags/example_display_name.py
[2024-11-12T03:35:29.101+0000] {processor.py:914} INFO - Processing file /home/airflow/.local/lib/python3.12/site-packages/airflow/example_dags/example_display_name.py for tasks to queue
[2024-11-12T03:35:29.103+0000] {logging_mixin.py:190} INFO - [2024-11-12T03:35:29.103+0000] {dagbag.py:588} INFO - Filling up the DagBag from /home/airflow/.local/lib/python3.12/site-packages/airflow/example_dags/example_display_name.py
[2024-11-12T03:35:29.110+0000] {processor.py:925} INFO - DAG(s) 'example_display_name' retrieved from /home/airflow/.local/lib/python3.12/site-packages/airflow/example_dags/example_display_name.py
[2024-11-12T03:35:29.129+0000] {logging_mixin.py:190} INFO - [2024-11-12T03:35:29.129+0000] {dag.py:3239} INFO - Sync 1 DAGs
[2024-11-12T03:35:29.142+0000] {logging_mixin.py:190} INFO - [2024-11-12T03:35:29.142+0000] {dag.py:4180} INFO - Setting next_dagrun for example_display_name to None, run_after=None
[2024-11-12T03:35:29.158+0000] {processor.py:208} INFO - Processing /home/airflow/.local/lib/python3.12/site-packages/airflow/example_dags/example_display_name.py took 0.064 seconds
[2024-11-12T03:35:59.327+0000] {processor.py:186} INFO - Started process (PID=408) to work on /home/airflow/.local/lib/python3.12/site-packages/airflow/example_dags/example_display_name.py
[2024-11-12T03:35:59.328+0000] {processor.py:914} INFO - Processing file /home/airflow/.local/lib/python3.12/site-packages/airflow/example_dags/example_display_name.py for tasks to queue
[2024-11-12T03:35:59.330+0000] {logging_mixin.py:190} INFO - [2024-11-12T03:35:59.330+0000] {dagbag.py:588} INFO - Filling up the DagBag from /home/airflow/.local/lib/python3.12/site-packages/airflow/example_dags/example_display_name.py
[2024-11-12T03:35:59.337+0000] {processor.py:925} INFO - DAG(s) 'example_display_name' retrieved from /home/airflow/.local/lib/python3.12/site-packages/airflow/example_dags/example_display_name.py
[2024-11-12T03:35:59.354+0000] {logging_mixin.py:190} INFO - [2024-11-12T03:35:59.354+0000] {dag.py:3239} INFO - Sync 1 DAGs
[2024-11-12T03:35:59.367+0000] {logging_mixin.py:190} INFO - [2024-11-12T03:35:59.367+0000] {dag.py:4180} INFO - Setting next_dagrun for example_display_name to None, run_after=None
[2024-11-12T03:35:59.385+0000] {processor.py:208} INFO - Processing /home/airflow/.local/lib/python3.12/site-packages/airflow/example_dags/example_display_name.py took 0.064 seconds
[2024-11-12T03:36:30.399+0000] {processor.py:186} INFO - Started process (PID=470) to work on /home/airflow/.local/lib/python3.12/site-packages/airflow/example_dags/example_display_name.py
[2024-11-12T03:36:30.401+0000] {processor.py:914} INFO - Processing file /home/airflow/.local/lib/python3.12/site-packages/airflow/example_dags/example_display_name.py for tasks to queue
[2024-11-12T03:36:30.404+0000] {logging_mixin.py:190} INFO - [2024-11-12T03:36:30.404+0000] {dagbag.py:588} INFO - Filling up the DagBag from /home/airflow/.local/lib/python3.12/site-packages/airflow/example_dags/example_display_name.py
[2024-11-12T03:36:30.410+0000] {processor.py:925} INFO - DAG(s) 'example_display_name' retrieved from /home/airflow/.local/lib/python3.12/site-packages/airflow/example_dags/example_display_name.py
[2024-11-12T03:36:30.426+0000] {logging_mixin.py:190} INFO - [2024-11-12T03:36:30.426+0000] {dag.py:3239} INFO - Sync 1 DAGs
[2024-11-12T03:36:30.437+0000] {logging_mixin.py:190} INFO - [2024-11-12T03:36:30.437+0000] {dag.py:4180} INFO - Setting next_dagrun for example_display_name to None, run_after=None
[2024-11-12T03:36:30.452+0000] {processor.py:208} INFO - Processing /home/airflow/.local/lib/python3.12/site-packages/airflow/example_dags/example_display_name.py took 0.057 seconds
[2024-11-12T03:37:00.667+0000] {processor.py:186} INFO - Started process (PID=533) to work on /home/airflow/.local/lib/python3.12/site-packages/airflow/example_dags/example_display_name.py
[2024-11-12T03:37:00.669+0000] {processor.py:914} INFO - Processing file /home/airflow/.local/lib/python3.12/site-packages/airflow/example_dags/example_display_name.py for tasks to queue
[2024-11-12T03:37:00.671+0000] {logging_mixin.py:190} INFO - [2024-11-12T03:37:00.671+0000] {dagbag.py:588} INFO - Filling up the DagBag from /home/airflow/.local/lib/python3.12/site-packages/airflow/example_dags/example_display_name.py
[2024-11-12T03:37:00.677+0000] {processor.py:925} INFO - DAG(s) 'example_display_name' retrieved from /home/airflow/.local/lib/python3.12/site-packages/airflow/example_dags/example_display_name.py
[2024-11-12T03:37:00.694+0000] {logging_mixin.py:190} INFO - [2024-11-12T03:37:00.694+0000] {dag.py:3239} INFO - Sync 1 DAGs
[2024-11-12T03:37:00.708+0000] {logging_mixin.py:190} INFO - [2024-11-12T03:37:00.708+0000] {dag.py:4180} INFO - Setting next_dagrun for example_display_name to None, run_after=None
[2024-11-12T03:37:00.724+0000] {processor.py:208} INFO - Processing /home/airflow/.local/lib/python3.12/site-packages/airflow/example_dags/example_display_name.py took 0.061 seconds
[2024-11-12T03:37:31.702+0000] {processor.py:186} INFO - Started process (PID=596) to work on /home/airflow/.local/lib/python3.12/site-packages/airflow/example_dags/example_display_name.py
[2024-11-12T03:37:31.703+0000] {processor.py:914} INFO - Processing file /home/airflow/.local/lib/python3.12/site-packages/airflow/example_dags/example_display_name.py for tasks to queue
[2024-11-12T03:37:31.705+0000] {logging_mixin.py:190} INFO - [2024-11-12T03:37:31.705+0000] {dagbag.py:588} INFO - Filling up the DagBag from /home/airflow/.local/lib/python3.12/site-packages/airflow/example_dags/example_display_name.py
[2024-11-12T03:37:31.713+0000] {processor.py:925} INFO - DAG(s) 'example_display_name' retrieved from /home/airflow/.local/lib/python3.12/site-packages/airflow/example_dags/example_display_name.py
[2024-11-12T03:37:31.735+0000] {logging_mixin.py:190} INFO - [2024-11-12T03:37:31.735+0000] {dag.py:3239} INFO - Sync 1 DAGs
[2024-11-12T03:37:31.758+0000] {logging_mixin.py:190} INFO - [2024-11-12T03:37:31.757+0000] {dag.py:4180} INFO - Setting next_dagrun for example_display_name to None, run_after=None
[2024-11-12T03:37:31.789+0000] {processor.py:208} INFO - Processing /home/airflow/.local/lib/python3.12/site-packages/airflow/example_dags/example_display_name.py took 0.093 seconds
[2024-11-12T03:39:56.736+0000] {processor.py:186} INFO - Started process (PID=81) to work on /home/airflow/.local/lib/python3.12/site-packages/airflow/example_dags/example_display_name.py
[2024-11-12T03:39:56.737+0000] {processor.py:914} INFO - Processing file /home/airflow/.local/lib/python3.12/site-packages/airflow/example_dags/example_display_name.py for tasks to queue
[2024-11-12T03:39:56.739+0000] {logging_mixin.py:190} INFO - [2024-11-12T03:39:56.739+0000] {dagbag.py:588} INFO - Filling up the DagBag from /home/airflow/.local/lib/python3.12/site-packages/airflow/example_dags/example_display_name.py
[2024-11-12T03:39:56.746+0000] {processor.py:925} INFO - DAG(s) 'example_display_name' retrieved from /home/airflow/.local/lib/python3.12/site-packages/airflow/example_dags/example_display_name.py
[2024-11-12T03:39:56.770+0000] {logging_mixin.py:190} INFO - [2024-11-12T03:39:56.769+0000] {dag.py:3239} INFO - Sync 1 DAGs
[2024-11-12T03:39:56.781+0000] {logging_mixin.py:190} INFO - [2024-11-12T03:39:56.781+0000] {dag.py:4180} INFO - Setting next_dagrun for example_display_name to None, run_after=None
[2024-11-12T03:39:56.796+0000] {processor.py:208} INFO - Processing /home/airflow/.local/lib/python3.12/site-packages/airflow/example_dags/example_display_name.py took 0.067 seconds
[2024-11-12T03:40:27.488+0000] {processor.py:186} INFO - Started process (PID=144) to work on /home/airflow/.local/lib/python3.12/site-packages/airflow/example_dags/example_display_name.py
[2024-11-12T03:40:27.489+0000] {processor.py:914} INFO - Processing file /home/airflow/.local/lib/python3.12/site-packages/airflow/example_dags/example_display_name.py for tasks to queue
[2024-11-12T03:40:27.490+0000] {logging_mixin.py:190} INFO - [2024-11-12T03:40:27.490+0000] {dagbag.py:588} INFO - Filling up the DagBag from /home/airflow/.local/lib/python3.12/site-packages/airflow/example_dags/example_display_name.py
[2024-11-12T03:40:27.496+0000] {processor.py:925} INFO - DAG(s) 'example_display_name' retrieved from /home/airflow/.local/lib/python3.12/site-packages/airflow/example_dags/example_display_name.py
[2024-11-12T03:40:27.513+0000] {logging_mixin.py:190} INFO - [2024-11-12T03:40:27.513+0000] {dag.py:3239} INFO - Sync 1 DAGs
[2024-11-12T03:40:27.524+0000] {logging_mixin.py:190} INFO - [2024-11-12T03:40:27.524+0000] {dag.py:4180} INFO - Setting next_dagrun for example_display_name to None, run_after=None
[2024-11-12T03:40:27.543+0000] {processor.py:208} INFO - Processing /home/airflow/.local/lib/python3.12/site-packages/airflow/example_dags/example_display_name.py took 0.060 seconds
[2024-11-12T03:40:57.670+0000] {processor.py:186} INFO - Started process (PID=207) to work on /home/airflow/.local/lib/python3.12/site-packages/airflow/example_dags/example_display_name.py
[2024-11-12T03:40:57.672+0000] {processor.py:914} INFO - Processing file /home/airflow/.local/lib/python3.12/site-packages/airflow/example_dags/example_display_name.py for tasks to queue
[2024-11-12T03:40:57.675+0000] {logging_mixin.py:190} INFO - [2024-11-12T03:40:57.674+0000] {dagbag.py:588} INFO - Filling up the DagBag from /home/airflow/.local/lib/python3.12/site-packages/airflow/example_dags/example_display_name.py
[2024-11-12T03:40:57.680+0000] {processor.py:925} INFO - DAG(s) 'example_display_name' retrieved from /home/airflow/.local/lib/python3.12/site-packages/airflow/example_dags/example_display_name.py
[2024-11-12T03:40:57.694+0000] {logging_mixin.py:190} INFO - [2024-11-12T03:40:57.694+0000] {dag.py:3239} INFO - Sync 1 DAGs
[2024-11-12T03:40:57.704+0000] {logging_mixin.py:190} INFO - [2024-11-12T03:40:57.704+0000] {dag.py:4180} INFO - Setting next_dagrun for example_display_name to None, run_after=None
[2024-11-12T03:40:57.722+0000] {processor.py:208} INFO - Processing /home/airflow/.local/lib/python3.12/site-packages/airflow/example_dags/example_display_name.py took 0.055 seconds
