[2024-11-12T03:33:27.928+0000] {processor.py:186} INFO - Started process (PID=100) to work on /home/airflow/.local/lib/python3.12/site-packages/airflow/example_dags/example_complex.py
[2024-11-12T03:33:27.930+0000] {processor.py:914} INFO - Processing file /home/airflow/.local/lib/python3.12/site-packages/airflow/example_dags/example_complex.py for tasks to queue
[2024-11-12T03:33:27.932+0000] {logging_mixin.py:190} INFO - [2024-11-12T03:33:27.932+0000] {dagbag.py:588} INFO - Filling up the DagBag from /home/airflow/.local/lib/python3.12/site-packages/airflow/example_dags/example_complex.py
[2024-11-12T03:33:27.945+0000] {processor.py:925} INFO - DAG(s) 'example_complex' retrieved from /home/airflow/.local/lib/python3.12/site-packages/airflow/example_dags/example_complex.py
[2024-11-12T03:33:28.052+0000] {logging_mixin.py:190} INFO - [2024-11-12T03:33:28.052+0000] {override.py:1911} INFO - Created Permission View: can read on DAG:example_complex
[2024-11-12T03:33:28.061+0000] {logging_mixin.py:190} INFO - [2024-11-12T03:33:28.060+0000] {override.py:1911} INFO - Created Permission View: can delete on DAG:example_complex
[2024-11-12T03:33:28.066+0000] {logging_mixin.py:190} INFO - [2024-11-12T03:33:28.066+0000] {override.py:1911} INFO - Created Permission View: can edit on DAG:example_complex
[2024-11-12T03:33:28.074+0000] {logging_mixin.py:190} INFO - [2024-11-12T03:33:28.074+0000] {override.py:1911} INFO - Created Permission View: can read on DAG Run:example_complex
[2024-11-12T03:33:28.080+0000] {logging_mixin.py:190} INFO - [2024-11-12T03:33:28.080+0000] {override.py:1911} INFO - Created Permission View: can create on DAG Run:example_complex
[2024-11-12T03:33:28.087+0000] {logging_mixin.py:190} INFO - [2024-11-12T03:33:28.087+0000] {override.py:1911} INFO - Created Permission View: can delete on DAG Run:example_complex
[2024-11-12T03:33:28.092+0000] {logging_mixin.py:190} INFO - [2024-11-12T03:33:28.092+0000] {override.py:1911} INFO - Created Permission View: menu access on DAG Run:example_complex
[2024-11-12T03:33:28.093+0000] {logging_mixin.py:190} INFO - [2024-11-12T03:33:28.093+0000] {dag.py:3239} INFO - Sync 1 DAGs
[2024-11-12T03:33:28.105+0000] {logging_mixin.py:190} INFO - [2024-11-12T03:33:28.105+0000] {dag.py:3262} INFO - Creating ORM DAG for example_complex
[2024-11-12T03:33:28.106+0000] {logging_mixin.py:190} INFO - [2024-11-12T03:33:28.106+0000] {dag.py:4180} INFO - Setting next_dagrun for example_complex to None, run_after=None
[2024-11-12T03:33:28.121+0000] {processor.py:208} INFO - Processing /home/airflow/.local/lib/python3.12/site-packages/airflow/example_dags/example_complex.py took 0.199 seconds
[2024-11-12T03:33:58.575+0000] {processor.py:186} INFO - Started process (PID=163) to work on /home/airflow/.local/lib/python3.12/site-packages/airflow/example_dags/example_complex.py
[2024-11-12T03:33:58.576+0000] {processor.py:914} INFO - Processing file /home/airflow/.local/lib/python3.12/site-packages/airflow/example_dags/example_complex.py for tasks to queue
[2024-11-12T03:33:58.578+0000] {logging_mixin.py:190} INFO - [2024-11-12T03:33:58.578+0000] {dagbag.py:588} INFO - Filling up the DagBag from /home/airflow/.local/lib/python3.12/site-packages/airflow/example_dags/example_complex.py
[2024-11-12T03:33:58.587+0000] {processor.py:925} INFO - DAG(s) 'example_complex' retrieved from /home/airflow/.local/lib/python3.12/site-packages/airflow/example_dags/example_complex.py
[2024-11-12T03:33:58.610+0000] {logging_mixin.py:190} INFO - [2024-11-12T03:33:58.610+0000] {dag.py:3239} INFO - Sync 1 DAGs
[2024-11-12T03:33:58.622+0000] {logging_mixin.py:190} INFO - [2024-11-12T03:33:58.622+0000] {dag.py:4180} INFO - Setting next_dagrun for example_complex to None, run_after=None
[2024-11-12T03:33:58.643+0000] {processor.py:208} INFO - Processing /home/airflow/.local/lib/python3.12/site-packages/airflow/example_dags/example_complex.py took 0.074 seconds
[2024-11-12T03:34:29.515+0000] {processor.py:186} INFO - Started process (PID=226) to work on /home/airflow/.local/lib/python3.12/site-packages/airflow/example_dags/example_complex.py
[2024-11-12T03:34:29.517+0000] {processor.py:914} INFO - Processing file /home/airflow/.local/lib/python3.12/site-packages/airflow/example_dags/example_complex.py for tasks to queue
[2024-11-12T03:34:29.520+0000] {logging_mixin.py:190} INFO - [2024-11-12T03:34:29.519+0000] {dagbag.py:588} INFO - Filling up the DagBag from /home/airflow/.local/lib/python3.12/site-packages/airflow/example_dags/example_complex.py
[2024-11-12T03:34:29.527+0000] {processor.py:925} INFO - DAG(s) 'example_complex' retrieved from /home/airflow/.local/lib/python3.12/site-packages/airflow/example_dags/example_complex.py
[2024-11-12T03:34:29.550+0000] {logging_mixin.py:190} INFO - [2024-11-12T03:34:29.550+0000] {dag.py:3239} INFO - Sync 1 DAGs
[2024-11-12T03:34:29.560+0000] {logging_mixin.py:190} INFO - [2024-11-12T03:34:29.560+0000] {dag.py:4180} INFO - Setting next_dagrun for example_complex to None, run_after=None
[2024-11-12T03:34:29.577+0000] {processor.py:208} INFO - Processing /home/airflow/.local/lib/python3.12/site-packages/airflow/example_dags/example_complex.py took 0.067 seconds
[2024-11-12T03:35:00.600+0000] {processor.py:186} INFO - Started process (PID=288) to work on /home/airflow/.local/lib/python3.12/site-packages/airflow/example_dags/example_complex.py
[2024-11-12T03:35:00.601+0000] {processor.py:914} INFO - Processing file /home/airflow/.local/lib/python3.12/site-packages/airflow/example_dags/example_complex.py for tasks to queue
[2024-11-12T03:35:00.603+0000] {logging_mixin.py:190} INFO - [2024-11-12T03:35:00.603+0000] {dagbag.py:588} INFO - Filling up the DagBag from /home/airflow/.local/lib/python3.12/site-packages/airflow/example_dags/example_complex.py
[2024-11-12T03:35:00.611+0000] {processor.py:925} INFO - DAG(s) 'example_complex' retrieved from /home/airflow/.local/lib/python3.12/site-packages/airflow/example_dags/example_complex.py
[2024-11-12T03:35:00.635+0000] {logging_mixin.py:190} INFO - [2024-11-12T03:35:00.635+0000] {dag.py:3239} INFO - Sync 1 DAGs
[2024-11-12T03:35:00.646+0000] {logging_mixin.py:190} INFO - [2024-11-12T03:35:00.646+0000] {dag.py:4180} INFO - Setting next_dagrun for example_complex to None, run_after=None
[2024-11-12T03:35:00.666+0000] {processor.py:208} INFO - Processing /home/airflow/.local/lib/python3.12/site-packages/airflow/example_dags/example_complex.py took 0.071 seconds
[2024-11-12T03:35:31.427+0000] {processor.py:186} INFO - Started process (PID=351) to work on /home/airflow/.local/lib/python3.12/site-packages/airflow/example_dags/example_complex.py
[2024-11-12T03:35:31.428+0000] {processor.py:914} INFO - Processing file /home/airflow/.local/lib/python3.12/site-packages/airflow/example_dags/example_complex.py for tasks to queue
[2024-11-12T03:35:31.430+0000] {logging_mixin.py:190} INFO - [2024-11-12T03:35:31.430+0000] {dagbag.py:588} INFO - Filling up the DagBag from /home/airflow/.local/lib/python3.12/site-packages/airflow/example_dags/example_complex.py
[2024-11-12T03:35:31.442+0000] {processor.py:925} INFO - DAG(s) 'example_complex' retrieved from /home/airflow/.local/lib/python3.12/site-packages/airflow/example_dags/example_complex.py
[2024-11-12T03:35:31.471+0000] {logging_mixin.py:190} INFO - [2024-11-12T03:35:31.471+0000] {dag.py:3239} INFO - Sync 1 DAGs
[2024-11-12T03:35:31.488+0000] {logging_mixin.py:190} INFO - [2024-11-12T03:35:31.487+0000] {dag.py:4180} INFO - Setting next_dagrun for example_complex to None, run_after=None
[2024-11-12T03:35:31.508+0000] {processor.py:208} INFO - Processing /home/airflow/.local/lib/python3.12/site-packages/airflow/example_dags/example_complex.py took 0.085 seconds
[2024-11-12T03:36:01.556+0000] {processor.py:186} INFO - Started process (PID=413) to work on /home/airflow/.local/lib/python3.12/site-packages/airflow/example_dags/example_complex.py
[2024-11-12T03:36:01.557+0000] {processor.py:914} INFO - Processing file /home/airflow/.local/lib/python3.12/site-packages/airflow/example_dags/example_complex.py for tasks to queue
[2024-11-12T03:36:01.559+0000] {logging_mixin.py:190} INFO - [2024-11-12T03:36:01.559+0000] {dagbag.py:588} INFO - Filling up the DagBag from /home/airflow/.local/lib/python3.12/site-packages/airflow/example_dags/example_complex.py
[2024-11-12T03:36:01.569+0000] {processor.py:925} INFO - DAG(s) 'example_complex' retrieved from /home/airflow/.local/lib/python3.12/site-packages/airflow/example_dags/example_complex.py
[2024-11-12T03:36:01.603+0000] {logging_mixin.py:190} INFO - [2024-11-12T03:36:01.602+0000] {dag.py:3239} INFO - Sync 1 DAGs
[2024-11-12T03:36:01.619+0000] {logging_mixin.py:190} INFO - [2024-11-12T03:36:01.618+0000] {dag.py:4180} INFO - Setting next_dagrun for example_complex to None, run_after=None
[2024-11-12T03:36:01.641+0000] {processor.py:208} INFO - Processing /home/airflow/.local/lib/python3.12/site-packages/airflow/example_dags/example_complex.py took 0.090 seconds
[2024-11-12T03:36:32.302+0000] {processor.py:186} INFO - Started process (PID=476) to work on /home/airflow/.local/lib/python3.12/site-packages/airflow/example_dags/example_complex.py
[2024-11-12T03:36:32.304+0000] {processor.py:914} INFO - Processing file /home/airflow/.local/lib/python3.12/site-packages/airflow/example_dags/example_complex.py for tasks to queue
[2024-11-12T03:36:32.305+0000] {logging_mixin.py:190} INFO - [2024-11-12T03:36:32.305+0000] {dagbag.py:588} INFO - Filling up the DagBag from /home/airflow/.local/lib/python3.12/site-packages/airflow/example_dags/example_complex.py
[2024-11-12T03:36:32.315+0000] {processor.py:925} INFO - DAG(s) 'example_complex' retrieved from /home/airflow/.local/lib/python3.12/site-packages/airflow/example_dags/example_complex.py
[2024-11-12T03:36:32.340+0000] {logging_mixin.py:190} INFO - [2024-11-12T03:36:32.340+0000] {dag.py:3239} INFO - Sync 1 DAGs
[2024-11-12T03:36:32.353+0000] {logging_mixin.py:190} INFO - [2024-11-12T03:36:32.352+0000] {dag.py:4180} INFO - Setting next_dagrun for example_complex to None, run_after=None
[2024-11-12T03:36:32.370+0000] {processor.py:208} INFO - Processing /home/airflow/.local/lib/python3.12/site-packages/airflow/example_dags/example_complex.py took 0.073 seconds
[2024-11-12T03:37:02.541+0000] {processor.py:186} INFO - Started process (PID=539) to work on /home/airflow/.local/lib/python3.12/site-packages/airflow/example_dags/example_complex.py
[2024-11-12T03:37:02.542+0000] {processor.py:914} INFO - Processing file /home/airflow/.local/lib/python3.12/site-packages/airflow/example_dags/example_complex.py for tasks to queue
[2024-11-12T03:37:02.544+0000] {logging_mixin.py:190} INFO - [2024-11-12T03:37:02.544+0000] {dagbag.py:588} INFO - Filling up the DagBag from /home/airflow/.local/lib/python3.12/site-packages/airflow/example_dags/example_complex.py
[2024-11-12T03:37:02.555+0000] {processor.py:925} INFO - DAG(s) 'example_complex' retrieved from /home/airflow/.local/lib/python3.12/site-packages/airflow/example_dags/example_complex.py
[2024-11-12T03:37:02.591+0000] {logging_mixin.py:190} INFO - [2024-11-12T03:37:02.591+0000] {dag.py:3239} INFO - Sync 1 DAGs
[2024-11-12T03:37:02.604+0000] {logging_mixin.py:190} INFO - [2024-11-12T03:37:02.604+0000] {dag.py:4180} INFO - Setting next_dagrun for example_complex to None, run_after=None
[2024-11-12T03:37:02.625+0000] {processor.py:208} INFO - Processing /home/airflow/.local/lib/python3.12/site-packages/airflow/example_dags/example_complex.py took 0.089 seconds
[2024-11-12T03:37:33.095+0000] {processor.py:186} INFO - Started process (PID=602) to work on /home/airflow/.local/lib/python3.12/site-packages/airflow/example_dags/example_complex.py
[2024-11-12T03:37:33.096+0000] {processor.py:914} INFO - Processing file /home/airflow/.local/lib/python3.12/site-packages/airflow/example_dags/example_complex.py for tasks to queue
[2024-11-12T03:37:33.098+0000] {logging_mixin.py:190} INFO - [2024-11-12T03:37:33.098+0000] {dagbag.py:588} INFO - Filling up the DagBag from /home/airflow/.local/lib/python3.12/site-packages/airflow/example_dags/example_complex.py
[2024-11-12T03:37:33.109+0000] {processor.py:925} INFO - DAG(s) 'example_complex' retrieved from /home/airflow/.local/lib/python3.12/site-packages/airflow/example_dags/example_complex.py
[2024-11-12T03:37:33.134+0000] {logging_mixin.py:190} INFO - [2024-11-12T03:37:33.134+0000] {dag.py:3239} INFO - Sync 1 DAGs
[2024-11-12T03:37:33.145+0000] {logging_mixin.py:190} INFO - [2024-11-12T03:37:33.145+0000] {dag.py:4180} INFO - Setting next_dagrun for example_complex to None, run_after=None
[2024-11-12T03:37:33.161+0000] {processor.py:208} INFO - Processing /home/airflow/.local/lib/python3.12/site-packages/airflow/example_dags/example_complex.py took 0.070 seconds
[2024-11-12T03:39:57.326+0000] {processor.py:186} INFO - Started process (PID=87) to work on /home/airflow/.local/lib/python3.12/site-packages/airflow/example_dags/example_complex.py
[2024-11-12T03:39:57.327+0000] {processor.py:914} INFO - Processing file /home/airflow/.local/lib/python3.12/site-packages/airflow/example_dags/example_complex.py for tasks to queue
[2024-11-12T03:39:57.329+0000] {logging_mixin.py:190} INFO - [2024-11-12T03:39:57.329+0000] {dagbag.py:588} INFO - Filling up the DagBag from /home/airflow/.local/lib/python3.12/site-packages/airflow/example_dags/example_complex.py
[2024-11-12T03:39:57.340+0000] {processor.py:925} INFO - DAG(s) 'example_complex' retrieved from /home/airflow/.local/lib/python3.12/site-packages/airflow/example_dags/example_complex.py
[2024-11-12T03:39:57.367+0000] {logging_mixin.py:190} INFO - [2024-11-12T03:39:57.367+0000] {dag.py:3239} INFO - Sync 1 DAGs
[2024-11-12T03:39:57.378+0000] {logging_mixin.py:190} INFO - [2024-11-12T03:39:57.378+0000] {dag.py:4180} INFO - Setting next_dagrun for example_complex to None, run_after=None
[2024-11-12T03:39:57.395+0000] {processor.py:208} INFO - Processing /home/airflow/.local/lib/python3.12/site-packages/airflow/example_dags/example_complex.py took 0.074 seconds
[2024-11-12T03:40:27.834+0000] {processor.py:186} INFO - Started process (PID=150) to work on /home/airflow/.local/lib/python3.12/site-packages/airflow/example_dags/example_complex.py
[2024-11-12T03:40:27.835+0000] {processor.py:914} INFO - Processing file /home/airflow/.local/lib/python3.12/site-packages/airflow/example_dags/example_complex.py for tasks to queue
[2024-11-12T03:40:27.836+0000] {logging_mixin.py:190} INFO - [2024-11-12T03:40:27.836+0000] {dagbag.py:588} INFO - Filling up the DagBag from /home/airflow/.local/lib/python3.12/site-packages/airflow/example_dags/example_complex.py
[2024-11-12T03:40:27.845+0000] {processor.py:925} INFO - DAG(s) 'example_complex' retrieved from /home/airflow/.local/lib/python3.12/site-packages/airflow/example_dags/example_complex.py
[2024-11-12T03:40:27.866+0000] {logging_mixin.py:190} INFO - [2024-11-12T03:40:27.866+0000] {dag.py:3239} INFO - Sync 1 DAGs
[2024-11-12T03:40:27.879+0000] {logging_mixin.py:190} INFO - [2024-11-12T03:40:27.879+0000] {dag.py:4180} INFO - Setting next_dagrun for example_complex to None, run_after=None
[2024-11-12T03:40:27.896+0000] {processor.py:208} INFO - Processing /home/airflow/.local/lib/python3.12/site-packages/airflow/example_dags/example_complex.py took 0.066 seconds
[2024-11-12T03:40:57.956+0000] {processor.py:186} INFO - Started process (PID=212) to work on /home/airflow/.local/lib/python3.12/site-packages/airflow/example_dags/example_complex.py
[2024-11-12T03:40:57.957+0000] {processor.py:914} INFO - Processing file /home/airflow/.local/lib/python3.12/site-packages/airflow/example_dags/example_complex.py for tasks to queue
[2024-11-12T03:40:57.959+0000] {logging_mixin.py:190} INFO - [2024-11-12T03:40:57.959+0000] {dagbag.py:588} INFO - Filling up the DagBag from /home/airflow/.local/lib/python3.12/site-packages/airflow/example_dags/example_complex.py
[2024-11-12T03:40:57.968+0000] {processor.py:925} INFO - DAG(s) 'example_complex' retrieved from /home/airflow/.local/lib/python3.12/site-packages/airflow/example_dags/example_complex.py
[2024-11-12T03:40:57.992+0000] {logging_mixin.py:190} INFO - [2024-11-12T03:40:57.992+0000] {dag.py:3239} INFO - Sync 1 DAGs
[2024-11-12T03:40:58.004+0000] {logging_mixin.py:190} INFO - [2024-11-12T03:40:58.004+0000] {dag.py:4180} INFO - Setting next_dagrun for example_complex to None, run_after=None
[2024-11-12T03:40:58.022+0000] {processor.py:208} INFO - Processing /home/airflow/.local/lib/python3.12/site-packages/airflow/example_dags/example_complex.py took 0.074 seconds
