[2024-11-12T03:33:24.266+0000] {processor.py:186} INFO - Started process (PID=76) to work on /home/airflow/.local/lib/python3.12/site-packages/airflow/example_dags/example_params_trigger_ui.py
[2024-11-12T03:33:24.267+0000] {processor.py:914} INFO - Processing file /home/airflow/.local/lib/python3.12/site-packages/airflow/example_dags/example_params_trigger_ui.py for tasks to queue
[2024-11-12T03:33:24.269+0000] {logging_mixin.py:190} INFO - [2024-11-12T03:33:24.269+0000] {dagbag.py:588} INFO - Filling up the DagBag from /home/airflow/.local/lib/python3.12/site-packages/airflow/example_dags/example_params_trigger_ui.py
[2024-11-12T03:33:24.281+0000] {processor.py:925} INFO - DAG(s) 'example_params_trigger_ui' retrieved from /home/airflow/.local/lib/python3.12/site-packages/airflow/example_dags/example_params_trigger_ui.py
[2024-11-12T03:33:24.402+0000] {logging_mixin.py:190} INFO - [2024-11-12T03:33:24.401+0000] {override.py:1911} INFO - Created Permission View: can read on DAG:example_params_trigger_ui
[2024-11-12T03:33:24.415+0000] {logging_mixin.py:190} INFO - [2024-11-12T03:33:24.415+0000] {override.py:1911} INFO - Created Permission View: can delete on DAG:example_params_trigger_ui
[2024-11-12T03:33:24.425+0000] {logging_mixin.py:190} INFO - [2024-11-12T03:33:24.425+0000] {override.py:1911} INFO - Created Permission View: can edit on DAG:example_params_trigger_ui
[2024-11-12T03:33:24.437+0000] {logging_mixin.py:190} INFO - [2024-11-12T03:33:24.437+0000] {override.py:1911} INFO - Created Permission View: can read on DAG Run:example_params_trigger_ui
[2024-11-12T03:33:24.446+0000] {logging_mixin.py:190} INFO - [2024-11-12T03:33:24.445+0000] {override.py:1911} INFO - Created Permission View: can create on DAG Run:example_params_trigger_ui
[2024-11-12T03:33:24.454+0000] {logging_mixin.py:190} INFO - [2024-11-12T03:33:24.454+0000] {override.py:1911} INFO - Created Permission View: can delete on DAG Run:example_params_trigger_ui
[2024-11-12T03:33:24.463+0000] {logging_mixin.py:190} INFO - [2024-11-12T03:33:24.463+0000] {override.py:1911} INFO - Created Permission View: menu access on DAG Run:example_params_trigger_ui
[2024-11-12T03:33:24.464+0000] {logging_mixin.py:190} INFO - [2024-11-12T03:33:24.464+0000] {dag.py:3239} INFO - Sync 1 DAGs
[2024-11-12T03:33:24.476+0000] {logging_mixin.py:190} INFO - [2024-11-12T03:33:24.476+0000] {dag.py:3262} INFO - Creating ORM DAG for example_params_trigger_ui
[2024-11-12T03:33:24.477+0000] {logging_mixin.py:190} INFO - [2024-11-12T03:33:24.477+0000] {dag.py:4180} INFO - Setting next_dagrun for example_params_trigger_ui to None, run_after=None
[2024-11-12T03:33:24.497+0000] {processor.py:208} INFO - Processing /home/airflow/.local/lib/python3.12/site-packages/airflow/example_dags/example_params_trigger_ui.py took 0.236 seconds
[2024-11-12T03:33:54.782+0000] {processor.py:186} INFO - Started process (PID=138) to work on /home/airflow/.local/lib/python3.12/site-packages/airflow/example_dags/example_params_trigger_ui.py
[2024-11-12T03:33:54.783+0000] {processor.py:914} INFO - Processing file /home/airflow/.local/lib/python3.12/site-packages/airflow/example_dags/example_params_trigger_ui.py for tasks to queue
[2024-11-12T03:33:54.785+0000] {logging_mixin.py:190} INFO - [2024-11-12T03:33:54.785+0000] {dagbag.py:588} INFO - Filling up the DagBag from /home/airflow/.local/lib/python3.12/site-packages/airflow/example_dags/example_params_trigger_ui.py
[2024-11-12T03:33:54.794+0000] {processor.py:925} INFO - DAG(s) 'example_params_trigger_ui' retrieved from /home/airflow/.local/lib/python3.12/site-packages/airflow/example_dags/example_params_trigger_ui.py
[2024-11-12T03:33:54.825+0000] {logging_mixin.py:190} INFO - [2024-11-12T03:33:54.824+0000] {dag.py:3239} INFO - Sync 1 DAGs
[2024-11-12T03:33:54.836+0000] {logging_mixin.py:190} INFO - [2024-11-12T03:33:54.836+0000] {dag.py:4180} INFO - Setting next_dagrun for example_params_trigger_ui to None, run_after=None
[2024-11-12T03:33:54.852+0000] {processor.py:208} INFO - Processing /home/airflow/.local/lib/python3.12/site-packages/airflow/example_dags/example_params_trigger_ui.py took 0.075 seconds
[2024-11-12T03:34:25.704+0000] {processor.py:186} INFO - Started process (PID=207) to work on /home/airflow/.local/lib/python3.12/site-packages/airflow/example_dags/example_params_trigger_ui.py
[2024-11-12T03:34:25.705+0000] {processor.py:914} INFO - Processing file /home/airflow/.local/lib/python3.12/site-packages/airflow/example_dags/example_params_trigger_ui.py for tasks to queue
[2024-11-12T03:34:25.708+0000] {logging_mixin.py:190} INFO - [2024-11-12T03:34:25.707+0000] {dagbag.py:588} INFO - Filling up the DagBag from /home/airflow/.local/lib/python3.12/site-packages/airflow/example_dags/example_params_trigger_ui.py
[2024-11-12T03:34:25.719+0000] {processor.py:925} INFO - DAG(s) 'example_params_trigger_ui' retrieved from /home/airflow/.local/lib/python3.12/site-packages/airflow/example_dags/example_params_trigger_ui.py
[2024-11-12T03:34:25.759+0000] {logging_mixin.py:190} INFO - [2024-11-12T03:34:25.759+0000] {dag.py:3239} INFO - Sync 1 DAGs
[2024-11-12T03:34:25.771+0000] {logging_mixin.py:190} INFO - [2024-11-12T03:34:25.771+0000] {dag.py:4180} INFO - Setting next_dagrun for example_params_trigger_ui to None, run_after=None
[2024-11-12T03:34:25.790+0000] {processor.py:208} INFO - Processing /home/airflow/.local/lib/python3.12/site-packages/airflow/example_dags/example_params_trigger_ui.py took 0.091 seconds
[2024-11-12T03:34:56.645+0000] {processor.py:186} INFO - Started process (PID=269) to work on /home/airflow/.local/lib/python3.12/site-packages/airflow/example_dags/example_params_trigger_ui.py
[2024-11-12T03:34:56.647+0000] {processor.py:914} INFO - Processing file /home/airflow/.local/lib/python3.12/site-packages/airflow/example_dags/example_params_trigger_ui.py for tasks to queue
[2024-11-12T03:34:56.651+0000] {logging_mixin.py:190} INFO - [2024-11-12T03:34:56.651+0000] {dagbag.py:588} INFO - Filling up the DagBag from /home/airflow/.local/lib/python3.12/site-packages/airflow/example_dags/example_params_trigger_ui.py
[2024-11-12T03:34:56.659+0000] {processor.py:925} INFO - DAG(s) 'example_params_trigger_ui' retrieved from /home/airflow/.local/lib/python3.12/site-packages/airflow/example_dags/example_params_trigger_ui.py
[2024-11-12T03:34:56.692+0000] {logging_mixin.py:190} INFO - [2024-11-12T03:34:56.692+0000] {dag.py:3239} INFO - Sync 1 DAGs
[2024-11-12T03:34:56.705+0000] {logging_mixin.py:190} INFO - [2024-11-12T03:34:56.704+0000] {dag.py:4180} INFO - Setting next_dagrun for example_params_trigger_ui to None, run_after=None
[2024-11-12T03:34:56.721+0000] {processor.py:208} INFO - Processing /home/airflow/.local/lib/python3.12/site-packages/airflow/example_dags/example_params_trigger_ui.py took 0.081 seconds
[2024-11-12T03:35:27.428+0000] {processor.py:186} INFO - Started process (PID=332) to work on /home/airflow/.local/lib/python3.12/site-packages/airflow/example_dags/example_params_trigger_ui.py
[2024-11-12T03:35:27.429+0000] {processor.py:914} INFO - Processing file /home/airflow/.local/lib/python3.12/site-packages/airflow/example_dags/example_params_trigger_ui.py for tasks to queue
[2024-11-12T03:35:27.431+0000] {logging_mixin.py:190} INFO - [2024-11-12T03:35:27.431+0000] {dagbag.py:588} INFO - Filling up the DagBag from /home/airflow/.local/lib/python3.12/site-packages/airflow/example_dags/example_params_trigger_ui.py
[2024-11-12T03:35:27.443+0000] {processor.py:925} INFO - DAG(s) 'example_params_trigger_ui' retrieved from /home/airflow/.local/lib/python3.12/site-packages/airflow/example_dags/example_params_trigger_ui.py
[2024-11-12T03:35:27.484+0000] {logging_mixin.py:190} INFO - [2024-11-12T03:35:27.484+0000] {dag.py:3239} INFO - Sync 1 DAGs
[2024-11-12T03:35:27.503+0000] {logging_mixin.py:190} INFO - [2024-11-12T03:35:27.503+0000] {dag.py:4180} INFO - Setting next_dagrun for example_params_trigger_ui to None, run_after=None
[2024-11-12T03:35:27.535+0000] {processor.py:208} INFO - Processing /home/airflow/.local/lib/python3.12/site-packages/airflow/example_dags/example_params_trigger_ui.py took 0.111 seconds
[2024-11-12T03:35:57.942+0000] {processor.py:186} INFO - Started process (PID=394) to work on /home/airflow/.local/lib/python3.12/site-packages/airflow/example_dags/example_params_trigger_ui.py
[2024-11-12T03:35:57.943+0000] {processor.py:914} INFO - Processing file /home/airflow/.local/lib/python3.12/site-packages/airflow/example_dags/example_params_trigger_ui.py for tasks to queue
[2024-11-12T03:35:57.945+0000] {logging_mixin.py:190} INFO - [2024-11-12T03:35:57.945+0000] {dagbag.py:588} INFO - Filling up the DagBag from /home/airflow/.local/lib/python3.12/site-packages/airflow/example_dags/example_params_trigger_ui.py
[2024-11-12T03:35:57.955+0000] {processor.py:925} INFO - DAG(s) 'example_params_trigger_ui' retrieved from /home/airflow/.local/lib/python3.12/site-packages/airflow/example_dags/example_params_trigger_ui.py
[2024-11-12T03:35:57.992+0000] {logging_mixin.py:190} INFO - [2024-11-12T03:35:57.991+0000] {dag.py:3239} INFO - Sync 1 DAGs
[2024-11-12T03:35:58.005+0000] {logging_mixin.py:190} INFO - [2024-11-12T03:35:58.005+0000] {dag.py:4180} INFO - Setting next_dagrun for example_params_trigger_ui to None, run_after=None
[2024-11-12T03:35:58.025+0000] {processor.py:208} INFO - Processing /home/airflow/.local/lib/python3.12/site-packages/airflow/example_dags/example_params_trigger_ui.py took 0.088 seconds
[2024-11-12T03:36:28.379+0000] {processor.py:186} INFO - Started process (PID=457) to work on /home/airflow/.local/lib/python3.12/site-packages/airflow/example_dags/example_params_trigger_ui.py
[2024-11-12T03:36:28.380+0000] {processor.py:914} INFO - Processing file /home/airflow/.local/lib/python3.12/site-packages/airflow/example_dags/example_params_trigger_ui.py for tasks to queue
[2024-11-12T03:36:28.382+0000] {logging_mixin.py:190} INFO - [2024-11-12T03:36:28.382+0000] {dagbag.py:588} INFO - Filling up the DagBag from /home/airflow/.local/lib/python3.12/site-packages/airflow/example_dags/example_params_trigger_ui.py
[2024-11-12T03:36:28.393+0000] {processor.py:925} INFO - DAG(s) 'example_params_trigger_ui' retrieved from /home/airflow/.local/lib/python3.12/site-packages/airflow/example_dags/example_params_trigger_ui.py
[2024-11-12T03:36:28.429+0000] {logging_mixin.py:190} INFO - [2024-11-12T03:36:28.428+0000] {dag.py:3239} INFO - Sync 1 DAGs
[2024-11-12T03:36:28.440+0000] {logging_mixin.py:190} INFO - [2024-11-12T03:36:28.440+0000] {dag.py:4180} INFO - Setting next_dagrun for example_params_trigger_ui to None, run_after=None
[2024-11-12T03:36:28.457+0000] {processor.py:208} INFO - Processing /home/airflow/.local/lib/python3.12/site-packages/airflow/example_dags/example_params_trigger_ui.py took 0.082 seconds
[2024-11-12T03:36:58.549+0000] {processor.py:186} INFO - Started process (PID=520) to work on /home/airflow/.local/lib/python3.12/site-packages/airflow/example_dags/example_params_trigger_ui.py
[2024-11-12T03:36:58.550+0000] {processor.py:914} INFO - Processing file /home/airflow/.local/lib/python3.12/site-packages/airflow/example_dags/example_params_trigger_ui.py for tasks to queue
[2024-11-12T03:36:58.553+0000] {logging_mixin.py:190} INFO - [2024-11-12T03:36:58.553+0000] {dagbag.py:588} INFO - Filling up the DagBag from /home/airflow/.local/lib/python3.12/site-packages/airflow/example_dags/example_params_trigger_ui.py
[2024-11-12T03:36:58.561+0000] {processor.py:925} INFO - DAG(s) 'example_params_trigger_ui' retrieved from /home/airflow/.local/lib/python3.12/site-packages/airflow/example_dags/example_params_trigger_ui.py
[2024-11-12T03:36:58.593+0000] {logging_mixin.py:190} INFO - [2024-11-12T03:36:58.592+0000] {dag.py:3239} INFO - Sync 1 DAGs
[2024-11-12T03:36:58.604+0000] {logging_mixin.py:190} INFO - [2024-11-12T03:36:58.603+0000] {dag.py:4180} INFO - Setting next_dagrun for example_params_trigger_ui to None, run_after=None
[2024-11-12T03:36:58.622+0000] {processor.py:208} INFO - Processing /home/airflow/.local/lib/python3.12/site-packages/airflow/example_dags/example_params_trigger_ui.py took 0.081 seconds
[2024-11-12T03:37:29.434+0000] {processor.py:186} INFO - Started process (PID=583) to work on /home/airflow/.local/lib/python3.12/site-packages/airflow/example_dags/example_params_trigger_ui.py
[2024-11-12T03:37:29.435+0000] {processor.py:914} INFO - Processing file /home/airflow/.local/lib/python3.12/site-packages/airflow/example_dags/example_params_trigger_ui.py for tasks to queue
[2024-11-12T03:37:29.438+0000] {logging_mixin.py:190} INFO - [2024-11-12T03:37:29.437+0000] {dagbag.py:588} INFO - Filling up the DagBag from /home/airflow/.local/lib/python3.12/site-packages/airflow/example_dags/example_params_trigger_ui.py
[2024-11-12T03:37:29.446+0000] {processor.py:925} INFO - DAG(s) 'example_params_trigger_ui' retrieved from /home/airflow/.local/lib/python3.12/site-packages/airflow/example_dags/example_params_trigger_ui.py
[2024-11-12T03:37:29.477+0000] {logging_mixin.py:190} INFO - [2024-11-12T03:37:29.477+0000] {dag.py:3239} INFO - Sync 1 DAGs
[2024-11-12T03:37:29.488+0000] {logging_mixin.py:190} INFO - [2024-11-12T03:37:29.488+0000] {dag.py:4180} INFO - Setting next_dagrun for example_params_trigger_ui to None, run_after=None
[2024-11-12T03:37:29.503+0000] {processor.py:208} INFO - Processing /home/airflow/.local/lib/python3.12/site-packages/airflow/example_dags/example_params_trigger_ui.py took 0.074 seconds
[2024-11-12T03:39:55.561+0000] {processor.py:186} INFO - Started process (PID=63) to work on /home/airflow/.local/lib/python3.12/site-packages/airflow/example_dags/example_params_trigger_ui.py
[2024-11-12T03:39:55.562+0000] {processor.py:914} INFO - Processing file /home/airflow/.local/lib/python3.12/site-packages/airflow/example_dags/example_params_trigger_ui.py for tasks to queue
[2024-11-12T03:39:55.564+0000] {logging_mixin.py:190} INFO - [2024-11-12T03:39:55.564+0000] {dagbag.py:588} INFO - Filling up the DagBag from /home/airflow/.local/lib/python3.12/site-packages/airflow/example_dags/example_params_trigger_ui.py
[2024-11-12T03:39:55.573+0000] {processor.py:925} INFO - DAG(s) 'example_params_trigger_ui' retrieved from /home/airflow/.local/lib/python3.12/site-packages/airflow/example_dags/example_params_trigger_ui.py
[2024-11-12T03:39:55.609+0000] {logging_mixin.py:190} INFO - [2024-11-12T03:39:55.609+0000] {dag.py:3239} INFO - Sync 1 DAGs
[2024-11-12T03:39:55.621+0000] {logging_mixin.py:190} INFO - [2024-11-12T03:39:55.620+0000] {dag.py:4180} INFO - Setting next_dagrun for example_params_trigger_ui to None, run_after=None
[2024-11-12T03:39:55.636+0000] {processor.py:208} INFO - Processing /home/airflow/.local/lib/python3.12/site-packages/airflow/example_dags/example_params_trigger_ui.py took 0.079 seconds
[2024-11-12T03:40:26.387+0000] {processor.py:186} INFO - Started process (PID=131) to work on /home/airflow/.local/lib/python3.12/site-packages/airflow/example_dags/example_params_trigger_ui.py
[2024-11-12T03:40:26.388+0000] {processor.py:914} INFO - Processing file /home/airflow/.local/lib/python3.12/site-packages/airflow/example_dags/example_params_trigger_ui.py for tasks to queue
[2024-11-12T03:40:26.391+0000] {logging_mixin.py:190} INFO - [2024-11-12T03:40:26.390+0000] {dagbag.py:588} INFO - Filling up the DagBag from /home/airflow/.local/lib/python3.12/site-packages/airflow/example_dags/example_params_trigger_ui.py
[2024-11-12T03:40:26.400+0000] {processor.py:925} INFO - DAG(s) 'example_params_trigger_ui' retrieved from /home/airflow/.local/lib/python3.12/site-packages/airflow/example_dags/example_params_trigger_ui.py
[2024-11-12T03:40:26.435+0000] {logging_mixin.py:190} INFO - [2024-11-12T03:40:26.434+0000] {dag.py:3239} INFO - Sync 1 DAGs
[2024-11-12T03:40:26.446+0000] {logging_mixin.py:190} INFO - [2024-11-12T03:40:26.445+0000] {dag.py:4180} INFO - Setting next_dagrun for example_params_trigger_ui to None, run_after=None
[2024-11-12T03:40:26.460+0000] {processor.py:208} INFO - Processing /home/airflow/.local/lib/python3.12/site-packages/airflow/example_dags/example_params_trigger_ui.py took 0.077 seconds
[2024-11-12T03:40:56.614+0000] {processor.py:186} INFO - Started process (PID=194) to work on /home/airflow/.local/lib/python3.12/site-packages/airflow/example_dags/example_params_trigger_ui.py
[2024-11-12T03:40:56.615+0000] {processor.py:914} INFO - Processing file /home/airflow/.local/lib/python3.12/site-packages/airflow/example_dags/example_params_trigger_ui.py for tasks to queue
[2024-11-12T03:40:56.617+0000] {logging_mixin.py:190} INFO - [2024-11-12T03:40:56.617+0000] {dagbag.py:588} INFO - Filling up the DagBag from /home/airflow/.local/lib/python3.12/site-packages/airflow/example_dags/example_params_trigger_ui.py
[2024-11-12T03:40:56.626+0000] {processor.py:925} INFO - DAG(s) 'example_params_trigger_ui' retrieved from /home/airflow/.local/lib/python3.12/site-packages/airflow/example_dags/example_params_trigger_ui.py
[2024-11-12T03:40:56.656+0000] {logging_mixin.py:190} INFO - [2024-11-12T03:40:56.656+0000] {dag.py:3239} INFO - Sync 1 DAGs
[2024-11-12T03:40:56.667+0000] {logging_mixin.py:190} INFO - [2024-11-12T03:40:56.667+0000] {dag.py:4180} INFO - Setting next_dagrun for example_params_trigger_ui to None, run_after=None
[2024-11-12T03:40:56.683+0000] {processor.py:208} INFO - Processing /home/airflow/.local/lib/python3.12/site-packages/airflow/example_dags/example_params_trigger_ui.py took 0.073 seconds
[2024-11-12T03:41:27.154+0000] {processor.py:186} INFO - Started process (PID=257) to work on /home/airflow/.local/lib/python3.12/site-packages/airflow/example_dags/example_params_trigger_ui.py
[2024-11-12T03:41:27.155+0000] {processor.py:914} INFO - Processing file /home/airflow/.local/lib/python3.12/site-packages/airflow/example_dags/example_params_trigger_ui.py for tasks to queue
[2024-11-12T03:41:27.157+0000] {logging_mixin.py:190} INFO - [2024-11-12T03:41:27.157+0000] {dagbag.py:588} INFO - Filling up the DagBag from /home/airflow/.local/lib/python3.12/site-packages/airflow/example_dags/example_params_trigger_ui.py
[2024-11-12T03:41:27.165+0000] {processor.py:925} INFO - DAG(s) 'example_params_trigger_ui' retrieved from /home/airflow/.local/lib/python3.12/site-packages/airflow/example_dags/example_params_trigger_ui.py
[2024-11-12T03:41:27.195+0000] {logging_mixin.py:190} INFO - [2024-11-12T03:41:27.195+0000] {dag.py:3239} INFO - Sync 1 DAGs
[2024-11-12T03:41:27.207+0000] {logging_mixin.py:190} INFO - [2024-11-12T03:41:27.207+0000] {dag.py:4180} INFO - Setting next_dagrun for example_params_trigger_ui to None, run_after=None
[2024-11-12T03:41:27.223+0000] {processor.py:208} INFO - Processing /home/airflow/.local/lib/python3.12/site-packages/airflow/example_dags/example_params_trigger_ui.py took 0.073 seconds
