[2024-11-12T03:33:29.613+0000] {processor.py:186} INFO - Started process (PID=108) to work on /home/airflow/.local/lib/python3.12/site-packages/airflow/example_dags/example_bash_operator.py
[2024-11-12T03:33:29.614+0000] {processor.py:914} INFO - Processing file /home/airflow/.local/lib/python3.12/site-packages/airflow/example_dags/example_bash_operator.py for tasks to queue
[2024-11-12T03:33:29.617+0000] {logging_mixin.py:190} INFO - [2024-11-12T03:33:29.617+0000] {dagbag.py:588} INFO - Filling up the DagBag from /home/airflow/.local/lib/python3.12/site-packages/airflow/example_dags/example_bash_operator.py
[2024-11-12T03:33:29.635+0000] {processor.py:925} INFO - DAG(s) 'example_bash_operator' retrieved from /home/airflow/.local/lib/python3.12/site-packages/airflow/example_dags/example_bash_operator.py
[2024-11-12T03:33:29.765+0000] {logging_mixin.py:190} INFO - [2024-11-12T03:33:29.764+0000] {override.py:1911} INFO - Created Permission View: can read on DAG:example_bash_operator
[2024-11-12T03:33:29.775+0000] {logging_mixin.py:190} INFO - [2024-11-12T03:33:29.774+0000] {override.py:1911} INFO - Created Permission View: can delete on DAG:example_bash_operator
[2024-11-12T03:33:29.783+0000] {logging_mixin.py:190} INFO - [2024-11-12T03:33:29.783+0000] {override.py:1911} INFO - Created Permission View: can edit on DAG:example_bash_operator
[2024-11-12T03:33:29.792+0000] {logging_mixin.py:190} INFO - [2024-11-12T03:33:29.792+0000] {override.py:1911} INFO - Created Permission View: can read on DAG Run:example_bash_operator
[2024-11-12T03:33:29.799+0000] {logging_mixin.py:190} INFO - [2024-11-12T03:33:29.799+0000] {override.py:1911} INFO - Created Permission View: can create on DAG Run:example_bash_operator
[2024-11-12T03:33:29.808+0000] {logging_mixin.py:190} INFO - [2024-11-12T03:33:29.807+0000] {override.py:1911} INFO - Created Permission View: can delete on DAG Run:example_bash_operator
[2024-11-12T03:33:29.815+0000] {logging_mixin.py:190} INFO - [2024-11-12T03:33:29.814+0000] {override.py:1911} INFO - Created Permission View: menu access on DAG Run:example_bash_operator
[2024-11-12T03:33:29.816+0000] {logging_mixin.py:190} INFO - [2024-11-12T03:33:29.815+0000] {dag.py:3239} INFO - Sync 1 DAGs
[2024-11-12T03:33:29.830+0000] {logging_mixin.py:190} INFO - [2024-11-12T03:33:29.830+0000] {dag.py:3262} INFO - Creating ORM DAG for example_bash_operator
[2024-11-12T03:33:29.839+0000] {logging_mixin.py:190} INFO - [2024-11-12T03:33:29.839+0000] {dag.py:4180} INFO - Setting next_dagrun for example_bash_operator to 2024-11-11 00:00:00+00:00, run_after=2024-11-12 00:00:00+00:00
[2024-11-12T03:33:29.857+0000] {processor.py:208} INFO - Processing /home/airflow/.local/lib/python3.12/site-packages/airflow/example_dags/example_bash_operator.py took 0.249 seconds
[2024-11-12T03:33:59.975+0000] {processor.py:186} INFO - Started process (PID=171) to work on /home/airflow/.local/lib/python3.12/site-packages/airflow/example_dags/example_bash_operator.py
[2024-11-12T03:33:59.976+0000] {processor.py:914} INFO - Processing file /home/airflow/.local/lib/python3.12/site-packages/airflow/example_dags/example_bash_operator.py for tasks to queue
[2024-11-12T03:33:59.977+0000] {logging_mixin.py:190} INFO - [2024-11-12T03:33:59.977+0000] {dagbag.py:588} INFO - Filling up the DagBag from /home/airflow/.local/lib/python3.12/site-packages/airflow/example_dags/example_bash_operator.py
[2024-11-12T03:33:59.986+0000] {processor.py:925} INFO - DAG(s) 'example_bash_operator' retrieved from /home/airflow/.local/lib/python3.12/site-packages/airflow/example_dags/example_bash_operator.py
[2024-11-12T03:34:00.009+0000] {logging_mixin.py:190} INFO - [2024-11-12T03:34:00.008+0000] {dag.py:3239} INFO - Sync 1 DAGs
[2024-11-12T03:34:00.029+0000] {logging_mixin.py:190} INFO - [2024-11-12T03:34:00.029+0000] {dag.py:4180} INFO - Setting next_dagrun for example_bash_operator to 2024-11-11 00:00:00+00:00, run_after=2024-11-12 00:00:00+00:00
[2024-11-12T03:34:00.053+0000] {processor.py:208} INFO - Processing /home/airflow/.local/lib/python3.12/site-packages/airflow/example_dags/example_bash_operator.py took 0.083 seconds
[2024-11-12T03:34:30.118+0000] {processor.py:186} INFO - Started process (PID=233) to work on /home/airflow/.local/lib/python3.12/site-packages/airflow/example_dags/example_bash_operator.py
[2024-11-12T03:34:30.119+0000] {processor.py:914} INFO - Processing file /home/airflow/.local/lib/python3.12/site-packages/airflow/example_dags/example_bash_operator.py for tasks to queue
[2024-11-12T03:34:30.121+0000] {logging_mixin.py:190} INFO - [2024-11-12T03:34:30.121+0000] {dagbag.py:588} INFO - Filling up the DagBag from /home/airflow/.local/lib/python3.12/site-packages/airflow/example_dags/example_bash_operator.py
[2024-11-12T03:34:30.135+0000] {processor.py:925} INFO - DAG(s) 'example_bash_operator' retrieved from /home/airflow/.local/lib/python3.12/site-packages/airflow/example_dags/example_bash_operator.py
[2024-11-12T03:34:30.155+0000] {logging_mixin.py:190} INFO - [2024-11-12T03:34:30.155+0000] {dag.py:3239} INFO - Sync 1 DAGs
[2024-11-12T03:34:30.172+0000] {logging_mixin.py:190} INFO - [2024-11-12T03:34:30.172+0000] {dag.py:4180} INFO - Setting next_dagrun for example_bash_operator to 2024-11-11 00:00:00+00:00, run_after=2024-11-12 00:00:00+00:00
[2024-11-12T03:34:30.189+0000] {processor.py:208} INFO - Processing /home/airflow/.local/lib/python3.12/site-packages/airflow/example_dags/example_bash_operator.py took 0.079 seconds
[2024-11-12T03:35:01.294+0000] {processor.py:186} INFO - Started process (PID=295) to work on /home/airflow/.local/lib/python3.12/site-packages/airflow/example_dags/example_bash_operator.py
[2024-11-12T03:35:01.295+0000] {processor.py:914} INFO - Processing file /home/airflow/.local/lib/python3.12/site-packages/airflow/example_dags/example_bash_operator.py for tasks to queue
[2024-11-12T03:35:01.297+0000] {logging_mixin.py:190} INFO - [2024-11-12T03:35:01.297+0000] {dagbag.py:588} INFO - Filling up the DagBag from /home/airflow/.local/lib/python3.12/site-packages/airflow/example_dags/example_bash_operator.py
[2024-11-12T03:35:01.309+0000] {processor.py:925} INFO - DAG(s) 'example_bash_operator' retrieved from /home/airflow/.local/lib/python3.12/site-packages/airflow/example_dags/example_bash_operator.py
[2024-11-12T03:35:01.329+0000] {logging_mixin.py:190} INFO - [2024-11-12T03:35:01.328+0000] {dag.py:3239} INFO - Sync 1 DAGs
[2024-11-12T03:35:01.348+0000] {logging_mixin.py:190} INFO - [2024-11-12T03:35:01.348+0000] {dag.py:4180} INFO - Setting next_dagrun for example_bash_operator to 2024-11-11 00:00:00+00:00, run_after=2024-11-12 00:00:00+00:00
[2024-11-12T03:35:01.364+0000] {processor.py:208} INFO - Processing /home/airflow/.local/lib/python3.12/site-packages/airflow/example_dags/example_bash_operator.py took 0.074 seconds
[2024-11-12T03:35:32.455+0000] {processor.py:186} INFO - Started process (PID=359) to work on /home/airflow/.local/lib/python3.12/site-packages/airflow/example_dags/example_bash_operator.py
[2024-11-12T03:35:32.456+0000] {processor.py:914} INFO - Processing file /home/airflow/.local/lib/python3.12/site-packages/airflow/example_dags/example_bash_operator.py for tasks to queue
[2024-11-12T03:35:32.459+0000] {logging_mixin.py:190} INFO - [2024-11-12T03:35:32.458+0000] {dagbag.py:588} INFO - Filling up the DagBag from /home/airflow/.local/lib/python3.12/site-packages/airflow/example_dags/example_bash_operator.py
[2024-11-12T03:35:32.477+0000] {processor.py:925} INFO - DAG(s) 'example_bash_operator' retrieved from /home/airflow/.local/lib/python3.12/site-packages/airflow/example_dags/example_bash_operator.py
[2024-11-12T03:35:32.521+0000] {logging_mixin.py:190} INFO - [2024-11-12T03:35:32.520+0000] {dag.py:3239} INFO - Sync 1 DAGs
[2024-11-12T03:35:32.554+0000] {logging_mixin.py:190} INFO - [2024-11-12T03:35:32.554+0000] {dag.py:4180} INFO - Setting next_dagrun for example_bash_operator to 2024-11-11 00:00:00+00:00, run_after=2024-11-12 00:00:00+00:00
[2024-11-12T03:35:32.578+0000] {processor.py:208} INFO - Processing /home/airflow/.local/lib/python3.12/site-packages/airflow/example_dags/example_bash_operator.py took 0.131 seconds
[2024-11-12T03:36:03.297+0000] {processor.py:186} INFO - Started process (PID=421) to work on /home/airflow/.local/lib/python3.12/site-packages/airflow/example_dags/example_bash_operator.py
[2024-11-12T03:36:03.299+0000] {processor.py:914} INFO - Processing file /home/airflow/.local/lib/python3.12/site-packages/airflow/example_dags/example_bash_operator.py for tasks to queue
[2024-11-12T03:36:03.301+0000] {logging_mixin.py:190} INFO - [2024-11-12T03:36:03.301+0000] {dagbag.py:588} INFO - Filling up the DagBag from /home/airflow/.local/lib/python3.12/site-packages/airflow/example_dags/example_bash_operator.py
[2024-11-12T03:36:03.319+0000] {processor.py:925} INFO - DAG(s) 'example_bash_operator' retrieved from /home/airflow/.local/lib/python3.12/site-packages/airflow/example_dags/example_bash_operator.py
[2024-11-12T03:36:03.344+0000] {logging_mixin.py:190} INFO - [2024-11-12T03:36:03.344+0000] {dag.py:3239} INFO - Sync 1 DAGs
[2024-11-12T03:36:03.366+0000] {logging_mixin.py:190} INFO - [2024-11-12T03:36:03.365+0000] {dag.py:4180} INFO - Setting next_dagrun for example_bash_operator to 2024-11-11 00:00:00+00:00, run_after=2024-11-12 00:00:00+00:00
[2024-11-12T03:36:03.384+0000] {processor.py:208} INFO - Processing /home/airflow/.local/lib/python3.12/site-packages/airflow/example_dags/example_bash_operator.py took 0.091 seconds
[2024-11-12T03:36:34.043+0000] {processor.py:186} INFO - Started process (PID=485) to work on /home/airflow/.local/lib/python3.12/site-packages/airflow/example_dags/example_bash_operator.py
[2024-11-12T03:36:34.044+0000] {processor.py:914} INFO - Processing file /home/airflow/.local/lib/python3.12/site-packages/airflow/example_dags/example_bash_operator.py for tasks to queue
[2024-11-12T03:36:34.047+0000] {logging_mixin.py:190} INFO - [2024-11-12T03:36:34.046+0000] {dagbag.py:588} INFO - Filling up the DagBag from /home/airflow/.local/lib/python3.12/site-packages/airflow/example_dags/example_bash_operator.py
[2024-11-12T03:36:34.058+0000] {processor.py:925} INFO - DAG(s) 'example_bash_operator' retrieved from /home/airflow/.local/lib/python3.12/site-packages/airflow/example_dags/example_bash_operator.py
[2024-11-12T03:36:34.080+0000] {logging_mixin.py:190} INFO - [2024-11-12T03:36:34.079+0000] {dag.py:3239} INFO - Sync 1 DAGs
[2024-11-12T03:36:34.100+0000] {logging_mixin.py:190} INFO - [2024-11-12T03:36:34.100+0000] {dag.py:4180} INFO - Setting next_dagrun for example_bash_operator to 2024-11-11 00:00:00+00:00, run_after=2024-11-12 00:00:00+00:00
[2024-11-12T03:36:34.116+0000] {processor.py:208} INFO - Processing /home/airflow/.local/lib/python3.12/site-packages/airflow/example_dags/example_bash_operator.py took 0.079 seconds
[2024-11-12T03:37:05.383+0000] {processor.py:186} INFO - Started process (PID=548) to work on /home/airflow/.local/lib/python3.12/site-packages/airflow/example_dags/example_bash_operator.py
[2024-11-12T03:37:05.383+0000] {processor.py:914} INFO - Processing file /home/airflow/.local/lib/python3.12/site-packages/airflow/example_dags/example_bash_operator.py for tasks to queue
[2024-11-12T03:37:05.386+0000] {logging_mixin.py:190} INFO - [2024-11-12T03:37:05.385+0000] {dagbag.py:588} INFO - Filling up the DagBag from /home/airflow/.local/lib/python3.12/site-packages/airflow/example_dags/example_bash_operator.py
[2024-11-12T03:37:05.395+0000] {processor.py:925} INFO - DAG(s) 'example_bash_operator' retrieved from /home/airflow/.local/lib/python3.12/site-packages/airflow/example_dags/example_bash_operator.py
[2024-11-12T03:37:05.416+0000] {logging_mixin.py:190} INFO - [2024-11-12T03:37:05.415+0000] {dag.py:3239} INFO - Sync 1 DAGs
[2024-11-12T03:37:05.435+0000] {logging_mixin.py:190} INFO - [2024-11-12T03:37:05.435+0000] {dag.py:4180} INFO - Setting next_dagrun for example_bash_operator to 2024-11-11 00:00:00+00:00, run_after=2024-11-12 00:00:00+00:00
[2024-11-12T03:37:05.452+0000] {processor.py:208} INFO - Processing /home/airflow/.local/lib/python3.12/site-packages/airflow/example_dags/example_bash_operator.py took 0.074 seconds
[2024-11-12T03:37:36.195+0000] {processor.py:186} INFO - Started process (PID=611) to work on /home/airflow/.local/lib/python3.12/site-packages/airflow/example_dags/example_bash_operator.py
[2024-11-12T03:37:36.196+0000] {processor.py:914} INFO - Processing file /home/airflow/.local/lib/python3.12/site-packages/airflow/example_dags/example_bash_operator.py for tasks to queue
[2024-11-12T03:37:36.198+0000] {logging_mixin.py:190} INFO - [2024-11-12T03:37:36.198+0000] {dagbag.py:588} INFO - Filling up the DagBag from /home/airflow/.local/lib/python3.12/site-packages/airflow/example_dags/example_bash_operator.py
[2024-11-12T03:37:36.208+0000] {processor.py:925} INFO - DAG(s) 'example_bash_operator' retrieved from /home/airflow/.local/lib/python3.12/site-packages/airflow/example_dags/example_bash_operator.py
[2024-11-12T03:37:36.230+0000] {logging_mixin.py:190} INFO - [2024-11-12T03:37:36.230+0000] {dag.py:3239} INFO - Sync 1 DAGs
[2024-11-12T03:37:36.251+0000] {logging_mixin.py:190} INFO - [2024-11-12T03:37:36.251+0000] {dag.py:4180} INFO - Setting next_dagrun for example_bash_operator to 2024-11-11 00:00:00+00:00, run_after=2024-11-12 00:00:00+00:00
[2024-11-12T03:37:36.269+0000] {processor.py:208} INFO - Processing /home/airflow/.local/lib/python3.12/site-packages/airflow/example_dags/example_bash_operator.py took 0.079 seconds
[2024-11-12T03:39:57.884+0000] {processor.py:186} INFO - Started process (PID=95) to work on /home/airflow/.local/lib/python3.12/site-packages/airflow/example_dags/example_bash_operator.py
[2024-11-12T03:39:57.885+0000] {processor.py:914} INFO - Processing file /home/airflow/.local/lib/python3.12/site-packages/airflow/example_dags/example_bash_operator.py for tasks to queue
[2024-11-12T03:39:57.887+0000] {logging_mixin.py:190} INFO - [2024-11-12T03:39:57.887+0000] {dagbag.py:588} INFO - Filling up the DagBag from /home/airflow/.local/lib/python3.12/site-packages/airflow/example_dags/example_bash_operator.py
[2024-11-12T03:39:57.898+0000] {processor.py:925} INFO - DAG(s) 'example_bash_operator' retrieved from /home/airflow/.local/lib/python3.12/site-packages/airflow/example_dags/example_bash_operator.py
[2024-11-12T03:39:57.924+0000] {logging_mixin.py:190} INFO - [2024-11-12T03:39:57.923+0000] {dag.py:3239} INFO - Sync 1 DAGs
[2024-11-12T03:39:57.943+0000] {logging_mixin.py:190} INFO - [2024-11-12T03:39:57.943+0000] {dag.py:4180} INFO - Setting next_dagrun for example_bash_operator to 2024-11-11 00:00:00+00:00, run_after=2024-11-12 00:00:00+00:00
[2024-11-12T03:39:57.962+0000] {processor.py:208} INFO - Processing /home/airflow/.local/lib/python3.12/site-packages/airflow/example_dags/example_bash_operator.py took 0.082 seconds
[2024-11-12T03:40:28.318+0000] {processor.py:186} INFO - Started process (PID=157) to work on /home/airflow/.local/lib/python3.12/site-packages/airflow/example_dags/example_bash_operator.py
[2024-11-12T03:40:28.319+0000] {processor.py:914} INFO - Processing file /home/airflow/.local/lib/python3.12/site-packages/airflow/example_dags/example_bash_operator.py for tasks to queue
[2024-11-12T03:40:28.321+0000] {logging_mixin.py:190} INFO - [2024-11-12T03:40:28.321+0000] {dagbag.py:588} INFO - Filling up the DagBag from /home/airflow/.local/lib/python3.12/site-packages/airflow/example_dags/example_bash_operator.py
[2024-11-12T03:40:28.331+0000] {processor.py:925} INFO - DAG(s) 'example_bash_operator' retrieved from /home/airflow/.local/lib/python3.12/site-packages/airflow/example_dags/example_bash_operator.py
[2024-11-12T03:40:28.350+0000] {logging_mixin.py:190} INFO - [2024-11-12T03:40:28.350+0000] {dag.py:3239} INFO - Sync 1 DAGs
[2024-11-12T03:40:28.368+0000] {logging_mixin.py:190} INFO - [2024-11-12T03:40:28.368+0000] {dag.py:4180} INFO - Setting next_dagrun for example_bash_operator to 2024-11-11 00:00:00+00:00, run_after=2024-11-12 00:00:00+00:00
[2024-11-12T03:40:28.383+0000] {processor.py:208} INFO - Processing /home/airflow/.local/lib/python3.12/site-packages/airflow/example_dags/example_bash_operator.py took 0.069 seconds
[2024-11-12T03:40:58.706+0000] {processor.py:186} INFO - Started process (PID=220) to work on /home/airflow/.local/lib/python3.12/site-packages/airflow/example_dags/example_bash_operator.py
[2024-11-12T03:40:58.707+0000] {processor.py:914} INFO - Processing file /home/airflow/.local/lib/python3.12/site-packages/airflow/example_dags/example_bash_operator.py for tasks to queue
[2024-11-12T03:40:58.709+0000] {logging_mixin.py:190} INFO - [2024-11-12T03:40:58.709+0000] {dagbag.py:588} INFO - Filling up the DagBag from /home/airflow/.local/lib/python3.12/site-packages/airflow/example_dags/example_bash_operator.py
[2024-11-12T03:40:58.719+0000] {processor.py:925} INFO - DAG(s) 'example_bash_operator' retrieved from /home/airflow/.local/lib/python3.12/site-packages/airflow/example_dags/example_bash_operator.py
[2024-11-12T03:40:58.739+0000] {logging_mixin.py:190} INFO - [2024-11-12T03:40:58.738+0000] {dag.py:3239} INFO - Sync 1 DAGs
[2024-11-12T03:40:58.756+0000] {logging_mixin.py:190} INFO - [2024-11-12T03:40:58.756+0000] {dag.py:4180} INFO - Setting next_dagrun for example_bash_operator to 2024-11-11 00:00:00+00:00, run_after=2024-11-12 00:00:00+00:00
[2024-11-12T03:40:58.771+0000] {processor.py:208} INFO - Processing /home/airflow/.local/lib/python3.12/site-packages/airflow/example_dags/example_bash_operator.py took 0.070 seconds
