[2024-11-12T03:33:24.242+0000] {processor.py:186} INFO - Started process (PID=75) to work on /home/airflow/.local/lib/python3.12/site-packages/airflow/example_dags/example_datasets.py
[2024-11-12T03:33:24.243+0000] {processor.py:914} INFO - Processing file /home/airflow/.local/lib/python3.12/site-packages/airflow/example_dags/example_datasets.py for tasks to queue
[2024-11-12T03:33:24.245+0000] {logging_mixin.py:190} INFO - [2024-11-12T03:33:24.245+0000] {dagbag.py:588} INFO - Filling up the DagBag from /home/airflow/.local/lib/python3.12/site-packages/airflow/example_dags/example_datasets.py
[2024-11-12T03:33:24.780+0000] {processor.py:925} INFO - DAG(s) 'dataset_consumes_unknown_never_scheduled', 'conditional_dataset_and_time_based_timetable', 'dataset_produces_1', 'dataset_consumes_1_never_scheduled', 'consume_1_or_both_2_and_3_with_dataset_expressions', 'dataset_produces_2', 'consume_1_or_2_with_dataset_expressions', 'dataset_consumes_1', 'dataset_consumes_1_and_2', 'consume_1_and_2_with_dataset_expressions' retrieved from /home/airflow/.local/lib/python3.12/site-packages/airflow/example_dags/example_datasets.py
[2024-11-12T03:33:24.868+0000] {logging_mixin.py:190} INFO - [2024-11-12T03:33:24.867+0000] {override.py:1911} INFO - Created Permission View: can read on DAG:dataset_consumes_unknown_never_scheduled
[2024-11-12T03:33:24.880+0000] {logging_mixin.py:190} INFO - [2024-11-12T03:33:24.880+0000] {override.py:1911} INFO - Created Permission View: can delete on DAG:dataset_consumes_unknown_never_scheduled
[2024-11-12T03:33:24.888+0000] {logging_mixin.py:190} INFO - [2024-11-12T03:33:24.888+0000] {override.py:1911} INFO - Created Permission View: can edit on DAG:dataset_consumes_unknown_never_scheduled
[2024-11-12T03:33:24.899+0000] {logging_mixin.py:190} INFO - [2024-11-12T03:33:24.898+0000] {override.py:1911} INFO - Created Permission View: can read on DAG Run:dataset_consumes_unknown_never_scheduled
[2024-11-12T03:33:24.908+0000] {logging_mixin.py:190} INFO - [2024-11-12T03:33:24.908+0000] {override.py:1911} INFO - Created Permission View: can create on DAG Run:dataset_consumes_unknown_never_scheduled
[2024-11-12T03:33:24.917+0000] {logging_mixin.py:190} INFO - [2024-11-12T03:33:24.916+0000] {override.py:1911} INFO - Created Permission View: can delete on DAG Run:dataset_consumes_unknown_never_scheduled
[2024-11-12T03:33:24.927+0000] {logging_mixin.py:190} INFO - [2024-11-12T03:33:24.927+0000] {override.py:1911} INFO - Created Permission View: menu access on DAG Run:dataset_consumes_unknown_never_scheduled
[2024-11-12T03:33:24.944+0000] {logging_mixin.py:190} INFO - [2024-11-12T03:33:24.944+0000] {override.py:1911} INFO - Created Permission View: can read on DAG:conditional_dataset_and_time_based_timetable
[2024-11-12T03:33:25.021+0000] {logging_mixin.py:190} INFO - [2024-11-12T03:33:25.021+0000] {override.py:1911} INFO - Created Permission View: can delete on DAG:conditional_dataset_and_time_based_timetable
[2024-11-12T03:33:25.031+0000] {logging_mixin.py:190} INFO - [2024-11-12T03:33:25.031+0000] {override.py:1911} INFO - Created Permission View: can edit on DAG:conditional_dataset_and_time_based_timetable
[2024-11-12T03:33:25.043+0000] {logging_mixin.py:190} INFO - [2024-11-12T03:33:25.043+0000] {override.py:1911} INFO - Created Permission View: can read on DAG Run:conditional_dataset_and_time_based_timetable
[2024-11-12T03:33:25.051+0000] {logging_mixin.py:190} INFO - [2024-11-12T03:33:25.051+0000] {override.py:1911} INFO - Created Permission View: can create on DAG Run:conditional_dataset_and_time_based_timetable
[2024-11-12T03:33:25.060+0000] {logging_mixin.py:190} INFO - [2024-11-12T03:33:25.060+0000] {override.py:1911} INFO - Created Permission View: can delete on DAG Run:conditional_dataset_and_time_based_timetable
[2024-11-12T03:33:25.067+0000] {logging_mixin.py:190} INFO - [2024-11-12T03:33:25.067+0000] {override.py:1911} INFO - Created Permission View: menu access on DAG Run:conditional_dataset_and_time_based_timetable
[2024-11-12T03:33:25.083+0000] {logging_mixin.py:190} INFO - [2024-11-12T03:33:25.082+0000] {override.py:1911} INFO - Created Permission View: can read on DAG:dataset_produces_1
[2024-11-12T03:33:25.093+0000] {logging_mixin.py:190} INFO - [2024-11-12T03:33:25.092+0000] {override.py:1911} INFO - Created Permission View: can delete on DAG:dataset_produces_1
[2024-11-12T03:33:25.102+0000] {logging_mixin.py:190} INFO - [2024-11-12T03:33:25.101+0000] {override.py:1911} INFO - Created Permission View: can edit on DAG:dataset_produces_1
[2024-11-12T03:33:25.115+0000] {logging_mixin.py:190} INFO - [2024-11-12T03:33:25.114+0000] {override.py:1911} INFO - Created Permission View: can read on DAG Run:dataset_produces_1
[2024-11-12T03:33:25.123+0000] {logging_mixin.py:190} INFO - [2024-11-12T03:33:25.122+0000] {override.py:1911} INFO - Created Permission View: can create on DAG Run:dataset_produces_1
[2024-11-12T03:33:25.129+0000] {logging_mixin.py:190} INFO - [2024-11-12T03:33:25.129+0000] {override.py:1911} INFO - Created Permission View: can delete on DAG Run:dataset_produces_1
[2024-11-12T03:33:25.136+0000] {logging_mixin.py:190} INFO - [2024-11-12T03:33:25.135+0000] {override.py:1911} INFO - Created Permission View: menu access on DAG Run:dataset_produces_1
[2024-11-12T03:33:25.146+0000] {logging_mixin.py:190} INFO - [2024-11-12T03:33:25.146+0000] {override.py:1911} INFO - Created Permission View: can read on DAG:dataset_consumes_1_never_scheduled
[2024-11-12T03:33:25.154+0000] {logging_mixin.py:190} INFO - [2024-11-12T03:33:25.153+0000] {override.py:1911} INFO - Created Permission View: can delete on DAG:dataset_consumes_1_never_scheduled
[2024-11-12T03:33:25.160+0000] {logging_mixin.py:190} INFO - [2024-11-12T03:33:25.160+0000] {override.py:1911} INFO - Created Permission View: can edit on DAG:dataset_consumes_1_never_scheduled
[2024-11-12T03:33:25.171+0000] {logging_mixin.py:190} INFO - [2024-11-12T03:33:25.170+0000] {override.py:1911} INFO - Created Permission View: can read on DAG Run:dataset_consumes_1_never_scheduled
[2024-11-12T03:33:25.178+0000] {logging_mixin.py:190} INFO - [2024-11-12T03:33:25.178+0000] {override.py:1911} INFO - Created Permission View: can create on DAG Run:dataset_consumes_1_never_scheduled
[2024-11-12T03:33:25.187+0000] {logging_mixin.py:190} INFO - [2024-11-12T03:33:25.186+0000] {override.py:1911} INFO - Created Permission View: can delete on DAG Run:dataset_consumes_1_never_scheduled
[2024-11-12T03:33:25.194+0000] {logging_mixin.py:190} INFO - [2024-11-12T03:33:25.194+0000] {override.py:1911} INFO - Created Permission View: menu access on DAG Run:dataset_consumes_1_never_scheduled
[2024-11-12T03:33:25.208+0000] {logging_mixin.py:190} INFO - [2024-11-12T03:33:25.207+0000] {override.py:1911} INFO - Created Permission View: can read on DAG:consume_1_or_both_2_and_3_with_dataset_expressions
[2024-11-12T03:33:25.214+0000] {logging_mixin.py:190} INFO - [2024-11-12T03:33:25.213+0000] {override.py:1911} INFO - Created Permission View: can delete on DAG:consume_1_or_both_2_and_3_with_dataset_expressions
[2024-11-12T03:33:25.221+0000] {logging_mixin.py:190} INFO - [2024-11-12T03:33:25.220+0000] {override.py:1911} INFO - Created Permission View: can edit on DAG:consume_1_or_both_2_and_3_with_dataset_expressions
[2024-11-12T03:33:25.229+0000] {logging_mixin.py:190} INFO - [2024-11-12T03:33:25.228+0000] {override.py:1911} INFO - Created Permission View: can read on DAG Run:consume_1_or_both_2_and_3_with_dataset_expressions
[2024-11-12T03:33:25.236+0000] {logging_mixin.py:190} INFO - [2024-11-12T03:33:25.236+0000] {override.py:1911} INFO - Created Permission View: can create on DAG Run:consume_1_or_both_2_and_3_with_dataset_expressions
[2024-11-12T03:33:25.243+0000] {logging_mixin.py:190} INFO - [2024-11-12T03:33:25.243+0000] {override.py:1911} INFO - Created Permission View: can delete on DAG Run:consume_1_or_both_2_and_3_with_dataset_expressions
[2024-11-12T03:33:25.251+0000] {logging_mixin.py:190} INFO - [2024-11-12T03:33:25.250+0000] {override.py:1911} INFO - Created Permission View: menu access on DAG Run:consume_1_or_both_2_and_3_with_dataset_expressions
[2024-11-12T03:33:25.263+0000] {logging_mixin.py:190} INFO - [2024-11-12T03:33:25.263+0000] {override.py:1911} INFO - Created Permission View: can read on DAG:dataset_produces_2
[2024-11-12T03:33:25.269+0000] {logging_mixin.py:190} INFO - [2024-11-12T03:33:25.269+0000] {override.py:1911} INFO - Created Permission View: can delete on DAG:dataset_produces_2
[2024-11-12T03:33:25.276+0000] {logging_mixin.py:190} INFO - [2024-11-12T03:33:25.276+0000] {override.py:1911} INFO - Created Permission View: can edit on DAG:dataset_produces_2
[2024-11-12T03:33:25.290+0000] {logging_mixin.py:190} INFO - [2024-11-12T03:33:25.290+0000] {override.py:1911} INFO - Created Permission View: can read on DAG Run:dataset_produces_2
[2024-11-12T03:33:25.297+0000] {logging_mixin.py:190} INFO - [2024-11-12T03:33:25.296+0000] {override.py:1911} INFO - Created Permission View: can create on DAG Run:dataset_produces_2
[2024-11-12T03:33:25.303+0000] {logging_mixin.py:190} INFO - [2024-11-12T03:33:25.302+0000] {override.py:1911} INFO - Created Permission View: can delete on DAG Run:dataset_produces_2
[2024-11-12T03:33:25.309+0000] {logging_mixin.py:190} INFO - [2024-11-12T03:33:25.309+0000] {override.py:1911} INFO - Created Permission View: menu access on DAG Run:dataset_produces_2
[2024-11-12T03:33:25.325+0000] {logging_mixin.py:190} INFO - [2024-11-12T03:33:25.324+0000] {override.py:1911} INFO - Created Permission View: can read on DAG:consume_1_or_2_with_dataset_expressions
[2024-11-12T03:33:25.331+0000] {logging_mixin.py:190} INFO - [2024-11-12T03:33:25.331+0000] {override.py:1911} INFO - Created Permission View: can delete on DAG:consume_1_or_2_with_dataset_expressions
[2024-11-12T03:33:25.337+0000] {logging_mixin.py:190} INFO - [2024-11-12T03:33:25.337+0000] {override.py:1911} INFO - Created Permission View: can edit on DAG:consume_1_or_2_with_dataset_expressions
[2024-11-12T03:33:25.347+0000] {logging_mixin.py:190} INFO - [2024-11-12T03:33:25.346+0000] {override.py:1911} INFO - Created Permission View: can read on DAG Run:consume_1_or_2_with_dataset_expressions
[2024-11-12T03:33:25.354+0000] {logging_mixin.py:190} INFO - [2024-11-12T03:33:25.354+0000] {override.py:1911} INFO - Created Permission View: can create on DAG Run:consume_1_or_2_with_dataset_expressions
[2024-11-12T03:33:25.361+0000] {logging_mixin.py:190} INFO - [2024-11-12T03:33:25.361+0000] {override.py:1911} INFO - Created Permission View: can delete on DAG Run:consume_1_or_2_with_dataset_expressions
[2024-11-12T03:33:25.373+0000] {logging_mixin.py:190} INFO - [2024-11-12T03:33:25.372+0000] {override.py:1911} INFO - Created Permission View: menu access on DAG Run:consume_1_or_2_with_dataset_expressions
[2024-11-12T03:33:25.386+0000] {logging_mixin.py:190} INFO - [2024-11-12T03:33:25.385+0000] {override.py:1911} INFO - Created Permission View: can read on DAG:dataset_consumes_1
[2024-11-12T03:33:25.401+0000] {logging_mixin.py:190} INFO - [2024-11-12T03:33:25.400+0000] {override.py:1911} INFO - Created Permission View: can delete on DAG:dataset_consumes_1
[2024-11-12T03:33:25.409+0000] {logging_mixin.py:190} INFO - [2024-11-12T03:33:25.409+0000] {override.py:1911} INFO - Created Permission View: can edit on DAG:dataset_consumes_1
[2024-11-12T03:33:25.419+0000] {logging_mixin.py:190} INFO - [2024-11-12T03:33:25.419+0000] {override.py:1911} INFO - Created Permission View: can read on DAG Run:dataset_consumes_1
[2024-11-12T03:33:25.432+0000] {logging_mixin.py:190} INFO - [2024-11-12T03:33:25.432+0000] {override.py:1911} INFO - Created Permission View: can create on DAG Run:dataset_consumes_1
[2024-11-12T03:33:25.441+0000] {logging_mixin.py:190} INFO - [2024-11-12T03:33:25.440+0000] {override.py:1911} INFO - Created Permission View: can delete on DAG Run:dataset_consumes_1
[2024-11-12T03:33:25.448+0000] {logging_mixin.py:190} INFO - [2024-11-12T03:33:25.447+0000] {override.py:1911} INFO - Created Permission View: menu access on DAG Run:dataset_consumes_1
[2024-11-12T03:33:25.464+0000] {logging_mixin.py:190} INFO - [2024-11-12T03:33:25.463+0000] {override.py:1911} INFO - Created Permission View: can read on DAG:dataset_consumes_1_and_2
[2024-11-12T03:33:25.474+0000] {logging_mixin.py:190} INFO - [2024-11-12T03:33:25.474+0000] {override.py:1911} INFO - Created Permission View: can delete on DAG:dataset_consumes_1_and_2
[2024-11-12T03:33:25.482+0000] {logging_mixin.py:190} INFO - [2024-11-12T03:33:25.482+0000] {override.py:1911} INFO - Created Permission View: can edit on DAG:dataset_consumes_1_and_2
[2024-11-12T03:33:25.491+0000] {logging_mixin.py:190} INFO - [2024-11-12T03:33:25.490+0000] {override.py:1911} INFO - Created Permission View: can read on DAG Run:dataset_consumes_1_and_2
[2024-11-12T03:33:25.498+0000] {logging_mixin.py:190} INFO - [2024-11-12T03:33:25.497+0000] {override.py:1911} INFO - Created Permission View: can create on DAG Run:dataset_consumes_1_and_2
[2024-11-12T03:33:25.503+0000] {logging_mixin.py:190} INFO - [2024-11-12T03:33:25.503+0000] {override.py:1911} INFO - Created Permission View: can delete on DAG Run:dataset_consumes_1_and_2
[2024-11-12T03:33:25.512+0000] {logging_mixin.py:190} INFO - [2024-11-12T03:33:25.511+0000] {override.py:1911} INFO - Created Permission View: menu access on DAG Run:dataset_consumes_1_and_2
[2024-11-12T03:33:25.525+0000] {logging_mixin.py:190} INFO - [2024-11-12T03:33:25.525+0000] {override.py:1911} INFO - Created Permission View: can read on DAG:consume_1_and_2_with_dataset_expressions
[2024-11-12T03:33:25.534+0000] {logging_mixin.py:190} INFO - [2024-11-12T03:33:25.533+0000] {override.py:1911} INFO - Created Permission View: can delete on DAG:consume_1_and_2_with_dataset_expressions
[2024-11-12T03:33:25.543+0000] {logging_mixin.py:190} INFO - [2024-11-12T03:33:25.543+0000] {override.py:1911} INFO - Created Permission View: can edit on DAG:consume_1_and_2_with_dataset_expressions
[2024-11-12T03:33:25.551+0000] {logging_mixin.py:190} INFO - [2024-11-12T03:33:25.551+0000] {override.py:1911} INFO - Created Permission View: can read on DAG Run:consume_1_and_2_with_dataset_expressions
[2024-11-12T03:33:25.559+0000] {logging_mixin.py:190} INFO - [2024-11-12T03:33:25.558+0000] {override.py:1911} INFO - Created Permission View: can create on DAG Run:consume_1_and_2_with_dataset_expressions
[2024-11-12T03:33:25.567+0000] {logging_mixin.py:190} INFO - [2024-11-12T03:33:25.567+0000] {override.py:1911} INFO - Created Permission View: can delete on DAG Run:consume_1_and_2_with_dataset_expressions
[2024-11-12T03:33:25.577+0000] {logging_mixin.py:190} INFO - [2024-11-12T03:33:25.577+0000] {override.py:1911} INFO - Created Permission View: menu access on DAG Run:consume_1_and_2_with_dataset_expressions
[2024-11-12T03:33:25.578+0000] {logging_mixin.py:190} INFO - [2024-11-12T03:33:25.577+0000] {dag.py:3239} INFO - Sync 10 DAGs
[2024-11-12T03:33:25.587+0000] {logging_mixin.py:190} INFO - [2024-11-12T03:33:25.587+0000] {dag.py:3262} INFO - Creating ORM DAG for dataset_produces_2
[2024-11-12T03:33:25.588+0000] {logging_mixin.py:190} INFO - [2024-11-12T03:33:25.588+0000] {dag.py:3262} INFO - Creating ORM DAG for conditional_dataset_and_time_based_timetable
[2024-11-12T03:33:25.589+0000] {logging_mixin.py:190} INFO - [2024-11-12T03:33:25.589+0000] {dag.py:3262} INFO - Creating ORM DAG for consume_1_or_2_with_dataset_expressions
[2024-11-12T03:33:25.590+0000] {logging_mixin.py:190} INFO - [2024-11-12T03:33:25.590+0000] {dag.py:3262} INFO - Creating ORM DAG for dataset_consumes_1_and_2
[2024-11-12T03:33:25.591+0000] {logging_mixin.py:190} INFO - [2024-11-12T03:33:25.591+0000] {dag.py:3262} INFO - Creating ORM DAG for consume_1_and_2_with_dataset_expressions
[2024-11-12T03:33:25.592+0000] {logging_mixin.py:190} INFO - [2024-11-12T03:33:25.592+0000] {dag.py:3262} INFO - Creating ORM DAG for dataset_consumes_1
[2024-11-12T03:33:25.593+0000] {logging_mixin.py:190} INFO - [2024-11-12T03:33:25.593+0000] {dag.py:3262} INFO - Creating ORM DAG for dataset_consumes_1_never_scheduled
[2024-11-12T03:33:25.594+0000] {logging_mixin.py:190} INFO - [2024-11-12T03:33:25.593+0000] {dag.py:3262} INFO - Creating ORM DAG for consume_1_or_both_2_and_3_with_dataset_expressions
[2024-11-12T03:33:25.595+0000] {logging_mixin.py:190} INFO - [2024-11-12T03:33:25.594+0000] {dag.py:3262} INFO - Creating ORM DAG for dataset_consumes_unknown_never_scheduled
[2024-11-12T03:33:25.595+0000] {logging_mixin.py:190} INFO - [2024-11-12T03:33:25.595+0000] {dag.py:3262} INFO - Creating ORM DAG for dataset_produces_1
[2024-11-12T03:33:25.605+0000] {logging_mixin.py:190} INFO - [2024-11-12T03:33:25.605+0000] {dag.py:4180} INFO - Setting next_dagrun for conditional_dataset_and_time_based_timetable to 2024-11-06 01:00:00+00:00, run_after=2024-11-06 01:00:00+00:00
[2024-11-12T03:33:25.607+0000] {logging_mixin.py:190} INFO - [2024-11-12T03:33:25.607+0000] {dag.py:4180} INFO - Setting next_dagrun for consume_1_and_2_with_dataset_expressions to None, run_after=None
[2024-11-12T03:33:25.608+0000] {logging_mixin.py:190} INFO - [2024-11-12T03:33:25.607+0000] {dag.py:4180} INFO - Setting next_dagrun for consume_1_or_2_with_dataset_expressions to None, run_after=None
[2024-11-12T03:33:25.608+0000] {logging_mixin.py:190} INFO - [2024-11-12T03:33:25.608+0000] {dag.py:4180} INFO - Setting next_dagrun for consume_1_or_both_2_and_3_with_dataset_expressions to None, run_after=None
[2024-11-12T03:33:25.609+0000] {logging_mixin.py:190} INFO - [2024-11-12T03:33:25.609+0000] {dag.py:4180} INFO - Setting next_dagrun for dataset_consumes_1 to None, run_after=None
[2024-11-12T03:33:25.610+0000] {logging_mixin.py:190} INFO - [2024-11-12T03:33:25.610+0000] {dag.py:4180} INFO - Setting next_dagrun for dataset_consumes_1_and_2 to None, run_after=None
[2024-11-12T03:33:25.611+0000] {logging_mixin.py:190} INFO - [2024-11-12T03:33:25.610+0000] {dag.py:4180} INFO - Setting next_dagrun for dataset_consumes_1_never_scheduled to None, run_after=None
[2024-11-12T03:33:25.612+0000] {logging_mixin.py:190} INFO - [2024-11-12T03:33:25.611+0000] {dag.py:4180} INFO - Setting next_dagrun for dataset_consumes_unknown_never_scheduled to None, run_after=None
[2024-11-12T03:33:25.614+0000] {logging_mixin.py:190} INFO - [2024-11-12T03:33:25.613+0000] {dag.py:4180} INFO - Setting next_dagrun for dataset_produces_1 to 2024-11-11 00:00:00+00:00, run_after=2024-11-12 00:00:00+00:00
[2024-11-12T03:33:25.614+0000] {logging_mixin.py:190} INFO - [2024-11-12T03:33:25.614+0000] {dag.py:4180} INFO - Setting next_dagrun for dataset_produces_2 to None, run_after=None
[2024-11-12T03:33:25.653+0000] {processor.py:208} INFO - Processing /home/airflow/.local/lib/python3.12/site-packages/airflow/example_dags/example_datasets.py took 1.415 seconds
[2024-11-12T03:33:55.974+0000] {processor.py:186} INFO - Started process (PID=146) to work on /home/airflow/.local/lib/python3.12/site-packages/airflow/example_dags/example_datasets.py
[2024-11-12T03:33:55.976+0000] {processor.py:914} INFO - Processing file /home/airflow/.local/lib/python3.12/site-packages/airflow/example_dags/example_datasets.py for tasks to queue
[2024-11-12T03:33:55.978+0000] {logging_mixin.py:190} INFO - [2024-11-12T03:33:55.977+0000] {dagbag.py:588} INFO - Filling up the DagBag from /home/airflow/.local/lib/python3.12/site-packages/airflow/example_dags/example_datasets.py
[2024-11-12T03:33:56.426+0000] {processor.py:925} INFO - DAG(s) 'dataset_produces_2', 'dataset_produces_1', 'consume_1_and_2_with_dataset_expressions', 'consume_1_or_2_with_dataset_expressions', 'conditional_dataset_and_time_based_timetable', 'dataset_consumes_1', 'dataset_consumes_1_and_2', 'consume_1_or_both_2_and_3_with_dataset_expressions', 'dataset_consumes_1_never_scheduled', 'dataset_consumes_unknown_never_scheduled' retrieved from /home/airflow/.local/lib/python3.12/site-packages/airflow/example_dags/example_datasets.py
[2024-11-12T03:33:56.457+0000] {logging_mixin.py:190} INFO - [2024-11-12T03:33:56.457+0000] {dag.py:3239} INFO - Sync 10 DAGs
[2024-11-12T03:33:56.478+0000] {logging_mixin.py:190} INFO - [2024-11-12T03:33:56.478+0000] {dag.py:4180} INFO - Setting next_dagrun for conditional_dataset_and_time_based_timetable to 2024-11-06 01:00:00+00:00, run_after=2024-11-06 01:00:00+00:00
[2024-11-12T03:33:56.483+0000] {logging_mixin.py:190} INFO - [2024-11-12T03:33:56.483+0000] {dag.py:4180} INFO - Setting next_dagrun for consume_1_and_2_with_dataset_expressions to None, run_after=None
[2024-11-12T03:33:56.485+0000] {logging_mixin.py:190} INFO - [2024-11-12T03:33:56.485+0000] {dag.py:4180} INFO - Setting next_dagrun for consume_1_or_2_with_dataset_expressions to None, run_after=None
[2024-11-12T03:33:56.486+0000] {logging_mixin.py:190} INFO - [2024-11-12T03:33:56.486+0000] {dag.py:4180} INFO - Setting next_dagrun for consume_1_or_both_2_and_3_with_dataset_expressions to None, run_after=None
[2024-11-12T03:33:56.488+0000] {logging_mixin.py:190} INFO - [2024-11-12T03:33:56.487+0000] {dag.py:4180} INFO - Setting next_dagrun for dataset_consumes_1 to None, run_after=None
[2024-11-12T03:33:56.489+0000] {logging_mixin.py:190} INFO - [2024-11-12T03:33:56.489+0000] {dag.py:4180} INFO - Setting next_dagrun for dataset_consumes_1_and_2 to None, run_after=None
[2024-11-12T03:33:56.491+0000] {logging_mixin.py:190} INFO - [2024-11-12T03:33:56.491+0000] {dag.py:4180} INFO - Setting next_dagrun for dataset_consumes_1_never_scheduled to None, run_after=None
[2024-11-12T03:33:56.493+0000] {logging_mixin.py:190} INFO - [2024-11-12T03:33:56.492+0000] {dag.py:4180} INFO - Setting next_dagrun for dataset_consumes_unknown_never_scheduled to None, run_after=None
[2024-11-12T03:33:56.496+0000] {logging_mixin.py:190} INFO - [2024-11-12T03:33:56.495+0000] {dag.py:4180} INFO - Setting next_dagrun for dataset_produces_1 to 2024-11-11 00:00:00+00:00, run_after=2024-11-12 00:00:00+00:00
[2024-11-12T03:33:56.497+0000] {logging_mixin.py:190} INFO - [2024-11-12T03:33:56.497+0000] {dag.py:4180} INFO - Setting next_dagrun for dataset_produces_2 to None, run_after=None
[2024-11-12T03:33:56.538+0000] {processor.py:208} INFO - Processing /home/airflow/.local/lib/python3.12/site-packages/airflow/example_dags/example_datasets.py took 0.571 seconds
[2024-11-12T03:34:26.821+0000] {processor.py:186} INFO - Started process (PID=209) to work on /home/airflow/.local/lib/python3.12/site-packages/airflow/example_dags/example_datasets.py
[2024-11-12T03:34:26.823+0000] {processor.py:914} INFO - Processing file /home/airflow/.local/lib/python3.12/site-packages/airflow/example_dags/example_datasets.py for tasks to queue
[2024-11-12T03:34:26.824+0000] {logging_mixin.py:190} INFO - [2024-11-12T03:34:26.824+0000] {dagbag.py:588} INFO - Filling up the DagBag from /home/airflow/.local/lib/python3.12/site-packages/airflow/example_dags/example_datasets.py
[2024-11-12T03:34:27.324+0000] {processor.py:925} INFO - DAG(s) 'dataset_produces_2', 'dataset_consumes_1', 'dataset_consumes_1_and_2', 'consume_1_or_2_with_dataset_expressions', 'conditional_dataset_and_time_based_timetable', 'dataset_produces_1', 'dataset_consumes_1_never_scheduled', 'consume_1_or_both_2_and_3_with_dataset_expressions', 'dataset_consumes_unknown_never_scheduled', 'consume_1_and_2_with_dataset_expressions' retrieved from /home/airflow/.local/lib/python3.12/site-packages/airflow/example_dags/example_datasets.py
[2024-11-12T03:34:27.363+0000] {logging_mixin.py:190} INFO - [2024-11-12T03:34:27.363+0000] {dag.py:3239} INFO - Sync 10 DAGs
[2024-11-12T03:34:27.384+0000] {logging_mixin.py:190} INFO - [2024-11-12T03:34:27.384+0000] {dag.py:4180} INFO - Setting next_dagrun for conditional_dataset_and_time_based_timetable to 2024-11-06 01:00:00+00:00, run_after=2024-11-06 01:00:00+00:00
[2024-11-12T03:34:27.388+0000] {logging_mixin.py:190} INFO - [2024-11-12T03:34:27.387+0000] {dag.py:4180} INFO - Setting next_dagrun for consume_1_and_2_with_dataset_expressions to None, run_after=None
[2024-11-12T03:34:27.389+0000] {logging_mixin.py:190} INFO - [2024-11-12T03:34:27.389+0000] {dag.py:4180} INFO - Setting next_dagrun for consume_1_or_2_with_dataset_expressions to None, run_after=None
[2024-11-12T03:34:27.390+0000] {logging_mixin.py:190} INFO - [2024-11-12T03:34:27.390+0000] {dag.py:4180} INFO - Setting next_dagrun for consume_1_or_both_2_and_3_with_dataset_expressions to None, run_after=None
[2024-11-12T03:34:27.391+0000] {logging_mixin.py:190} INFO - [2024-11-12T03:34:27.391+0000] {dag.py:4180} INFO - Setting next_dagrun for dataset_consumes_1 to None, run_after=None
[2024-11-12T03:34:27.393+0000] {logging_mixin.py:190} INFO - [2024-11-12T03:34:27.393+0000] {dag.py:4180} INFO - Setting next_dagrun for dataset_consumes_1_and_2 to None, run_after=None
[2024-11-12T03:34:27.394+0000] {logging_mixin.py:190} INFO - [2024-11-12T03:34:27.394+0000] {dag.py:4180} INFO - Setting next_dagrun for dataset_consumes_1_never_scheduled to None, run_after=None
[2024-11-12T03:34:27.397+0000] {logging_mixin.py:190} INFO - [2024-11-12T03:34:27.396+0000] {dag.py:4180} INFO - Setting next_dagrun for dataset_consumes_unknown_never_scheduled to None, run_after=None
[2024-11-12T03:34:27.399+0000] {logging_mixin.py:190} INFO - [2024-11-12T03:34:27.399+0000] {dag.py:4180} INFO - Setting next_dagrun for dataset_produces_1 to 2024-11-11 00:00:00+00:00, run_after=2024-11-12 00:00:00+00:00
[2024-11-12T03:34:27.401+0000] {logging_mixin.py:190} INFO - [2024-11-12T03:34:27.401+0000] {dag.py:4180} INFO - Setting next_dagrun for dataset_produces_2 to None, run_after=None
[2024-11-12T03:34:27.434+0000] {processor.py:208} INFO - Processing /home/airflow/.local/lib/python3.12/site-packages/airflow/example_dags/example_datasets.py took 0.616 seconds
[2024-11-12T03:34:57.557+0000] {processor.py:186} INFO - Started process (PID=276) to work on /home/airflow/.local/lib/python3.12/site-packages/airflow/example_dags/example_datasets.py
[2024-11-12T03:34:57.558+0000] {processor.py:914} INFO - Processing file /home/airflow/.local/lib/python3.12/site-packages/airflow/example_dags/example_datasets.py for tasks to queue
[2024-11-12T03:34:57.560+0000] {logging_mixin.py:190} INFO - [2024-11-12T03:34:57.560+0000] {dagbag.py:588} INFO - Filling up the DagBag from /home/airflow/.local/lib/python3.12/site-packages/airflow/example_dags/example_datasets.py
[2024-11-12T03:34:58.106+0000] {processor.py:925} INFO - DAG(s) 'dataset_consumes_1_and_2', 'consume_1_and_2_with_dataset_expressions', 'dataset_produces_1', 'consume_1_or_2_with_dataset_expressions', 'dataset_produces_2', 'conditional_dataset_and_time_based_timetable', 'consume_1_or_both_2_and_3_with_dataset_expressions', 'dataset_consumes_1_never_scheduled', 'dataset_consumes_unknown_never_scheduled', 'dataset_consumes_1' retrieved from /home/airflow/.local/lib/python3.12/site-packages/airflow/example_dags/example_datasets.py
[2024-11-12T03:34:58.149+0000] {logging_mixin.py:190} INFO - [2024-11-12T03:34:58.149+0000] {dag.py:3239} INFO - Sync 10 DAGs
[2024-11-12T03:34:58.171+0000] {logging_mixin.py:190} INFO - [2024-11-12T03:34:58.171+0000] {dag.py:4180} INFO - Setting next_dagrun for conditional_dataset_and_time_based_timetable to 2024-11-06 01:00:00+00:00, run_after=2024-11-06 01:00:00+00:00
[2024-11-12T03:34:58.175+0000] {logging_mixin.py:190} INFO - [2024-11-12T03:34:58.175+0000] {dag.py:4180} INFO - Setting next_dagrun for consume_1_and_2_with_dataset_expressions to None, run_after=None
[2024-11-12T03:34:58.177+0000] {logging_mixin.py:190} INFO - [2024-11-12T03:34:58.177+0000] {dag.py:4180} INFO - Setting next_dagrun for consume_1_or_2_with_dataset_expressions to None, run_after=None
[2024-11-12T03:34:58.179+0000] {logging_mixin.py:190} INFO - [2024-11-12T03:34:58.179+0000] {dag.py:4180} INFO - Setting next_dagrun for consume_1_or_both_2_and_3_with_dataset_expressions to None, run_after=None
[2024-11-12T03:34:58.181+0000] {logging_mixin.py:190} INFO - [2024-11-12T03:34:58.181+0000] {dag.py:4180} INFO - Setting next_dagrun for dataset_consumes_1 to None, run_after=None
[2024-11-12T03:34:58.184+0000] {logging_mixin.py:190} INFO - [2024-11-12T03:34:58.184+0000] {dag.py:4180} INFO - Setting next_dagrun for dataset_consumes_1_and_2 to None, run_after=None
[2024-11-12T03:34:58.185+0000] {logging_mixin.py:190} INFO - [2024-11-12T03:34:58.185+0000] {dag.py:4180} INFO - Setting next_dagrun for dataset_consumes_1_never_scheduled to None, run_after=None
[2024-11-12T03:34:58.187+0000] {logging_mixin.py:190} INFO - [2024-11-12T03:34:58.187+0000] {dag.py:4180} INFO - Setting next_dagrun for dataset_consumes_unknown_never_scheduled to None, run_after=None
[2024-11-12T03:34:58.189+0000] {logging_mixin.py:190} INFO - [2024-11-12T03:34:58.189+0000] {dag.py:4180} INFO - Setting next_dagrun for dataset_produces_1 to 2024-11-11 00:00:00+00:00, run_after=2024-11-12 00:00:00+00:00
[2024-11-12T03:34:58.190+0000] {logging_mixin.py:190} INFO - [2024-11-12T03:34:58.190+0000] {dag.py:4180} INFO - Setting next_dagrun for dataset_produces_2 to None, run_after=None
[2024-11-12T03:34:58.229+0000] {processor.py:208} INFO - Processing /home/airflow/.local/lib/python3.12/site-packages/airflow/example_dags/example_datasets.py took 0.677 seconds
[2024-11-12T03:35:28.476+0000] {processor.py:186} INFO - Started process (PID=344) to work on /home/airflow/.local/lib/python3.12/site-packages/airflow/example_dags/example_datasets.py
[2024-11-12T03:35:28.477+0000] {processor.py:914} INFO - Processing file /home/airflow/.local/lib/python3.12/site-packages/airflow/example_dags/example_datasets.py for tasks to queue
[2024-11-12T03:35:28.479+0000] {logging_mixin.py:190} INFO - [2024-11-12T03:35:28.479+0000] {dagbag.py:588} INFO - Filling up the DagBag from /home/airflow/.local/lib/python3.12/site-packages/airflow/example_dags/example_datasets.py
[2024-11-12T03:35:28.941+0000] {processor.py:925} INFO - DAG(s) 'consume_1_or_2_with_dataset_expressions', 'dataset_consumes_unknown_never_scheduled', 'dataset_produces_2', 'consume_1_or_both_2_and_3_with_dataset_expressions', 'dataset_consumes_1_and_2', 'dataset_consumes_1_never_scheduled', 'dataset_consumes_1', 'consume_1_and_2_with_dataset_expressions', 'dataset_produces_1', 'conditional_dataset_and_time_based_timetable' retrieved from /home/airflow/.local/lib/python3.12/site-packages/airflow/example_dags/example_datasets.py
[2024-11-12T03:35:28.978+0000] {logging_mixin.py:190} INFO - [2024-11-12T03:35:28.978+0000] {dag.py:3239} INFO - Sync 10 DAGs
[2024-11-12T03:35:28.999+0000] {logging_mixin.py:190} INFO - [2024-11-12T03:35:28.998+0000] {dag.py:4180} INFO - Setting next_dagrun for conditional_dataset_and_time_based_timetable to 2024-11-06 01:00:00+00:00, run_after=2024-11-06 01:00:00+00:00
[2024-11-12T03:35:29.002+0000] {logging_mixin.py:190} INFO - [2024-11-12T03:35:29.002+0000] {dag.py:4180} INFO - Setting next_dagrun for consume_1_and_2_with_dataset_expressions to None, run_after=None
[2024-11-12T03:35:29.004+0000] {logging_mixin.py:190} INFO - [2024-11-12T03:35:29.004+0000] {dag.py:4180} INFO - Setting next_dagrun for consume_1_or_2_with_dataset_expressions to None, run_after=None
[2024-11-12T03:35:29.006+0000] {logging_mixin.py:190} INFO - [2024-11-12T03:35:29.006+0000] {dag.py:4180} INFO - Setting next_dagrun for consume_1_or_both_2_and_3_with_dataset_expressions to None, run_after=None
[2024-11-12T03:35:29.008+0000] {logging_mixin.py:190} INFO - [2024-11-12T03:35:29.007+0000] {dag.py:4180} INFO - Setting next_dagrun for dataset_consumes_1 to None, run_after=None
[2024-11-12T03:35:29.009+0000] {logging_mixin.py:190} INFO - [2024-11-12T03:35:29.009+0000] {dag.py:4180} INFO - Setting next_dagrun for dataset_consumes_1_and_2 to None, run_after=None
[2024-11-12T03:35:29.011+0000] {logging_mixin.py:190} INFO - [2024-11-12T03:35:29.011+0000] {dag.py:4180} INFO - Setting next_dagrun for dataset_consumes_1_never_scheduled to None, run_after=None
[2024-11-12T03:35:29.013+0000] {logging_mixin.py:190} INFO - [2024-11-12T03:35:29.013+0000] {dag.py:4180} INFO - Setting next_dagrun for dataset_consumes_unknown_never_scheduled to None, run_after=None
[2024-11-12T03:35:29.016+0000] {logging_mixin.py:190} INFO - [2024-11-12T03:35:29.015+0000] {dag.py:4180} INFO - Setting next_dagrun for dataset_produces_1 to 2024-11-11 00:00:00+00:00, run_after=2024-11-12 00:00:00+00:00
[2024-11-12T03:35:29.017+0000] {logging_mixin.py:190} INFO - [2024-11-12T03:35:29.017+0000] {dag.py:4180} INFO - Setting next_dagrun for dataset_produces_2 to None, run_after=None
[2024-11-12T03:35:29.050+0000] {processor.py:208} INFO - Processing /home/airflow/.local/lib/python3.12/site-packages/airflow/example_dags/example_datasets.py took 0.578 seconds
[2024-11-12T03:35:59.327+0000] {processor.py:186} INFO - Started process (PID=407) to work on /home/airflow/.local/lib/python3.12/site-packages/airflow/example_dags/example_datasets.py
[2024-11-12T03:35:59.328+0000] {processor.py:914} INFO - Processing file /home/airflow/.local/lib/python3.12/site-packages/airflow/example_dags/example_datasets.py for tasks to queue
[2024-11-12T03:35:59.330+0000] {logging_mixin.py:190} INFO - [2024-11-12T03:35:59.330+0000] {dagbag.py:588} INFO - Filling up the DagBag from /home/airflow/.local/lib/python3.12/site-packages/airflow/example_dags/example_datasets.py
[2024-11-12T03:35:59.834+0000] {processor.py:925} INFO - DAG(s) 'consume_1_or_2_with_dataset_expressions', 'consume_1_or_both_2_and_3_with_dataset_expressions', 'dataset_produces_1', 'dataset_consumes_1', 'dataset_consumes_1_and_2', 'consume_1_and_2_with_dataset_expressions', 'conditional_dataset_and_time_based_timetable', 'dataset_produces_2', 'dataset_consumes_1_never_scheduled', 'dataset_consumes_unknown_never_scheduled' retrieved from /home/airflow/.local/lib/python3.12/site-packages/airflow/example_dags/example_datasets.py
[2024-11-12T03:35:59.875+0000] {logging_mixin.py:190} INFO - [2024-11-12T03:35:59.875+0000] {dag.py:3239} INFO - Sync 10 DAGs
[2024-11-12T03:35:59.897+0000] {logging_mixin.py:190} INFO - [2024-11-12T03:35:59.897+0000] {dag.py:4180} INFO - Setting next_dagrun for conditional_dataset_and_time_based_timetable to 2024-11-06 01:00:00+00:00, run_after=2024-11-06 01:00:00+00:00
[2024-11-12T03:35:59.902+0000] {logging_mixin.py:190} INFO - [2024-11-12T03:35:59.902+0000] {dag.py:4180} INFO - Setting next_dagrun for consume_1_and_2_with_dataset_expressions to None, run_after=None
[2024-11-12T03:35:59.904+0000] {logging_mixin.py:190} INFO - [2024-11-12T03:35:59.904+0000] {dag.py:4180} INFO - Setting next_dagrun for consume_1_or_2_with_dataset_expressions to None, run_after=None
[2024-11-12T03:35:59.905+0000] {logging_mixin.py:190} INFO - [2024-11-12T03:35:59.905+0000] {dag.py:4180} INFO - Setting next_dagrun for consume_1_or_both_2_and_3_with_dataset_expressions to None, run_after=None
[2024-11-12T03:35:59.906+0000] {logging_mixin.py:190} INFO - [2024-11-12T03:35:59.906+0000] {dag.py:4180} INFO - Setting next_dagrun for dataset_consumes_1 to None, run_after=None
[2024-11-12T03:35:59.907+0000] {logging_mixin.py:190} INFO - [2024-11-12T03:35:59.907+0000] {dag.py:4180} INFO - Setting next_dagrun for dataset_consumes_1_and_2 to None, run_after=None
[2024-11-12T03:35:59.909+0000] {logging_mixin.py:190} INFO - [2024-11-12T03:35:59.909+0000] {dag.py:4180} INFO - Setting next_dagrun for dataset_consumes_1_never_scheduled to None, run_after=None
[2024-11-12T03:35:59.911+0000] {logging_mixin.py:190} INFO - [2024-11-12T03:35:59.911+0000] {dag.py:4180} INFO - Setting next_dagrun for dataset_consumes_unknown_never_scheduled to None, run_after=None
[2024-11-12T03:35:59.914+0000] {logging_mixin.py:190} INFO - [2024-11-12T03:35:59.914+0000] {dag.py:4180} INFO - Setting next_dagrun for dataset_produces_1 to 2024-11-11 00:00:00+00:00, run_after=2024-11-12 00:00:00+00:00
[2024-11-12T03:35:59.916+0000] {logging_mixin.py:190} INFO - [2024-11-12T03:35:59.916+0000] {dag.py:4180} INFO - Setting next_dagrun for dataset_produces_2 to None, run_after=None
[2024-11-12T03:35:59.946+0000] {processor.py:208} INFO - Processing /home/airflow/.local/lib/python3.12/site-packages/airflow/example_dags/example_datasets.py took 0.624 seconds
[2024-11-12T03:36:30.514+0000] {processor.py:186} INFO - Started process (PID=471) to work on /home/airflow/.local/lib/python3.12/site-packages/airflow/example_dags/example_datasets.py
[2024-11-12T03:36:30.515+0000] {processor.py:914} INFO - Processing file /home/airflow/.local/lib/python3.12/site-packages/airflow/example_dags/example_datasets.py for tasks to queue
[2024-11-12T03:36:30.517+0000] {logging_mixin.py:190} INFO - [2024-11-12T03:36:30.516+0000] {dagbag.py:588} INFO - Filling up the DagBag from /home/airflow/.local/lib/python3.12/site-packages/airflow/example_dags/example_datasets.py
[2024-11-12T03:36:31.000+0000] {processor.py:925} INFO - DAG(s) 'dataset_consumes_1', 'consume_1_or_both_2_and_3_with_dataset_expressions', 'dataset_consumes_1_and_2', 'dataset_produces_2', 'conditional_dataset_and_time_based_timetable', 'dataset_produces_1', 'consume_1_or_2_with_dataset_expressions', 'dataset_consumes_unknown_never_scheduled', 'consume_1_and_2_with_dataset_expressions', 'dataset_consumes_1_never_scheduled' retrieved from /home/airflow/.local/lib/python3.12/site-packages/airflow/example_dags/example_datasets.py
[2024-11-12T03:36:31.042+0000] {logging_mixin.py:190} INFO - [2024-11-12T03:36:31.042+0000] {dag.py:3239} INFO - Sync 10 DAGs
[2024-11-12T03:36:31.066+0000] {logging_mixin.py:190} INFO - [2024-11-12T03:36:31.065+0000] {dag.py:4180} INFO - Setting next_dagrun for conditional_dataset_and_time_based_timetable to 2024-11-06 01:00:00+00:00, run_after=2024-11-06 01:00:00+00:00
[2024-11-12T03:36:31.070+0000] {logging_mixin.py:190} INFO - [2024-11-12T03:36:31.070+0000] {dag.py:4180} INFO - Setting next_dagrun for consume_1_and_2_with_dataset_expressions to None, run_after=None
[2024-11-12T03:36:31.073+0000] {logging_mixin.py:190} INFO - [2024-11-12T03:36:31.073+0000] {dag.py:4180} INFO - Setting next_dagrun for consume_1_or_2_with_dataset_expressions to None, run_after=None
[2024-11-12T03:36:31.075+0000] {logging_mixin.py:190} INFO - [2024-11-12T03:36:31.075+0000] {dag.py:4180} INFO - Setting next_dagrun for consume_1_or_both_2_and_3_with_dataset_expressions to None, run_after=None
[2024-11-12T03:36:31.076+0000] {logging_mixin.py:190} INFO - [2024-11-12T03:36:31.076+0000] {dag.py:4180} INFO - Setting next_dagrun for dataset_consumes_1 to None, run_after=None
[2024-11-12T03:36:31.077+0000] {logging_mixin.py:190} INFO - [2024-11-12T03:36:31.077+0000] {dag.py:4180} INFO - Setting next_dagrun for dataset_consumes_1_and_2 to None, run_after=None
[2024-11-12T03:36:31.079+0000] {logging_mixin.py:190} INFO - [2024-11-12T03:36:31.078+0000] {dag.py:4180} INFO - Setting next_dagrun for dataset_consumes_1_never_scheduled to None, run_after=None
[2024-11-12T03:36:31.080+0000] {logging_mixin.py:190} INFO - [2024-11-12T03:36:31.080+0000] {dag.py:4180} INFO - Setting next_dagrun for dataset_consumes_unknown_never_scheduled to None, run_after=None
[2024-11-12T03:36:31.083+0000] {logging_mixin.py:190} INFO - [2024-11-12T03:36:31.083+0000] {dag.py:4180} INFO - Setting next_dagrun for dataset_produces_1 to 2024-11-11 00:00:00+00:00, run_after=2024-11-12 00:00:00+00:00
[2024-11-12T03:36:31.085+0000] {logging_mixin.py:190} INFO - [2024-11-12T03:36:31.085+0000] {dag.py:4180} INFO - Setting next_dagrun for dataset_produces_2 to None, run_after=None
[2024-11-12T03:36:31.129+0000] {processor.py:208} INFO - Processing /home/airflow/.local/lib/python3.12/site-packages/airflow/example_dags/example_datasets.py took 0.621 seconds
[2024-11-12T03:37:01.775+0000] {processor.py:186} INFO - Started process (PID=534) to work on /home/airflow/.local/lib/python3.12/site-packages/airflow/example_dags/example_datasets.py
[2024-11-12T03:37:01.776+0000] {processor.py:914} INFO - Processing file /home/airflow/.local/lib/python3.12/site-packages/airflow/example_dags/example_datasets.py for tasks to queue
[2024-11-12T03:37:01.779+0000] {logging_mixin.py:190} INFO - [2024-11-12T03:37:01.779+0000] {dagbag.py:588} INFO - Filling up the DagBag from /home/airflow/.local/lib/python3.12/site-packages/airflow/example_dags/example_datasets.py
[2024-11-12T03:37:02.270+0000] {processor.py:925} INFO - DAG(s) 'dataset_produces_1', 'dataset_consumes_unknown_never_scheduled', 'consume_1_or_both_2_and_3_with_dataset_expressions', 'consume_1_and_2_with_dataset_expressions', 'dataset_consumes_1', 'consume_1_or_2_with_dataset_expressions', 'dataset_consumes_1_and_2', 'dataset_consumes_1_never_scheduled', 'conditional_dataset_and_time_based_timetable', 'dataset_produces_2' retrieved from /home/airflow/.local/lib/python3.12/site-packages/airflow/example_dags/example_datasets.py
[2024-11-12T03:37:02.317+0000] {logging_mixin.py:190} INFO - [2024-11-12T03:37:02.317+0000] {dag.py:3239} INFO - Sync 10 DAGs
[2024-11-12T03:37:02.338+0000] {logging_mixin.py:190} INFO - [2024-11-12T03:37:02.338+0000] {dag.py:4180} INFO - Setting next_dagrun for conditional_dataset_and_time_based_timetable to 2024-11-06 01:00:00+00:00, run_after=2024-11-06 01:00:00+00:00
[2024-11-12T03:37:02.342+0000] {logging_mixin.py:190} INFO - [2024-11-12T03:37:02.342+0000] {dag.py:4180} INFO - Setting next_dagrun for consume_1_and_2_with_dataset_expressions to None, run_after=None
[2024-11-12T03:37:02.344+0000] {logging_mixin.py:190} INFO - [2024-11-12T03:37:02.343+0000] {dag.py:4180} INFO - Setting next_dagrun for consume_1_or_2_with_dataset_expressions to None, run_after=None
[2024-11-12T03:37:02.345+0000] {logging_mixin.py:190} INFO - [2024-11-12T03:37:02.345+0000] {dag.py:4180} INFO - Setting next_dagrun for consume_1_or_both_2_and_3_with_dataset_expressions to None, run_after=None
[2024-11-12T03:37:02.347+0000] {logging_mixin.py:190} INFO - [2024-11-12T03:37:02.346+0000] {dag.py:4180} INFO - Setting next_dagrun for dataset_consumes_1 to None, run_after=None
[2024-11-12T03:37:02.349+0000] {logging_mixin.py:190} INFO - [2024-11-12T03:37:02.349+0000] {dag.py:4180} INFO - Setting next_dagrun for dataset_consumes_1_and_2 to None, run_after=None
[2024-11-12T03:37:02.350+0000] {logging_mixin.py:190} INFO - [2024-11-12T03:37:02.350+0000] {dag.py:4180} INFO - Setting next_dagrun for dataset_consumes_1_never_scheduled to None, run_after=None
[2024-11-12T03:37:02.351+0000] {logging_mixin.py:190} INFO - [2024-11-12T03:37:02.351+0000] {dag.py:4180} INFO - Setting next_dagrun for dataset_consumes_unknown_never_scheduled to None, run_after=None
[2024-11-12T03:37:02.353+0000] {logging_mixin.py:190} INFO - [2024-11-12T03:37:02.353+0000] {dag.py:4180} INFO - Setting next_dagrun for dataset_produces_1 to 2024-11-11 00:00:00+00:00, run_after=2024-11-12 00:00:00+00:00
[2024-11-12T03:37:02.355+0000] {logging_mixin.py:190} INFO - [2024-11-12T03:37:02.355+0000] {dag.py:4180} INFO - Setting next_dagrun for dataset_produces_2 to None, run_after=None
[2024-11-12T03:37:02.385+0000] {processor.py:208} INFO - Processing /home/airflow/.local/lib/python3.12/site-packages/airflow/example_dags/example_datasets.py took 0.617 seconds
[2024-11-12T03:37:32.710+0000] {processor.py:186} INFO - Started process (PID=597) to work on /home/airflow/.local/lib/python3.12/site-packages/airflow/example_dags/example_datasets.py
[2024-11-12T03:37:32.712+0000] {processor.py:914} INFO - Processing file /home/airflow/.local/lib/python3.12/site-packages/airflow/example_dags/example_datasets.py for tasks to queue
[2024-11-12T03:37:32.718+0000] {logging_mixin.py:190} INFO - [2024-11-12T03:37:32.718+0000] {dagbag.py:588} INFO - Filling up the DagBag from /home/airflow/.local/lib/python3.12/site-packages/airflow/example_dags/example_datasets.py
[2024-11-12T03:37:33.195+0000] {processor.py:925} INFO - DAG(s) 'dataset_consumes_unknown_never_scheduled', 'consume_1_and_2_with_dataset_expressions', 'conditional_dataset_and_time_based_timetable', 'dataset_produces_2', 'dataset_produces_1', 'consume_1_or_both_2_and_3_with_dataset_expressions', 'dataset_consumes_1_never_scheduled', 'dataset_consumes_1', 'dataset_consumes_1_and_2', 'consume_1_or_2_with_dataset_expressions' retrieved from /home/airflow/.local/lib/python3.12/site-packages/airflow/example_dags/example_datasets.py
[2024-11-12T03:37:33.227+0000] {logging_mixin.py:190} INFO - [2024-11-12T03:37:33.226+0000] {dag.py:3239} INFO - Sync 10 DAGs
[2024-11-12T03:37:33.244+0000] {logging_mixin.py:190} INFO - [2024-11-12T03:37:33.244+0000] {dag.py:4180} INFO - Setting next_dagrun for conditional_dataset_and_time_based_timetable to 2024-11-06 01:00:00+00:00, run_after=2024-11-06 01:00:00+00:00
[2024-11-12T03:37:33.248+0000] {logging_mixin.py:190} INFO - [2024-11-12T03:37:33.247+0000] {dag.py:4180} INFO - Setting next_dagrun for consume_1_and_2_with_dataset_expressions to None, run_after=None
[2024-11-12T03:37:33.250+0000] {logging_mixin.py:190} INFO - [2024-11-12T03:37:33.250+0000] {dag.py:4180} INFO - Setting next_dagrun for consume_1_or_2_with_dataset_expressions to None, run_after=None
[2024-11-12T03:37:33.252+0000] {logging_mixin.py:190} INFO - [2024-11-12T03:37:33.252+0000] {dag.py:4180} INFO - Setting next_dagrun for consume_1_or_both_2_and_3_with_dataset_expressions to None, run_after=None
[2024-11-12T03:37:33.254+0000] {logging_mixin.py:190} INFO - [2024-11-12T03:37:33.253+0000] {dag.py:4180} INFO - Setting next_dagrun for dataset_consumes_1 to None, run_after=None
[2024-11-12T03:37:33.255+0000] {logging_mixin.py:190} INFO - [2024-11-12T03:37:33.255+0000] {dag.py:4180} INFO - Setting next_dagrun for dataset_consumes_1_and_2 to None, run_after=None
[2024-11-12T03:37:33.256+0000] {logging_mixin.py:190} INFO - [2024-11-12T03:37:33.256+0000] {dag.py:4180} INFO - Setting next_dagrun for dataset_consumes_1_never_scheduled to None, run_after=None
[2024-11-12T03:37:33.257+0000] {logging_mixin.py:190} INFO - [2024-11-12T03:37:33.257+0000] {dag.py:4180} INFO - Setting next_dagrun for dataset_consumes_unknown_never_scheduled to None, run_after=None
[2024-11-12T03:37:33.259+0000] {logging_mixin.py:190} INFO - [2024-11-12T03:37:33.259+0000] {dag.py:4180} INFO - Setting next_dagrun for dataset_produces_1 to 2024-11-11 00:00:00+00:00, run_after=2024-11-12 00:00:00+00:00
[2024-11-12T03:37:33.260+0000] {logging_mixin.py:190} INFO - [2024-11-12T03:37:33.260+0000] {dag.py:4180} INFO - Setting next_dagrun for dataset_produces_2 to None, run_after=None
[2024-11-12T03:37:33.288+0000] {processor.py:208} INFO - Processing /home/airflow/.local/lib/python3.12/site-packages/airflow/example_dags/example_datasets.py took 0.584 seconds
[2024-11-12T03:39:55.496+0000] {processor.py:186} INFO - Started process (PID=62) to work on /home/airflow/.local/lib/python3.12/site-packages/airflow/example_dags/example_datasets.py
[2024-11-12T03:39:55.498+0000] {processor.py:914} INFO - Processing file /home/airflow/.local/lib/python3.12/site-packages/airflow/example_dags/example_datasets.py for tasks to queue
[2024-11-12T03:39:55.500+0000] {logging_mixin.py:190} INFO - [2024-11-12T03:39:55.499+0000] {dagbag.py:588} INFO - Filling up the DagBag from /home/airflow/.local/lib/python3.12/site-packages/airflow/example_dags/example_datasets.py
[2024-11-12T03:39:56.067+0000] {processor.py:925} INFO - DAG(s) 'dataset_produces_1', 'dataset_consumes_unknown_never_scheduled', 'conditional_dataset_and_time_based_timetable', 'dataset_produces_2', 'dataset_consumes_1_and_2', 'dataset_consumes_1', 'consume_1_or_2_with_dataset_expressions', 'consume_1_or_both_2_and_3_with_dataset_expressions', 'dataset_consumes_1_never_scheduled', 'consume_1_and_2_with_dataset_expressions' retrieved from /home/airflow/.local/lib/python3.12/site-packages/airflow/example_dags/example_datasets.py
[2024-11-12T03:39:56.111+0000] {logging_mixin.py:190} INFO - [2024-11-12T03:39:56.110+0000] {dag.py:3239} INFO - Sync 10 DAGs
[2024-11-12T03:39:56.135+0000] {logging_mixin.py:190} INFO - [2024-11-12T03:39:56.135+0000] {dag.py:4180} INFO - Setting next_dagrun for conditional_dataset_and_time_based_timetable to 2024-11-06 01:00:00+00:00, run_after=2024-11-06 01:00:00+00:00
[2024-11-12T03:39:56.139+0000] {logging_mixin.py:190} INFO - [2024-11-12T03:39:56.139+0000] {dag.py:4180} INFO - Setting next_dagrun for consume_1_and_2_with_dataset_expressions to None, run_after=None
[2024-11-12T03:39:56.141+0000] {logging_mixin.py:190} INFO - [2024-11-12T03:39:56.141+0000] {dag.py:4180} INFO - Setting next_dagrun for consume_1_or_2_with_dataset_expressions to None, run_after=None
[2024-11-12T03:39:56.143+0000] {logging_mixin.py:190} INFO - [2024-11-12T03:39:56.143+0000] {dag.py:4180} INFO - Setting next_dagrun for consume_1_or_both_2_and_3_with_dataset_expressions to None, run_after=None
[2024-11-12T03:39:56.145+0000] {logging_mixin.py:190} INFO - [2024-11-12T03:39:56.145+0000] {dag.py:4180} INFO - Setting next_dagrun for dataset_consumes_1 to None, run_after=None
[2024-11-12T03:39:56.146+0000] {logging_mixin.py:190} INFO - [2024-11-12T03:39:56.146+0000] {dag.py:4180} INFO - Setting next_dagrun for dataset_consumes_1_and_2 to None, run_after=None
[2024-11-12T03:39:56.148+0000] {logging_mixin.py:190} INFO - [2024-11-12T03:39:56.148+0000] {dag.py:4180} INFO - Setting next_dagrun for dataset_consumes_1_never_scheduled to None, run_after=None
[2024-11-12T03:39:56.149+0000] {logging_mixin.py:190} INFO - [2024-11-12T03:39:56.149+0000] {dag.py:4180} INFO - Setting next_dagrun for dataset_consumes_unknown_never_scheduled to None, run_after=None
[2024-11-12T03:39:56.152+0000] {logging_mixin.py:190} INFO - [2024-11-12T03:39:56.152+0000] {dag.py:4180} INFO - Setting next_dagrun for dataset_produces_1 to 2024-11-11 00:00:00+00:00, run_after=2024-11-12 00:00:00+00:00
[2024-11-12T03:39:56.154+0000] {logging_mixin.py:190} INFO - [2024-11-12T03:39:56.154+0000] {dag.py:4180} INFO - Setting next_dagrun for dataset_produces_2 to None, run_after=None
[2024-11-12T03:39:56.189+0000] {processor.py:208} INFO - Processing /home/airflow/.local/lib/python3.12/site-packages/airflow/example_dags/example_datasets.py took 0.696 seconds
[2024-11-12T03:40:26.422+0000] {processor.py:186} INFO - Started process (PID=132) to work on /home/airflow/.local/lib/python3.12/site-packages/airflow/example_dags/example_datasets.py
[2024-11-12T03:40:26.423+0000] {processor.py:914} INFO - Processing file /home/airflow/.local/lib/python3.12/site-packages/airflow/example_dags/example_datasets.py for tasks to queue
[2024-11-12T03:40:26.425+0000] {logging_mixin.py:190} INFO - [2024-11-12T03:40:26.424+0000] {dagbag.py:588} INFO - Filling up the DagBag from /home/airflow/.local/lib/python3.12/site-packages/airflow/example_dags/example_datasets.py
[2024-11-12T03:40:26.868+0000] {processor.py:925} INFO - DAG(s) 'dataset_consumes_1_never_scheduled', 'consume_1_or_both_2_and_3_with_dataset_expressions', 'dataset_consumes_1', 'consume_1_and_2_with_dataset_expressions', 'dataset_produces_1', 'consume_1_or_2_with_dataset_expressions', 'conditional_dataset_and_time_based_timetable', 'dataset_consumes_unknown_never_scheduled', 'dataset_consumes_1_and_2', 'dataset_produces_2' retrieved from /home/airflow/.local/lib/python3.12/site-packages/airflow/example_dags/example_datasets.py
[2024-11-12T03:40:26.904+0000] {logging_mixin.py:190} INFO - [2024-11-12T03:40:26.904+0000] {dag.py:3239} INFO - Sync 10 DAGs
[2024-11-12T03:40:26.924+0000] {logging_mixin.py:190} INFO - [2024-11-12T03:40:26.924+0000] {dag.py:4180} INFO - Setting next_dagrun for conditional_dataset_and_time_based_timetable to 2024-11-06 01:00:00+00:00, run_after=2024-11-06 01:00:00+00:00
[2024-11-12T03:40:26.928+0000] {logging_mixin.py:190} INFO - [2024-11-12T03:40:26.928+0000] {dag.py:4180} INFO - Setting next_dagrun for consume_1_and_2_with_dataset_expressions to None, run_after=None
[2024-11-12T03:40:26.930+0000] {logging_mixin.py:190} INFO - [2024-11-12T03:40:26.929+0000] {dag.py:4180} INFO - Setting next_dagrun for consume_1_or_2_with_dataset_expressions to None, run_after=None
[2024-11-12T03:40:26.931+0000] {logging_mixin.py:190} INFO - [2024-11-12T03:40:26.931+0000] {dag.py:4180} INFO - Setting next_dagrun for consume_1_or_both_2_and_3_with_dataset_expressions to None, run_after=None
[2024-11-12T03:40:26.932+0000] {logging_mixin.py:190} INFO - [2024-11-12T03:40:26.932+0000] {dag.py:4180} INFO - Setting next_dagrun for dataset_consumes_1 to None, run_after=None
[2024-11-12T03:40:26.934+0000] {logging_mixin.py:190} INFO - [2024-11-12T03:40:26.934+0000] {dag.py:4180} INFO - Setting next_dagrun for dataset_consumes_1_and_2 to None, run_after=None
[2024-11-12T03:40:26.935+0000] {logging_mixin.py:190} INFO - [2024-11-12T03:40:26.935+0000] {dag.py:4180} INFO - Setting next_dagrun for dataset_consumes_1_never_scheduled to None, run_after=None
[2024-11-12T03:40:26.936+0000] {logging_mixin.py:190} INFO - [2024-11-12T03:40:26.936+0000] {dag.py:4180} INFO - Setting next_dagrun for dataset_consumes_unknown_never_scheduled to None, run_after=None
[2024-11-12T03:40:26.938+0000] {logging_mixin.py:190} INFO - [2024-11-12T03:40:26.938+0000] {dag.py:4180} INFO - Setting next_dagrun for dataset_produces_1 to 2024-11-11 00:00:00+00:00, run_after=2024-11-12 00:00:00+00:00
[2024-11-12T03:40:26.940+0000] {logging_mixin.py:190} INFO - [2024-11-12T03:40:26.939+0000] {dag.py:4180} INFO - Setting next_dagrun for dataset_produces_2 to None, run_after=None
[2024-11-12T03:40:26.966+0000] {processor.py:208} INFO - Processing /home/airflow/.local/lib/python3.12/site-packages/airflow/example_dags/example_datasets.py took 0.549 seconds
[2024-11-12T03:40:57.022+0000] {processor.py:186} INFO - Started process (PID=199) to work on /home/airflow/.local/lib/python3.12/site-packages/airflow/example_dags/example_datasets.py
[2024-11-12T03:40:57.034+0000] {processor.py:914} INFO - Processing file /home/airflow/.local/lib/python3.12/site-packages/airflow/example_dags/example_datasets.py for tasks to queue
[2024-11-12T03:40:57.043+0000] {logging_mixin.py:190} INFO - [2024-11-12T03:40:57.043+0000] {dagbag.py:588} INFO - Filling up the DagBag from /home/airflow/.local/lib/python3.12/site-packages/airflow/example_dags/example_datasets.py
[2024-11-12T03:40:57.514+0000] {processor.py:925} INFO - DAG(s) 'consume_1_or_2_with_dataset_expressions', 'dataset_consumes_1_and_2', 'consume_1_or_both_2_and_3_with_dataset_expressions', 'dataset_produces_1', 'conditional_dataset_and_time_based_timetable', 'dataset_produces_2', 'dataset_consumes_1_never_scheduled', 'dataset_consumes_1', 'consume_1_and_2_with_dataset_expressions', 'dataset_consumes_unknown_never_scheduled' retrieved from /home/airflow/.local/lib/python3.12/site-packages/airflow/example_dags/example_datasets.py
[2024-11-12T03:40:57.549+0000] {logging_mixin.py:190} INFO - [2024-11-12T03:40:57.549+0000] {dag.py:3239} INFO - Sync 10 DAGs
[2024-11-12T03:40:57.568+0000] {logging_mixin.py:190} INFO - [2024-11-12T03:40:57.567+0000] {dag.py:4180} INFO - Setting next_dagrun for conditional_dataset_and_time_based_timetable to 2024-11-06 01:00:00+00:00, run_after=2024-11-06 01:00:00+00:00
[2024-11-12T03:40:57.572+0000] {logging_mixin.py:190} INFO - [2024-11-12T03:40:57.572+0000] {dag.py:4180} INFO - Setting next_dagrun for consume_1_and_2_with_dataset_expressions to None, run_after=None
[2024-11-12T03:40:57.573+0000] {logging_mixin.py:190} INFO - [2024-11-12T03:40:57.573+0000] {dag.py:4180} INFO - Setting next_dagrun for consume_1_or_2_with_dataset_expressions to None, run_after=None
[2024-11-12T03:40:57.574+0000] {logging_mixin.py:190} INFO - [2024-11-12T03:40:57.574+0000] {dag.py:4180} INFO - Setting next_dagrun for consume_1_or_both_2_and_3_with_dataset_expressions to None, run_after=None
[2024-11-12T03:40:57.575+0000] {logging_mixin.py:190} INFO - [2024-11-12T03:40:57.575+0000] {dag.py:4180} INFO - Setting next_dagrun for dataset_consumes_1 to None, run_after=None
[2024-11-12T03:40:57.577+0000] {logging_mixin.py:190} INFO - [2024-11-12T03:40:57.577+0000] {dag.py:4180} INFO - Setting next_dagrun for dataset_consumes_1_and_2 to None, run_after=None
[2024-11-12T03:40:57.579+0000] {logging_mixin.py:190} INFO - [2024-11-12T03:40:57.579+0000] {dag.py:4180} INFO - Setting next_dagrun for dataset_consumes_1_never_scheduled to None, run_after=None
[2024-11-12T03:40:57.580+0000] {logging_mixin.py:190} INFO - [2024-11-12T03:40:57.580+0000] {dag.py:4180} INFO - Setting next_dagrun for dataset_consumes_unknown_never_scheduled to None, run_after=None
[2024-11-12T03:40:57.582+0000] {logging_mixin.py:190} INFO - [2024-11-12T03:40:57.582+0000] {dag.py:4180} INFO - Setting next_dagrun for dataset_produces_1 to 2024-11-11 00:00:00+00:00, run_after=2024-11-12 00:00:00+00:00
[2024-11-12T03:40:57.583+0000] {logging_mixin.py:190} INFO - [2024-11-12T03:40:57.583+0000] {dag.py:4180} INFO - Setting next_dagrun for dataset_produces_2 to None, run_after=None
[2024-11-12T03:40:57.612+0000] {processor.py:208} INFO - Processing /home/airflow/.local/lib/python3.12/site-packages/airflow/example_dags/example_datasets.py took 0.596 seconds
