[2024-11-12T03:33:21.639+0000] {processor.py:186} INFO - Started process (PID=64) to work on /home/airflow/.local/lib/python3.12/site-packages/airflow/example_dags/example_task_group_decorator.py
[2024-11-12T03:33:21.641+0000] {processor.py:914} INFO - Processing file /home/airflow/.local/lib/python3.12/site-packages/airflow/example_dags/example_task_group_decorator.py for tasks to queue
[2024-11-12T03:33:21.644+0000] {logging_mixin.py:190} INFO - [2024-11-12T03:33:21.643+0000] {dagbag.py:588} INFO - Filling up the DagBag from /home/airflow/.local/lib/python3.12/site-packages/airflow/example_dags/example_task_group_decorator.py
[2024-11-12T03:33:21.710+0000] {processor.py:925} INFO - DAG(s) 'example_task_group_decorator' retrieved from /home/airflow/.local/lib/python3.12/site-packages/airflow/example_dags/example_task_group_decorator.py
[2024-11-12T03:33:22.003+0000] {logging_mixin.py:190} INFO - [2024-11-12T03:33:22.001+0000] {override.py:1911} INFO - Created Permission View: can read on DAG:example_task_group_decorator
[2024-11-12T03:33:22.014+0000] {logging_mixin.py:190} INFO - [2024-11-12T03:33:22.014+0000] {override.py:1911} INFO - Created Permission View: can delete on DAG:example_task_group_decorator
[2024-11-12T03:33:22.022+0000] {logging_mixin.py:190} INFO - [2024-11-12T03:33:22.022+0000] {override.py:1911} INFO - Created Permission View: can edit on DAG:example_task_group_decorator
[2024-11-12T03:33:22.039+0000] {logging_mixin.py:190} INFO - [2024-11-12T03:33:22.038+0000] {override.py:1911} INFO - Created Permission View: can read on DAG Run:example_task_group_decorator
[2024-11-12T03:33:22.047+0000] {logging_mixin.py:190} INFO - [2024-11-12T03:33:22.047+0000] {override.py:1911} INFO - Created Permission View: can create on DAG Run:example_task_group_decorator
[2024-11-12T03:33:22.055+0000] {logging_mixin.py:190} INFO - [2024-11-12T03:33:22.055+0000] {override.py:1911} INFO - Created Permission View: can delete on DAG Run:example_task_group_decorator
[2024-11-12T03:33:22.062+0000] {logging_mixin.py:190} INFO - [2024-11-12T03:33:22.062+0000] {override.py:1911} INFO - Created Permission View: menu access on DAG Run:example_task_group_decorator
[2024-11-12T03:33:22.063+0000] {logging_mixin.py:190} INFO - [2024-11-12T03:33:22.063+0000] {dag.py:3239} INFO - Sync 1 DAGs
[2024-11-12T03:33:22.077+0000] {logging_mixin.py:190} INFO - [2024-11-12T03:33:22.076+0000] {dag.py:3262} INFO - Creating ORM DAG for example_task_group_decorator
[2024-11-12T03:33:22.078+0000] {logging_mixin.py:190} INFO - [2024-11-12T03:33:22.077+0000] {dag.py:4180} INFO - Setting next_dagrun for example_task_group_decorator to None, run_after=None
[2024-11-12T03:33:22.096+0000] {processor.py:208} INFO - Processing /home/airflow/.local/lib/python3.12/site-packages/airflow/example_dags/example_task_group_decorator.py took 0.463 seconds
[2024-11-12T03:33:52.946+0000] {processor.py:186} INFO - Started process (PID=127) to work on /home/airflow/.local/lib/python3.12/site-packages/airflow/example_dags/example_task_group_decorator.py
[2024-11-12T03:33:52.949+0000] {processor.py:914} INFO - Processing file /home/airflow/.local/lib/python3.12/site-packages/airflow/example_dags/example_task_group_decorator.py for tasks to queue
[2024-11-12T03:33:52.953+0000] {logging_mixin.py:190} INFO - [2024-11-12T03:33:52.953+0000] {dagbag.py:588} INFO - Filling up the DagBag from /home/airflow/.local/lib/python3.12/site-packages/airflow/example_dags/example_task_group_decorator.py
[2024-11-12T03:33:52.970+0000] {processor.py:925} INFO - DAG(s) 'example_task_group_decorator' retrieved from /home/airflow/.local/lib/python3.12/site-packages/airflow/example_dags/example_task_group_decorator.py
[2024-11-12T03:33:52.991+0000] {logging_mixin.py:190} INFO - [2024-11-12T03:33:52.991+0000] {dag.py:3239} INFO - Sync 1 DAGs
[2024-11-12T03:33:53.002+0000] {logging_mixin.py:190} INFO - [2024-11-12T03:33:53.002+0000] {dag.py:4180} INFO - Setting next_dagrun for example_task_group_decorator to None, run_after=None
[2024-11-12T03:33:53.020+0000] {processor.py:208} INFO - Processing /home/airflow/.local/lib/python3.12/site-packages/airflow/example_dags/example_task_group_decorator.py took 0.083 seconds
[2024-11-12T03:34:23.485+0000] {processor.py:186} INFO - Started process (PID=190) to work on /home/airflow/.local/lib/python3.12/site-packages/airflow/example_dags/example_task_group_decorator.py
[2024-11-12T03:34:23.486+0000] {processor.py:914} INFO - Processing file /home/airflow/.local/lib/python3.12/site-packages/airflow/example_dags/example_task_group_decorator.py for tasks to queue
[2024-11-12T03:34:23.490+0000] {logging_mixin.py:190} INFO - [2024-11-12T03:34:23.490+0000] {dagbag.py:588} INFO - Filling up the DagBag from /home/airflow/.local/lib/python3.12/site-packages/airflow/example_dags/example_task_group_decorator.py
[2024-11-12T03:34:23.500+0000] {processor.py:925} INFO - DAG(s) 'example_task_group_decorator' retrieved from /home/airflow/.local/lib/python3.12/site-packages/airflow/example_dags/example_task_group_decorator.py
[2024-11-12T03:34:23.519+0000] {logging_mixin.py:190} INFO - [2024-11-12T03:34:23.518+0000] {dag.py:3239} INFO - Sync 1 DAGs
[2024-11-12T03:34:23.529+0000] {logging_mixin.py:190} INFO - [2024-11-12T03:34:23.529+0000] {dag.py:4180} INFO - Setting next_dagrun for example_task_group_decorator to None, run_after=None
[2024-11-12T03:34:23.547+0000] {processor.py:208} INFO - Processing /home/airflow/.local/lib/python3.12/site-packages/airflow/example_dags/example_task_group_decorator.py took 0.068 seconds
[2024-11-12T03:34:54.078+0000] {processor.py:186} INFO - Started process (PID=253) to work on /home/airflow/.local/lib/python3.12/site-packages/airflow/example_dags/example_task_group_decorator.py
[2024-11-12T03:34:54.080+0000] {processor.py:914} INFO - Processing file /home/airflow/.local/lib/python3.12/site-packages/airflow/example_dags/example_task_group_decorator.py for tasks to queue
[2024-11-12T03:34:54.082+0000] {logging_mixin.py:190} INFO - [2024-11-12T03:34:54.082+0000] {dagbag.py:588} INFO - Filling up the DagBag from /home/airflow/.local/lib/python3.12/site-packages/airflow/example_dags/example_task_group_decorator.py
[2024-11-12T03:34:54.094+0000] {processor.py:925} INFO - DAG(s) 'example_task_group_decorator' retrieved from /home/airflow/.local/lib/python3.12/site-packages/airflow/example_dags/example_task_group_decorator.py
[2024-11-12T03:34:54.116+0000] {logging_mixin.py:190} INFO - [2024-11-12T03:34:54.116+0000] {dag.py:3239} INFO - Sync 1 DAGs
[2024-11-12T03:34:54.129+0000] {logging_mixin.py:190} INFO - [2024-11-12T03:34:54.129+0000] {dag.py:4180} INFO - Setting next_dagrun for example_task_group_decorator to None, run_after=None
[2024-11-12T03:34:54.151+0000] {processor.py:208} INFO - Processing /home/airflow/.local/lib/python3.12/site-packages/airflow/example_dags/example_task_group_decorator.py took 0.078 seconds
[2024-11-12T03:35:24.909+0000] {processor.py:186} INFO - Started process (PID=315) to work on /home/airflow/.local/lib/python3.12/site-packages/airflow/example_dags/example_task_group_decorator.py
[2024-11-12T03:35:24.910+0000] {processor.py:914} INFO - Processing file /home/airflow/.local/lib/python3.12/site-packages/airflow/example_dags/example_task_group_decorator.py for tasks to queue
[2024-11-12T03:35:24.913+0000] {logging_mixin.py:190} INFO - [2024-11-12T03:35:24.913+0000] {dagbag.py:588} INFO - Filling up the DagBag from /home/airflow/.local/lib/python3.12/site-packages/airflow/example_dags/example_task_group_decorator.py
[2024-11-12T03:35:24.924+0000] {processor.py:925} INFO - DAG(s) 'example_task_group_decorator' retrieved from /home/airflow/.local/lib/python3.12/site-packages/airflow/example_dags/example_task_group_decorator.py
[2024-11-12T03:35:24.944+0000] {logging_mixin.py:190} INFO - [2024-11-12T03:35:24.944+0000] {dag.py:3239} INFO - Sync 1 DAGs
[2024-11-12T03:35:24.957+0000] {logging_mixin.py:190} INFO - [2024-11-12T03:35:24.957+0000] {dag.py:4180} INFO - Setting next_dagrun for example_task_group_decorator to None, run_after=None
[2024-11-12T03:35:24.974+0000] {processor.py:208} INFO - Processing /home/airflow/.local/lib/python3.12/site-packages/airflow/example_dags/example_task_group_decorator.py took 0.070 seconds
[2024-11-12T03:35:55.375+0000] {processor.py:186} INFO - Started process (PID=378) to work on /home/airflow/.local/lib/python3.12/site-packages/airflow/example_dags/example_task_group_decorator.py
[2024-11-12T03:35:55.376+0000] {processor.py:914} INFO - Processing file /home/airflow/.local/lib/python3.12/site-packages/airflow/example_dags/example_task_group_decorator.py for tasks to queue
[2024-11-12T03:35:55.379+0000] {logging_mixin.py:190} INFO - [2024-11-12T03:35:55.378+0000] {dagbag.py:588} INFO - Filling up the DagBag from /home/airflow/.local/lib/python3.12/site-packages/airflow/example_dags/example_task_group_decorator.py
[2024-11-12T03:35:55.390+0000] {processor.py:925} INFO - DAG(s) 'example_task_group_decorator' retrieved from /home/airflow/.local/lib/python3.12/site-packages/airflow/example_dags/example_task_group_decorator.py
[2024-11-12T03:35:55.409+0000] {logging_mixin.py:190} INFO - [2024-11-12T03:35:55.409+0000] {dag.py:3239} INFO - Sync 1 DAGs
[2024-11-12T03:35:55.420+0000] {logging_mixin.py:190} INFO - [2024-11-12T03:35:55.420+0000] {dag.py:4180} INFO - Setting next_dagrun for example_task_group_decorator to None, run_after=None
[2024-11-12T03:35:55.438+0000] {processor.py:208} INFO - Processing /home/airflow/.local/lib/python3.12/site-packages/airflow/example_dags/example_task_group_decorator.py took 0.067 seconds
[2024-11-12T03:36:25.775+0000] {processor.py:186} INFO - Started process (PID=447) to work on /home/airflow/.local/lib/python3.12/site-packages/airflow/example_dags/example_task_group_decorator.py
[2024-11-12T03:36:25.776+0000] {processor.py:914} INFO - Processing file /home/airflow/.local/lib/python3.12/site-packages/airflow/example_dags/example_task_group_decorator.py for tasks to queue
[2024-11-12T03:36:25.778+0000] {logging_mixin.py:190} INFO - [2024-11-12T03:36:25.778+0000] {dagbag.py:588} INFO - Filling up the DagBag from /home/airflow/.local/lib/python3.12/site-packages/airflow/example_dags/example_task_group_decorator.py
[2024-11-12T03:36:25.792+0000] {processor.py:925} INFO - DAG(s) 'example_task_group_decorator' retrieved from /home/airflow/.local/lib/python3.12/site-packages/airflow/example_dags/example_task_group_decorator.py
[2024-11-12T03:36:25.814+0000] {logging_mixin.py:190} INFO - [2024-11-12T03:36:25.814+0000] {dag.py:3239} INFO - Sync 1 DAGs
[2024-11-12T03:36:25.825+0000] {logging_mixin.py:190} INFO - [2024-11-12T03:36:25.825+0000] {dag.py:4180} INFO - Setting next_dagrun for example_task_group_decorator to None, run_after=None
[2024-11-12T03:36:25.842+0000] {processor.py:208} INFO - Processing /home/airflow/.local/lib/python3.12/site-packages/airflow/example_dags/example_task_group_decorator.py took 0.075 seconds
[2024-11-12T03:36:55.927+0000] {processor.py:186} INFO - Started process (PID=510) to work on /home/airflow/.local/lib/python3.12/site-packages/airflow/example_dags/example_task_group_decorator.py
[2024-11-12T03:36:55.928+0000] {processor.py:914} INFO - Processing file /home/airflow/.local/lib/python3.12/site-packages/airflow/example_dags/example_task_group_decorator.py for tasks to queue
[2024-11-12T03:36:55.931+0000] {logging_mixin.py:190} INFO - [2024-11-12T03:36:55.931+0000] {dagbag.py:588} INFO - Filling up the DagBag from /home/airflow/.local/lib/python3.12/site-packages/airflow/example_dags/example_task_group_decorator.py
[2024-11-12T03:36:55.942+0000] {processor.py:925} INFO - DAG(s) 'example_task_group_decorator' retrieved from /home/airflow/.local/lib/python3.12/site-packages/airflow/example_dags/example_task_group_decorator.py
[2024-11-12T03:36:55.963+0000] {logging_mixin.py:190} INFO - [2024-11-12T03:36:55.963+0000] {dag.py:3239} INFO - Sync 1 DAGs
[2024-11-12T03:36:55.975+0000] {logging_mixin.py:190} INFO - [2024-11-12T03:36:55.974+0000] {dag.py:4180} INFO - Setting next_dagrun for example_task_group_decorator to None, run_after=None
[2024-11-12T03:36:55.994+0000] {processor.py:208} INFO - Processing /home/airflow/.local/lib/python3.12/site-packages/airflow/example_dags/example_task_group_decorator.py took 0.071 seconds
[2024-11-12T03:37:26.799+0000] {processor.py:186} INFO - Started process (PID=573) to work on /home/airflow/.local/lib/python3.12/site-packages/airflow/example_dags/example_task_group_decorator.py
[2024-11-12T03:37:26.800+0000] {processor.py:914} INFO - Processing file /home/airflow/.local/lib/python3.12/site-packages/airflow/example_dags/example_task_group_decorator.py for tasks to queue
[2024-11-12T03:37:26.804+0000] {logging_mixin.py:190} INFO - [2024-11-12T03:37:26.803+0000] {dagbag.py:588} INFO - Filling up the DagBag from /home/airflow/.local/lib/python3.12/site-packages/airflow/example_dags/example_task_group_decorator.py
[2024-11-12T03:37:26.819+0000] {processor.py:925} INFO - DAG(s) 'example_task_group_decorator' retrieved from /home/airflow/.local/lib/python3.12/site-packages/airflow/example_dags/example_task_group_decorator.py
[2024-11-12T03:37:26.840+0000] {logging_mixin.py:190} INFO - [2024-11-12T03:37:26.839+0000] {dag.py:3239} INFO - Sync 1 DAGs
[2024-11-12T03:37:26.854+0000] {logging_mixin.py:190} INFO - [2024-11-12T03:37:26.853+0000] {dag.py:4180} INFO - Setting next_dagrun for example_task_group_decorator to None, run_after=None
[2024-11-12T03:37:26.876+0000] {processor.py:208} INFO - Processing /home/airflow/.local/lib/python3.12/site-packages/airflow/example_dags/example_task_group_decorator.py took 0.084 seconds
[2024-11-12T03:39:54.479+0000] {processor.py:186} INFO - Started process (PID=51) to work on /home/airflow/.local/lib/python3.12/site-packages/airflow/example_dags/example_task_group_decorator.py
[2024-11-12T03:39:54.481+0000] {processor.py:914} INFO - Processing file /home/airflow/.local/lib/python3.12/site-packages/airflow/example_dags/example_task_group_decorator.py for tasks to queue
[2024-11-12T03:39:54.484+0000] {logging_mixin.py:190} INFO - [2024-11-12T03:39:54.483+0000] {dagbag.py:588} INFO - Filling up the DagBag from /home/airflow/.local/lib/python3.12/site-packages/airflow/example_dags/example_task_group_decorator.py
[2024-11-12T03:39:54.497+0000] {processor.py:925} INFO - DAG(s) 'example_task_group_decorator' retrieved from /home/airflow/.local/lib/python3.12/site-packages/airflow/example_dags/example_task_group_decorator.py
[2024-11-12T03:39:54.526+0000] {logging_mixin.py:190} INFO - [2024-11-12T03:39:54.526+0000] {dag.py:3239} INFO - Sync 1 DAGs
[2024-11-12T03:39:54.537+0000] {logging_mixin.py:190} INFO - [2024-11-12T03:39:54.537+0000] {dag.py:4180} INFO - Setting next_dagrun for example_task_group_decorator to None, run_after=None
[2024-11-12T03:39:54.559+0000] {processor.py:208} INFO - Processing /home/airflow/.local/lib/python3.12/site-packages/airflow/example_dags/example_task_group_decorator.py took 0.085 seconds
[2024-11-12T03:40:24.610+0000] {processor.py:186} INFO - Started process (PID=114) to work on /home/airflow/.local/lib/python3.12/site-packages/airflow/example_dags/example_task_group_decorator.py
[2024-11-12T03:40:24.611+0000] {processor.py:914} INFO - Processing file /home/airflow/.local/lib/python3.12/site-packages/airflow/example_dags/example_task_group_decorator.py for tasks to queue
[2024-11-12T03:40:24.613+0000] {logging_mixin.py:190} INFO - [2024-11-12T03:40:24.613+0000] {dagbag.py:588} INFO - Filling up the DagBag from /home/airflow/.local/lib/python3.12/site-packages/airflow/example_dags/example_task_group_decorator.py
[2024-11-12T03:40:24.623+0000] {processor.py:925} INFO - DAG(s) 'example_task_group_decorator' retrieved from /home/airflow/.local/lib/python3.12/site-packages/airflow/example_dags/example_task_group_decorator.py
[2024-11-12T03:40:24.641+0000] {logging_mixin.py:190} INFO - [2024-11-12T03:40:24.641+0000] {dag.py:3239} INFO - Sync 1 DAGs
[2024-11-12T03:40:24.654+0000] {logging_mixin.py:190} INFO - [2024-11-12T03:40:24.654+0000] {dag.py:4180} INFO - Setting next_dagrun for example_task_group_decorator to None, run_after=None
[2024-11-12T03:40:24.670+0000] {processor.py:208} INFO - Processing /home/airflow/.local/lib/python3.12/site-packages/airflow/example_dags/example_task_group_decorator.py took 0.063 seconds
[2024-11-12T03:40:55.015+0000] {processor.py:186} INFO - Started process (PID=177) to work on /home/airflow/.local/lib/python3.12/site-packages/airflow/example_dags/example_task_group_decorator.py
[2024-11-12T03:40:55.016+0000] {processor.py:914} INFO - Processing file /home/airflow/.local/lib/python3.12/site-packages/airflow/example_dags/example_task_group_decorator.py for tasks to queue
[2024-11-12T03:40:55.018+0000] {logging_mixin.py:190} INFO - [2024-11-12T03:40:55.018+0000] {dagbag.py:588} INFO - Filling up the DagBag from /home/airflow/.local/lib/python3.12/site-packages/airflow/example_dags/example_task_group_decorator.py
[2024-11-12T03:40:55.029+0000] {processor.py:925} INFO - DAG(s) 'example_task_group_decorator' retrieved from /home/airflow/.local/lib/python3.12/site-packages/airflow/example_dags/example_task_group_decorator.py
[2024-11-12T03:40:55.046+0000] {logging_mixin.py:190} INFO - [2024-11-12T03:40:55.046+0000] {dag.py:3239} INFO - Sync 1 DAGs
[2024-11-12T03:40:55.056+0000] {logging_mixin.py:190} INFO - [2024-11-12T03:40:55.056+0000] {dag.py:4180} INFO - Setting next_dagrun for example_task_group_decorator to None, run_after=None
[2024-11-12T03:40:55.073+0000] {processor.py:208} INFO - Processing /home/airflow/.local/lib/python3.12/site-packages/airflow/example_dags/example_task_group_decorator.py took 0.062 seconds
