[2024-11-12T03:33:25.136+0000] {processor.py:186} INFO - Started process (PID=79) to work on /home/airflow/.local/lib/python3.12/site-packages/airflow/example_dags/example_xcomargs.py
[2024-11-12T03:33:25.137+0000] {processor.py:914} INFO - Processing file /home/airflow/.local/lib/python3.12/site-packages/airflow/example_dags/example_xcomargs.py for tasks to queue
[2024-11-12T03:33:25.139+0000] {logging_mixin.py:190} INFO - [2024-11-12T03:33:25.139+0000] {dagbag.py:588} INFO - Filling up the DagBag from /home/airflow/.local/lib/python3.12/site-packages/airflow/example_dags/example_xcomargs.py
[2024-11-12T03:33:25.157+0000] {processor.py:925} INFO - DAG(s) 'example_xcom_args', 'example_xcom_args_with_operators' retrieved from /home/airflow/.local/lib/python3.12/site-packages/airflow/example_dags/example_xcomargs.py
[2024-11-12T03:33:25.238+0000] {logging_mixin.py:190} INFO - [2024-11-12T03:33:25.238+0000] {override.py:1911} INFO - Created Permission View: can read on DAG:example_xcom_args
[2024-11-12T03:33:25.249+0000] {logging_mixin.py:190} INFO - [2024-11-12T03:33:25.249+0000] {override.py:1911} INFO - Created Permission View: can delete on DAG:example_xcom_args
[2024-11-12T03:33:25.256+0000] {logging_mixin.py:190} INFO - [2024-11-12T03:33:25.255+0000] {override.py:1911} INFO - Created Permission View: can edit on DAG:example_xcom_args
[2024-11-12T03:33:25.264+0000] {logging_mixin.py:190} INFO - [2024-11-12T03:33:25.263+0000] {override.py:1911} INFO - Created Permission View: can read on DAG Run:example_xcom_args
[2024-11-12T03:33:25.271+0000] {logging_mixin.py:190} INFO - [2024-11-12T03:33:25.271+0000] {override.py:1911} INFO - Created Permission View: can create on DAG Run:example_xcom_args
[2024-11-12T03:33:25.278+0000] {logging_mixin.py:190} INFO - [2024-11-12T03:33:25.278+0000] {override.py:1911} INFO - Created Permission View: can delete on DAG Run:example_xcom_args
[2024-11-12T03:33:25.287+0000] {logging_mixin.py:190} INFO - [2024-11-12T03:33:25.287+0000] {override.py:1911} INFO - Created Permission View: menu access on DAG Run:example_xcom_args
[2024-11-12T03:33:25.301+0000] {logging_mixin.py:190} INFO - [2024-11-12T03:33:25.301+0000] {override.py:1911} INFO - Created Permission View: can read on DAG:example_xcom_args_with_operators
[2024-11-12T03:33:25.308+0000] {logging_mixin.py:190} INFO - [2024-11-12T03:33:25.308+0000] {override.py:1911} INFO - Created Permission View: can delete on DAG:example_xcom_args_with_operators
[2024-11-12T03:33:25.314+0000] {logging_mixin.py:190} INFO - [2024-11-12T03:33:25.314+0000] {override.py:1911} INFO - Created Permission View: can edit on DAG:example_xcom_args_with_operators
[2024-11-12T03:33:25.326+0000] {logging_mixin.py:190} INFO - [2024-11-12T03:33:25.326+0000] {override.py:1911} INFO - Created Permission View: can read on DAG Run:example_xcom_args_with_operators
[2024-11-12T03:33:25.333+0000] {logging_mixin.py:190} INFO - [2024-11-12T03:33:25.333+0000] {override.py:1911} INFO - Created Permission View: can create on DAG Run:example_xcom_args_with_operators
[2024-11-12T03:33:25.339+0000] {logging_mixin.py:190} INFO - [2024-11-12T03:33:25.339+0000] {override.py:1911} INFO - Created Permission View: can delete on DAG Run:example_xcom_args_with_operators
[2024-11-12T03:33:25.345+0000] {logging_mixin.py:190} INFO - [2024-11-12T03:33:25.345+0000] {override.py:1911} INFO - Created Permission View: menu access on DAG Run:example_xcom_args_with_operators
[2024-11-12T03:33:25.346+0000] {logging_mixin.py:190} INFO - [2024-11-12T03:33:25.345+0000] {dag.py:3239} INFO - Sync 2 DAGs
[2024-11-12T03:33:25.355+0000] {logging_mixin.py:190} INFO - [2024-11-12T03:33:25.355+0000] {dag.py:3262} INFO - Creating ORM DAG for example_xcom_args
[2024-11-12T03:33:25.356+0000] {logging_mixin.py:190} INFO - [2024-11-12T03:33:25.356+0000] {dag.py:3262} INFO - Creating ORM DAG for example_xcom_args_with_operators
[2024-11-12T03:33:25.357+0000] {logging_mixin.py:190} INFO - [2024-11-12T03:33:25.357+0000] {dag.py:4180} INFO - Setting next_dagrun for example_xcom_args to None, run_after=None
[2024-11-12T03:33:25.358+0000] {logging_mixin.py:190} INFO - [2024-11-12T03:33:25.358+0000] {dag.py:4180} INFO - Setting next_dagrun for example_xcom_args_with_operators to None, run_after=None
[2024-11-12T03:33:25.374+0000] {processor.py:208} INFO - Processing /home/airflow/.local/lib/python3.12/site-packages/airflow/example_dags/example_xcomargs.py took 0.243 seconds
[2024-11-12T03:33:56.093+0000] {processor.py:186} INFO - Started process (PID=148) to work on /home/airflow/.local/lib/python3.12/site-packages/airflow/example_dags/example_xcomargs.py
[2024-11-12T03:33:56.094+0000] {processor.py:914} INFO - Processing file /home/airflow/.local/lib/python3.12/site-packages/airflow/example_dags/example_xcomargs.py for tasks to queue
[2024-11-12T03:33:56.096+0000] {logging_mixin.py:190} INFO - [2024-11-12T03:33:56.096+0000] {dagbag.py:588} INFO - Filling up the DagBag from /home/airflow/.local/lib/python3.12/site-packages/airflow/example_dags/example_xcomargs.py
[2024-11-12T03:33:56.103+0000] {processor.py:925} INFO - DAG(s) 'example_xcom_args_with_operators', 'example_xcom_args' retrieved from /home/airflow/.local/lib/python3.12/site-packages/airflow/example_dags/example_xcomargs.py
[2024-11-12T03:33:56.121+0000] {logging_mixin.py:190} INFO - [2024-11-12T03:33:56.121+0000] {dag.py:3239} INFO - Sync 2 DAGs
[2024-11-12T03:33:56.132+0000] {logging_mixin.py:190} INFO - [2024-11-12T03:33:56.131+0000] {dag.py:4180} INFO - Setting next_dagrun for example_xcom_args to None, run_after=None
[2024-11-12T03:33:56.135+0000] {logging_mixin.py:190} INFO - [2024-11-12T03:33:56.135+0000] {dag.py:4180} INFO - Setting next_dagrun for example_xcom_args_with_operators to None, run_after=None
[2024-11-12T03:33:56.148+0000] {processor.py:208} INFO - Processing /home/airflow/.local/lib/python3.12/site-packages/airflow/example_dags/example_xcomargs.py took 0.059 seconds
[2024-11-12T03:34:26.927+0000] {processor.py:186} INFO - Started process (PID=211) to work on /home/airflow/.local/lib/python3.12/site-packages/airflow/example_dags/example_xcomargs.py
[2024-11-12T03:34:26.929+0000] {processor.py:914} INFO - Processing file /home/airflow/.local/lib/python3.12/site-packages/airflow/example_dags/example_xcomargs.py for tasks to queue
[2024-11-12T03:34:26.931+0000] {logging_mixin.py:190} INFO - [2024-11-12T03:34:26.930+0000] {dagbag.py:588} INFO - Filling up the DagBag from /home/airflow/.local/lib/python3.12/site-packages/airflow/example_dags/example_xcomargs.py
[2024-11-12T03:34:26.938+0000] {processor.py:925} INFO - DAG(s) 'example_xcom_args_with_operators', 'example_xcom_args' retrieved from /home/airflow/.local/lib/python3.12/site-packages/airflow/example_dags/example_xcomargs.py
[2024-11-12T03:34:26.957+0000] {logging_mixin.py:190} INFO - [2024-11-12T03:34:26.957+0000] {dag.py:3239} INFO - Sync 2 DAGs
[2024-11-12T03:34:26.969+0000] {logging_mixin.py:190} INFO - [2024-11-12T03:34:26.968+0000] {dag.py:4180} INFO - Setting next_dagrun for example_xcom_args to None, run_after=None
[2024-11-12T03:34:26.972+0000] {logging_mixin.py:190} INFO - [2024-11-12T03:34:26.972+0000] {dag.py:4180} INFO - Setting next_dagrun for example_xcom_args_with_operators to None, run_after=None
[2024-11-12T03:34:27.027+0000] {processor.py:208} INFO - Processing /home/airflow/.local/lib/python3.12/site-packages/airflow/example_dags/example_xcomargs.py took 0.105 seconds
[2024-11-12T03:34:57.304+0000] {processor.py:186} INFO - Started process (PID=272) to work on /home/airflow/.local/lib/python3.12/site-packages/airflow/example_dags/example_xcomargs.py
[2024-11-12T03:34:57.305+0000] {processor.py:914} INFO - Processing file /home/airflow/.local/lib/python3.12/site-packages/airflow/example_dags/example_xcomargs.py for tasks to queue
[2024-11-12T03:34:57.308+0000] {logging_mixin.py:190} INFO - [2024-11-12T03:34:57.307+0000] {dagbag.py:588} INFO - Filling up the DagBag from /home/airflow/.local/lib/python3.12/site-packages/airflow/example_dags/example_xcomargs.py
[2024-11-12T03:34:57.317+0000] {processor.py:925} INFO - DAG(s) 'example_xcom_args', 'example_xcom_args_with_operators' retrieved from /home/airflow/.local/lib/python3.12/site-packages/airflow/example_dags/example_xcomargs.py
[2024-11-12T03:34:57.338+0000] {logging_mixin.py:190} INFO - [2024-11-12T03:34:57.337+0000] {dag.py:3239} INFO - Sync 2 DAGs
[2024-11-12T03:34:57.350+0000] {logging_mixin.py:190} INFO - [2024-11-12T03:34:57.350+0000] {dag.py:4180} INFO - Setting next_dagrun for example_xcom_args to None, run_after=None
[2024-11-12T03:34:57.353+0000] {logging_mixin.py:190} INFO - [2024-11-12T03:34:57.353+0000] {dag.py:4180} INFO - Setting next_dagrun for example_xcom_args_with_operators to None, run_after=None
[2024-11-12T03:34:57.369+0000] {processor.py:208} INFO - Processing /home/airflow/.local/lib/python3.12/site-packages/airflow/example_dags/example_xcomargs.py took 0.070 seconds
[2024-11-12T03:35:27.796+0000] {processor.py:186} INFO - Started process (PID=335) to work on /home/airflow/.local/lib/python3.12/site-packages/airflow/example_dags/example_xcomargs.py
[2024-11-12T03:35:27.797+0000] {processor.py:914} INFO - Processing file /home/airflow/.local/lib/python3.12/site-packages/airflow/example_dags/example_xcomargs.py for tasks to queue
[2024-11-12T03:35:27.799+0000] {logging_mixin.py:190} INFO - [2024-11-12T03:35:27.799+0000] {dagbag.py:588} INFO - Filling up the DagBag from /home/airflow/.local/lib/python3.12/site-packages/airflow/example_dags/example_xcomargs.py
[2024-11-12T03:35:27.810+0000] {processor.py:925} INFO - DAG(s) 'example_xcom_args', 'example_xcom_args_with_operators' retrieved from /home/airflow/.local/lib/python3.12/site-packages/airflow/example_dags/example_xcomargs.py
[2024-11-12T03:35:27.833+0000] {logging_mixin.py:190} INFO - [2024-11-12T03:35:27.833+0000] {dag.py:3239} INFO - Sync 2 DAGs
[2024-11-12T03:35:27.846+0000] {logging_mixin.py:190} INFO - [2024-11-12T03:35:27.846+0000] {dag.py:4180} INFO - Setting next_dagrun for example_xcom_args to None, run_after=None
[2024-11-12T03:35:27.850+0000] {logging_mixin.py:190} INFO - [2024-11-12T03:35:27.850+0000] {dag.py:4180} INFO - Setting next_dagrun for example_xcom_args_with_operators to None, run_after=None
[2024-11-12T03:35:27.865+0000] {processor.py:208} INFO - Processing /home/airflow/.local/lib/python3.12/site-packages/airflow/example_dags/example_xcomargs.py took 0.075 seconds
[2024-11-12T03:35:58.067+0000] {processor.py:186} INFO - Started process (PID=397) to work on /home/airflow/.local/lib/python3.12/site-packages/airflow/example_dags/example_xcomargs.py
[2024-11-12T03:35:58.069+0000] {processor.py:914} INFO - Processing file /home/airflow/.local/lib/python3.12/site-packages/airflow/example_dags/example_xcomargs.py for tasks to queue
[2024-11-12T03:35:58.072+0000] {logging_mixin.py:190} INFO - [2024-11-12T03:35:58.071+0000] {dagbag.py:588} INFO - Filling up the DagBag from /home/airflow/.local/lib/python3.12/site-packages/airflow/example_dags/example_xcomargs.py
[2024-11-12T03:35:58.081+0000] {processor.py:925} INFO - DAG(s) 'example_xcom_args', 'example_xcom_args_with_operators' retrieved from /home/airflow/.local/lib/python3.12/site-packages/airflow/example_dags/example_xcomargs.py
[2024-11-12T03:35:58.104+0000] {logging_mixin.py:190} INFO - [2024-11-12T03:35:58.104+0000] {dag.py:3239} INFO - Sync 2 DAGs
[2024-11-12T03:35:58.120+0000] {logging_mixin.py:190} INFO - [2024-11-12T03:35:58.120+0000] {dag.py:4180} INFO - Setting next_dagrun for example_xcom_args to None, run_after=None
[2024-11-12T03:35:58.126+0000] {logging_mixin.py:190} INFO - [2024-11-12T03:35:58.126+0000] {dag.py:4180} INFO - Setting next_dagrun for example_xcom_args_with_operators to None, run_after=None
[2024-11-12T03:35:58.143+0000] {processor.py:208} INFO - Processing /home/airflow/.local/lib/python3.12/site-packages/airflow/example_dags/example_xcomargs.py took 0.080 seconds
[2024-11-12T03:36:28.641+0000] {processor.py:186} INFO - Started process (PID=460) to work on /home/airflow/.local/lib/python3.12/site-packages/airflow/example_dags/example_xcomargs.py
[2024-11-12T03:36:28.642+0000] {processor.py:914} INFO - Processing file /home/airflow/.local/lib/python3.12/site-packages/airflow/example_dags/example_xcomargs.py for tasks to queue
[2024-11-12T03:36:28.645+0000] {logging_mixin.py:190} INFO - [2024-11-12T03:36:28.645+0000] {dagbag.py:588} INFO - Filling up the DagBag from /home/airflow/.local/lib/python3.12/site-packages/airflow/example_dags/example_xcomargs.py
[2024-11-12T03:36:28.657+0000] {processor.py:925} INFO - DAG(s) 'example_xcom_args', 'example_xcom_args_with_operators' retrieved from /home/airflow/.local/lib/python3.12/site-packages/airflow/example_dags/example_xcomargs.py
[2024-11-12T03:36:28.677+0000] {logging_mixin.py:190} INFO - [2024-11-12T03:36:28.677+0000] {dag.py:3239} INFO - Sync 2 DAGs
[2024-11-12T03:36:28.695+0000] {logging_mixin.py:190} INFO - [2024-11-12T03:36:28.695+0000] {dag.py:4180} INFO - Setting next_dagrun for example_xcom_args to None, run_after=None
[2024-11-12T03:36:28.699+0000] {logging_mixin.py:190} INFO - [2024-11-12T03:36:28.699+0000] {dag.py:4180} INFO - Setting next_dagrun for example_xcom_args_with_operators to None, run_after=None
[2024-11-12T03:36:28.713+0000] {processor.py:208} INFO - Processing /home/airflow/.local/lib/python3.12/site-packages/airflow/example_dags/example_xcomargs.py took 0.080 seconds
[2024-11-12T03:36:58.820+0000] {processor.py:186} INFO - Started process (PID=523) to work on /home/airflow/.local/lib/python3.12/site-packages/airflow/example_dags/example_xcomargs.py
[2024-11-12T03:36:58.822+0000] {processor.py:914} INFO - Processing file /home/airflow/.local/lib/python3.12/site-packages/airflow/example_dags/example_xcomargs.py for tasks to queue
[2024-11-12T03:36:58.824+0000] {logging_mixin.py:190} INFO - [2024-11-12T03:36:58.824+0000] {dagbag.py:588} INFO - Filling up the DagBag from /home/airflow/.local/lib/python3.12/site-packages/airflow/example_dags/example_xcomargs.py
[2024-11-12T03:36:58.832+0000] {processor.py:925} INFO - DAG(s) 'example_xcom_args_with_operators', 'example_xcom_args' retrieved from /home/airflow/.local/lib/python3.12/site-packages/airflow/example_dags/example_xcomargs.py
[2024-11-12T03:36:58.852+0000] {logging_mixin.py:190} INFO - [2024-11-12T03:36:58.852+0000] {dag.py:3239} INFO - Sync 2 DAGs
[2024-11-12T03:36:58.863+0000] {logging_mixin.py:190} INFO - [2024-11-12T03:36:58.863+0000] {dag.py:4180} INFO - Setting next_dagrun for example_xcom_args to None, run_after=None
[2024-11-12T03:36:58.867+0000] {logging_mixin.py:190} INFO - [2024-11-12T03:36:58.866+0000] {dag.py:4180} INFO - Setting next_dagrun for example_xcom_args_with_operators to None, run_after=None
[2024-11-12T03:36:58.884+0000] {processor.py:208} INFO - Processing /home/airflow/.local/lib/python3.12/site-packages/airflow/example_dags/example_xcomargs.py took 0.070 seconds
[2024-11-12T03:37:29.714+0000] {processor.py:186} INFO - Started process (PID=586) to work on /home/airflow/.local/lib/python3.12/site-packages/airflow/example_dags/example_xcomargs.py
[2024-11-12T03:37:29.715+0000] {processor.py:914} INFO - Processing file /home/airflow/.local/lib/python3.12/site-packages/airflow/example_dags/example_xcomargs.py for tasks to queue
[2024-11-12T03:37:29.717+0000] {logging_mixin.py:190} INFO - [2024-11-12T03:37:29.717+0000] {dagbag.py:588} INFO - Filling up the DagBag from /home/airflow/.local/lib/python3.12/site-packages/airflow/example_dags/example_xcomargs.py
[2024-11-12T03:37:29.725+0000] {processor.py:925} INFO - DAG(s) 'example_xcom_args', 'example_xcom_args_with_operators' retrieved from /home/airflow/.local/lib/python3.12/site-packages/airflow/example_dags/example_xcomargs.py
[2024-11-12T03:37:29.744+0000] {logging_mixin.py:190} INFO - [2024-11-12T03:37:29.744+0000] {dag.py:3239} INFO - Sync 2 DAGs
[2024-11-12T03:37:29.755+0000] {logging_mixin.py:190} INFO - [2024-11-12T03:37:29.755+0000] {dag.py:4180} INFO - Setting next_dagrun for example_xcom_args to None, run_after=None
[2024-11-12T03:37:29.758+0000] {logging_mixin.py:190} INFO - [2024-11-12T03:37:29.758+0000] {dag.py:4180} INFO - Setting next_dagrun for example_xcom_args_with_operators to None, run_after=None
[2024-11-12T03:37:29.772+0000] {processor.py:208} INFO - Processing /home/airflow/.local/lib/python3.12/site-packages/airflow/example_dags/example_xcomargs.py took 0.067 seconds
[2024-11-12T03:39:55.930+0000] {processor.py:186} INFO - Started process (PID=66) to work on /home/airflow/.local/lib/python3.12/site-packages/airflow/example_dags/example_xcomargs.py
[2024-11-12T03:39:55.932+0000] {processor.py:914} INFO - Processing file /home/airflow/.local/lib/python3.12/site-packages/airflow/example_dags/example_xcomargs.py for tasks to queue
[2024-11-12T03:39:55.935+0000] {logging_mixin.py:190} INFO - [2024-11-12T03:39:55.934+0000] {dagbag.py:588} INFO - Filling up the DagBag from /home/airflow/.local/lib/python3.12/site-packages/airflow/example_dags/example_xcomargs.py
[2024-11-12T03:39:55.953+0000] {processor.py:925} INFO - DAG(s) 'example_xcom_args_with_operators', 'example_xcom_args' retrieved from /home/airflow/.local/lib/python3.12/site-packages/airflow/example_dags/example_xcomargs.py
[2024-11-12T03:39:56.008+0000] {logging_mixin.py:190} INFO - [2024-11-12T03:39:56.007+0000] {dag.py:3239} INFO - Sync 2 DAGs
[2024-11-12T03:39:56.034+0000] {logging_mixin.py:190} INFO - [2024-11-12T03:39:56.034+0000] {dag.py:4180} INFO - Setting next_dagrun for example_xcom_args to None, run_after=None
[2024-11-12T03:39:56.038+0000] {logging_mixin.py:190} INFO - [2024-11-12T03:39:56.038+0000] {dag.py:4180} INFO - Setting next_dagrun for example_xcom_args_with_operators to None, run_after=None
[2024-11-12T03:39:56.059+0000] {processor.py:208} INFO - Processing /home/airflow/.local/lib/python3.12/site-packages/airflow/example_dags/example_xcomargs.py took 0.140 seconds
[2024-11-12T03:40:26.689+0000] {processor.py:186} INFO - Started process (PID=135) to work on /home/airflow/.local/lib/python3.12/site-packages/airflow/example_dags/example_xcomargs.py
[2024-11-12T03:40:26.690+0000] {processor.py:914} INFO - Processing file /home/airflow/.local/lib/python3.12/site-packages/airflow/example_dags/example_xcomargs.py for tasks to queue
[2024-11-12T03:40:26.693+0000] {logging_mixin.py:190} INFO - [2024-11-12T03:40:26.692+0000] {dagbag.py:588} INFO - Filling up the DagBag from /home/airflow/.local/lib/python3.12/site-packages/airflow/example_dags/example_xcomargs.py
[2024-11-12T03:40:26.701+0000] {processor.py:925} INFO - DAG(s) 'example_xcom_args', 'example_xcom_args_with_operators' retrieved from /home/airflow/.local/lib/python3.12/site-packages/airflow/example_dags/example_xcomargs.py
[2024-11-12T03:40:26.724+0000] {logging_mixin.py:190} INFO - [2024-11-12T03:40:26.724+0000] {dag.py:3239} INFO - Sync 2 DAGs
[2024-11-12T03:40:26.737+0000] {logging_mixin.py:190} INFO - [2024-11-12T03:40:26.736+0000] {dag.py:4180} INFO - Setting next_dagrun for example_xcom_args to None, run_after=None
[2024-11-12T03:40:26.741+0000] {logging_mixin.py:190} INFO - [2024-11-12T03:40:26.740+0000] {dag.py:4180} INFO - Setting next_dagrun for example_xcom_args_with_operators to None, run_after=None
[2024-11-12T03:40:26.755+0000] {processor.py:208} INFO - Processing /home/airflow/.local/lib/python3.12/site-packages/airflow/example_dags/example_xcomargs.py took 0.071 seconds
[2024-11-12T03:40:56.921+0000] {processor.py:186} INFO - Started process (PID=197) to work on /home/airflow/.local/lib/python3.12/site-packages/airflow/example_dags/example_xcomargs.py
[2024-11-12T03:40:56.922+0000] {processor.py:914} INFO - Processing file /home/airflow/.local/lib/python3.12/site-packages/airflow/example_dags/example_xcomargs.py for tasks to queue
[2024-11-12T03:40:56.925+0000] {logging_mixin.py:190} INFO - [2024-11-12T03:40:56.924+0000] {dagbag.py:588} INFO - Filling up the DagBag from /home/airflow/.local/lib/python3.12/site-packages/airflow/example_dags/example_xcomargs.py
[2024-11-12T03:40:56.936+0000] {processor.py:925} INFO - DAG(s) 'example_xcom_args', 'example_xcom_args_with_operators' retrieved from /home/airflow/.local/lib/python3.12/site-packages/airflow/example_dags/example_xcomargs.py
[2024-11-12T03:40:56.956+0000] {logging_mixin.py:190} INFO - [2024-11-12T03:40:56.956+0000] {dag.py:3239} INFO - Sync 2 DAGs
[2024-11-12T03:40:56.967+0000] {logging_mixin.py:190} INFO - [2024-11-12T03:40:56.967+0000] {dag.py:4180} INFO - Setting next_dagrun for example_xcom_args to None, run_after=None
[2024-11-12T03:40:56.971+0000] {logging_mixin.py:190} INFO - [2024-11-12T03:40:56.970+0000] {dag.py:4180} INFO - Setting next_dagrun for example_xcom_args_with_operators to None, run_after=None
[2024-11-12T03:40:56.984+0000] {processor.py:208} INFO - Processing /home/airflow/.local/lib/python3.12/site-packages/airflow/example_dags/example_xcomargs.py took 0.066 seconds
