[2024-11-12T03:33:24.018+0000] {processor.py:186} INFO - Started process (PID=74) to work on /home/airflow/.local/lib/python3.12/site-packages/airflow/example_dags/example_sla_dag.py
[2024-11-12T03:33:24.019+0000] {processor.py:914} INFO - Processing file /home/airflow/.local/lib/python3.12/site-packages/airflow/example_dags/example_sla_dag.py for tasks to queue
[2024-11-12T03:33:24.021+0000] {logging_mixin.py:190} INFO - [2024-11-12T03:33:24.021+0000] {dagbag.py:588} INFO - Filling up the DagBag from /home/airflow/.local/lib/python3.12/site-packages/airflow/example_dags/example_sla_dag.py
[2024-11-12T03:33:24.043+0000] {processor.py:925} INFO - DAG(s) 'example_sla_dag' retrieved from /home/airflow/.local/lib/python3.12/site-packages/airflow/example_dags/example_sla_dag.py
[2024-11-12T03:33:24.136+0000] {logging_mixin.py:190} INFO - [2024-11-12T03:33:24.135+0000] {override.py:1911} INFO - Created Permission View: can read on DAG:example_sla_dag
[2024-11-12T03:33:24.145+0000] {logging_mixin.py:190} INFO - [2024-11-12T03:33:24.145+0000] {override.py:1911} INFO - Created Permission View: can delete on DAG:example_sla_dag
[2024-11-12T03:33:24.154+0000] {logging_mixin.py:190} INFO - [2024-11-12T03:33:24.153+0000] {override.py:1911} INFO - Created Permission View: can edit on DAG:example_sla_dag
[2024-11-12T03:33:24.164+0000] {logging_mixin.py:190} INFO - [2024-11-12T03:33:24.163+0000] {override.py:1911} INFO - Created Permission View: can read on DAG Run:example_sla_dag
[2024-11-12T03:33:24.171+0000] {logging_mixin.py:190} INFO - [2024-11-12T03:33:24.171+0000] {override.py:1911} INFO - Created Permission View: can create on DAG Run:example_sla_dag
[2024-11-12T03:33:24.179+0000] {logging_mixin.py:190} INFO - [2024-11-12T03:33:24.178+0000] {override.py:1911} INFO - Created Permission View: can delete on DAG Run:example_sla_dag
[2024-11-12T03:33:24.187+0000] {logging_mixin.py:190} INFO - [2024-11-12T03:33:24.186+0000] {override.py:1911} INFO - Created Permission View: menu access on DAG Run:example_sla_dag
[2024-11-12T03:33:24.187+0000] {logging_mixin.py:190} INFO - [2024-11-12T03:33:24.187+0000] {dag.py:3239} INFO - Sync 1 DAGs
[2024-11-12T03:33:24.198+0000] {logging_mixin.py:190} INFO - [2024-11-12T03:33:24.198+0000] {dag.py:3262} INFO - Creating ORM DAG for example_sla_dag
[2024-11-12T03:33:24.210+0000] {logging_mixin.py:190} INFO - [2024-11-12T03:33:24.210+0000] {dag.py:4180} INFO - Setting next_dagrun for example_sla_dag to 2024-11-12 03:30:00+00:00, run_after=2024-11-12 03:32:00+00:00
[2024-11-12T03:33:24.226+0000] {processor.py:208} INFO - Processing /home/airflow/.local/lib/python3.12/site-packages/airflow/example_dags/example_sla_dag.py took 0.213 seconds
[2024-11-12T03:33:54.672+0000] {processor.py:186} INFO - Started process (PID=137) to work on /home/airflow/.local/lib/python3.12/site-packages/airflow/example_dags/example_sla_dag.py
[2024-11-12T03:33:54.673+0000] {processor.py:914} INFO - Processing file /home/airflow/.local/lib/python3.12/site-packages/airflow/example_dags/example_sla_dag.py for tasks to queue
[2024-11-12T03:33:54.676+0000] {logging_mixin.py:190} INFO - [2024-11-12T03:33:54.675+0000] {dagbag.py:588} INFO - Filling up the DagBag from /home/airflow/.local/lib/python3.12/site-packages/airflow/example_dags/example_sla_dag.py
[2024-11-12T03:33:54.688+0000] {processor.py:925} INFO - DAG(s) 'example_sla_dag' retrieved from /home/airflow/.local/lib/python3.12/site-packages/airflow/example_dags/example_sla_dag.py
[2024-11-12T03:33:54.708+0000] {logging_mixin.py:190} INFO - [2024-11-12T03:33:54.708+0000] {dag.py:3239} INFO - Sync 1 DAGs
[2024-11-12T03:33:54.730+0000] {logging_mixin.py:190} INFO - [2024-11-12T03:33:54.729+0000] {dag.py:4180} INFO - Setting next_dagrun for example_sla_dag to 2024-11-12 03:30:00+00:00, run_after=2024-11-12 03:32:00+00:00
[2024-11-12T03:33:54.745+0000] {processor.py:208} INFO - Processing /home/airflow/.local/lib/python3.12/site-packages/airflow/example_dags/example_sla_dag.py took 0.078 seconds
[2024-11-12T03:34:24.971+0000] {processor.py:186} INFO - Started process (PID=199) to work on /home/airflow/.local/lib/python3.12/site-packages/airflow/example_dags/example_sla_dag.py
[2024-11-12T03:34:24.972+0000] {processor.py:914} INFO - Processing file /home/airflow/.local/lib/python3.12/site-packages/airflow/example_dags/example_sla_dag.py for tasks to queue
[2024-11-12T03:34:24.974+0000] {logging_mixin.py:190} INFO - [2024-11-12T03:34:24.973+0000] {dagbag.py:588} INFO - Filling up the DagBag from /home/airflow/.local/lib/python3.12/site-packages/airflow/example_dags/example_sla_dag.py
[2024-11-12T03:34:24.981+0000] {processor.py:925} INFO - DAG(s) 'example_sla_dag' retrieved from /home/airflow/.local/lib/python3.12/site-packages/airflow/example_dags/example_sla_dag.py
[2024-11-12T03:34:24.994+0000] {logging_mixin.py:190} INFO - [2024-11-12T03:34:24.994+0000] {dag.py:3239} INFO - Sync 1 DAGs
[2024-11-12T03:34:25.013+0000] {logging_mixin.py:190} INFO - [2024-11-12T03:34:25.013+0000] {dag.py:4180} INFO - Setting next_dagrun for example_sla_dag to 2024-11-12 03:32:00+00:00, run_after=2024-11-12 03:34:00+00:00
[2024-11-12T03:34:25.029+0000] {processor.py:208} INFO - Processing /home/airflow/.local/lib/python3.12/site-packages/airflow/example_dags/example_sla_dag.py took 0.063 seconds
[2024-11-12T03:34:55.526+0000] {processor.py:186} INFO - Started process (PID=267) to work on /home/airflow/.local/lib/python3.12/site-packages/airflow/example_dags/example_sla_dag.py
[2024-11-12T03:34:55.527+0000] {processor.py:914} INFO - Processing file /home/airflow/.local/lib/python3.12/site-packages/airflow/example_dags/example_sla_dag.py for tasks to queue
[2024-11-12T03:34:55.530+0000] {logging_mixin.py:190} INFO - [2024-11-12T03:34:55.530+0000] {dagbag.py:588} INFO - Filling up the DagBag from /home/airflow/.local/lib/python3.12/site-packages/airflow/example_dags/example_sla_dag.py
[2024-11-12T03:34:55.537+0000] {processor.py:925} INFO - DAG(s) 'example_sla_dag' retrieved from /home/airflow/.local/lib/python3.12/site-packages/airflow/example_dags/example_sla_dag.py
[2024-11-12T03:34:55.556+0000] {logging_mixin.py:190} INFO - [2024-11-12T03:34:55.556+0000] {dag.py:3239} INFO - Sync 1 DAGs
[2024-11-12T03:34:55.582+0000] {logging_mixin.py:190} INFO - [2024-11-12T03:34:55.582+0000] {dag.py:4180} INFO - Setting next_dagrun for example_sla_dag to 2024-11-12 03:32:00+00:00, run_after=2024-11-12 03:34:00+00:00
[2024-11-12T03:34:55.600+0000] {processor.py:208} INFO - Processing /home/airflow/.local/lib/python3.12/site-packages/airflow/example_dags/example_sla_dag.py took 0.079 seconds
[2024-11-12T03:35:26.324+0000] {processor.py:186} INFO - Started process (PID=330) to work on /home/airflow/.local/lib/python3.12/site-packages/airflow/example_dags/example_sla_dag.py
[2024-11-12T03:35:26.325+0000] {processor.py:914} INFO - Processing file /home/airflow/.local/lib/python3.12/site-packages/airflow/example_dags/example_sla_dag.py for tasks to queue
[2024-11-12T03:35:26.329+0000] {logging_mixin.py:190} INFO - [2024-11-12T03:35:26.328+0000] {dagbag.py:588} INFO - Filling up the DagBag from /home/airflow/.local/lib/python3.12/site-packages/airflow/example_dags/example_sla_dag.py
[2024-11-12T03:35:26.336+0000] {processor.py:925} INFO - DAG(s) 'example_sla_dag' retrieved from /home/airflow/.local/lib/python3.12/site-packages/airflow/example_dags/example_sla_dag.py
[2024-11-12T03:35:26.359+0000] {logging_mixin.py:190} INFO - [2024-11-12T03:35:26.359+0000] {dag.py:3239} INFO - Sync 1 DAGs
[2024-11-12T03:35:26.387+0000] {logging_mixin.py:190} INFO - [2024-11-12T03:35:26.387+0000] {dag.py:4180} INFO - Setting next_dagrun for example_sla_dag to 2024-11-12 03:32:00+00:00, run_after=2024-11-12 03:34:00+00:00
[2024-11-12T03:35:26.405+0000] {processor.py:208} INFO - Processing /home/airflow/.local/lib/python3.12/site-packages/airflow/example_dags/example_sla_dag.py took 0.087 seconds
[2024-11-12T03:35:56.853+0000] {processor.py:186} INFO - Started process (PID=393) to work on /home/airflow/.local/lib/python3.12/site-packages/airflow/example_dags/example_sla_dag.py
[2024-11-12T03:35:56.854+0000] {processor.py:914} INFO - Processing file /home/airflow/.local/lib/python3.12/site-packages/airflow/example_dags/example_sla_dag.py for tasks to queue
[2024-11-12T03:35:56.857+0000] {logging_mixin.py:190} INFO - [2024-11-12T03:35:56.857+0000] {dagbag.py:588} INFO - Filling up the DagBag from /home/airflow/.local/lib/python3.12/site-packages/airflow/example_dags/example_sla_dag.py
[2024-11-12T03:35:56.864+0000] {processor.py:925} INFO - DAG(s) 'example_sla_dag' retrieved from /home/airflow/.local/lib/python3.12/site-packages/airflow/example_dags/example_sla_dag.py
[2024-11-12T03:35:56.879+0000] {logging_mixin.py:190} INFO - [2024-11-12T03:35:56.879+0000] {dag.py:3239} INFO - Sync 1 DAGs
[2024-11-12T03:35:56.900+0000] {logging_mixin.py:190} INFO - [2024-11-12T03:35:56.900+0000] {dag.py:4180} INFO - Setting next_dagrun for example_sla_dag to 2024-11-12 03:32:00+00:00, run_after=2024-11-12 03:34:00+00:00
[2024-11-12T03:35:56.915+0000] {processor.py:208} INFO - Processing /home/airflow/.local/lib/python3.12/site-packages/airflow/example_dags/example_sla_dag.py took 0.066 seconds
[2024-11-12T03:36:27.286+0000] {processor.py:186} INFO - Started process (PID=456) to work on /home/airflow/.local/lib/python3.12/site-packages/airflow/example_dags/example_sla_dag.py
[2024-11-12T03:36:27.287+0000] {processor.py:914} INFO - Processing file /home/airflow/.local/lib/python3.12/site-packages/airflow/example_dags/example_sla_dag.py for tasks to queue
[2024-11-12T03:36:27.289+0000] {logging_mixin.py:190} INFO - [2024-11-12T03:36:27.289+0000] {dagbag.py:588} INFO - Filling up the DagBag from /home/airflow/.local/lib/python3.12/site-packages/airflow/example_dags/example_sla_dag.py
[2024-11-12T03:36:27.298+0000] {processor.py:925} INFO - DAG(s) 'example_sla_dag' retrieved from /home/airflow/.local/lib/python3.12/site-packages/airflow/example_dags/example_sla_dag.py
[2024-11-12T03:36:27.314+0000] {logging_mixin.py:190} INFO - [2024-11-12T03:36:27.314+0000] {dag.py:3239} INFO - Sync 1 DAGs
[2024-11-12T03:36:27.336+0000] {logging_mixin.py:190} INFO - [2024-11-12T03:36:27.336+0000] {dag.py:4180} INFO - Setting next_dagrun for example_sla_dag to 2024-11-12 03:34:00+00:00, run_after=2024-11-12 03:36:00+00:00
[2024-11-12T03:36:27.353+0000] {processor.py:208} INFO - Processing /home/airflow/.local/lib/python3.12/site-packages/airflow/example_dags/example_sla_dag.py took 0.072 seconds
[2024-11-12T03:36:57.455+0000] {processor.py:186} INFO - Started process (PID=519) to work on /home/airflow/.local/lib/python3.12/site-packages/airflow/example_dags/example_sla_dag.py
[2024-11-12T03:36:57.456+0000] {processor.py:914} INFO - Processing file /home/airflow/.local/lib/python3.12/site-packages/airflow/example_dags/example_sla_dag.py for tasks to queue
[2024-11-12T03:36:57.460+0000] {logging_mixin.py:190} INFO - [2024-11-12T03:36:57.460+0000] {dagbag.py:588} INFO - Filling up the DagBag from /home/airflow/.local/lib/python3.12/site-packages/airflow/example_dags/example_sla_dag.py
[2024-11-12T03:36:57.470+0000] {processor.py:925} INFO - DAG(s) 'example_sla_dag' retrieved from /home/airflow/.local/lib/python3.12/site-packages/airflow/example_dags/example_sla_dag.py
[2024-11-12T03:36:57.487+0000] {logging_mixin.py:190} INFO - [2024-11-12T03:36:57.487+0000] {dag.py:3239} INFO - Sync 1 DAGs
[2024-11-12T03:36:57.513+0000] {logging_mixin.py:190} INFO - [2024-11-12T03:36:57.513+0000] {dag.py:4180} INFO - Setting next_dagrun for example_sla_dag to 2024-11-12 03:34:00+00:00, run_after=2024-11-12 03:36:00+00:00
[2024-11-12T03:36:57.533+0000] {processor.py:208} INFO - Processing /home/airflow/.local/lib/python3.12/site-packages/airflow/example_dags/example_sla_dag.py took 0.084 seconds
[2024-11-12T03:37:28.414+0000] {processor.py:186} INFO - Started process (PID=582) to work on /home/airflow/.local/lib/python3.12/site-packages/airflow/example_dags/example_sla_dag.py
[2024-11-12T03:37:28.415+0000] {processor.py:914} INFO - Processing file /home/airflow/.local/lib/python3.12/site-packages/airflow/example_dags/example_sla_dag.py for tasks to queue
[2024-11-12T03:37:28.417+0000] {logging_mixin.py:190} INFO - [2024-11-12T03:37:28.417+0000] {dagbag.py:588} INFO - Filling up the DagBag from /home/airflow/.local/lib/python3.12/site-packages/airflow/example_dags/example_sla_dag.py
[2024-11-12T03:37:28.425+0000] {processor.py:925} INFO - DAG(s) 'example_sla_dag' retrieved from /home/airflow/.local/lib/python3.12/site-packages/airflow/example_dags/example_sla_dag.py
[2024-11-12T03:37:28.440+0000] {logging_mixin.py:190} INFO - [2024-11-12T03:37:28.440+0000] {dag.py:3239} INFO - Sync 1 DAGs
[2024-11-12T03:37:28.457+0000] {logging_mixin.py:190} INFO - [2024-11-12T03:37:28.457+0000] {dag.py:4180} INFO - Setting next_dagrun for example_sla_dag to 2024-11-12 03:34:00+00:00, run_after=2024-11-12 03:36:00+00:00
[2024-11-12T03:37:28.471+0000] {processor.py:208} INFO - Processing /home/airflow/.local/lib/python3.12/site-packages/airflow/example_dags/example_sla_dag.py took 0.062 seconds
[2024-11-12T03:39:55.459+0000] {processor.py:186} INFO - Started process (PID=61) to work on /home/airflow/.local/lib/python3.12/site-packages/airflow/example_dags/example_sla_dag.py
[2024-11-12T03:39:55.460+0000] {processor.py:914} INFO - Processing file /home/airflow/.local/lib/python3.12/site-packages/airflow/example_dags/example_sla_dag.py for tasks to queue
[2024-11-12T03:39:55.462+0000] {logging_mixin.py:190} INFO - [2024-11-12T03:39:55.461+0000] {dagbag.py:588} INFO - Filling up the DagBag from /home/airflow/.local/lib/python3.12/site-packages/airflow/example_dags/example_sla_dag.py
[2024-11-12T03:39:55.470+0000] {processor.py:925} INFO - DAG(s) 'example_sla_dag' retrieved from /home/airflow/.local/lib/python3.12/site-packages/airflow/example_dags/example_sla_dag.py
[2024-11-12T03:39:55.489+0000] {logging_mixin.py:190} INFO - [2024-11-12T03:39:55.489+0000] {dag.py:3239} INFO - Sync 1 DAGs
[2024-11-12T03:39:55.509+0000] {logging_mixin.py:190} INFO - [2024-11-12T03:39:55.509+0000] {dag.py:4180} INFO - Setting next_dagrun for example_sla_dag to 2024-11-12 03:36:00+00:00, run_after=2024-11-12 03:38:00+00:00
[2024-11-12T03:39:55.525+0000] {processor.py:208} INFO - Processing /home/airflow/.local/lib/python3.12/site-packages/airflow/example_dags/example_sla_dag.py took 0.071 seconds
[2024-11-12T03:40:26.325+0000] {processor.py:186} INFO - Started process (PID=130) to work on /home/airflow/.local/lib/python3.12/site-packages/airflow/example_dags/example_sla_dag.py
[2024-11-12T03:40:26.326+0000] {processor.py:914} INFO - Processing file /home/airflow/.local/lib/python3.12/site-packages/airflow/example_dags/example_sla_dag.py for tasks to queue
[2024-11-12T03:40:26.328+0000] {logging_mixin.py:190} INFO - [2024-11-12T03:40:26.328+0000] {dagbag.py:588} INFO - Filling up the DagBag from /home/airflow/.local/lib/python3.12/site-packages/airflow/example_dags/example_sla_dag.py
[2024-11-12T03:40:26.335+0000] {processor.py:925} INFO - DAG(s) 'example_sla_dag' retrieved from /home/airflow/.local/lib/python3.12/site-packages/airflow/example_dags/example_sla_dag.py
[2024-11-12T03:40:26.351+0000] {logging_mixin.py:190} INFO - [2024-11-12T03:40:26.350+0000] {dag.py:3239} INFO - Sync 1 DAGs
[2024-11-12T03:40:26.370+0000] {logging_mixin.py:190} INFO - [2024-11-12T03:40:26.369+0000] {dag.py:4180} INFO - Setting next_dagrun for example_sla_dag to 2024-11-12 03:38:00+00:00, run_after=2024-11-12 03:40:00+00:00
[2024-11-12T03:40:26.387+0000] {processor.py:208} INFO - Processing /home/airflow/.local/lib/python3.12/site-packages/airflow/example_dags/example_sla_dag.py took 0.065 seconds
[2024-11-12T03:40:56.514+0000] {processor.py:186} INFO - Started process (PID=193) to work on /home/airflow/.local/lib/python3.12/site-packages/airflow/example_dags/example_sla_dag.py
[2024-11-12T03:40:56.515+0000] {processor.py:914} INFO - Processing file /home/airflow/.local/lib/python3.12/site-packages/airflow/example_dags/example_sla_dag.py for tasks to queue
[2024-11-12T03:40:56.518+0000] {logging_mixin.py:190} INFO - [2024-11-12T03:40:56.518+0000] {dagbag.py:588} INFO - Filling up the DagBag from /home/airflow/.local/lib/python3.12/site-packages/airflow/example_dags/example_sla_dag.py
[2024-11-12T03:40:56.526+0000] {processor.py:925} INFO - DAG(s) 'example_sla_dag' retrieved from /home/airflow/.local/lib/python3.12/site-packages/airflow/example_dags/example_sla_dag.py
[2024-11-12T03:40:56.543+0000] {logging_mixin.py:190} INFO - [2024-11-12T03:40:56.542+0000] {dag.py:3239} INFO - Sync 1 DAGs
[2024-11-12T03:40:56.561+0000] {logging_mixin.py:190} INFO - [2024-11-12T03:40:56.561+0000] {dag.py:4180} INFO - Setting next_dagrun for example_sla_dag to 2024-11-12 03:38:00+00:00, run_after=2024-11-12 03:40:00+00:00
[2024-11-12T03:40:56.576+0000] {processor.py:208} INFO - Processing /home/airflow/.local/lib/python3.12/site-packages/airflow/example_dags/example_sla_dag.py took 0.067 seconds
