[2024-11-12T03:33:30.516+0000] {processor.py:186} INFO - Started process (PID=116) to work on /home/airflow/.local/lib/python3.12/site-packages/airflow/example_dags/example_sensors.py
[2024-11-12T03:33:30.517+0000] {processor.py:914} INFO - Processing file /home/airflow/.local/lib/python3.12/site-packages/airflow/example_dags/example_sensors.py for tasks to queue
[2024-11-12T03:33:30.519+0000] {logging_mixin.py:190} INFO - [2024-11-12T03:33:30.518+0000] {dagbag.py:588} INFO - Filling up the DagBag from /home/airflow/.local/lib/python3.12/site-packages/airflow/example_dags/example_sensors.py
[2024-11-12T03:33:30.528+0000] {processor.py:925} INFO - DAG(s) 'example_sensors' retrieved from /home/airflow/.local/lib/python3.12/site-packages/airflow/example_dags/example_sensors.py
[2024-11-12T03:33:30.612+0000] {logging_mixin.py:190} INFO - [2024-11-12T03:33:30.611+0000] {override.py:1911} INFO - Created Permission View: can read on DAG:example_sensors
[2024-11-12T03:33:30.624+0000] {logging_mixin.py:190} INFO - [2024-11-12T03:33:30.624+0000] {override.py:1911} INFO - Created Permission View: can delete on DAG:example_sensors
[2024-11-12T03:33:30.636+0000] {logging_mixin.py:190} INFO - [2024-11-12T03:33:30.636+0000] {override.py:1911} INFO - Created Permission View: can edit on DAG:example_sensors
[2024-11-12T03:33:30.657+0000] {logging_mixin.py:190} INFO - [2024-11-12T03:33:30.656+0000] {override.py:1911} INFO - Created Permission View: can read on DAG Run:example_sensors
[2024-11-12T03:33:30.669+0000] {logging_mixin.py:190} INFO - [2024-11-12T03:33:30.669+0000] {override.py:1911} INFO - Created Permission View: can create on DAG Run:example_sensors
[2024-11-12T03:33:30.678+0000] {logging_mixin.py:190} INFO - [2024-11-12T03:33:30.678+0000] {override.py:1911} INFO - Created Permission View: can delete on DAG Run:example_sensors
[2024-11-12T03:33:30.687+0000] {logging_mixin.py:190} INFO - [2024-11-12T03:33:30.687+0000] {override.py:1911} INFO - Created Permission View: menu access on DAG Run:example_sensors
[2024-11-12T03:33:30.688+0000] {logging_mixin.py:190} INFO - [2024-11-12T03:33:30.687+0000] {dag.py:3239} INFO - Sync 1 DAGs
[2024-11-12T03:33:30.701+0000] {logging_mixin.py:190} INFO - [2024-11-12T03:33:30.701+0000] {dag.py:3262} INFO - Creating ORM DAG for example_sensors
[2024-11-12T03:33:30.703+0000] {logging_mixin.py:190} INFO - [2024-11-12T03:33:30.702+0000] {dag.py:4180} INFO - Setting next_dagrun for example_sensors to None, run_after=None
[2024-11-12T03:33:30.719+0000] {processor.py:208} INFO - Processing /home/airflow/.local/lib/python3.12/site-packages/airflow/example_dags/example_sensors.py took 0.207 seconds
[2024-11-12T03:34:01.592+0000] {processor.py:186} INFO - Started process (PID=179) to work on /home/airflow/.local/lib/python3.12/site-packages/airflow/example_dags/example_sensors.py
[2024-11-12T03:34:01.593+0000] {processor.py:914} INFO - Processing file /home/airflow/.local/lib/python3.12/site-packages/airflow/example_dags/example_sensors.py for tasks to queue
[2024-11-12T03:34:01.596+0000] {logging_mixin.py:190} INFO - [2024-11-12T03:34:01.596+0000] {dagbag.py:588} INFO - Filling up the DagBag from /home/airflow/.local/lib/python3.12/site-packages/airflow/example_dags/example_sensors.py
[2024-11-12T03:34:01.606+0000] {processor.py:925} INFO - DAG(s) 'example_sensors' retrieved from /home/airflow/.local/lib/python3.12/site-packages/airflow/example_dags/example_sensors.py
[2024-11-12T03:34:01.628+0000] {logging_mixin.py:190} INFO - [2024-11-12T03:34:01.627+0000] {dag.py:3239} INFO - Sync 1 DAGs
[2024-11-12T03:34:01.638+0000] {logging_mixin.py:190} INFO - [2024-11-12T03:34:01.638+0000] {dag.py:4180} INFO - Setting next_dagrun for example_sensors to None, run_after=None
[2024-11-12T03:34:01.655+0000] {processor.py:208} INFO - Processing /home/airflow/.local/lib/python3.12/site-packages/airflow/example_dags/example_sensors.py took 0.070 seconds
[2024-11-12T03:34:31.911+0000] {processor.py:186} INFO - Started process (PID=241) to work on /home/airflow/.local/lib/python3.12/site-packages/airflow/example_dags/example_sensors.py
[2024-11-12T03:34:31.912+0000] {processor.py:914} INFO - Processing file /home/airflow/.local/lib/python3.12/site-packages/airflow/example_dags/example_sensors.py for tasks to queue
[2024-11-12T03:34:31.915+0000] {logging_mixin.py:190} INFO - [2024-11-12T03:34:31.915+0000] {dagbag.py:588} INFO - Filling up the DagBag from /home/airflow/.local/lib/python3.12/site-packages/airflow/example_dags/example_sensors.py
[2024-11-12T03:34:31.926+0000] {processor.py:925} INFO - DAG(s) 'example_sensors' retrieved from /home/airflow/.local/lib/python3.12/site-packages/airflow/example_dags/example_sensors.py
[2024-11-12T03:34:31.951+0000] {logging_mixin.py:190} INFO - [2024-11-12T03:34:31.951+0000] {dag.py:3239} INFO - Sync 1 DAGs
[2024-11-12T03:34:31.964+0000] {logging_mixin.py:190} INFO - [2024-11-12T03:34:31.964+0000] {dag.py:4180} INFO - Setting next_dagrun for example_sensors to None, run_after=None
[2024-11-12T03:34:31.980+0000] {processor.py:208} INFO - Processing /home/airflow/.local/lib/python3.12/site-packages/airflow/example_dags/example_sensors.py took 0.080 seconds
[2024-11-12T03:35:02.911+0000] {processor.py:186} INFO - Started process (PID=304) to work on /home/airflow/.local/lib/python3.12/site-packages/airflow/example_dags/example_sensors.py
[2024-11-12T03:35:02.913+0000] {processor.py:914} INFO - Processing file /home/airflow/.local/lib/python3.12/site-packages/airflow/example_dags/example_sensors.py for tasks to queue
[2024-11-12T03:35:02.916+0000] {logging_mixin.py:190} INFO - [2024-11-12T03:35:02.916+0000] {dagbag.py:588} INFO - Filling up the DagBag from /home/airflow/.local/lib/python3.12/site-packages/airflow/example_dags/example_sensors.py
[2024-11-12T03:35:02.932+0000] {processor.py:925} INFO - DAG(s) 'example_sensors' retrieved from /home/airflow/.local/lib/python3.12/site-packages/airflow/example_dags/example_sensors.py
[2024-11-12T03:35:02.958+0000] {logging_mixin.py:190} INFO - [2024-11-12T03:35:02.957+0000] {dag.py:3239} INFO - Sync 1 DAGs
[2024-11-12T03:35:02.969+0000] {logging_mixin.py:190} INFO - [2024-11-12T03:35:02.969+0000] {dag.py:4180} INFO - Setting next_dagrun for example_sensors to None, run_after=None
[2024-11-12T03:35:02.993+0000] {processor.py:208} INFO - Processing /home/airflow/.local/lib/python3.12/site-packages/airflow/example_dags/example_sensors.py took 0.090 seconds
[2024-11-12T03:35:33.223+0000] {processor.py:186} INFO - Started process (PID=366) to work on /home/airflow/.local/lib/python3.12/site-packages/airflow/example_dags/example_sensors.py
[2024-11-12T03:35:33.224+0000] {processor.py:914} INFO - Processing file /home/airflow/.local/lib/python3.12/site-packages/airflow/example_dags/example_sensors.py for tasks to queue
[2024-11-12T03:35:33.226+0000] {logging_mixin.py:190} INFO - [2024-11-12T03:35:33.225+0000] {dagbag.py:588} INFO - Filling up the DagBag from /home/airflow/.local/lib/python3.12/site-packages/airflow/example_dags/example_sensors.py
[2024-11-12T03:35:33.236+0000] {processor.py:925} INFO - DAG(s) 'example_sensors' retrieved from /home/airflow/.local/lib/python3.12/site-packages/airflow/example_dags/example_sensors.py
[2024-11-12T03:35:33.257+0000] {logging_mixin.py:190} INFO - [2024-11-12T03:35:33.257+0000] {dag.py:3239} INFO - Sync 1 DAGs
[2024-11-12T03:35:33.274+0000] {logging_mixin.py:190} INFO - [2024-11-12T03:35:33.274+0000] {dag.py:4180} INFO - Setting next_dagrun for example_sensors to None, run_after=None
[2024-11-12T03:35:33.293+0000] {processor.py:208} INFO - Processing /home/airflow/.local/lib/python3.12/site-packages/airflow/example_dags/example_sensors.py took 0.075 seconds
[2024-11-12T03:36:03.968+0000] {processor.py:186} INFO - Started process (PID=429) to work on /home/airflow/.local/lib/python3.12/site-packages/airflow/example_dags/example_sensors.py
[2024-11-12T03:36:03.969+0000] {processor.py:914} INFO - Processing file /home/airflow/.local/lib/python3.12/site-packages/airflow/example_dags/example_sensors.py for tasks to queue
[2024-11-12T03:36:03.971+0000] {logging_mixin.py:190} INFO - [2024-11-12T03:36:03.970+0000] {dagbag.py:588} INFO - Filling up the DagBag from /home/airflow/.local/lib/python3.12/site-packages/airflow/example_dags/example_sensors.py
[2024-11-12T03:36:03.981+0000] {processor.py:925} INFO - DAG(s) 'example_sensors' retrieved from /home/airflow/.local/lib/python3.12/site-packages/airflow/example_dags/example_sensors.py
[2024-11-12T03:36:04.002+0000] {logging_mixin.py:190} INFO - [2024-11-12T03:36:04.001+0000] {dag.py:3239} INFO - Sync 1 DAGs
[2024-11-12T03:36:04.015+0000] {logging_mixin.py:190} INFO - [2024-11-12T03:36:04.015+0000] {dag.py:4180} INFO - Setting next_dagrun for example_sensors to None, run_after=None
[2024-11-12T03:36:04.036+0000] {processor.py:208} INFO - Processing /home/airflow/.local/lib/python3.12/site-packages/airflow/example_dags/example_sensors.py took 0.074 seconds
[2024-11-12T03:36:34.608+0000] {processor.py:186} INFO - Started process (PID=492) to work on /home/airflow/.local/lib/python3.12/site-packages/airflow/example_dags/example_sensors.py
[2024-11-12T03:36:34.609+0000] {processor.py:914} INFO - Processing file /home/airflow/.local/lib/python3.12/site-packages/airflow/example_dags/example_sensors.py for tasks to queue
[2024-11-12T03:36:34.611+0000] {logging_mixin.py:190} INFO - [2024-11-12T03:36:34.611+0000] {dagbag.py:588} INFO - Filling up the DagBag from /home/airflow/.local/lib/python3.12/site-packages/airflow/example_dags/example_sensors.py
[2024-11-12T03:36:34.621+0000] {processor.py:925} INFO - DAG(s) 'example_sensors' retrieved from /home/airflow/.local/lib/python3.12/site-packages/airflow/example_dags/example_sensors.py
[2024-11-12T03:36:34.642+0000] {logging_mixin.py:190} INFO - [2024-11-12T03:36:34.641+0000] {dag.py:3239} INFO - Sync 1 DAGs
[2024-11-12T03:36:34.654+0000] {logging_mixin.py:190} INFO - [2024-11-12T03:36:34.653+0000] {dag.py:4180} INFO - Setting next_dagrun for example_sensors to None, run_after=None
[2024-11-12T03:36:34.671+0000] {processor.py:208} INFO - Processing /home/airflow/.local/lib/python3.12/site-packages/airflow/example_dags/example_sensors.py took 0.068 seconds
[2024-11-12T03:37:05.822+0000] {processor.py:186} INFO - Started process (PID=555) to work on /home/airflow/.local/lib/python3.12/site-packages/airflow/example_dags/example_sensors.py
[2024-11-12T03:37:05.823+0000] {processor.py:914} INFO - Processing file /home/airflow/.local/lib/python3.12/site-packages/airflow/example_dags/example_sensors.py for tasks to queue
[2024-11-12T03:37:05.824+0000] {logging_mixin.py:190} INFO - [2024-11-12T03:37:05.824+0000] {dagbag.py:588} INFO - Filling up the DagBag from /home/airflow/.local/lib/python3.12/site-packages/airflow/example_dags/example_sensors.py
[2024-11-12T03:37:05.833+0000] {processor.py:925} INFO - DAG(s) 'example_sensors' retrieved from /home/airflow/.local/lib/python3.12/site-packages/airflow/example_dags/example_sensors.py
[2024-11-12T03:37:05.853+0000] {logging_mixin.py:190} INFO - [2024-11-12T03:37:05.853+0000] {dag.py:3239} INFO - Sync 1 DAGs
[2024-11-12T03:37:05.864+0000] {logging_mixin.py:190} INFO - [2024-11-12T03:37:05.864+0000] {dag.py:4180} INFO - Setting next_dagrun for example_sensors to None, run_after=None
[2024-11-12T03:37:05.880+0000] {processor.py:208} INFO - Processing /home/airflow/.local/lib/python3.12/site-packages/airflow/example_dags/example_sensors.py took 0.064 seconds
[2024-11-12T03:37:36.608+0000] {processor.py:186} INFO - Started process (PID=618) to work on /home/airflow/.local/lib/python3.12/site-packages/airflow/example_dags/example_sensors.py
[2024-11-12T03:37:36.609+0000] {processor.py:914} INFO - Processing file /home/airflow/.local/lib/python3.12/site-packages/airflow/example_dags/example_sensors.py for tasks to queue
[2024-11-12T03:37:36.611+0000] {logging_mixin.py:190} INFO - [2024-11-12T03:37:36.611+0000] {dagbag.py:588} INFO - Filling up the DagBag from /home/airflow/.local/lib/python3.12/site-packages/airflow/example_dags/example_sensors.py
[2024-11-12T03:37:36.620+0000] {processor.py:925} INFO - DAG(s) 'example_sensors' retrieved from /home/airflow/.local/lib/python3.12/site-packages/airflow/example_dags/example_sensors.py
[2024-11-12T03:37:36.641+0000] {logging_mixin.py:190} INFO - [2024-11-12T03:37:36.641+0000] {dag.py:3239} INFO - Sync 1 DAGs
[2024-11-12T03:37:36.652+0000] {logging_mixin.py:190} INFO - [2024-11-12T03:37:36.652+0000] {dag.py:4180} INFO - Setting next_dagrun for example_sensors to None, run_after=None
[2024-11-12T03:37:36.667+0000] {processor.py:208} INFO - Processing /home/airflow/.local/lib/python3.12/site-packages/airflow/example_dags/example_sensors.py took 0.064 seconds
[2024-11-12T03:39:58.514+0000] {processor.py:186} INFO - Started process (PID=103) to work on /home/airflow/.local/lib/python3.12/site-packages/airflow/example_dags/example_sensors.py
[2024-11-12T03:39:58.515+0000] {processor.py:914} INFO - Processing file /home/airflow/.local/lib/python3.12/site-packages/airflow/example_dags/example_sensors.py for tasks to queue
[2024-11-12T03:39:58.517+0000] {logging_mixin.py:190} INFO - [2024-11-12T03:39:58.517+0000] {dagbag.py:588} INFO - Filling up the DagBag from /home/airflow/.local/lib/python3.12/site-packages/airflow/example_dags/example_sensors.py
[2024-11-12T03:39:58.525+0000] {processor.py:925} INFO - DAG(s) 'example_sensors' retrieved from /home/airflow/.local/lib/python3.12/site-packages/airflow/example_dags/example_sensors.py
[2024-11-12T03:39:58.546+0000] {logging_mixin.py:190} INFO - [2024-11-12T03:39:58.546+0000] {dag.py:3239} INFO - Sync 1 DAGs
[2024-11-12T03:39:58.559+0000] {logging_mixin.py:190} INFO - [2024-11-12T03:39:58.558+0000] {dag.py:4180} INFO - Setting next_dagrun for example_sensors to None, run_after=None
[2024-11-12T03:39:58.578+0000] {processor.py:208} INFO - Processing /home/airflow/.local/lib/python3.12/site-packages/airflow/example_dags/example_sensors.py took 0.069 seconds
[2024-11-12T03:40:28.819+0000] {processor.py:186} INFO - Started process (PID=165) to work on /home/airflow/.local/lib/python3.12/site-packages/airflow/example_dags/example_sensors.py
[2024-11-12T03:40:28.821+0000] {processor.py:914} INFO - Processing file /home/airflow/.local/lib/python3.12/site-packages/airflow/example_dags/example_sensors.py for tasks to queue
[2024-11-12T03:40:28.823+0000] {logging_mixin.py:190} INFO - [2024-11-12T03:40:28.823+0000] {dagbag.py:588} INFO - Filling up the DagBag from /home/airflow/.local/lib/python3.12/site-packages/airflow/example_dags/example_sensors.py
[2024-11-12T03:40:28.831+0000] {processor.py:925} INFO - DAG(s) 'example_sensors' retrieved from /home/airflow/.local/lib/python3.12/site-packages/airflow/example_dags/example_sensors.py
[2024-11-12T03:40:28.851+0000] {logging_mixin.py:190} INFO - [2024-11-12T03:40:28.851+0000] {dag.py:3239} INFO - Sync 1 DAGs
[2024-11-12T03:40:28.862+0000] {logging_mixin.py:190} INFO - [2024-11-12T03:40:28.862+0000] {dag.py:4180} INFO - Setting next_dagrun for example_sensors to None, run_after=None
[2024-11-12T03:40:28.878+0000] {processor.py:208} INFO - Processing /home/airflow/.local/lib/python3.12/site-packages/airflow/example_dags/example_sensors.py took 0.063 seconds
[2024-11-12T03:40:59.222+0000] {processor.py:186} INFO - Started process (PID=228) to work on /home/airflow/.local/lib/python3.12/site-packages/airflow/example_dags/example_sensors.py
[2024-11-12T03:40:59.223+0000] {processor.py:914} INFO - Processing file /home/airflow/.local/lib/python3.12/site-packages/airflow/example_dags/example_sensors.py for tasks to queue
[2024-11-12T03:40:59.224+0000] {logging_mixin.py:190} INFO - [2024-11-12T03:40:59.224+0000] {dagbag.py:588} INFO - Filling up the DagBag from /home/airflow/.local/lib/python3.12/site-packages/airflow/example_dags/example_sensors.py
[2024-11-12T03:40:59.231+0000] {processor.py:925} INFO - DAG(s) 'example_sensors' retrieved from /home/airflow/.local/lib/python3.12/site-packages/airflow/example_dags/example_sensors.py
[2024-11-12T03:40:59.250+0000] {logging_mixin.py:190} INFO - [2024-11-12T03:40:59.250+0000] {dag.py:3239} INFO - Sync 1 DAGs
[2024-11-12T03:40:59.260+0000] {logging_mixin.py:190} INFO - [2024-11-12T03:40:59.260+0000] {dag.py:4180} INFO - Setting next_dagrun for example_sensors to None, run_after=None
[2024-11-12T03:40:59.275+0000] {processor.py:208} INFO - Processing /home/airflow/.local/lib/python3.12/site-packages/airflow/example_dags/example_sensors.py took 0.057 seconds
