[2024-11-12T03:33:31.441+0000] {processor.py:186} INFO - Started process (PID=121) to work on /home/airflow/.local/lib/python3.12/site-packages/airflow/example_dags/example_dag_decorator.py
[2024-11-12T03:33:31.442+0000] {processor.py:914} INFO - Processing file /home/airflow/.local/lib/python3.12/site-packages/airflow/example_dags/example_dag_decorator.py for tasks to queue
[2024-11-12T03:33:31.446+0000] {logging_mixin.py:190} INFO - [2024-11-12T03:33:31.445+0000] {dagbag.py:588} INFO - Filling up the DagBag from /home/airflow/.local/lib/python3.12/site-packages/airflow/example_dags/example_dag_decorator.py
[2024-11-12T03:33:31.458+0000] {processor.py:925} INFO - DAG(s) 'example_dag_decorator' retrieved from /home/airflow/.local/lib/python3.12/site-packages/airflow/example_dags/example_dag_decorator.py
[2024-11-12T03:33:31.561+0000] {logging_mixin.py:190} INFO - [2024-11-12T03:33:31.560+0000] {override.py:1911} INFO - Created Permission View: can read on DAG:example_dag_decorator
[2024-11-12T03:33:31.573+0000] {logging_mixin.py:190} INFO - [2024-11-12T03:33:31.573+0000] {override.py:1911} INFO - Created Permission View: can delete on DAG:example_dag_decorator
[2024-11-12T03:33:31.581+0000] {logging_mixin.py:190} INFO - [2024-11-12T03:33:31.581+0000] {override.py:1911} INFO - Created Permission View: can edit on DAG:example_dag_decorator
[2024-11-12T03:33:31.592+0000] {logging_mixin.py:190} INFO - [2024-11-12T03:33:31.591+0000] {override.py:1911} INFO - Created Permission View: can read on DAG Run:example_dag_decorator
[2024-11-12T03:33:31.599+0000] {logging_mixin.py:190} INFO - [2024-11-12T03:33:31.599+0000] {override.py:1911} INFO - Created Permission View: can create on DAG Run:example_dag_decorator
[2024-11-12T03:33:31.608+0000] {logging_mixin.py:190} INFO - [2024-11-12T03:33:31.608+0000] {override.py:1911} INFO - Created Permission View: can delete on DAG Run:example_dag_decorator
[2024-11-12T03:33:31.615+0000] {logging_mixin.py:190} INFO - [2024-11-12T03:33:31.615+0000] {override.py:1911} INFO - Created Permission View: menu access on DAG Run:example_dag_decorator
[2024-11-12T03:33:31.616+0000] {logging_mixin.py:190} INFO - [2024-11-12T03:33:31.616+0000] {dag.py:3239} INFO - Sync 1 DAGs
[2024-11-12T03:33:31.629+0000] {logging_mixin.py:190} INFO - [2024-11-12T03:33:31.628+0000] {dag.py:3262} INFO - Creating ORM DAG for example_dag_decorator
[2024-11-12T03:33:31.630+0000] {logging_mixin.py:190} INFO - [2024-11-12T03:33:31.629+0000] {dag.py:4180} INFO - Setting next_dagrun for example_dag_decorator to None, run_after=None
[2024-11-12T03:33:31.648+0000] {processor.py:208} INFO - Processing /home/airflow/.local/lib/python3.12/site-packages/airflow/example_dags/example_dag_decorator.py took 0.212 seconds
[2024-11-12T03:34:02.068+0000] {processor.py:186} INFO - Started process (PID=184) to work on /home/airflow/.local/lib/python3.12/site-packages/airflow/example_dags/example_dag_decorator.py
[2024-11-12T03:34:02.069+0000] {processor.py:914} INFO - Processing file /home/airflow/.local/lib/python3.12/site-packages/airflow/example_dags/example_dag_decorator.py for tasks to queue
[2024-11-12T03:34:02.071+0000] {logging_mixin.py:190} INFO - [2024-11-12T03:34:02.071+0000] {dagbag.py:588} INFO - Filling up the DagBag from /home/airflow/.local/lib/python3.12/site-packages/airflow/example_dags/example_dag_decorator.py
[2024-11-12T03:34:02.080+0000] {processor.py:925} INFO - DAG(s) 'example_dag_decorator' retrieved from /home/airflow/.local/lib/python3.12/site-packages/airflow/example_dags/example_dag_decorator.py
[2024-11-12T03:34:02.157+0000] {logging_mixin.py:190} INFO - [2024-11-12T03:34:02.157+0000] {dag.py:3239} INFO - Sync 1 DAGs
[2024-11-12T03:34:02.167+0000] {logging_mixin.py:190} INFO - [2024-11-12T03:34:02.166+0000] {dag.py:4180} INFO - Setting next_dagrun for example_dag_decorator to None, run_after=None
[2024-11-12T03:34:02.182+0000] {processor.py:208} INFO - Processing /home/airflow/.local/lib/python3.12/site-packages/airflow/example_dags/example_dag_decorator.py took 0.119 seconds
[2024-11-12T03:34:32.346+0000] {processor.py:186} INFO - Started process (PID=247) to work on /home/airflow/.local/lib/python3.12/site-packages/airflow/example_dags/example_dag_decorator.py
[2024-11-12T03:34:32.347+0000] {processor.py:914} INFO - Processing file /home/airflow/.local/lib/python3.12/site-packages/airflow/example_dags/example_dag_decorator.py for tasks to queue
[2024-11-12T03:34:32.350+0000] {logging_mixin.py:190} INFO - [2024-11-12T03:34:32.349+0000] {dagbag.py:588} INFO - Filling up the DagBag from /home/airflow/.local/lib/python3.12/site-packages/airflow/example_dags/example_dag_decorator.py
[2024-11-12T03:34:32.359+0000] {processor.py:925} INFO - DAG(s) 'example_dag_decorator' retrieved from /home/airflow/.local/lib/python3.12/site-packages/airflow/example_dags/example_dag_decorator.py
[2024-11-12T03:34:32.450+0000] {logging_mixin.py:190} INFO - [2024-11-12T03:34:32.450+0000] {dag.py:3239} INFO - Sync 1 DAGs
[2024-11-12T03:34:32.461+0000] {logging_mixin.py:190} INFO - [2024-11-12T03:34:32.461+0000] {dag.py:4180} INFO - Setting next_dagrun for example_dag_decorator to None, run_after=None
[2024-11-12T03:34:32.480+0000] {processor.py:208} INFO - Processing /home/airflow/.local/lib/python3.12/site-packages/airflow/example_dags/example_dag_decorator.py took 0.139 seconds
[2024-11-12T03:35:03.394+0000] {processor.py:186} INFO - Started process (PID=309) to work on /home/airflow/.local/lib/python3.12/site-packages/airflow/example_dags/example_dag_decorator.py
[2024-11-12T03:35:03.395+0000] {processor.py:914} INFO - Processing file /home/airflow/.local/lib/python3.12/site-packages/airflow/example_dags/example_dag_decorator.py for tasks to queue
[2024-11-12T03:35:03.398+0000] {logging_mixin.py:190} INFO - [2024-11-12T03:35:03.397+0000] {dagbag.py:588} INFO - Filling up the DagBag from /home/airflow/.local/lib/python3.12/site-packages/airflow/example_dags/example_dag_decorator.py
[2024-11-12T03:35:03.406+0000] {processor.py:925} INFO - DAG(s) 'example_dag_decorator' retrieved from /home/airflow/.local/lib/python3.12/site-packages/airflow/example_dags/example_dag_decorator.py
[2024-11-12T03:35:03.489+0000] {logging_mixin.py:190} INFO - [2024-11-12T03:35:03.489+0000] {dag.py:3239} INFO - Sync 1 DAGs
[2024-11-12T03:35:03.499+0000] {logging_mixin.py:190} INFO - [2024-11-12T03:35:03.499+0000] {dag.py:4180} INFO - Setting next_dagrun for example_dag_decorator to None, run_after=None
[2024-11-12T03:35:03.514+0000] {processor.py:208} INFO - Processing /home/airflow/.local/lib/python3.12/site-packages/airflow/example_dags/example_dag_decorator.py took 0.124 seconds
[2024-11-12T03:35:33.704+0000] {processor.py:186} INFO - Started process (PID=372) to work on /home/airflow/.local/lib/python3.12/site-packages/airflow/example_dags/example_dag_decorator.py
[2024-11-12T03:35:33.705+0000] {processor.py:914} INFO - Processing file /home/airflow/.local/lib/python3.12/site-packages/airflow/example_dags/example_dag_decorator.py for tasks to queue
[2024-11-12T03:35:33.708+0000] {logging_mixin.py:190} INFO - [2024-11-12T03:35:33.708+0000] {dagbag.py:588} INFO - Filling up the DagBag from /home/airflow/.local/lib/python3.12/site-packages/airflow/example_dags/example_dag_decorator.py
[2024-11-12T03:35:33.722+0000] {processor.py:925} INFO - DAG(s) 'example_dag_decorator' retrieved from /home/airflow/.local/lib/python3.12/site-packages/airflow/example_dags/example_dag_decorator.py
[2024-11-12T03:35:33.852+0000] {logging_mixin.py:190} INFO - [2024-11-12T03:35:33.852+0000] {dag.py:3239} INFO - Sync 1 DAGs
[2024-11-12T03:35:33.866+0000] {logging_mixin.py:190} INFO - [2024-11-12T03:35:33.865+0000] {dag.py:4180} INFO - Setting next_dagrun for example_dag_decorator to None, run_after=None
[2024-11-12T03:35:33.884+0000] {processor.py:208} INFO - Processing /home/airflow/.local/lib/python3.12/site-packages/airflow/example_dags/example_dag_decorator.py took 0.188 seconds
[2024-11-12T03:36:04.189+0000] {processor.py:186} INFO - Started process (PID=434) to work on /home/airflow/.local/lib/python3.12/site-packages/airflow/example_dags/example_dag_decorator.py
[2024-11-12T03:36:04.190+0000] {processor.py:914} INFO - Processing file /home/airflow/.local/lib/python3.12/site-packages/airflow/example_dags/example_dag_decorator.py for tasks to queue
[2024-11-12T03:36:04.193+0000] {logging_mixin.py:190} INFO - [2024-11-12T03:36:04.192+0000] {dagbag.py:588} INFO - Filling up the DagBag from /home/airflow/.local/lib/python3.12/site-packages/airflow/example_dags/example_dag_decorator.py
[2024-11-12T03:36:04.202+0000] {processor.py:925} INFO - DAG(s) 'example_dag_decorator' retrieved from /home/airflow/.local/lib/python3.12/site-packages/airflow/example_dags/example_dag_decorator.py
[2024-11-12T03:36:04.298+0000] {logging_mixin.py:190} INFO - [2024-11-12T03:36:04.298+0000] {dag.py:3239} INFO - Sync 1 DAGs
[2024-11-12T03:36:04.310+0000] {logging_mixin.py:190} INFO - [2024-11-12T03:36:04.309+0000] {dag.py:4180} INFO - Setting next_dagrun for example_dag_decorator to None, run_after=None
[2024-11-12T03:36:04.331+0000] {processor.py:208} INFO - Processing /home/airflow/.local/lib/python3.12/site-packages/airflow/example_dags/example_dag_decorator.py took 0.146 seconds
[2024-11-12T03:36:34.847+0000] {processor.py:186} INFO - Started process (PID=497) to work on /home/airflow/.local/lib/python3.12/site-packages/airflow/example_dags/example_dag_decorator.py
[2024-11-12T03:36:34.848+0000] {processor.py:914} INFO - Processing file /home/airflow/.local/lib/python3.12/site-packages/airflow/example_dags/example_dag_decorator.py for tasks to queue
[2024-11-12T03:36:34.849+0000] {logging_mixin.py:190} INFO - [2024-11-12T03:36:34.849+0000] {dagbag.py:588} INFO - Filling up the DagBag from /home/airflow/.local/lib/python3.12/site-packages/airflow/example_dags/example_dag_decorator.py
[2024-11-12T03:36:34.860+0000] {processor.py:925} INFO - DAG(s) 'example_dag_decorator' retrieved from /home/airflow/.local/lib/python3.12/site-packages/airflow/example_dags/example_dag_decorator.py
[2024-11-12T03:36:34.954+0000] {logging_mixin.py:190} INFO - [2024-11-12T03:36:34.954+0000] {dag.py:3239} INFO - Sync 1 DAGs
[2024-11-12T03:36:34.966+0000] {logging_mixin.py:190} INFO - [2024-11-12T03:36:34.965+0000] {dag.py:4180} INFO - Setting next_dagrun for example_dag_decorator to None, run_after=None
[2024-11-12T03:36:34.983+0000] {processor.py:208} INFO - Processing /home/airflow/.local/lib/python3.12/site-packages/airflow/example_dags/example_dag_decorator.py took 0.142 seconds
[2024-11-12T03:37:06.288+0000] {processor.py:186} INFO - Started process (PID=561) to work on /home/airflow/.local/lib/python3.12/site-packages/airflow/example_dags/example_dag_decorator.py
[2024-11-12T03:37:06.289+0000] {processor.py:914} INFO - Processing file /home/airflow/.local/lib/python3.12/site-packages/airflow/example_dags/example_dag_decorator.py for tasks to queue
[2024-11-12T03:37:06.291+0000] {logging_mixin.py:190} INFO - [2024-11-12T03:37:06.290+0000] {dagbag.py:588} INFO - Filling up the DagBag from /home/airflow/.local/lib/python3.12/site-packages/airflow/example_dags/example_dag_decorator.py
[2024-11-12T03:37:06.300+0000] {processor.py:925} INFO - DAG(s) 'example_dag_decorator' retrieved from /home/airflow/.local/lib/python3.12/site-packages/airflow/example_dags/example_dag_decorator.py
[2024-11-12T03:37:06.382+0000] {logging_mixin.py:190} INFO - [2024-11-12T03:37:06.381+0000] {dag.py:3239} INFO - Sync 1 DAGs
[2024-11-12T03:37:06.392+0000] {logging_mixin.py:190} INFO - [2024-11-12T03:37:06.392+0000] {dag.py:4180} INFO - Setting next_dagrun for example_dag_decorator to None, run_after=None
[2024-11-12T03:37:06.407+0000] {processor.py:208} INFO - Processing /home/airflow/.local/lib/python3.12/site-packages/airflow/example_dags/example_dag_decorator.py took 0.125 seconds
[2024-11-12T03:37:36.905+0000] {processor.py:186} INFO - Started process (PID=624) to work on /home/airflow/.local/lib/python3.12/site-packages/airflow/example_dags/example_dag_decorator.py
[2024-11-12T03:37:36.907+0000] {processor.py:914} INFO - Processing file /home/airflow/.local/lib/python3.12/site-packages/airflow/example_dags/example_dag_decorator.py for tasks to queue
[2024-11-12T03:37:36.909+0000] {logging_mixin.py:190} INFO - [2024-11-12T03:37:36.908+0000] {dagbag.py:588} INFO - Filling up the DagBag from /home/airflow/.local/lib/python3.12/site-packages/airflow/example_dags/example_dag_decorator.py
[2024-11-12T03:37:36.917+0000] {processor.py:925} INFO - DAG(s) 'example_dag_decorator' retrieved from /home/airflow/.local/lib/python3.12/site-packages/airflow/example_dags/example_dag_decorator.py
[2024-11-12T03:37:36.995+0000] {logging_mixin.py:190} INFO - [2024-11-12T03:37:36.995+0000] {dag.py:3239} INFO - Sync 1 DAGs
[2024-11-12T03:37:37.005+0000] {logging_mixin.py:190} INFO - [2024-11-12T03:37:37.005+0000] {dag.py:4180} INFO - Setting next_dagrun for example_dag_decorator to None, run_after=None
[2024-11-12T03:37:37.020+0000] {processor.py:208} INFO - Processing /home/airflow/.local/lib/python3.12/site-packages/airflow/example_dags/example_dag_decorator.py took 0.119 seconds
[2024-11-12T03:39:59.128+0000] {processor.py:186} INFO - Started process (PID=108) to work on /home/airflow/.local/lib/python3.12/site-packages/airflow/example_dags/example_dag_decorator.py
[2024-11-12T03:39:59.129+0000] {processor.py:914} INFO - Processing file /home/airflow/.local/lib/python3.12/site-packages/airflow/example_dags/example_dag_decorator.py for tasks to queue
[2024-11-12T03:39:59.131+0000] {logging_mixin.py:190} INFO - [2024-11-12T03:39:59.131+0000] {dagbag.py:588} INFO - Filling up the DagBag from /home/airflow/.local/lib/python3.12/site-packages/airflow/example_dags/example_dag_decorator.py
[2024-11-12T03:39:59.140+0000] {processor.py:925} INFO - DAG(s) 'example_dag_decorator' retrieved from /home/airflow/.local/lib/python3.12/site-packages/airflow/example_dags/example_dag_decorator.py
[2024-11-12T03:39:59.216+0000] {logging_mixin.py:190} INFO - [2024-11-12T03:39:59.215+0000] {dag.py:3239} INFO - Sync 1 DAGs
[2024-11-12T03:39:59.225+0000] {logging_mixin.py:190} INFO - [2024-11-12T03:39:59.225+0000] {dag.py:4180} INFO - Setting next_dagrun for example_dag_decorator to None, run_after=None
[2024-11-12T03:39:59.243+0000] {processor.py:208} INFO - Processing /home/airflow/.local/lib/python3.12/site-packages/airflow/example_dags/example_dag_decorator.py took 0.119 seconds
[2024-11-12T03:40:29.649+0000] {processor.py:186} INFO - Started process (PID=171) to work on /home/airflow/.local/lib/python3.12/site-packages/airflow/example_dags/example_dag_decorator.py
[2024-11-12T03:40:29.650+0000] {processor.py:914} INFO - Processing file /home/airflow/.local/lib/python3.12/site-packages/airflow/example_dags/example_dag_decorator.py for tasks to queue
[2024-11-12T03:40:29.652+0000] {logging_mixin.py:190} INFO - [2024-11-12T03:40:29.652+0000] {dagbag.py:588} INFO - Filling up the DagBag from /home/airflow/.local/lib/python3.12/site-packages/airflow/example_dags/example_dag_decorator.py
[2024-11-12T03:40:29.661+0000] {processor.py:925} INFO - DAG(s) 'example_dag_decorator' retrieved from /home/airflow/.local/lib/python3.12/site-packages/airflow/example_dags/example_dag_decorator.py
[2024-11-12T03:40:29.678+0000] {logging_mixin.py:190} INFO - [2024-11-12T03:40:29.678+0000] {dag.py:3239} INFO - Sync 1 DAGs
[2024-11-12T03:40:29.690+0000] {logging_mixin.py:190} INFO - [2024-11-12T03:40:29.689+0000] {dag.py:4180} INFO - Setting next_dagrun for example_dag_decorator to None, run_after=None
[2024-11-12T03:40:29.707+0000] {processor.py:208} INFO - Processing /home/airflow/.local/lib/python3.12/site-packages/airflow/example_dags/example_dag_decorator.py took 0.062 seconds
[2024-11-12T03:41:00.228+0000] {processor.py:186} INFO - Started process (PID=234) to work on /home/airflow/.local/lib/python3.12/site-packages/airflow/example_dags/example_dag_decorator.py
[2024-11-12T03:41:00.229+0000] {processor.py:914} INFO - Processing file /home/airflow/.local/lib/python3.12/site-packages/airflow/example_dags/example_dag_decorator.py for tasks to queue
[2024-11-12T03:41:00.231+0000] {logging_mixin.py:190} INFO - [2024-11-12T03:41:00.231+0000] {dagbag.py:588} INFO - Filling up the DagBag from /home/airflow/.local/lib/python3.12/site-packages/airflow/example_dags/example_dag_decorator.py
[2024-11-12T03:41:00.241+0000] {processor.py:925} INFO - DAG(s) 'example_dag_decorator' retrieved from /home/airflow/.local/lib/python3.12/site-packages/airflow/example_dags/example_dag_decorator.py
[2024-11-12T03:41:00.261+0000] {logging_mixin.py:190} INFO - [2024-11-12T03:41:00.260+0000] {dag.py:3239} INFO - Sync 1 DAGs
[2024-11-12T03:41:00.272+0000] {logging_mixin.py:190} INFO - [2024-11-12T03:41:00.272+0000] {dag.py:4180} INFO - Setting next_dagrun for example_dag_decorator to None, run_after=None
[2024-11-12T03:41:00.286+0000] {processor.py:208} INFO - Processing /home/airflow/.local/lib/python3.12/site-packages/airflow/example_dags/example_dag_decorator.py took 0.064 seconds
