[2024-11-12T03:33:25.410+0000] {processor.py:186} INFO - Started process (PID=80) to work on /home/airflow/.local/lib/python3.12/site-packages/airflow/example_dags/example_xcom.py
[2024-11-12T03:33:25.411+0000] {processor.py:914} INFO - Processing file /home/airflow/.local/lib/python3.12/site-packages/airflow/example_dags/example_xcom.py for tasks to queue
[2024-11-12T03:33:25.414+0000] {logging_mixin.py:190} INFO - [2024-11-12T03:33:25.414+0000] {dagbag.py:588} INFO - Filling up the DagBag from /home/airflow/.local/lib/python3.12/site-packages/airflow/example_dags/example_xcom.py
[2024-11-12T03:33:25.424+0000] {processor.py:925} INFO - DAG(s) 'example_xcom' retrieved from /home/airflow/.local/lib/python3.12/site-packages/airflow/example_dags/example_xcom.py
[2024-11-12T03:33:25.516+0000] {logging_mixin.py:190} INFO - [2024-11-12T03:33:25.515+0000] {override.py:1911} INFO - Created Permission View: can read on DAG:example_xcom
[2024-11-12T03:33:25.527+0000] {logging_mixin.py:190} INFO - [2024-11-12T03:33:25.527+0000] {override.py:1911} INFO - Created Permission View: can delete on DAG:example_xcom
[2024-11-12T03:33:25.535+0000] {logging_mixin.py:190} INFO - [2024-11-12T03:33:25.535+0000] {override.py:1911} INFO - Created Permission View: can edit on DAG:example_xcom
[2024-11-12T03:33:25.543+0000] {logging_mixin.py:190} INFO - [2024-11-12T03:33:25.543+0000] {override.py:1911} INFO - Created Permission View: can read on DAG Run:example_xcom
[2024-11-12T03:33:25.550+0000] {logging_mixin.py:190} INFO - [2024-11-12T03:33:25.549+0000] {override.py:1911} INFO - Created Permission View: can create on DAG Run:example_xcom
[2024-11-12T03:33:25.557+0000] {logging_mixin.py:190} INFO - [2024-11-12T03:33:25.557+0000] {override.py:1911} INFO - Created Permission View: can delete on DAG Run:example_xcom
[2024-11-12T03:33:25.564+0000] {logging_mixin.py:190} INFO - [2024-11-12T03:33:25.564+0000] {override.py:1911} INFO - Created Permission View: menu access on DAG Run:example_xcom
[2024-11-12T03:33:25.565+0000] {logging_mixin.py:190} INFO - [2024-11-12T03:33:25.565+0000] {dag.py:3239} INFO - Sync 1 DAGs
[2024-11-12T03:33:25.576+0000] {logging_mixin.py:190} INFO - [2024-11-12T03:33:25.576+0000] {dag.py:3262} INFO - Creating ORM DAG for example_xcom
[2024-11-12T03:33:25.583+0000] {logging_mixin.py:190} INFO - [2024-11-12T03:33:25.583+0000] {dag.py:4180} INFO - Setting next_dagrun for example_xcom to 2021-01-01 00:00:00+00:00, run_after=2021-01-01 00:00:00+00:00
[2024-11-12T03:33:25.601+0000] {processor.py:208} INFO - Processing /home/airflow/.local/lib/python3.12/site-packages/airflow/example_dags/example_xcom.py took 0.195 seconds
[2024-11-12T03:33:56.178+0000] {processor.py:186} INFO - Started process (PID=149) to work on /home/airflow/.local/lib/python3.12/site-packages/airflow/example_dags/example_xcom.py
[2024-11-12T03:33:56.179+0000] {processor.py:914} INFO - Processing file /home/airflow/.local/lib/python3.12/site-packages/airflow/example_dags/example_xcom.py for tasks to queue
[2024-11-12T03:33:56.181+0000] {logging_mixin.py:190} INFO - [2024-11-12T03:33:56.181+0000] {dagbag.py:588} INFO - Filling up the DagBag from /home/airflow/.local/lib/python3.12/site-packages/airflow/example_dags/example_xcom.py
[2024-11-12T03:33:56.188+0000] {processor.py:925} INFO - DAG(s) 'example_xcom' retrieved from /home/airflow/.local/lib/python3.12/site-packages/airflow/example_dags/example_xcom.py
[2024-11-12T03:33:56.205+0000] {logging_mixin.py:190} INFO - [2024-11-12T03:33:56.205+0000] {dag.py:3239} INFO - Sync 1 DAGs
[2024-11-12T03:33:56.223+0000] {logging_mixin.py:190} INFO - [2024-11-12T03:33:56.223+0000] {dag.py:4180} INFO - Setting next_dagrun for example_xcom to 2021-01-01 00:00:00+00:00, run_after=2021-01-01 00:00:00+00:00
[2024-11-12T03:33:56.240+0000] {processor.py:208} INFO - Processing /home/airflow/.local/lib/python3.12/site-packages/airflow/example_dags/example_xcom.py took 0.066 seconds
[2024-11-12T03:34:27.065+0000] {processor.py:186} INFO - Started process (PID=212) to work on /home/airflow/.local/lib/python3.12/site-packages/airflow/example_dags/example_xcom.py
[2024-11-12T03:34:27.066+0000] {processor.py:914} INFO - Processing file /home/airflow/.local/lib/python3.12/site-packages/airflow/example_dags/example_xcom.py for tasks to queue
[2024-11-12T03:34:27.071+0000] {logging_mixin.py:190} INFO - [2024-11-12T03:34:27.070+0000] {dagbag.py:588} INFO - Filling up the DagBag from /home/airflow/.local/lib/python3.12/site-packages/airflow/example_dags/example_xcom.py
[2024-11-12T03:34:27.084+0000] {processor.py:925} INFO - DAG(s) 'example_xcom' retrieved from /home/airflow/.local/lib/python3.12/site-packages/airflow/example_dags/example_xcom.py
[2024-11-12T03:34:27.104+0000] {logging_mixin.py:190} INFO - [2024-11-12T03:34:27.104+0000] {dag.py:3239} INFO - Sync 1 DAGs
[2024-11-12T03:34:27.125+0000] {logging_mixin.py:190} INFO - [2024-11-12T03:34:27.125+0000] {dag.py:4180} INFO - Setting next_dagrun for example_xcom to 2021-01-01 00:00:00+00:00, run_after=2021-01-01 00:00:00+00:00
[2024-11-12T03:34:27.140+0000] {processor.py:208} INFO - Processing /home/airflow/.local/lib/python3.12/site-packages/airflow/example_dags/example_xcom.py took 0.083 seconds
[2024-11-12T03:34:57.423+0000] {processor.py:186} INFO - Started process (PID=273) to work on /home/airflow/.local/lib/python3.12/site-packages/airflow/example_dags/example_xcom.py
[2024-11-12T03:34:57.424+0000] {processor.py:914} INFO - Processing file /home/airflow/.local/lib/python3.12/site-packages/airflow/example_dags/example_xcom.py for tasks to queue
[2024-11-12T03:34:57.427+0000] {logging_mixin.py:190} INFO - [2024-11-12T03:34:57.426+0000] {dagbag.py:588} INFO - Filling up the DagBag from /home/airflow/.local/lib/python3.12/site-packages/airflow/example_dags/example_xcom.py
[2024-11-12T03:34:57.439+0000] {processor.py:925} INFO - DAG(s) 'example_xcom' retrieved from /home/airflow/.local/lib/python3.12/site-packages/airflow/example_dags/example_xcom.py
[2024-11-12T03:34:57.460+0000] {logging_mixin.py:190} INFO - [2024-11-12T03:34:57.460+0000] {dag.py:3239} INFO - Sync 1 DAGs
[2024-11-12T03:34:57.481+0000] {logging_mixin.py:190} INFO - [2024-11-12T03:34:57.481+0000] {dag.py:4180} INFO - Setting next_dagrun for example_xcom to 2021-01-01 00:00:00+00:00, run_after=2021-01-01 00:00:00+00:00
[2024-11-12T03:34:57.499+0000] {processor.py:208} INFO - Processing /home/airflow/.local/lib/python3.12/site-packages/airflow/example_dags/example_xcom.py took 0.083 seconds
[2024-11-12T03:35:27.901+0000] {processor.py:186} INFO - Started process (PID=336) to work on /home/airflow/.local/lib/python3.12/site-packages/airflow/example_dags/example_xcom.py
[2024-11-12T03:35:27.902+0000] {processor.py:914} INFO - Processing file /home/airflow/.local/lib/python3.12/site-packages/airflow/example_dags/example_xcom.py for tasks to queue
[2024-11-12T03:35:27.904+0000] {logging_mixin.py:190} INFO - [2024-11-12T03:35:27.903+0000] {dagbag.py:588} INFO - Filling up the DagBag from /home/airflow/.local/lib/python3.12/site-packages/airflow/example_dags/example_xcom.py
[2024-11-12T03:35:27.910+0000] {processor.py:925} INFO - DAG(s) 'example_xcom' retrieved from /home/airflow/.local/lib/python3.12/site-packages/airflow/example_dags/example_xcom.py
[2024-11-12T03:35:27.928+0000] {logging_mixin.py:190} INFO - [2024-11-12T03:35:27.927+0000] {dag.py:3239} INFO - Sync 1 DAGs
[2024-11-12T03:35:27.945+0000] {logging_mixin.py:190} INFO - [2024-11-12T03:35:27.944+0000] {dag.py:4180} INFO - Setting next_dagrun for example_xcom to 2021-01-01 00:00:00+00:00, run_after=2021-01-01 00:00:00+00:00
[2024-11-12T03:35:27.962+0000] {processor.py:208} INFO - Processing /home/airflow/.local/lib/python3.12/site-packages/airflow/example_dags/example_xcom.py took 0.067 seconds
[2024-11-12T03:35:58.871+0000] {processor.py:186} INFO - Started process (PID=399) to work on /home/airflow/.local/lib/python3.12/site-packages/airflow/example_dags/example_xcom.py
[2024-11-12T03:35:58.872+0000] {processor.py:914} INFO - Processing file /home/airflow/.local/lib/python3.12/site-packages/airflow/example_dags/example_xcom.py for tasks to queue
[2024-11-12T03:35:58.874+0000] {logging_mixin.py:190} INFO - [2024-11-12T03:35:58.873+0000] {dagbag.py:588} INFO - Filling up the DagBag from /home/airflow/.local/lib/python3.12/site-packages/airflow/example_dags/example_xcom.py
[2024-11-12T03:35:58.881+0000] {processor.py:925} INFO - DAG(s) 'example_xcom' retrieved from /home/airflow/.local/lib/python3.12/site-packages/airflow/example_dags/example_xcom.py
[2024-11-12T03:35:58.899+0000] {logging_mixin.py:190} INFO - [2024-11-12T03:35:58.899+0000] {dag.py:3239} INFO - Sync 1 DAGs
[2024-11-12T03:35:58.922+0000] {logging_mixin.py:190} INFO - [2024-11-12T03:35:58.922+0000] {dag.py:4180} INFO - Setting next_dagrun for example_xcom to 2021-01-01 00:00:00+00:00, run_after=2021-01-01 00:00:00+00:00
[2024-11-12T03:35:58.942+0000] {processor.py:208} INFO - Processing /home/airflow/.local/lib/python3.12/site-packages/airflow/example_dags/example_xcom.py took 0.076 seconds
[2024-11-12T03:36:29.643+0000] {processor.py:186} INFO - Started process (PID=462) to work on /home/airflow/.local/lib/python3.12/site-packages/airflow/example_dags/example_xcom.py
[2024-11-12T03:36:29.645+0000] {processor.py:914} INFO - Processing file /home/airflow/.local/lib/python3.12/site-packages/airflow/example_dags/example_xcom.py for tasks to queue
[2024-11-12T03:36:29.647+0000] {logging_mixin.py:190} INFO - [2024-11-12T03:36:29.647+0000] {dagbag.py:588} INFO - Filling up the DagBag from /home/airflow/.local/lib/python3.12/site-packages/airflow/example_dags/example_xcom.py
[2024-11-12T03:36:29.657+0000] {processor.py:925} INFO - DAG(s) 'example_xcom' retrieved from /home/airflow/.local/lib/python3.12/site-packages/airflow/example_dags/example_xcom.py
[2024-11-12T03:36:29.675+0000] {logging_mixin.py:190} INFO - [2024-11-12T03:36:29.675+0000] {dag.py:3239} INFO - Sync 1 DAGs
[2024-11-12T03:36:29.698+0000] {logging_mixin.py:190} INFO - [2024-11-12T03:36:29.698+0000] {dag.py:4180} INFO - Setting next_dagrun for example_xcom to 2021-01-01 00:00:00+00:00, run_after=2021-01-01 00:00:00+00:00
[2024-11-12T03:36:29.717+0000] {processor.py:208} INFO - Processing /home/airflow/.local/lib/python3.12/site-packages/airflow/example_dags/example_xcom.py took 0.080 seconds
[2024-11-12T03:36:59.848+0000] {processor.py:186} INFO - Started process (PID=524) to work on /home/airflow/.local/lib/python3.12/site-packages/airflow/example_dags/example_xcom.py
[2024-11-12T03:36:59.849+0000] {processor.py:914} INFO - Processing file /home/airflow/.local/lib/python3.12/site-packages/airflow/example_dags/example_xcom.py for tasks to queue
[2024-11-12T03:36:59.851+0000] {logging_mixin.py:190} INFO - [2024-11-12T03:36:59.851+0000] {dagbag.py:588} INFO - Filling up the DagBag from /home/airflow/.local/lib/python3.12/site-packages/airflow/example_dags/example_xcom.py
[2024-11-12T03:36:59.859+0000] {processor.py:925} INFO - DAG(s) 'example_xcom' retrieved from /home/airflow/.local/lib/python3.12/site-packages/airflow/example_dags/example_xcom.py
[2024-11-12T03:36:59.882+0000] {logging_mixin.py:190} INFO - [2024-11-12T03:36:59.882+0000] {dag.py:3239} INFO - Sync 1 DAGs
[2024-11-12T03:36:59.900+0000] {logging_mixin.py:190} INFO - [2024-11-12T03:36:59.900+0000] {dag.py:4180} INFO - Setting next_dagrun for example_xcom to 2021-01-01 00:00:00+00:00, run_after=2021-01-01 00:00:00+00:00
[2024-11-12T03:36:59.967+0000] {processor.py:208} INFO - Processing /home/airflow/.local/lib/python3.12/site-packages/airflow/example_dags/example_xcom.py took 0.125 seconds
[2024-11-12T03:37:30.701+0000] {processor.py:186} INFO - Started process (PID=587) to work on /home/airflow/.local/lib/python3.12/site-packages/airflow/example_dags/example_xcom.py
[2024-11-12T03:37:30.702+0000] {processor.py:914} INFO - Processing file /home/airflow/.local/lib/python3.12/site-packages/airflow/example_dags/example_xcom.py for tasks to queue
[2024-11-12T03:37:30.708+0000] {logging_mixin.py:190} INFO - [2024-11-12T03:37:30.707+0000] {dagbag.py:588} INFO - Filling up the DagBag from /home/airflow/.local/lib/python3.12/site-packages/airflow/example_dags/example_xcom.py
[2024-11-12T03:37:30.716+0000] {processor.py:925} INFO - DAG(s) 'example_xcom' retrieved from /home/airflow/.local/lib/python3.12/site-packages/airflow/example_dags/example_xcom.py
[2024-11-12T03:37:30.733+0000] {logging_mixin.py:190} INFO - [2024-11-12T03:37:30.732+0000] {dag.py:3239} INFO - Sync 1 DAGs
[2024-11-12T03:37:30.750+0000] {logging_mixin.py:190} INFO - [2024-11-12T03:37:30.750+0000] {dag.py:4180} INFO - Setting next_dagrun for example_xcom to 2021-01-01 00:00:00+00:00, run_after=2021-01-01 00:00:00+00:00
[2024-11-12T03:37:30.766+0000] {processor.py:208} INFO - Processing /home/airflow/.local/lib/python3.12/site-packages/airflow/example_dags/example_xcom.py took 0.072 seconds
[2024-11-12T03:39:56.092+0000] {processor.py:186} INFO - Started process (PID=73) to work on /home/airflow/.local/lib/python3.12/site-packages/airflow/example_dags/example_xcom.py
[2024-11-12T03:39:56.093+0000] {processor.py:914} INFO - Processing file /home/airflow/.local/lib/python3.12/site-packages/airflow/example_dags/example_xcom.py for tasks to queue
[2024-11-12T03:39:56.095+0000] {logging_mixin.py:190} INFO - [2024-11-12T03:39:56.094+0000] {dagbag.py:588} INFO - Filling up the DagBag from /home/airflow/.local/lib/python3.12/site-packages/airflow/example_dags/example_xcom.py
[2024-11-12T03:39:56.104+0000] {processor.py:925} INFO - DAG(s) 'example_xcom' retrieved from /home/airflow/.local/lib/python3.12/site-packages/airflow/example_dags/example_xcom.py
[2024-11-12T03:39:56.132+0000] {logging_mixin.py:190} INFO - [2024-11-12T03:39:56.132+0000] {dag.py:3239} INFO - Sync 1 DAGs
[2024-11-12T03:39:56.152+0000] {logging_mixin.py:190} INFO - [2024-11-12T03:39:56.151+0000] {dag.py:4180} INFO - Setting next_dagrun for example_xcom to 2021-01-01 00:00:00+00:00, run_after=2021-01-01 00:00:00+00:00
[2024-11-12T03:39:56.171+0000] {processor.py:208} INFO - Processing /home/airflow/.local/lib/python3.12/site-packages/airflow/example_dags/example_xcom.py took 0.084 seconds
[2024-11-12T03:40:26.789+0000] {processor.py:186} INFO - Started process (PID=136) to work on /home/airflow/.local/lib/python3.12/site-packages/airflow/example_dags/example_xcom.py
[2024-11-12T03:40:26.790+0000] {processor.py:914} INFO - Processing file /home/airflow/.local/lib/python3.12/site-packages/airflow/example_dags/example_xcom.py for tasks to queue
[2024-11-12T03:40:26.792+0000] {logging_mixin.py:190} INFO - [2024-11-12T03:40:26.792+0000] {dagbag.py:588} INFO - Filling up the DagBag from /home/airflow/.local/lib/python3.12/site-packages/airflow/example_dags/example_xcom.py
[2024-11-12T03:40:26.799+0000] {processor.py:925} INFO - DAG(s) 'example_xcom' retrieved from /home/airflow/.local/lib/python3.12/site-packages/airflow/example_dags/example_xcom.py
[2024-11-12T03:40:26.815+0000] {logging_mixin.py:190} INFO - [2024-11-12T03:40:26.815+0000] {dag.py:3239} INFO - Sync 1 DAGs
[2024-11-12T03:40:26.833+0000] {logging_mixin.py:190} INFO - [2024-11-12T03:40:26.833+0000] {dag.py:4180} INFO - Setting next_dagrun for example_xcom to 2021-01-01 00:00:00+00:00, run_after=2021-01-01 00:00:00+00:00
[2024-11-12T03:40:26.849+0000] {processor.py:208} INFO - Processing /home/airflow/.local/lib/python3.12/site-packages/airflow/example_dags/example_xcom.py took 0.064 seconds
[2024-11-12T03:40:56.971+0000] {processor.py:186} INFO - Started process (PID=198) to work on /home/airflow/.local/lib/python3.12/site-packages/airflow/example_dags/example_xcom.py
[2024-11-12T03:40:56.972+0000] {processor.py:914} INFO - Processing file /home/airflow/.local/lib/python3.12/site-packages/airflow/example_dags/example_xcom.py for tasks to queue
[2024-11-12T03:40:56.974+0000] {logging_mixin.py:190} INFO - [2024-11-12T03:40:56.974+0000] {dagbag.py:588} INFO - Filling up the DagBag from /home/airflow/.local/lib/python3.12/site-packages/airflow/example_dags/example_xcom.py
[2024-11-12T03:40:56.981+0000] {processor.py:925} INFO - DAG(s) 'example_xcom' retrieved from /home/airflow/.local/lib/python3.12/site-packages/airflow/example_dags/example_xcom.py
[2024-11-12T03:40:56.997+0000] {logging_mixin.py:190} INFO - [2024-11-12T03:40:56.997+0000] {dag.py:3239} INFO - Sync 1 DAGs
[2024-11-12T03:40:57.013+0000] {logging_mixin.py:190} INFO - [2024-11-12T03:40:57.013+0000] {dag.py:4180} INFO - Setting next_dagrun for example_xcom to 2021-01-01 00:00:00+00:00, run_after=2021-01-01 00:00:00+00:00
[2024-11-12T03:40:57.037+0000] {processor.py:208} INFO - Processing /home/airflow/.local/lib/python3.12/site-packages/airflow/example_dags/example_xcom.py took 0.070 seconds
