[2024-11-12T03:33:26.350+0000] {processor.py:186} INFO - Started process (PID=93) to work on /home/airflow/.local/lib/python3.12/site-packages/airflow/example_dags/example_bash_decorator.py
[2024-11-12T03:33:26.352+0000] {processor.py:914} INFO - Processing file /home/airflow/.local/lib/python3.12/site-packages/airflow/example_dags/example_bash_decorator.py for tasks to queue
[2024-11-12T03:33:26.354+0000] {logging_mixin.py:190} INFO - [2024-11-12T03:33:26.354+0000] {dagbag.py:588} INFO - Filling up the DagBag from /home/airflow/.local/lib/python3.12/site-packages/airflow/example_dags/example_bash_decorator.py
[2024-11-12T03:33:26.367+0000] {processor.py:925} INFO - DAG(s) 'example_bash_decorator' retrieved from /home/airflow/.local/lib/python3.12/site-packages/airflow/example_dags/example_bash_decorator.py
[2024-11-12T03:33:26.458+0000] {logging_mixin.py:190} INFO - [2024-11-12T03:33:26.457+0000] {override.py:1911} INFO - Created Permission View: can read on DAG:example_bash_decorator
[2024-11-12T03:33:26.470+0000] {logging_mixin.py:190} INFO - [2024-11-12T03:33:26.470+0000] {override.py:1911} INFO - Created Permission View: can delete on DAG:example_bash_decorator
[2024-11-12T03:33:26.479+0000] {logging_mixin.py:190} INFO - [2024-11-12T03:33:26.479+0000] {override.py:1911} INFO - Created Permission View: can edit on DAG:example_bash_decorator
[2024-11-12T03:33:26.492+0000] {logging_mixin.py:190} INFO - [2024-11-12T03:33:26.492+0000] {override.py:1911} INFO - Created Permission View: can read on DAG Run:example_bash_decorator
[2024-11-12T03:33:26.502+0000] {logging_mixin.py:190} INFO - [2024-11-12T03:33:26.502+0000] {override.py:1911} INFO - Created Permission View: can create on DAG Run:example_bash_decorator
[2024-11-12T03:33:26.512+0000] {logging_mixin.py:190} INFO - [2024-11-12T03:33:26.512+0000] {override.py:1911} INFO - Created Permission View: can delete on DAG Run:example_bash_decorator
[2024-11-12T03:33:26.519+0000] {logging_mixin.py:190} INFO - [2024-11-12T03:33:26.518+0000] {override.py:1911} INFO - Created Permission View: menu access on DAG Run:example_bash_decorator
[2024-11-12T03:33:26.519+0000] {logging_mixin.py:190} INFO - [2024-11-12T03:33:26.519+0000] {dag.py:3239} INFO - Sync 1 DAGs
[2024-11-12T03:33:26.532+0000] {logging_mixin.py:190} INFO - [2024-11-12T03:33:26.532+0000] {dag.py:3262} INFO - Creating ORM DAG for example_bash_decorator
[2024-11-12T03:33:26.533+0000] {logging_mixin.py:190} INFO - [2024-11-12T03:33:26.533+0000] {dag.py:4180} INFO - Setting next_dagrun for example_bash_decorator to None, run_after=None
[2024-11-12T03:33:26.552+0000] {processor.py:208} INFO - Processing /home/airflow/.local/lib/python3.12/site-packages/airflow/example_dags/example_bash_decorator.py took 0.208 seconds
[2024-11-12T03:33:56.696+0000] {processor.py:186} INFO - Started process (PID=156) to work on /home/airflow/.local/lib/python3.12/site-packages/airflow/example_dags/example_bash_decorator.py
[2024-11-12T03:33:56.697+0000] {processor.py:914} INFO - Processing file /home/airflow/.local/lib/python3.12/site-packages/airflow/example_dags/example_bash_decorator.py for tasks to queue
[2024-11-12T03:33:56.699+0000] {logging_mixin.py:190} INFO - [2024-11-12T03:33:56.698+0000] {dagbag.py:588} INFO - Filling up the DagBag from /home/airflow/.local/lib/python3.12/site-packages/airflow/example_dags/example_bash_decorator.py
[2024-11-12T03:33:56.711+0000] {processor.py:925} INFO - DAG(s) 'example_bash_decorator' retrieved from /home/airflow/.local/lib/python3.12/site-packages/airflow/example_dags/example_bash_decorator.py
[2024-11-12T03:33:56.731+0000] {logging_mixin.py:190} INFO - [2024-11-12T03:33:56.731+0000] {dag.py:3239} INFO - Sync 1 DAGs
[2024-11-12T03:33:56.741+0000] {logging_mixin.py:190} INFO - [2024-11-12T03:33:56.741+0000] {dag.py:4180} INFO - Setting next_dagrun for example_bash_decorator to None, run_after=None
[2024-11-12T03:33:56.754+0000] {processor.py:208} INFO - Processing /home/airflow/.local/lib/python3.12/site-packages/airflow/example_dags/example_bash_decorator.py took 0.064 seconds
[2024-11-12T03:34:27.588+0000] {processor.py:186} INFO - Started process (PID=219) to work on /home/airflow/.local/lib/python3.12/site-packages/airflow/example_dags/example_bash_decorator.py
[2024-11-12T03:34:27.590+0000] {processor.py:914} INFO - Processing file /home/airflow/.local/lib/python3.12/site-packages/airflow/example_dags/example_bash_decorator.py for tasks to queue
[2024-11-12T03:34:27.592+0000] {logging_mixin.py:190} INFO - [2024-11-12T03:34:27.591+0000] {dagbag.py:588} INFO - Filling up the DagBag from /home/airflow/.local/lib/python3.12/site-packages/airflow/example_dags/example_bash_decorator.py
[2024-11-12T03:34:27.604+0000] {processor.py:925} INFO - DAG(s) 'example_bash_decorator' retrieved from /home/airflow/.local/lib/python3.12/site-packages/airflow/example_dags/example_bash_decorator.py
[2024-11-12T03:34:27.625+0000] {logging_mixin.py:190} INFO - [2024-11-12T03:34:27.625+0000] {dag.py:3239} INFO - Sync 1 DAGs
[2024-11-12T03:34:27.637+0000] {logging_mixin.py:190} INFO - [2024-11-12T03:34:27.637+0000] {dag.py:4180} INFO - Setting next_dagrun for example_bash_decorator to None, run_after=None
[2024-11-12T03:34:27.653+0000] {processor.py:208} INFO - Processing /home/airflow/.local/lib/python3.12/site-packages/airflow/example_dags/example_bash_decorator.py took 0.069 seconds
[2024-11-12T03:34:58.095+0000] {processor.py:186} INFO - Started process (PID=281) to work on /home/airflow/.local/lib/python3.12/site-packages/airflow/example_dags/example_bash_decorator.py
[2024-11-12T03:34:58.096+0000] {processor.py:914} INFO - Processing file /home/airflow/.local/lib/python3.12/site-packages/airflow/example_dags/example_bash_decorator.py for tasks to queue
[2024-11-12T03:34:58.098+0000] {logging_mixin.py:190} INFO - [2024-11-12T03:34:58.097+0000] {dagbag.py:588} INFO - Filling up the DagBag from /home/airflow/.local/lib/python3.12/site-packages/airflow/example_dags/example_bash_decorator.py
[2024-11-12T03:34:58.113+0000] {processor.py:925} INFO - DAG(s) 'example_bash_decorator' retrieved from /home/airflow/.local/lib/python3.12/site-packages/airflow/example_dags/example_bash_decorator.py
[2024-11-12T03:34:58.135+0000] {logging_mixin.py:190} INFO - [2024-11-12T03:34:58.135+0000] {dag.py:3239} INFO - Sync 1 DAGs
[2024-11-12T03:34:58.147+0000] {logging_mixin.py:190} INFO - [2024-11-12T03:34:58.146+0000] {dag.py:4180} INFO - Setting next_dagrun for example_bash_decorator to None, run_after=None
[2024-11-12T03:34:58.162+0000] {processor.py:208} INFO - Processing /home/airflow/.local/lib/python3.12/site-packages/airflow/example_dags/example_bash_decorator.py took 0.071 seconds
[2024-11-12T03:35:28.368+0000] {processor.py:186} INFO - Started process (PID=343) to work on /home/airflow/.local/lib/python3.12/site-packages/airflow/example_dags/example_bash_decorator.py
[2024-11-12T03:35:28.369+0000] {processor.py:914} INFO - Processing file /home/airflow/.local/lib/python3.12/site-packages/airflow/example_dags/example_bash_decorator.py for tasks to queue
[2024-11-12T03:35:28.371+0000] {logging_mixin.py:190} INFO - [2024-11-12T03:35:28.371+0000] {dagbag.py:588} INFO - Filling up the DagBag from /home/airflow/.local/lib/python3.12/site-packages/airflow/example_dags/example_bash_decorator.py
[2024-11-12T03:35:28.383+0000] {processor.py:925} INFO - DAG(s) 'example_bash_decorator' retrieved from /home/airflow/.local/lib/python3.12/site-packages/airflow/example_dags/example_bash_decorator.py
[2024-11-12T03:35:28.401+0000] {logging_mixin.py:190} INFO - [2024-11-12T03:35:28.401+0000] {dag.py:3239} INFO - Sync 1 DAGs
[2024-11-12T03:35:28.411+0000] {logging_mixin.py:190} INFO - [2024-11-12T03:35:28.411+0000] {dag.py:4180} INFO - Setting next_dagrun for example_bash_decorator to None, run_after=None
[2024-11-12T03:35:28.427+0000] {processor.py:208} INFO - Processing /home/airflow/.local/lib/python3.12/site-packages/airflow/example_dags/example_bash_decorator.py took 0.064 seconds
[2024-11-12T03:35:59.216+0000] {processor.py:186} INFO - Started process (PID=406) to work on /home/airflow/.local/lib/python3.12/site-packages/airflow/example_dags/example_bash_decorator.py
[2024-11-12T03:35:59.217+0000] {processor.py:914} INFO - Processing file /home/airflow/.local/lib/python3.12/site-packages/airflow/example_dags/example_bash_decorator.py for tasks to queue
[2024-11-12T03:35:59.219+0000] {logging_mixin.py:190} INFO - [2024-11-12T03:35:59.219+0000] {dagbag.py:588} INFO - Filling up the DagBag from /home/airflow/.local/lib/python3.12/site-packages/airflow/example_dags/example_bash_decorator.py
[2024-11-12T03:35:59.234+0000] {processor.py:925} INFO - DAG(s) 'example_bash_decorator' retrieved from /home/airflow/.local/lib/python3.12/site-packages/airflow/example_dags/example_bash_decorator.py
[2024-11-12T03:35:59.253+0000] {logging_mixin.py:190} INFO - [2024-11-12T03:35:59.253+0000] {dag.py:3239} INFO - Sync 1 DAGs
[2024-11-12T03:35:59.265+0000] {logging_mixin.py:190} INFO - [2024-11-12T03:35:59.264+0000] {dag.py:4180} INFO - Setting next_dagrun for example_bash_decorator to None, run_after=None
[2024-11-12T03:35:59.281+0000] {processor.py:208} INFO - Processing /home/airflow/.local/lib/python3.12/site-packages/airflow/example_dags/example_bash_decorator.py took 0.070 seconds
[2024-11-12T03:36:30.399+0000] {processor.py:186} INFO - Started process (PID=469) to work on /home/airflow/.local/lib/python3.12/site-packages/airflow/example_dags/example_bash_decorator.py
[2024-11-12T03:36:30.401+0000] {processor.py:914} INFO - Processing file /home/airflow/.local/lib/python3.12/site-packages/airflow/example_dags/example_bash_decorator.py for tasks to queue
[2024-11-12T03:36:30.404+0000] {logging_mixin.py:190} INFO - [2024-11-12T03:36:30.404+0000] {dagbag.py:588} INFO - Filling up the DagBag from /home/airflow/.local/lib/python3.12/site-packages/airflow/example_dags/example_bash_decorator.py
[2024-11-12T03:36:30.416+0000] {processor.py:925} INFO - DAG(s) 'example_bash_decorator' retrieved from /home/airflow/.local/lib/python3.12/site-packages/airflow/example_dags/example_bash_decorator.py
[2024-11-12T03:36:30.434+0000] {logging_mixin.py:190} INFO - [2024-11-12T03:36:30.434+0000] {dag.py:3239} INFO - Sync 1 DAGs
[2024-11-12T03:36:30.445+0000] {logging_mixin.py:190} INFO - [2024-11-12T03:36:30.445+0000] {dag.py:4180} INFO - Setting next_dagrun for example_bash_decorator to None, run_after=None
[2024-11-12T03:36:30.460+0000] {processor.py:208} INFO - Processing /home/airflow/.local/lib/python3.12/site-packages/airflow/example_dags/example_bash_decorator.py took 0.066 seconds
[2024-11-12T03:37:00.562+0000] {processor.py:186} INFO - Started process (PID=532) to work on /home/airflow/.local/lib/python3.12/site-packages/airflow/example_dags/example_bash_decorator.py
[2024-11-12T03:37:00.563+0000] {processor.py:914} INFO - Processing file /home/airflow/.local/lib/python3.12/site-packages/airflow/example_dags/example_bash_decorator.py for tasks to queue
[2024-11-12T03:37:00.565+0000] {logging_mixin.py:190} INFO - [2024-11-12T03:37:00.565+0000] {dagbag.py:588} INFO - Filling up the DagBag from /home/airflow/.local/lib/python3.12/site-packages/airflow/example_dags/example_bash_decorator.py
[2024-11-12T03:37:00.577+0000] {processor.py:925} INFO - DAG(s) 'example_bash_decorator' retrieved from /home/airflow/.local/lib/python3.12/site-packages/airflow/example_dags/example_bash_decorator.py
[2024-11-12T03:37:00.595+0000] {logging_mixin.py:190} INFO - [2024-11-12T03:37:00.595+0000] {dag.py:3239} INFO - Sync 1 DAGs
[2024-11-12T03:37:00.607+0000] {logging_mixin.py:190} INFO - [2024-11-12T03:37:00.606+0000] {dag.py:4180} INFO - Setting next_dagrun for example_bash_decorator to None, run_after=None
[2024-11-12T03:37:00.624+0000] {processor.py:208} INFO - Processing /home/airflow/.local/lib/python3.12/site-packages/airflow/example_dags/example_bash_decorator.py took 0.067 seconds
[2024-11-12T03:37:31.010+0000] {processor.py:186} INFO - Started process (PID=594) to work on /home/airflow/.local/lib/python3.12/site-packages/airflow/example_dags/example_bash_decorator.py
[2024-11-12T03:37:31.011+0000] {processor.py:914} INFO - Processing file /home/airflow/.local/lib/python3.12/site-packages/airflow/example_dags/example_bash_decorator.py for tasks to queue
[2024-11-12T03:37:31.013+0000] {logging_mixin.py:190} INFO - [2024-11-12T03:37:31.013+0000] {dagbag.py:588} INFO - Filling up the DagBag from /home/airflow/.local/lib/python3.12/site-packages/airflow/example_dags/example_bash_decorator.py
[2024-11-12T03:37:31.024+0000] {processor.py:925} INFO - DAG(s) 'example_bash_decorator' retrieved from /home/airflow/.local/lib/python3.12/site-packages/airflow/example_dags/example_bash_decorator.py
[2024-11-12T03:37:31.042+0000] {logging_mixin.py:190} INFO - [2024-11-12T03:37:31.042+0000] {dag.py:3239} INFO - Sync 1 DAGs
[2024-11-12T03:37:31.054+0000] {logging_mixin.py:190} INFO - [2024-11-12T03:37:31.053+0000] {dag.py:4180} INFO - Setting next_dagrun for example_bash_decorator to None, run_after=None
[2024-11-12T03:37:31.069+0000] {processor.py:208} INFO - Processing /home/airflow/.local/lib/python3.12/site-packages/airflow/example_dags/example_bash_decorator.py took 0.063 seconds
[2024-11-12T03:39:56.736+0000] {processor.py:186} INFO - Started process (PID=80) to work on /home/airflow/.local/lib/python3.12/site-packages/airflow/example_dags/example_bash_decorator.py
[2024-11-12T03:39:56.737+0000] {processor.py:914} INFO - Processing file /home/airflow/.local/lib/python3.12/site-packages/airflow/example_dags/example_bash_decorator.py for tasks to queue
[2024-11-12T03:39:56.739+0000] {logging_mixin.py:190} INFO - [2024-11-12T03:39:56.739+0000] {dagbag.py:588} INFO - Filling up the DagBag from /home/airflow/.local/lib/python3.12/site-packages/airflow/example_dags/example_bash_decorator.py
[2024-11-12T03:39:56.754+0000] {processor.py:925} INFO - DAG(s) 'example_bash_decorator' retrieved from /home/airflow/.local/lib/python3.12/site-packages/airflow/example_dags/example_bash_decorator.py
[2024-11-12T03:39:56.855+0000] {logging_mixin.py:190} INFO - [2024-11-12T03:39:56.855+0000] {dag.py:3239} INFO - Sync 1 DAGs
[2024-11-12T03:39:56.868+0000] {logging_mixin.py:190} INFO - [2024-11-12T03:39:56.868+0000] {dag.py:4180} INFO - Setting next_dagrun for example_bash_decorator to None, run_after=None
[2024-11-12T03:39:56.888+0000] {processor.py:208} INFO - Processing /home/airflow/.local/lib/python3.12/site-packages/airflow/example_dags/example_bash_decorator.py took 0.158 seconds
[2024-11-12T03:40:27.381+0000] {processor.py:186} INFO - Started process (PID=143) to work on /home/airflow/.local/lib/python3.12/site-packages/airflow/example_dags/example_bash_decorator.py
[2024-11-12T03:40:27.383+0000] {processor.py:914} INFO - Processing file /home/airflow/.local/lib/python3.12/site-packages/airflow/example_dags/example_bash_decorator.py for tasks to queue
[2024-11-12T03:40:27.385+0000] {logging_mixin.py:190} INFO - [2024-11-12T03:40:27.385+0000] {dagbag.py:588} INFO - Filling up the DagBag from /home/airflow/.local/lib/python3.12/site-packages/airflow/example_dags/example_bash_decorator.py
[2024-11-12T03:40:27.408+0000] {processor.py:925} INFO - DAG(s) 'example_bash_decorator' retrieved from /home/airflow/.local/lib/python3.12/site-packages/airflow/example_dags/example_bash_decorator.py
[2024-11-12T03:40:27.426+0000] {logging_mixin.py:190} INFO - [2024-11-12T03:40:27.426+0000] {dag.py:3239} INFO - Sync 1 DAGs
[2024-11-12T03:40:27.437+0000] {logging_mixin.py:190} INFO - [2024-11-12T03:40:27.436+0000] {dag.py:4180} INFO - Setting next_dagrun for example_bash_decorator to None, run_after=None
[2024-11-12T03:40:27.454+0000] {processor.py:208} INFO - Processing /home/airflow/.local/lib/python3.12/site-packages/airflow/example_dags/example_bash_decorator.py took 0.078 seconds
[2024-11-12T03:40:57.647+0000] {processor.py:186} INFO - Started process (PID=206) to work on /home/airflow/.local/lib/python3.12/site-packages/airflow/example_dags/example_bash_decorator.py
[2024-11-12T03:40:57.648+0000] {processor.py:914} INFO - Processing file /home/airflow/.local/lib/python3.12/site-packages/airflow/example_dags/example_bash_decorator.py for tasks to queue
[2024-11-12T03:40:57.650+0000] {logging_mixin.py:190} INFO - [2024-11-12T03:40:57.649+0000] {dagbag.py:588} INFO - Filling up the DagBag from /home/airflow/.local/lib/python3.12/site-packages/airflow/example_dags/example_bash_decorator.py
[2024-11-12T03:40:57.662+0000] {processor.py:925} INFO - DAG(s) 'example_bash_decorator' retrieved from /home/airflow/.local/lib/python3.12/site-packages/airflow/example_dags/example_bash_decorator.py
[2024-11-12T03:40:57.680+0000] {logging_mixin.py:190} INFO - [2024-11-12T03:40:57.679+0000] {dag.py:3239} INFO - Sync 1 DAGs
[2024-11-12T03:40:57.690+0000] {logging_mixin.py:190} INFO - [2024-11-12T03:40:57.690+0000] {dag.py:4180} INFO - Setting next_dagrun for example_bash_decorator to None, run_after=None
[2024-11-12T03:40:57.704+0000] {processor.py:208} INFO - Processing /home/airflow/.local/lib/python3.12/site-packages/airflow/example_dags/example_bash_decorator.py took 0.062 seconds
[2024-11-12T03:41:28.228+0000] {processor.py:186} INFO - Started process (PID=269) to work on /home/airflow/.local/lib/python3.12/site-packages/airflow/example_dags/example_bash_decorator.py
[2024-11-12T03:41:28.229+0000] {processor.py:914} INFO - Processing file /home/airflow/.local/lib/python3.12/site-packages/airflow/example_dags/example_bash_decorator.py for tasks to queue
[2024-11-12T03:41:28.231+0000] {logging_mixin.py:190} INFO - [2024-11-12T03:41:28.231+0000] {dagbag.py:588} INFO - Filling up the DagBag from /home/airflow/.local/lib/python3.12/site-packages/airflow/example_dags/example_bash_decorator.py
[2024-11-12T03:41:28.242+0000] {processor.py:925} INFO - DAG(s) 'example_bash_decorator' retrieved from /home/airflow/.local/lib/python3.12/site-packages/airflow/example_dags/example_bash_decorator.py
[2024-11-12T03:41:28.260+0000] {logging_mixin.py:190} INFO - [2024-11-12T03:41:28.260+0000] {dag.py:3239} INFO - Sync 1 DAGs
[2024-11-12T03:41:28.273+0000] {logging_mixin.py:190} INFO - [2024-11-12T03:41:28.273+0000] {dag.py:4180} INFO - Setting next_dagrun for example_bash_decorator to None, run_after=None
[2024-11-12T03:41:28.288+0000] {processor.py:208} INFO - Processing /home/airflow/.local/lib/python3.12/site-packages/airflow/example_dags/example_bash_decorator.py took 0.064 seconds
