[2024-11-12T03:33:28.159+0000] {processor.py:186} INFO - Started process (PID=102) to work on /home/airflow/.local/lib/python3.12/site-packages/airflow/example_dags/example_branch_python_dop_operator_3.py
[2024-11-12T03:33:28.160+0000] {processor.py:914} INFO - Processing file /home/airflow/.local/lib/python3.12/site-packages/airflow/example_dags/example_branch_python_dop_operator_3.py for tasks to queue
[2024-11-12T03:33:28.163+0000] {logging_mixin.py:190} INFO - [2024-11-12T03:33:28.162+0000] {dagbag.py:588} INFO - Filling up the DagBag from /home/airflow/.local/lib/python3.12/site-packages/airflow/example_dags/example_branch_python_dop_operator_3.py
[2024-11-12T03:33:28.172+0000] {processor.py:925} INFO - DAG(s) 'example_branch_dop_operator_v3' retrieved from /home/airflow/.local/lib/python3.12/site-packages/airflow/example_dags/example_branch_python_dop_operator_3.py
[2024-11-12T03:33:28.257+0000] {logging_mixin.py:190} INFO - [2024-11-12T03:33:28.257+0000] {override.py:1911} INFO - Created Permission View: can read on DAG:example_branch_dop_operator_v3
[2024-11-12T03:33:28.268+0000] {logging_mixin.py:190} INFO - [2024-11-12T03:33:28.267+0000] {override.py:1911} INFO - Created Permission View: can delete on DAG:example_branch_dop_operator_v3
[2024-11-12T03:33:28.275+0000] {logging_mixin.py:190} INFO - [2024-11-12T03:33:28.275+0000] {override.py:1911} INFO - Created Permission View: can edit on DAG:example_branch_dop_operator_v3
[2024-11-12T03:33:28.284+0000] {logging_mixin.py:190} INFO - [2024-11-12T03:33:28.283+0000] {override.py:1911} INFO - Created Permission View: can read on DAG Run:example_branch_dop_operator_v3
[2024-11-12T03:33:28.290+0000] {logging_mixin.py:190} INFO - [2024-11-12T03:33:28.290+0000] {override.py:1911} INFO - Created Permission View: can create on DAG Run:example_branch_dop_operator_v3
[2024-11-12T03:33:28.297+0000] {logging_mixin.py:190} INFO - [2024-11-12T03:33:28.297+0000] {override.py:1911} INFO - Created Permission View: can delete on DAG Run:example_branch_dop_operator_v3
[2024-11-12T03:33:28.304+0000] {logging_mixin.py:190} INFO - [2024-11-12T03:33:28.303+0000] {override.py:1911} INFO - Created Permission View: menu access on DAG Run:example_branch_dop_operator_v3
[2024-11-12T03:33:28.304+0000] {logging_mixin.py:190} INFO - [2024-11-12T03:33:28.304+0000] {dag.py:3239} INFO - Sync 1 DAGs
[2024-11-12T03:33:28.316+0000] {logging_mixin.py:190} INFO - [2024-11-12T03:33:28.316+0000] {dag.py:3262} INFO - Creating ORM DAG for example_branch_dop_operator_v3
[2024-11-12T03:33:28.326+0000] {logging_mixin.py:190} INFO - [2024-11-12T03:33:28.326+0000] {dag.py:4180} INFO - Setting next_dagrun for example_branch_dop_operator_v3 to 2024-11-12 03:32:00+00:00, run_after=2024-11-12 03:33:00+00:00
[2024-11-12T03:33:28.341+0000] {processor.py:208} INFO - Processing /home/airflow/.local/lib/python3.12/site-packages/airflow/example_dags/example_branch_python_dop_operator_3.py took 0.186 seconds
[2024-11-12T03:33:58.667+0000] {processor.py:186} INFO - Started process (PID=165) to work on /home/airflow/.local/lib/python3.12/site-packages/airflow/example_dags/example_branch_python_dop_operator_3.py
[2024-11-12T03:33:58.668+0000] {processor.py:914} INFO - Processing file /home/airflow/.local/lib/python3.12/site-packages/airflow/example_dags/example_branch_python_dop_operator_3.py for tasks to queue
[2024-11-12T03:33:58.670+0000] {logging_mixin.py:190} INFO - [2024-11-12T03:33:58.669+0000] {dagbag.py:588} INFO - Filling up the DagBag from /home/airflow/.local/lib/python3.12/site-packages/airflow/example_dags/example_branch_python_dop_operator_3.py
[2024-11-12T03:33:58.677+0000] {processor.py:925} INFO - DAG(s) 'example_branch_dop_operator_v3' retrieved from /home/airflow/.local/lib/python3.12/site-packages/airflow/example_dags/example_branch_python_dop_operator_3.py
[2024-11-12T03:33:58.693+0000] {logging_mixin.py:190} INFO - [2024-11-12T03:33:58.693+0000] {dag.py:3239} INFO - Sync 1 DAGs
[2024-11-12T03:33:58.715+0000] {logging_mixin.py:190} INFO - [2024-11-12T03:33:58.714+0000] {dag.py:4180} INFO - Setting next_dagrun for example_branch_dop_operator_v3 to 2024-11-12 03:32:00+00:00, run_after=2024-11-12 03:33:00+00:00
[2024-11-12T03:33:58.730+0000] {processor.py:208} INFO - Processing /home/airflow/.local/lib/python3.12/site-packages/airflow/example_dags/example_branch_python_dop_operator_3.py took 0.067 seconds
[2024-11-12T03:34:29.616+0000] {processor.py:186} INFO - Started process (PID=228) to work on /home/airflow/.local/lib/python3.12/site-packages/airflow/example_dags/example_branch_python_dop_operator_3.py
[2024-11-12T03:34:29.617+0000] {processor.py:914} INFO - Processing file /home/airflow/.local/lib/python3.12/site-packages/airflow/example_dags/example_branch_python_dop_operator_3.py for tasks to queue
[2024-11-12T03:34:29.619+0000] {logging_mixin.py:190} INFO - [2024-11-12T03:34:29.619+0000] {dagbag.py:588} INFO - Filling up the DagBag from /home/airflow/.local/lib/python3.12/site-packages/airflow/example_dags/example_branch_python_dop_operator_3.py
[2024-11-12T03:34:29.626+0000] {processor.py:925} INFO - DAG(s) 'example_branch_dop_operator_v3' retrieved from /home/airflow/.local/lib/python3.12/site-packages/airflow/example_dags/example_branch_python_dop_operator_3.py
[2024-11-12T03:34:29.641+0000] {logging_mixin.py:190} INFO - [2024-11-12T03:34:29.641+0000] {dag.py:3239} INFO - Sync 1 DAGs
[2024-11-12T03:34:29.660+0000] {logging_mixin.py:190} INFO - [2024-11-12T03:34:29.659+0000] {dag.py:4180} INFO - Setting next_dagrun for example_branch_dop_operator_v3 to 2024-11-12 03:33:00+00:00, run_after=2024-11-12 03:34:00+00:00
[2024-11-12T03:34:29.675+0000] {processor.py:208} INFO - Processing /home/airflow/.local/lib/python3.12/site-packages/airflow/example_dags/example_branch_python_dop_operator_3.py took 0.063 seconds
[2024-11-12T03:35:00.816+0000] {processor.py:186} INFO - Started process (PID=290) to work on /home/airflow/.local/lib/python3.12/site-packages/airflow/example_dags/example_branch_python_dop_operator_3.py
[2024-11-12T03:35:00.817+0000] {processor.py:914} INFO - Processing file /home/airflow/.local/lib/python3.12/site-packages/airflow/example_dags/example_branch_python_dop_operator_3.py for tasks to queue
[2024-11-12T03:35:00.821+0000] {logging_mixin.py:190} INFO - [2024-11-12T03:35:00.820+0000] {dagbag.py:588} INFO - Filling up the DagBag from /home/airflow/.local/lib/python3.12/site-packages/airflow/example_dags/example_branch_python_dop_operator_3.py
[2024-11-12T03:35:00.830+0000] {processor.py:925} INFO - DAG(s) 'example_branch_dop_operator_v3' retrieved from /home/airflow/.local/lib/python3.12/site-packages/airflow/example_dags/example_branch_python_dop_operator_3.py
[2024-11-12T03:35:00.852+0000] {logging_mixin.py:190} INFO - [2024-11-12T03:35:00.852+0000] {dag.py:3239} INFO - Sync 1 DAGs
[2024-11-12T03:35:00.885+0000] {logging_mixin.py:190} INFO - [2024-11-12T03:35:00.884+0000] {dag.py:4180} INFO - Setting next_dagrun for example_branch_dop_operator_v3 to 2024-11-12 03:34:00+00:00, run_after=2024-11-12 03:35:00+00:00
[2024-11-12T03:35:00.904+0000] {processor.py:208} INFO - Processing /home/airflow/.local/lib/python3.12/site-packages/airflow/example_dags/example_branch_python_dop_operator_3.py took 0.094 seconds
[2024-11-12T03:35:31.692+0000] {processor.py:186} INFO - Started process (PID=353) to work on /home/airflow/.local/lib/python3.12/site-packages/airflow/example_dags/example_branch_python_dop_operator_3.py
[2024-11-12T03:35:31.694+0000] {processor.py:914} INFO - Processing file /home/airflow/.local/lib/python3.12/site-packages/airflow/example_dags/example_branch_python_dop_operator_3.py for tasks to queue
[2024-11-12T03:35:31.697+0000] {logging_mixin.py:190} INFO - [2024-11-12T03:35:31.697+0000] {dagbag.py:588} INFO - Filling up the DagBag from /home/airflow/.local/lib/python3.12/site-packages/airflow/example_dags/example_branch_python_dop_operator_3.py
[2024-11-12T03:35:31.712+0000] {processor.py:925} INFO - DAG(s) 'example_branch_dop_operator_v3' retrieved from /home/airflow/.local/lib/python3.12/site-packages/airflow/example_dags/example_branch_python_dop_operator_3.py
[2024-11-12T03:35:31.738+0000] {logging_mixin.py:190} INFO - [2024-11-12T03:35:31.738+0000] {dag.py:3239} INFO - Sync 1 DAGs
[2024-11-12T03:35:31.768+0000] {logging_mixin.py:190} INFO - [2024-11-12T03:35:31.767+0000] {dag.py:4180} INFO - Setting next_dagrun for example_branch_dop_operator_v3 to 2024-11-12 03:34:00+00:00, run_after=2024-11-12 03:35:00+00:00
[2024-11-12T03:35:31.791+0000] {processor.py:208} INFO - Processing /home/airflow/.local/lib/python3.12/site-packages/airflow/example_dags/example_branch_python_dop_operator_3.py took 0.107 seconds
[2024-11-12T03:36:02.707+0000] {processor.py:186} INFO - Started process (PID=416) to work on /home/airflow/.local/lib/python3.12/site-packages/airflow/example_dags/example_branch_python_dop_operator_3.py
[2024-11-12T03:36:02.708+0000] {processor.py:914} INFO - Processing file /home/airflow/.local/lib/python3.12/site-packages/airflow/example_dags/example_branch_python_dop_operator_3.py for tasks to queue
[2024-11-12T03:36:02.710+0000] {logging_mixin.py:190} INFO - [2024-11-12T03:36:02.710+0000] {dagbag.py:588} INFO - Filling up the DagBag from /home/airflow/.local/lib/python3.12/site-packages/airflow/example_dags/example_branch_python_dop_operator_3.py
[2024-11-12T03:36:02.720+0000] {processor.py:925} INFO - DAG(s) 'example_branch_dop_operator_v3' retrieved from /home/airflow/.local/lib/python3.12/site-packages/airflow/example_dags/example_branch_python_dop_operator_3.py
[2024-11-12T03:36:02.739+0000] {logging_mixin.py:190} INFO - [2024-11-12T03:36:02.738+0000] {dag.py:3239} INFO - Sync 1 DAGs
[2024-11-12T03:36:02.759+0000] {logging_mixin.py:190} INFO - [2024-11-12T03:36:02.759+0000] {dag.py:4180} INFO - Setting next_dagrun for example_branch_dop_operator_v3 to 2024-11-12 03:35:00+00:00, run_after=2024-11-12 03:36:00+00:00
[2024-11-12T03:36:02.786+0000] {processor.py:208} INFO - Processing /home/airflow/.local/lib/python3.12/site-packages/airflow/example_dags/example_branch_python_dop_operator_3.py took 0.084 seconds
[2024-11-12T03:36:33.436+0000] {processor.py:186} INFO - Started process (PID=479) to work on /home/airflow/.local/lib/python3.12/site-packages/airflow/example_dags/example_branch_python_dop_operator_3.py
[2024-11-12T03:36:33.438+0000] {processor.py:914} INFO - Processing file /home/airflow/.local/lib/python3.12/site-packages/airflow/example_dags/example_branch_python_dop_operator_3.py for tasks to queue
[2024-11-12T03:36:33.440+0000] {logging_mixin.py:190} INFO - [2024-11-12T03:36:33.439+0000] {dagbag.py:588} INFO - Filling up the DagBag from /home/airflow/.local/lib/python3.12/site-packages/airflow/example_dags/example_branch_python_dop_operator_3.py
[2024-11-12T03:36:33.451+0000] {processor.py:925} INFO - DAG(s) 'example_branch_dop_operator_v3' retrieved from /home/airflow/.local/lib/python3.12/site-packages/airflow/example_dags/example_branch_python_dop_operator_3.py
[2024-11-12T03:36:33.468+0000] {logging_mixin.py:190} INFO - [2024-11-12T03:36:33.468+0000] {dag.py:3239} INFO - Sync 1 DAGs
[2024-11-12T03:36:33.489+0000] {logging_mixin.py:190} INFO - [2024-11-12T03:36:33.489+0000] {dag.py:4180} INFO - Setting next_dagrun for example_branch_dop_operator_v3 to 2024-11-12 03:35:00+00:00, run_after=2024-11-12 03:36:00+00:00
[2024-11-12T03:36:33.514+0000] {processor.py:208} INFO - Processing /home/airflow/.local/lib/python3.12/site-packages/airflow/example_dags/example_branch_python_dop_operator_3.py took 0.087 seconds
[2024-11-12T03:37:03.682+0000] {processor.py:186} INFO - Started process (PID=541) to work on /home/airflow/.local/lib/python3.12/site-packages/airflow/example_dags/example_branch_python_dop_operator_3.py
[2024-11-12T03:37:03.683+0000] {processor.py:914} INFO - Processing file /home/airflow/.local/lib/python3.12/site-packages/airflow/example_dags/example_branch_python_dop_operator_3.py for tasks to queue
[2024-11-12T03:37:03.685+0000] {logging_mixin.py:190} INFO - [2024-11-12T03:37:03.685+0000] {dagbag.py:588} INFO - Filling up the DagBag from /home/airflow/.local/lib/python3.12/site-packages/airflow/example_dags/example_branch_python_dop_operator_3.py
[2024-11-12T03:37:03.694+0000] {processor.py:925} INFO - DAG(s) 'example_branch_dop_operator_v3' retrieved from /home/airflow/.local/lib/python3.12/site-packages/airflow/example_dags/example_branch_python_dop_operator_3.py
[2024-11-12T03:37:03.714+0000] {logging_mixin.py:190} INFO - [2024-11-12T03:37:03.713+0000] {dag.py:3239} INFO - Sync 1 DAGs
[2024-11-12T03:37:03.736+0000] {logging_mixin.py:190} INFO - [2024-11-12T03:37:03.735+0000] {dag.py:4180} INFO - Setting next_dagrun for example_branch_dop_operator_v3 to 2024-11-12 03:36:00+00:00, run_after=2024-11-12 03:37:00+00:00
[2024-11-12T03:37:03.762+0000] {processor.py:208} INFO - Processing /home/airflow/.local/lib/python3.12/site-packages/airflow/example_dags/example_branch_python_dop_operator_3.py took 0.086 seconds
[2024-11-12T03:37:34.309+0000] {processor.py:186} INFO - Started process (PID=604) to work on /home/airflow/.local/lib/python3.12/site-packages/airflow/example_dags/example_branch_python_dop_operator_3.py
[2024-11-12T03:37:34.311+0000] {processor.py:914} INFO - Processing file /home/airflow/.local/lib/python3.12/site-packages/airflow/example_dags/example_branch_python_dop_operator_3.py for tasks to queue
[2024-11-12T03:37:34.313+0000] {logging_mixin.py:190} INFO - [2024-11-12T03:37:34.313+0000] {dagbag.py:588} INFO - Filling up the DagBag from /home/airflow/.local/lib/python3.12/site-packages/airflow/example_dags/example_branch_python_dop_operator_3.py
[2024-11-12T03:37:34.321+0000] {processor.py:925} INFO - DAG(s) 'example_branch_dop_operator_v3' retrieved from /home/airflow/.local/lib/python3.12/site-packages/airflow/example_dags/example_branch_python_dop_operator_3.py
[2024-11-12T03:37:34.336+0000] {logging_mixin.py:190} INFO - [2024-11-12T03:37:34.336+0000] {dag.py:3239} INFO - Sync 1 DAGs
[2024-11-12T03:37:34.355+0000] {logging_mixin.py:190} INFO - [2024-11-12T03:37:34.355+0000] {dag.py:4180} INFO - Setting next_dagrun for example_branch_dop_operator_v3 to 2024-11-12 03:36:00+00:00, run_after=2024-11-12 03:37:00+00:00
[2024-11-12T03:37:34.380+0000] {processor.py:208} INFO - Processing /home/airflow/.local/lib/python3.12/site-packages/airflow/example_dags/example_branch_python_dop_operator_3.py took 0.078 seconds
[2024-11-12T03:39:57.561+0000] {processor.py:186} INFO - Started process (PID=89) to work on /home/airflow/.local/lib/python3.12/site-packages/airflow/example_dags/example_branch_python_dop_operator_3.py
[2024-11-12T03:39:57.562+0000] {processor.py:914} INFO - Processing file /home/airflow/.local/lib/python3.12/site-packages/airflow/example_dags/example_branch_python_dop_operator_3.py for tasks to queue
[2024-11-12T03:39:57.564+0000] {logging_mixin.py:190} INFO - [2024-11-12T03:39:57.564+0000] {dagbag.py:588} INFO - Filling up the DagBag from /home/airflow/.local/lib/python3.12/site-packages/airflow/example_dags/example_branch_python_dop_operator_3.py
[2024-11-12T03:39:57.573+0000] {processor.py:925} INFO - DAG(s) 'example_branch_dop_operator_v3' retrieved from /home/airflow/.local/lib/python3.12/site-packages/airflow/example_dags/example_branch_python_dop_operator_3.py
[2024-11-12T03:39:57.590+0000] {logging_mixin.py:190} INFO - [2024-11-12T03:39:57.590+0000] {dag.py:3239} INFO - Sync 1 DAGs
[2024-11-12T03:39:57.616+0000] {logging_mixin.py:190} INFO - [2024-11-12T03:39:57.616+0000] {dag.py:4180} INFO - Setting next_dagrun for example_branch_dop_operator_v3 to 2024-11-12 03:38:00+00:00, run_after=2024-11-12 03:39:00+00:00
[2024-11-12T03:39:57.632+0000] {processor.py:208} INFO - Processing /home/airflow/.local/lib/python3.12/site-packages/airflow/example_dags/example_branch_python_dop_operator_3.py took 0.076 seconds
[2024-11-12T03:40:28.018+0000] {processor.py:186} INFO - Started process (PID=152) to work on /home/airflow/.local/lib/python3.12/site-packages/airflow/example_dags/example_branch_python_dop_operator_3.py
[2024-11-12T03:40:28.019+0000] {processor.py:914} INFO - Processing file /home/airflow/.local/lib/python3.12/site-packages/airflow/example_dags/example_branch_python_dop_operator_3.py for tasks to queue
[2024-11-12T03:40:28.021+0000] {logging_mixin.py:190} INFO - [2024-11-12T03:40:28.021+0000] {dagbag.py:588} INFO - Filling up the DagBag from /home/airflow/.local/lib/python3.12/site-packages/airflow/example_dags/example_branch_python_dop_operator_3.py
[2024-11-12T03:40:28.029+0000] {processor.py:925} INFO - DAG(s) 'example_branch_dop_operator_v3' retrieved from /home/airflow/.local/lib/python3.12/site-packages/airflow/example_dags/example_branch_python_dop_operator_3.py
[2024-11-12T03:40:28.045+0000] {logging_mixin.py:190} INFO - [2024-11-12T03:40:28.045+0000] {dag.py:3239} INFO - Sync 1 DAGs
[2024-11-12T03:40:28.065+0000] {logging_mixin.py:190} INFO - [2024-11-12T03:40:28.065+0000] {dag.py:4180} INFO - Setting next_dagrun for example_branch_dop_operator_v3 to 2024-11-12 03:39:00+00:00, run_after=2024-11-12 03:40:00+00:00
[2024-11-12T03:40:28.084+0000] {processor.py:208} INFO - Processing /home/airflow/.local/lib/python3.12/site-packages/airflow/example_dags/example_branch_python_dop_operator_3.py took 0.070 seconds
[2024-11-12T03:40:58.174+0000] {processor.py:186} INFO - Started process (PID=215) to work on /home/airflow/.local/lib/python3.12/site-packages/airflow/example_dags/example_branch_python_dop_operator_3.py
[2024-11-12T03:40:58.175+0000] {processor.py:914} INFO - Processing file /home/airflow/.local/lib/python3.12/site-packages/airflow/example_dags/example_branch_python_dop_operator_3.py for tasks to queue
[2024-11-12T03:40:58.177+0000] {logging_mixin.py:190} INFO - [2024-11-12T03:40:58.177+0000] {dagbag.py:588} INFO - Filling up the DagBag from /home/airflow/.local/lib/python3.12/site-packages/airflow/example_dags/example_branch_python_dop_operator_3.py
[2024-11-12T03:40:58.185+0000] {processor.py:925} INFO - DAG(s) 'example_branch_dop_operator_v3' retrieved from /home/airflow/.local/lib/python3.12/site-packages/airflow/example_dags/example_branch_python_dop_operator_3.py
[2024-11-12T03:40:58.201+0000] {logging_mixin.py:190} INFO - [2024-11-12T03:40:58.201+0000] {dag.py:3239} INFO - Sync 1 DAGs
[2024-11-12T03:40:58.219+0000] {logging_mixin.py:190} INFO - [2024-11-12T03:40:58.219+0000] {dag.py:4180} INFO - Setting next_dagrun for example_branch_dop_operator_v3 to 2024-11-12 03:39:00+00:00, run_after=2024-11-12 03:40:00+00:00
[2024-11-12T03:40:58.236+0000] {processor.py:208} INFO - Processing /home/airflow/.local/lib/python3.12/site-packages/airflow/example_dags/example_branch_python_dop_operator_3.py took 0.067 seconds
