[2024-11-12T03:33:26.154+0000] {processor.py:186} INFO - Started process (PID=92) to work on /home/airflow/.local/lib/python3.12/site-packages/airflow/example_dags/example_subdag_operator.py
[2024-11-12T03:33:26.156+0000] {processor.py:914} INFO - Processing file /home/airflow/.local/lib/python3.12/site-packages/airflow/example_dags/example_subdag_operator.py for tasks to queue
[2024-11-12T03:33:26.158+0000] {logging_mixin.py:190} INFO - [2024-11-12T03:33:26.158+0000] {dagbag.py:588} INFO - Filling up the DagBag from /home/airflow/.local/lib/python3.12/site-packages/airflow/example_dags/example_subdag_operator.py
[2024-11-12T03:33:26.182+0000] {processor.py:925} INFO - DAG(s) 'example_subdag_operator.section-1', 'example_subdag_operator.section-2', 'example_subdag_operator' retrieved from /home/airflow/.local/lib/python3.12/site-packages/airflow/example_dags/example_subdag_operator.py
[2024-11-12T03:33:26.261+0000] {logging_mixin.py:190} INFO - [2024-11-12T03:33:26.260+0000] {override.py:1911} INFO - Created Permission View: can read on DAG:example_subdag_operator
[2024-11-12T03:33:26.271+0000] {logging_mixin.py:190} INFO - [2024-11-12T03:33:26.270+0000] {override.py:1911} INFO - Created Permission View: can delete on DAG:example_subdag_operator
[2024-11-12T03:33:26.278+0000] {logging_mixin.py:190} INFO - [2024-11-12T03:33:26.278+0000] {override.py:1911} INFO - Created Permission View: can edit on DAG:example_subdag_operator
[2024-11-12T03:33:26.294+0000] {logging_mixin.py:190} INFO - [2024-11-12T03:33:26.293+0000] {override.py:1911} INFO - Created Permission View: can read on DAG Run:example_subdag_operator
[2024-11-12T03:33:26.304+0000] {logging_mixin.py:190} INFO - [2024-11-12T03:33:26.304+0000] {override.py:1911} INFO - Created Permission View: can create on DAG Run:example_subdag_operator
[2024-11-12T03:33:26.320+0000] {logging_mixin.py:190} INFO - [2024-11-12T03:33:26.320+0000] {override.py:1911} INFO - Created Permission View: can delete on DAG Run:example_subdag_operator
[2024-11-12T03:33:26.330+0000] {logging_mixin.py:190} INFO - [2024-11-12T03:33:26.330+0000] {override.py:1911} INFO - Created Permission View: menu access on DAG Run:example_subdag_operator
[2024-11-12T03:33:26.331+0000] {logging_mixin.py:190} INFO - [2024-11-12T03:33:26.330+0000] {dag.py:3239} INFO - Sync 3 DAGs
[2024-11-12T03:33:26.342+0000] {logging_mixin.py:190} INFO - [2024-11-12T03:33:26.341+0000] {dag.py:3262} INFO - Creating ORM DAG for example_subdag_operator.section-1
[2024-11-12T03:33:26.342+0000] {logging_mixin.py:190} INFO - [2024-11-12T03:33:26.342+0000] {dag.py:3262} INFO - Creating ORM DAG for example_subdag_operator.section-2
[2024-11-12T03:33:26.343+0000] {logging_mixin.py:190} INFO - [2024-11-12T03:33:26.343+0000] {dag.py:3262} INFO - Creating ORM DAG for example_subdag_operator
[2024-11-12T03:33:26.352+0000] {logging_mixin.py:190} INFO - [2024-11-12T03:33:26.352+0000] {dag.py:4180} INFO - Setting next_dagrun for example_subdag_operator to 2022-01-01 00:00:00+00:00, run_after=2022-01-01 00:00:00+00:00
[2024-11-12T03:33:26.354+0000] {logging_mixin.py:190} INFO - [2024-11-12T03:33:26.354+0000] {dag.py:4180} INFO - Setting next_dagrun for example_subdag_operator.section-1 to None, run_after=None
[2024-11-12T03:33:26.355+0000] {logging_mixin.py:190} INFO - [2024-11-12T03:33:26.354+0000] {dag.py:4180} INFO - Setting next_dagrun for example_subdag_operator.section-2 to None, run_after=None
[2024-11-12T03:33:26.364+0000] {logging_mixin.py:190} INFO - [2024-11-12T03:33:26.364+0000] {dag.py:3239} INFO - Sync 2 DAGs
[2024-11-12T03:33:26.369+0000] {logging_mixin.py:190} INFO - [2024-11-12T03:33:26.369+0000] {dag.py:4180} INFO - Setting next_dagrun for example_subdag_operator.section-1 to None, run_after=None
[2024-11-12T03:33:26.372+0000] {logging_mixin.py:190} INFO - [2024-11-12T03:33:26.372+0000] {dag.py:4180} INFO - Setting next_dagrun for example_subdag_operator.section-2 to None, run_after=None
[2024-11-12T03:33:26.384+0000] {processor.py:208} INFO - Processing /home/airflow/.local/lib/python3.12/site-packages/airflow/example_dags/example_subdag_operator.py took 0.234 seconds
[2024-11-12T03:33:56.673+0000] {processor.py:186} INFO - Started process (PID=155) to work on /home/airflow/.local/lib/python3.12/site-packages/airflow/example_dags/example_subdag_operator.py
[2024-11-12T03:33:56.674+0000] {processor.py:914} INFO - Processing file /home/airflow/.local/lib/python3.12/site-packages/airflow/example_dags/example_subdag_operator.py for tasks to queue
[2024-11-12T03:33:56.677+0000] {logging_mixin.py:190} INFO - [2024-11-12T03:33:56.676+0000] {dagbag.py:588} INFO - Filling up the DagBag from /home/airflow/.local/lib/python3.12/site-packages/airflow/example_dags/example_subdag_operator.py
[2024-11-12T03:33:56.702+0000] {processor.py:925} INFO - DAG(s) 'example_subdag_operator.section-1', 'example_subdag_operator.section-2', 'example_subdag_operator' retrieved from /home/airflow/.local/lib/python3.12/site-packages/airflow/example_dags/example_subdag_operator.py
[2024-11-12T03:33:56.716+0000] {logging_mixin.py:190} INFO - [2024-11-12T03:33:56.716+0000] {dag.py:3239} INFO - Sync 3 DAGs
[2024-11-12T03:33:56.736+0000] {logging_mixin.py:190} INFO - [2024-11-12T03:33:56.736+0000] {dag.py:4180} INFO - Setting next_dagrun for example_subdag_operator to 2022-01-01 00:00:00+00:00, run_after=2022-01-01 00:00:00+00:00
[2024-11-12T03:33:56.739+0000] {logging_mixin.py:190} INFO - [2024-11-12T03:33:56.739+0000] {dag.py:4180} INFO - Setting next_dagrun for example_subdag_operator.section-1 to None, run_after=None
[2024-11-12T03:33:56.740+0000] {logging_mixin.py:190} INFO - [2024-11-12T03:33:56.740+0000] {dag.py:4180} INFO - Setting next_dagrun for example_subdag_operator.section-2 to None, run_after=None
[2024-11-12T03:33:56.748+0000] {logging_mixin.py:190} INFO - [2024-11-12T03:33:56.748+0000] {dag.py:3239} INFO - Sync 2 DAGs
[2024-11-12T03:33:56.752+0000] {logging_mixin.py:190} INFO - [2024-11-12T03:33:56.752+0000] {dag.py:4180} INFO - Setting next_dagrun for example_subdag_operator.section-1 to None, run_after=None
[2024-11-12T03:33:56.753+0000] {logging_mixin.py:190} INFO - [2024-11-12T03:33:56.752+0000] {dag.py:4180} INFO - Setting next_dagrun for example_subdag_operator.section-2 to None, run_after=None
[2024-11-12T03:33:56.761+0000] {processor.py:208} INFO - Processing /home/airflow/.local/lib/python3.12/site-packages/airflow/example_dags/example_subdag_operator.py took 0.092 seconds
[2024-11-12T03:34:27.565+0000] {processor.py:186} INFO - Started process (PID=218) to work on /home/airflow/.local/lib/python3.12/site-packages/airflow/example_dags/example_subdag_operator.py
[2024-11-12T03:34:27.566+0000] {processor.py:914} INFO - Processing file /home/airflow/.local/lib/python3.12/site-packages/airflow/example_dags/example_subdag_operator.py for tasks to queue
[2024-11-12T03:34:27.568+0000] {logging_mixin.py:190} INFO - [2024-11-12T03:34:27.567+0000] {dagbag.py:588} INFO - Filling up the DagBag from /home/airflow/.local/lib/python3.12/site-packages/airflow/example_dags/example_subdag_operator.py
[2024-11-12T03:34:27.589+0000] {processor.py:925} INFO - DAG(s) 'example_subdag_operator.section-1', 'example_subdag_operator.section-2', 'example_subdag_operator' retrieved from /home/airflow/.local/lib/python3.12/site-packages/airflow/example_dags/example_subdag_operator.py
[2024-11-12T03:34:27.602+0000] {logging_mixin.py:190} INFO - [2024-11-12T03:34:27.602+0000] {dag.py:3239} INFO - Sync 3 DAGs
[2024-11-12T03:34:27.621+0000] {logging_mixin.py:190} INFO - [2024-11-12T03:34:27.621+0000] {dag.py:4180} INFO - Setting next_dagrun for example_subdag_operator to 2022-01-01 00:00:00+00:00, run_after=2022-01-01 00:00:00+00:00
[2024-11-12T03:34:27.625+0000] {logging_mixin.py:190} INFO - [2024-11-12T03:34:27.625+0000] {dag.py:4180} INFO - Setting next_dagrun for example_subdag_operator.section-1 to None, run_after=None
[2024-11-12T03:34:27.627+0000] {logging_mixin.py:190} INFO - [2024-11-12T03:34:27.627+0000] {dag.py:4180} INFO - Setting next_dagrun for example_subdag_operator.section-2 to None, run_after=None
[2024-11-12T03:34:27.633+0000] {logging_mixin.py:190} INFO - [2024-11-12T03:34:27.633+0000] {dag.py:3239} INFO - Sync 2 DAGs
[2024-11-12T03:34:27.641+0000] {logging_mixin.py:190} INFO - [2024-11-12T03:34:27.641+0000] {dag.py:4180} INFO - Setting next_dagrun for example_subdag_operator.section-1 to None, run_after=None
[2024-11-12T03:34:27.642+0000] {logging_mixin.py:190} INFO - [2024-11-12T03:34:27.642+0000] {dag.py:4180} INFO - Setting next_dagrun for example_subdag_operator.section-2 to None, run_after=None
[2024-11-12T03:34:27.653+0000] {processor.py:208} INFO - Processing /home/airflow/.local/lib/python3.12/site-packages/airflow/example_dags/example_subdag_operator.py took 0.092 seconds
[2024-11-12T03:34:57.963+0000] {processor.py:186} INFO - Started process (PID=280) to work on /home/airflow/.local/lib/python3.12/site-packages/airflow/example_dags/example_subdag_operator.py
[2024-11-12T03:34:57.964+0000] {processor.py:914} INFO - Processing file /home/airflow/.local/lib/python3.12/site-packages/airflow/example_dags/example_subdag_operator.py for tasks to queue
[2024-11-12T03:34:57.966+0000] {logging_mixin.py:190} INFO - [2024-11-12T03:34:57.966+0000] {dagbag.py:588} INFO - Filling up the DagBag from /home/airflow/.local/lib/python3.12/site-packages/airflow/example_dags/example_subdag_operator.py
[2024-11-12T03:34:57.989+0000] {processor.py:925} INFO - DAG(s) 'example_subdag_operator.section-1', 'example_subdag_operator.section-2', 'example_subdag_operator' retrieved from /home/airflow/.local/lib/python3.12/site-packages/airflow/example_dags/example_subdag_operator.py
[2024-11-12T03:34:58.004+0000] {logging_mixin.py:190} INFO - [2024-11-12T03:34:58.004+0000] {dag.py:3239} INFO - Sync 3 DAGs
[2024-11-12T03:34:58.025+0000] {logging_mixin.py:190} INFO - [2024-11-12T03:34:58.025+0000] {dag.py:4180} INFO - Setting next_dagrun for example_subdag_operator to 2022-01-01 00:00:00+00:00, run_after=2022-01-01 00:00:00+00:00
[2024-11-12T03:34:58.030+0000] {logging_mixin.py:190} INFO - [2024-11-12T03:34:58.029+0000] {dag.py:4180} INFO - Setting next_dagrun for example_subdag_operator.section-1 to None, run_after=None
[2024-11-12T03:34:58.031+0000] {logging_mixin.py:190} INFO - [2024-11-12T03:34:58.031+0000] {dag.py:4180} INFO - Setting next_dagrun for example_subdag_operator.section-2 to None, run_after=None
[2024-11-12T03:34:58.040+0000] {logging_mixin.py:190} INFO - [2024-11-12T03:34:58.040+0000] {dag.py:3239} INFO - Sync 2 DAGs
[2024-11-12T03:34:58.046+0000] {logging_mixin.py:190} INFO - [2024-11-12T03:34:58.046+0000] {dag.py:4180} INFO - Setting next_dagrun for example_subdag_operator.section-1 to None, run_after=None
[2024-11-12T03:34:58.047+0000] {logging_mixin.py:190} INFO - [2024-11-12T03:34:58.047+0000] {dag.py:4180} INFO - Setting next_dagrun for example_subdag_operator.section-2 to None, run_after=None
[2024-11-12T03:34:58.058+0000] {processor.py:208} INFO - Processing /home/airflow/.local/lib/python3.12/site-packages/airflow/example_dags/example_subdag_operator.py took 0.100 seconds
[2024-11-12T03:35:28.342+0000] {processor.py:186} INFO - Started process (PID=342) to work on /home/airflow/.local/lib/python3.12/site-packages/airflow/example_dags/example_subdag_operator.py
[2024-11-12T03:35:28.344+0000] {processor.py:914} INFO - Processing file /home/airflow/.local/lib/python3.12/site-packages/airflow/example_dags/example_subdag_operator.py for tasks to queue
[2024-11-12T03:35:28.347+0000] {logging_mixin.py:190} INFO - [2024-11-12T03:35:28.346+0000] {dagbag.py:588} INFO - Filling up the DagBag from /home/airflow/.local/lib/python3.12/site-packages/airflow/example_dags/example_subdag_operator.py
[2024-11-12T03:35:28.370+0000] {processor.py:925} INFO - DAG(s) 'example_subdag_operator.section-1', 'example_subdag_operator.section-2', 'example_subdag_operator' retrieved from /home/airflow/.local/lib/python3.12/site-packages/airflow/example_dags/example_subdag_operator.py
[2024-11-12T03:35:28.383+0000] {logging_mixin.py:190} INFO - [2024-11-12T03:35:28.383+0000] {dag.py:3239} INFO - Sync 3 DAGs
[2024-11-12T03:35:28.402+0000] {logging_mixin.py:190} INFO - [2024-11-12T03:35:28.402+0000] {dag.py:4180} INFO - Setting next_dagrun for example_subdag_operator to 2022-01-01 00:00:00+00:00, run_after=2022-01-01 00:00:00+00:00
[2024-11-12T03:35:28.405+0000] {logging_mixin.py:190} INFO - [2024-11-12T03:35:28.405+0000] {dag.py:4180} INFO - Setting next_dagrun for example_subdag_operator.section-1 to None, run_after=None
[2024-11-12T03:35:28.406+0000] {logging_mixin.py:190} INFO - [2024-11-12T03:35:28.406+0000] {dag.py:4180} INFO - Setting next_dagrun for example_subdag_operator.section-2 to None, run_after=None
[2024-11-12T03:35:28.412+0000] {logging_mixin.py:190} INFO - [2024-11-12T03:35:28.412+0000] {dag.py:3239} INFO - Sync 2 DAGs
[2024-11-12T03:35:28.417+0000] {logging_mixin.py:190} INFO - [2024-11-12T03:35:28.417+0000] {dag.py:4180} INFO - Setting next_dagrun for example_subdag_operator.section-1 to None, run_after=None
[2024-11-12T03:35:28.418+0000] {logging_mixin.py:190} INFO - [2024-11-12T03:35:28.418+0000] {dag.py:4180} INFO - Setting next_dagrun for example_subdag_operator.section-2 to None, run_after=None
[2024-11-12T03:35:28.428+0000] {processor.py:208} INFO - Processing /home/airflow/.local/lib/python3.12/site-packages/airflow/example_dags/example_subdag_operator.py took 0.092 seconds
[2024-11-12T03:35:59.202+0000] {processor.py:186} INFO - Started process (PID=405) to work on /home/airflow/.local/lib/python3.12/site-packages/airflow/example_dags/example_subdag_operator.py
[2024-11-12T03:35:59.203+0000] {processor.py:914} INFO - Processing file /home/airflow/.local/lib/python3.12/site-packages/airflow/example_dags/example_subdag_operator.py for tasks to queue
[2024-11-12T03:35:59.206+0000] {logging_mixin.py:190} INFO - [2024-11-12T03:35:59.205+0000] {dagbag.py:588} INFO - Filling up the DagBag from /home/airflow/.local/lib/python3.12/site-packages/airflow/example_dags/example_subdag_operator.py
[2024-11-12T03:35:59.228+0000] {processor.py:925} INFO - DAG(s) 'example_subdag_operator.section-1', 'example_subdag_operator.section-2', 'example_subdag_operator' retrieved from /home/airflow/.local/lib/python3.12/site-packages/airflow/example_dags/example_subdag_operator.py
[2024-11-12T03:35:59.241+0000] {logging_mixin.py:190} INFO - [2024-11-12T03:35:59.241+0000] {dag.py:3239} INFO - Sync 3 DAGs
[2024-11-12T03:35:59.260+0000] {logging_mixin.py:190} INFO - [2024-11-12T03:35:59.260+0000] {dag.py:4180} INFO - Setting next_dagrun for example_subdag_operator to 2022-01-01 00:00:00+00:00, run_after=2022-01-01 00:00:00+00:00
[2024-11-12T03:35:59.263+0000] {logging_mixin.py:190} INFO - [2024-11-12T03:35:59.263+0000] {dag.py:4180} INFO - Setting next_dagrun for example_subdag_operator.section-1 to None, run_after=None
[2024-11-12T03:35:59.265+0000] {logging_mixin.py:190} INFO - [2024-11-12T03:35:59.265+0000] {dag.py:4180} INFO - Setting next_dagrun for example_subdag_operator.section-2 to None, run_after=None
[2024-11-12T03:35:59.272+0000] {logging_mixin.py:190} INFO - [2024-11-12T03:35:59.272+0000] {dag.py:3239} INFO - Sync 2 DAGs
[2024-11-12T03:35:59.278+0000] {logging_mixin.py:190} INFO - [2024-11-12T03:35:59.278+0000] {dag.py:4180} INFO - Setting next_dagrun for example_subdag_operator.section-1 to None, run_after=None
[2024-11-12T03:35:59.279+0000] {logging_mixin.py:190} INFO - [2024-11-12T03:35:59.279+0000] {dag.py:4180} INFO - Setting next_dagrun for example_subdag_operator.section-2 to None, run_after=None
[2024-11-12T03:35:59.290+0000] {processor.py:208} INFO - Processing /home/airflow/.local/lib/python3.12/site-packages/airflow/example_dags/example_subdag_operator.py took 0.092 seconds
[2024-11-12T03:36:30.268+0000] {processor.py:186} INFO - Started process (PID=468) to work on /home/airflow/.local/lib/python3.12/site-packages/airflow/example_dags/example_subdag_operator.py
[2024-11-12T03:36:30.269+0000] {processor.py:914} INFO - Processing file /home/airflow/.local/lib/python3.12/site-packages/airflow/example_dags/example_subdag_operator.py for tasks to queue
[2024-11-12T03:36:30.271+0000] {logging_mixin.py:190} INFO - [2024-11-12T03:36:30.271+0000] {dagbag.py:588} INFO - Filling up the DagBag from /home/airflow/.local/lib/python3.12/site-packages/airflow/example_dags/example_subdag_operator.py
[2024-11-12T03:36:30.293+0000] {processor.py:925} INFO - DAG(s) 'example_subdag_operator.section-1', 'example_subdag_operator.section-2', 'example_subdag_operator' retrieved from /home/airflow/.local/lib/python3.12/site-packages/airflow/example_dags/example_subdag_operator.py
[2024-11-12T03:36:30.305+0000] {logging_mixin.py:190} INFO - [2024-11-12T03:36:30.305+0000] {dag.py:3239} INFO - Sync 3 DAGs
[2024-11-12T03:36:30.325+0000] {logging_mixin.py:190} INFO - [2024-11-12T03:36:30.325+0000] {dag.py:4180} INFO - Setting next_dagrun for example_subdag_operator to 2022-01-01 00:00:00+00:00, run_after=2022-01-01 00:00:00+00:00
[2024-11-12T03:36:30.328+0000] {logging_mixin.py:190} INFO - [2024-11-12T03:36:30.328+0000] {dag.py:4180} INFO - Setting next_dagrun for example_subdag_operator.section-1 to None, run_after=None
[2024-11-12T03:36:30.329+0000] {logging_mixin.py:190} INFO - [2024-11-12T03:36:30.329+0000] {dag.py:4180} INFO - Setting next_dagrun for example_subdag_operator.section-2 to None, run_after=None
[2024-11-12T03:36:30.336+0000] {logging_mixin.py:190} INFO - [2024-11-12T03:36:30.336+0000] {dag.py:3239} INFO - Sync 2 DAGs
[2024-11-12T03:36:30.341+0000] {logging_mixin.py:190} INFO - [2024-11-12T03:36:30.341+0000] {dag.py:4180} INFO - Setting next_dagrun for example_subdag_operator.section-1 to None, run_after=None
[2024-11-12T03:36:30.342+0000] {logging_mixin.py:190} INFO - [2024-11-12T03:36:30.342+0000] {dag.py:4180} INFO - Setting next_dagrun for example_subdag_operator.section-2 to None, run_after=None
[2024-11-12T03:36:30.352+0000] {processor.py:208} INFO - Processing /home/airflow/.local/lib/python3.12/site-packages/airflow/example_dags/example_subdag_operator.py took 0.089 seconds
[2024-11-12T03:37:00.442+0000] {processor.py:186} INFO - Started process (PID=531) to work on /home/airflow/.local/lib/python3.12/site-packages/airflow/example_dags/example_subdag_operator.py
[2024-11-12T03:37:00.443+0000] {processor.py:914} INFO - Processing file /home/airflow/.local/lib/python3.12/site-packages/airflow/example_dags/example_subdag_operator.py for tasks to queue
[2024-11-12T03:37:00.445+0000] {logging_mixin.py:190} INFO - [2024-11-12T03:37:00.445+0000] {dagbag.py:588} INFO - Filling up the DagBag from /home/airflow/.local/lib/python3.12/site-packages/airflow/example_dags/example_subdag_operator.py
[2024-11-12T03:37:00.465+0000] {processor.py:925} INFO - DAG(s) 'example_subdag_operator.section-1', 'example_subdag_operator.section-2', 'example_subdag_operator' retrieved from /home/airflow/.local/lib/python3.12/site-packages/airflow/example_dags/example_subdag_operator.py
[2024-11-12T03:37:00.477+0000] {logging_mixin.py:190} INFO - [2024-11-12T03:37:00.477+0000] {dag.py:3239} INFO - Sync 3 DAGs
[2024-11-12T03:37:00.496+0000] {logging_mixin.py:190} INFO - [2024-11-12T03:37:00.495+0000] {dag.py:4180} INFO - Setting next_dagrun for example_subdag_operator to 2022-01-01 00:00:00+00:00, run_after=2022-01-01 00:00:00+00:00
[2024-11-12T03:37:00.500+0000] {logging_mixin.py:190} INFO - [2024-11-12T03:37:00.500+0000] {dag.py:4180} INFO - Setting next_dagrun for example_subdag_operator.section-1 to None, run_after=None
[2024-11-12T03:37:00.501+0000] {logging_mixin.py:190} INFO - [2024-11-12T03:37:00.501+0000] {dag.py:4180} INFO - Setting next_dagrun for example_subdag_operator.section-2 to None, run_after=None
[2024-11-12T03:37:00.507+0000] {logging_mixin.py:190} INFO - [2024-11-12T03:37:00.507+0000] {dag.py:3239} INFO - Sync 2 DAGs
[2024-11-12T03:37:00.512+0000] {logging_mixin.py:190} INFO - [2024-11-12T03:37:00.512+0000] {dag.py:4180} INFO - Setting next_dagrun for example_subdag_operator.section-1 to None, run_after=None
[2024-11-12T03:37:00.513+0000] {logging_mixin.py:190} INFO - [2024-11-12T03:37:00.513+0000] {dag.py:4180} INFO - Setting next_dagrun for example_subdag_operator.section-2 to None, run_after=None
[2024-11-12T03:37:00.522+0000] {processor.py:208} INFO - Processing /home/airflow/.local/lib/python3.12/site-packages/airflow/example_dags/example_subdag_operator.py took 0.084 seconds
[2024-11-12T03:37:30.977+0000] {processor.py:186} INFO - Started process (PID=593) to work on /home/airflow/.local/lib/python3.12/site-packages/airflow/example_dags/example_subdag_operator.py
[2024-11-12T03:37:30.978+0000] {processor.py:914} INFO - Processing file /home/airflow/.local/lib/python3.12/site-packages/airflow/example_dags/example_subdag_operator.py for tasks to queue
[2024-11-12T03:37:30.981+0000] {logging_mixin.py:190} INFO - [2024-11-12T03:37:30.980+0000] {dagbag.py:588} INFO - Filling up the DagBag from /home/airflow/.local/lib/python3.12/site-packages/airflow/example_dags/example_subdag_operator.py
[2024-11-12T03:37:31.002+0000] {processor.py:925} INFO - DAG(s) 'example_subdag_operator.section-1', 'example_subdag_operator.section-2', 'example_subdag_operator' retrieved from /home/airflow/.local/lib/python3.12/site-packages/airflow/example_dags/example_subdag_operator.py
[2024-11-12T03:37:31.014+0000] {logging_mixin.py:190} INFO - [2024-11-12T03:37:31.014+0000] {dag.py:3239} INFO - Sync 3 DAGs
[2024-11-12T03:37:31.032+0000] {logging_mixin.py:190} INFO - [2024-11-12T03:37:31.032+0000] {dag.py:4180} INFO - Setting next_dagrun for example_subdag_operator to 2022-01-01 00:00:00+00:00, run_after=2022-01-01 00:00:00+00:00
[2024-11-12T03:37:31.036+0000] {logging_mixin.py:190} INFO - [2024-11-12T03:37:31.036+0000] {dag.py:4180} INFO - Setting next_dagrun for example_subdag_operator.section-1 to None, run_after=None
[2024-11-12T03:37:31.038+0000] {logging_mixin.py:190} INFO - [2024-11-12T03:37:31.038+0000] {dag.py:4180} INFO - Setting next_dagrun for example_subdag_operator.section-2 to None, run_after=None
[2024-11-12T03:37:31.045+0000] {logging_mixin.py:190} INFO - [2024-11-12T03:37:31.045+0000] {dag.py:3239} INFO - Sync 2 DAGs
[2024-11-12T03:37:31.050+0000] {logging_mixin.py:190} INFO - [2024-11-12T03:37:31.050+0000] {dag.py:4180} INFO - Setting next_dagrun for example_subdag_operator.section-1 to None, run_after=None
[2024-11-12T03:37:31.051+0000] {logging_mixin.py:190} INFO - [2024-11-12T03:37:31.051+0000] {dag.py:4180} INFO - Setting next_dagrun for example_subdag_operator.section-2 to None, run_after=None
[2024-11-12T03:37:31.060+0000] {processor.py:208} INFO - Processing /home/airflow/.local/lib/python3.12/site-packages/airflow/example_dags/example_subdag_operator.py took 0.088 seconds
[2024-11-12T03:39:56.592+0000] {processor.py:186} INFO - Started process (PID=79) to work on /home/airflow/.local/lib/python3.12/site-packages/airflow/example_dags/example_subdag_operator.py
[2024-11-12T03:39:56.593+0000] {processor.py:914} INFO - Processing file /home/airflow/.local/lib/python3.12/site-packages/airflow/example_dags/example_subdag_operator.py for tasks to queue
[2024-11-12T03:39:56.596+0000] {logging_mixin.py:190} INFO - [2024-11-12T03:39:56.595+0000] {dagbag.py:588} INFO - Filling up the DagBag from /home/airflow/.local/lib/python3.12/site-packages/airflow/example_dags/example_subdag_operator.py
[2024-11-12T03:39:56.618+0000] {processor.py:925} INFO - DAG(s) 'example_subdag_operator.section-1', 'example_subdag_operator.section-2', 'example_subdag_operator' retrieved from /home/airflow/.local/lib/python3.12/site-packages/airflow/example_dags/example_subdag_operator.py
[2024-11-12T03:39:56.635+0000] {logging_mixin.py:190} INFO - [2024-11-12T03:39:56.635+0000] {dag.py:3239} INFO - Sync 3 DAGs
[2024-11-12T03:39:56.655+0000] {logging_mixin.py:190} INFO - [2024-11-12T03:39:56.654+0000] {dag.py:4180} INFO - Setting next_dagrun for example_subdag_operator to 2022-01-01 00:00:00+00:00, run_after=2022-01-01 00:00:00+00:00
[2024-11-12T03:39:56.658+0000] {logging_mixin.py:190} INFO - [2024-11-12T03:39:56.658+0000] {dag.py:4180} INFO - Setting next_dagrun for example_subdag_operator.section-1 to None, run_after=None
[2024-11-12T03:39:56.661+0000] {logging_mixin.py:190} INFO - [2024-11-12T03:39:56.661+0000] {dag.py:4180} INFO - Setting next_dagrun for example_subdag_operator.section-2 to None, run_after=None
[2024-11-12T03:39:56.668+0000] {logging_mixin.py:190} INFO - [2024-11-12T03:39:56.668+0000] {dag.py:3239} INFO - Sync 2 DAGs
[2024-11-12T03:39:56.673+0000] {logging_mixin.py:190} INFO - [2024-11-12T03:39:56.673+0000] {dag.py:4180} INFO - Setting next_dagrun for example_subdag_operator.section-1 to None, run_after=None
[2024-11-12T03:39:56.674+0000] {logging_mixin.py:190} INFO - [2024-11-12T03:39:56.674+0000] {dag.py:4180} INFO - Setting next_dagrun for example_subdag_operator.section-2 to None, run_after=None
[2024-11-12T03:39:56.684+0000] {processor.py:208} INFO - Processing /home/airflow/.local/lib/python3.12/site-packages/airflow/example_dags/example_subdag_operator.py took 0.096 seconds
[2024-11-12T03:40:27.381+0000] {processor.py:186} INFO - Started process (PID=142) to work on /home/airflow/.local/lib/python3.12/site-packages/airflow/example_dags/example_subdag_operator.py
[2024-11-12T03:40:27.383+0000] {processor.py:914} INFO - Processing file /home/airflow/.local/lib/python3.12/site-packages/airflow/example_dags/example_subdag_operator.py for tasks to queue
[2024-11-12T03:40:27.385+0000] {logging_mixin.py:190} INFO - [2024-11-12T03:40:27.385+0000] {dagbag.py:588} INFO - Filling up the DagBag from /home/airflow/.local/lib/python3.12/site-packages/airflow/example_dags/example_subdag_operator.py
[2024-11-12T03:40:27.416+0000] {processor.py:925} INFO - DAG(s) 'example_subdag_operator.section-1', 'example_subdag_operator.section-2', 'example_subdag_operator' retrieved from /home/airflow/.local/lib/python3.12/site-packages/airflow/example_dags/example_subdag_operator.py
[2024-11-12T03:40:27.428+0000] {logging_mixin.py:190} INFO - [2024-11-12T03:40:27.428+0000] {dag.py:3239} INFO - Sync 3 DAGs
[2024-11-12T03:40:27.444+0000] {logging_mixin.py:190} INFO - [2024-11-12T03:40:27.444+0000] {dag.py:4180} INFO - Setting next_dagrun for example_subdag_operator to 2022-01-01 00:00:00+00:00, run_after=2022-01-01 00:00:00+00:00
[2024-11-12T03:40:27.448+0000] {logging_mixin.py:190} INFO - [2024-11-12T03:40:27.448+0000] {dag.py:4180} INFO - Setting next_dagrun for example_subdag_operator.section-1 to None, run_after=None
[2024-11-12T03:40:27.450+0000] {logging_mixin.py:190} INFO - [2024-11-12T03:40:27.450+0000] {dag.py:4180} INFO - Setting next_dagrun for example_subdag_operator.section-2 to None, run_after=None
[2024-11-12T03:40:27.456+0000] {logging_mixin.py:190} INFO - [2024-11-12T03:40:27.456+0000] {dag.py:3239} INFO - Sync 2 DAGs
[2024-11-12T03:40:27.461+0000] {logging_mixin.py:190} INFO - [2024-11-12T03:40:27.460+0000] {dag.py:4180} INFO - Setting next_dagrun for example_subdag_operator.section-1 to None, run_after=None
[2024-11-12T03:40:27.461+0000] {logging_mixin.py:190} INFO - [2024-11-12T03:40:27.461+0000] {dag.py:4180} INFO - Setting next_dagrun for example_subdag_operator.section-2 to None, run_after=None
[2024-11-12T03:40:27.471+0000] {processor.py:208} INFO - Processing /home/airflow/.local/lib/python3.12/site-packages/airflow/example_dags/example_subdag_operator.py took 0.094 seconds
[2024-11-12T03:40:57.557+0000] {processor.py:186} INFO - Started process (PID=205) to work on /home/airflow/.local/lib/python3.12/site-packages/airflow/example_dags/example_subdag_operator.py
[2024-11-12T03:40:57.558+0000] {processor.py:914} INFO - Processing file /home/airflow/.local/lib/python3.12/site-packages/airflow/example_dags/example_subdag_operator.py for tasks to queue
[2024-11-12T03:40:57.559+0000] {logging_mixin.py:190} INFO - [2024-11-12T03:40:57.559+0000] {dagbag.py:588} INFO - Filling up the DagBag from /home/airflow/.local/lib/python3.12/site-packages/airflow/example_dags/example_subdag_operator.py
[2024-11-12T03:40:57.577+0000] {processor.py:925} INFO - DAG(s) 'example_subdag_operator.section-1', 'example_subdag_operator.section-2', 'example_subdag_operator' retrieved from /home/airflow/.local/lib/python3.12/site-packages/airflow/example_dags/example_subdag_operator.py
[2024-11-12T03:40:57.588+0000] {logging_mixin.py:190} INFO - [2024-11-12T03:40:57.588+0000] {dag.py:3239} INFO - Sync 3 DAGs
[2024-11-12T03:40:57.608+0000] {logging_mixin.py:190} INFO - [2024-11-12T03:40:57.608+0000] {dag.py:4180} INFO - Setting next_dagrun for example_subdag_operator to 2022-01-01 00:00:00+00:00, run_after=2022-01-01 00:00:00+00:00
[2024-11-12T03:40:57.612+0000] {logging_mixin.py:190} INFO - [2024-11-12T03:40:57.612+0000] {dag.py:4180} INFO - Setting next_dagrun for example_subdag_operator.section-1 to None, run_after=None
[2024-11-12T03:40:57.613+0000] {logging_mixin.py:190} INFO - [2024-11-12T03:40:57.613+0000] {dag.py:4180} INFO - Setting next_dagrun for example_subdag_operator.section-2 to None, run_after=None
[2024-11-12T03:40:57.620+0000] {logging_mixin.py:190} INFO - [2024-11-12T03:40:57.620+0000] {dag.py:3239} INFO - Sync 2 DAGs
[2024-11-12T03:40:57.625+0000] {logging_mixin.py:190} INFO - [2024-11-12T03:40:57.625+0000] {dag.py:4180} INFO - Setting next_dagrun for example_subdag_operator.section-1 to None, run_after=None
[2024-11-12T03:40:57.626+0000] {logging_mixin.py:190} INFO - [2024-11-12T03:40:57.626+0000] {dag.py:4180} INFO - Setting next_dagrun for example_subdag_operator.section-2 to None, run_after=None
[2024-11-12T03:40:57.636+0000] {processor.py:208} INFO - Processing /home/airflow/.local/lib/python3.12/site-packages/airflow/example_dags/example_subdag_operator.py took 0.083 seconds
[2024-11-12T03:41:28.163+0000] {processor.py:186} INFO - Started process (PID=268) to work on /home/airflow/.local/lib/python3.12/site-packages/airflow/example_dags/example_subdag_operator.py
[2024-11-12T03:41:28.164+0000] {processor.py:914} INFO - Processing file /home/airflow/.local/lib/python3.12/site-packages/airflow/example_dags/example_subdag_operator.py for tasks to queue
[2024-11-12T03:41:28.166+0000] {logging_mixin.py:190} INFO - [2024-11-12T03:41:28.165+0000] {dagbag.py:588} INFO - Filling up the DagBag from /home/airflow/.local/lib/python3.12/site-packages/airflow/example_dags/example_subdag_operator.py
[2024-11-12T03:41:28.184+0000] {processor.py:925} INFO - DAG(s) 'example_subdag_operator.section-1', 'example_subdag_operator.section-2', 'example_subdag_operator' retrieved from /home/airflow/.local/lib/python3.12/site-packages/airflow/example_dags/example_subdag_operator.py
[2024-11-12T03:41:28.196+0000] {logging_mixin.py:190} INFO - [2024-11-12T03:41:28.196+0000] {dag.py:3239} INFO - Sync 3 DAGs
[2024-11-12T03:41:28.214+0000] {logging_mixin.py:190} INFO - [2024-11-12T03:41:28.214+0000] {dag.py:4180} INFO - Setting next_dagrun for example_subdag_operator to 2022-01-01 00:00:00+00:00, run_after=2022-01-01 00:00:00+00:00
[2024-11-12T03:41:28.218+0000] {logging_mixin.py:190} INFO - [2024-11-12T03:41:28.217+0000] {dag.py:4180} INFO - Setting next_dagrun for example_subdag_operator.section-1 to None, run_after=None
[2024-11-12T03:41:28.219+0000] {logging_mixin.py:190} INFO - [2024-11-12T03:41:28.219+0000] {dag.py:4180} INFO - Setting next_dagrun for example_subdag_operator.section-2 to None, run_after=None
[2024-11-12T03:41:28.225+0000] {logging_mixin.py:190} INFO - [2024-11-12T03:41:28.224+0000] {dag.py:3239} INFO - Sync 2 DAGs
[2024-11-12T03:41:28.229+0000] {logging_mixin.py:190} INFO - [2024-11-12T03:41:28.229+0000] {dag.py:4180} INFO - Setting next_dagrun for example_subdag_operator.section-1 to None, run_after=None
[2024-11-12T03:41:28.230+0000] {logging_mixin.py:190} INFO - [2024-11-12T03:41:28.230+0000] {dag.py:4180} INFO - Setting next_dagrun for example_subdag_operator.section-2 to None, run_after=None
[2024-11-12T03:41:28.238+0000] {processor.py:208} INFO - Processing /home/airflow/.local/lib/python3.12/site-packages/airflow/example_dags/example_subdag_operator.py took 0.080 seconds
