[2024-11-12T03:33:30.361+0000] {processor.py:186} INFO - Started process (PID=115) to work on /home/airflow/.local/lib/python3.12/site-packages/airflow/example_dags/example_inlet_event_extra.py
[2024-11-12T03:33:30.362+0000] {processor.py:914} INFO - Processing file /home/airflow/.local/lib/python3.12/site-packages/airflow/example_dags/example_inlet_event_extra.py for tasks to queue
[2024-11-12T03:33:30.365+0000] {logging_mixin.py:190} INFO - [2024-11-12T03:33:30.365+0000] {dagbag.py:588} INFO - Filling up the DagBag from /home/airflow/.local/lib/python3.12/site-packages/airflow/example_dags/example_inlet_event_extra.py
[2024-11-12T03:33:30.857+0000] {processor.py:925} INFO - DAG(s) 'read_dataset_event', 'read_dataset_event_from_classic' retrieved from /home/airflow/.local/lib/python3.12/site-packages/airflow/example_dags/example_inlet_event_extra.py
[2024-11-12T03:33:30.936+0000] {logging_mixin.py:190} INFO - [2024-11-12T03:33:30.935+0000] {override.py:1911} INFO - Created Permission View: can read on DAG:read_dataset_event
[2024-11-12T03:33:30.948+0000] {logging_mixin.py:190} INFO - [2024-11-12T03:33:30.947+0000] {override.py:1911} INFO - Created Permission View: can delete on DAG:read_dataset_event
[2024-11-12T03:33:30.956+0000] {logging_mixin.py:190} INFO - [2024-11-12T03:33:30.956+0000] {override.py:1911} INFO - Created Permission View: can edit on DAG:read_dataset_event
[2024-11-12T03:33:30.965+0000] {logging_mixin.py:190} INFO - [2024-11-12T03:33:30.964+0000] {override.py:1911} INFO - Created Permission View: can read on DAG Run:read_dataset_event
[2024-11-12T03:33:30.974+0000] {logging_mixin.py:190} INFO - [2024-11-12T03:33:30.974+0000] {override.py:1911} INFO - Created Permission View: can create on DAG Run:read_dataset_event
[2024-11-12T03:33:30.980+0000] {logging_mixin.py:190} INFO - [2024-11-12T03:33:30.980+0000] {override.py:1911} INFO - Created Permission View: can delete on DAG Run:read_dataset_event
[2024-11-12T03:33:30.986+0000] {logging_mixin.py:190} INFO - [2024-11-12T03:33:30.985+0000] {override.py:1911} INFO - Created Permission View: menu access on DAG Run:read_dataset_event
[2024-11-12T03:33:30.997+0000] {logging_mixin.py:190} INFO - [2024-11-12T03:33:30.997+0000] {override.py:1911} INFO - Created Permission View: can read on DAG:read_dataset_event_from_classic
[2024-11-12T03:33:31.003+0000] {logging_mixin.py:190} INFO - [2024-11-12T03:33:31.003+0000] {override.py:1911} INFO - Created Permission View: can delete on DAG:read_dataset_event_from_classic
[2024-11-12T03:33:31.010+0000] {logging_mixin.py:190} INFO - [2024-11-12T03:33:31.010+0000] {override.py:1911} INFO - Created Permission View: can edit on DAG:read_dataset_event_from_classic
[2024-11-12T03:33:31.018+0000] {logging_mixin.py:190} INFO - [2024-11-12T03:33:31.017+0000] {override.py:1911} INFO - Created Permission View: can read on DAG Run:read_dataset_event_from_classic
[2024-11-12T03:33:31.025+0000] {logging_mixin.py:190} INFO - [2024-11-12T03:33:31.025+0000] {override.py:1911} INFO - Created Permission View: can create on DAG Run:read_dataset_event_from_classic
[2024-11-12T03:33:31.033+0000] {logging_mixin.py:190} INFO - [2024-11-12T03:33:31.032+0000] {override.py:1911} INFO - Created Permission View: can delete on DAG Run:read_dataset_event_from_classic
[2024-11-12T03:33:31.039+0000] {logging_mixin.py:190} INFO - [2024-11-12T03:33:31.039+0000] {override.py:1911} INFO - Created Permission View: menu access on DAG Run:read_dataset_event_from_classic
[2024-11-12T03:33:31.040+0000] {logging_mixin.py:190} INFO - [2024-11-12T03:33:31.040+0000] {dag.py:3239} INFO - Sync 2 DAGs
[2024-11-12T03:33:31.052+0000] {logging_mixin.py:190} INFO - [2024-11-12T03:33:31.051+0000] {dag.py:3262} INFO - Creating ORM DAG for read_dataset_event
[2024-11-12T03:33:31.053+0000] {logging_mixin.py:190} INFO - [2024-11-12T03:33:31.053+0000] {dag.py:3262} INFO - Creating ORM DAG for read_dataset_event_from_classic
[2024-11-12T03:33:31.063+0000] {logging_mixin.py:190} INFO - [2024-11-12T03:33:31.063+0000] {dag.py:4180} INFO - Setting next_dagrun for read_dataset_event to 2024-11-11 00:00:00+00:00, run_after=2024-11-12 00:00:00+00:00
[2024-11-12T03:33:31.065+0000] {logging_mixin.py:190} INFO - [2024-11-12T03:33:31.065+0000] {dag.py:4180} INFO - Setting next_dagrun for read_dataset_event_from_classic to 2024-11-11 00:00:00+00:00, run_after=2024-11-12 00:00:00+00:00
[2024-11-12T03:33:31.084+0000] {processor.py:208} INFO - Processing /home/airflow/.local/lib/python3.12/site-packages/airflow/example_dags/example_inlet_event_extra.py took 0.727 seconds
[2024-11-12T03:34:01.592+0000] {processor.py:186} INFO - Started process (PID=178) to work on /home/airflow/.local/lib/python3.12/site-packages/airflow/example_dags/example_inlet_event_extra.py
[2024-11-12T03:34:01.593+0000] {processor.py:914} INFO - Processing file /home/airflow/.local/lib/python3.12/site-packages/airflow/example_dags/example_inlet_event_extra.py for tasks to queue
[2024-11-12T03:34:01.596+0000] {logging_mixin.py:190} INFO - [2024-11-12T03:34:01.596+0000] {dagbag.py:588} INFO - Filling up the DagBag from /home/airflow/.local/lib/python3.12/site-packages/airflow/example_dags/example_inlet_event_extra.py
[2024-11-12T03:34:02.061+0000] {processor.py:925} INFO - DAG(s) 'read_dataset_event_from_classic', 'read_dataset_event' retrieved from /home/airflow/.local/lib/python3.12/site-packages/airflow/example_dags/example_inlet_event_extra.py
[2024-11-12T03:34:02.076+0000] {logging_mixin.py:190} INFO - [2024-11-12T03:34:02.076+0000] {dag.py:3239} INFO - Sync 2 DAGs
[2024-11-12T03:34:02.094+0000] {logging_mixin.py:190} INFO - [2024-11-12T03:34:02.094+0000] {dag.py:4180} INFO - Setting next_dagrun for read_dataset_event to 2024-11-11 00:00:00+00:00, run_after=2024-11-12 00:00:00+00:00
[2024-11-12T03:34:02.099+0000] {logging_mixin.py:190} INFO - [2024-11-12T03:34:02.098+0000] {dag.py:4180} INFO - Setting next_dagrun for read_dataset_event_from_classic to 2024-11-11 00:00:00+00:00, run_after=2024-11-12 00:00:00+00:00
[2024-11-12T03:34:02.115+0000] {processor.py:208} INFO - Processing /home/airflow/.local/lib/python3.12/site-packages/airflow/example_dags/example_inlet_event_extra.py took 0.531 seconds
[2024-11-12T03:34:32.164+0000] {processor.py:186} INFO - Started process (PID=244) to work on /home/airflow/.local/lib/python3.12/site-packages/airflow/example_dags/example_inlet_event_extra.py
[2024-11-12T03:34:32.165+0000] {processor.py:914} INFO - Processing file /home/airflow/.local/lib/python3.12/site-packages/airflow/example_dags/example_inlet_event_extra.py for tasks to queue
[2024-11-12T03:34:32.167+0000] {logging_mixin.py:190} INFO - [2024-11-12T03:34:32.167+0000] {dagbag.py:588} INFO - Filling up the DagBag from /home/airflow/.local/lib/python3.12/site-packages/airflow/example_dags/example_inlet_event_extra.py
[2024-11-12T03:34:32.766+0000] {processor.py:925} INFO - DAG(s) 'read_dataset_event_from_classic', 'read_dataset_event' retrieved from /home/airflow/.local/lib/python3.12/site-packages/airflow/example_dags/example_inlet_event_extra.py
[2024-11-12T03:34:32.785+0000] {logging_mixin.py:190} INFO - [2024-11-12T03:34:32.784+0000] {dag.py:3239} INFO - Sync 2 DAGs
[2024-11-12T03:34:32.809+0000] {logging_mixin.py:190} INFO - [2024-11-12T03:34:32.809+0000] {dag.py:4180} INFO - Setting next_dagrun for read_dataset_event to 2024-11-11 00:00:00+00:00, run_after=2024-11-12 00:00:00+00:00
[2024-11-12T03:34:32.817+0000] {logging_mixin.py:190} INFO - [2024-11-12T03:34:32.816+0000] {dag.py:4180} INFO - Setting next_dagrun for read_dataset_event_from_classic to 2024-11-11 00:00:00+00:00, run_after=2024-11-12 00:00:00+00:00
[2024-11-12T03:34:32.836+0000] {processor.py:208} INFO - Processing /home/airflow/.local/lib/python3.12/site-packages/airflow/example_dags/example_inlet_event_extra.py took 0.680 seconds
[2024-11-12T03:35:02.911+0000] {processor.py:186} INFO - Started process (PID=303) to work on /home/airflow/.local/lib/python3.12/site-packages/airflow/example_dags/example_inlet_event_extra.py
[2024-11-12T03:35:02.913+0000] {processor.py:914} INFO - Processing file /home/airflow/.local/lib/python3.12/site-packages/airflow/example_dags/example_inlet_event_extra.py for tasks to queue
[2024-11-12T03:35:02.919+0000] {logging_mixin.py:190} INFO - [2024-11-12T03:35:02.917+0000] {dagbag.py:588} INFO - Filling up the DagBag from /home/airflow/.local/lib/python3.12/site-packages/airflow/example_dags/example_inlet_event_extra.py
[2024-11-12T03:35:03.388+0000] {processor.py:925} INFO - DAG(s) 'read_dataset_event', 'read_dataset_event_from_classic' retrieved from /home/airflow/.local/lib/python3.12/site-packages/airflow/example_dags/example_inlet_event_extra.py
[2024-11-12T03:35:03.403+0000] {logging_mixin.py:190} INFO - [2024-11-12T03:35:03.403+0000] {dag.py:3239} INFO - Sync 2 DAGs
[2024-11-12T03:35:03.424+0000] {logging_mixin.py:190} INFO - [2024-11-12T03:35:03.423+0000] {dag.py:4180} INFO - Setting next_dagrun for read_dataset_event to 2024-11-11 00:00:00+00:00, run_after=2024-11-12 00:00:00+00:00
[2024-11-12T03:35:03.428+0000] {logging_mixin.py:190} INFO - [2024-11-12T03:35:03.428+0000] {dag.py:4180} INFO - Setting next_dagrun for read_dataset_event_from_classic to 2024-11-11 00:00:00+00:00, run_after=2024-11-12 00:00:00+00:00
[2024-11-12T03:35:03.443+0000] {processor.py:208} INFO - Processing /home/airflow/.local/lib/python3.12/site-packages/airflow/example_dags/example_inlet_event_extra.py took 0.540 seconds
[2024-11-12T03:35:33.593+0000] {processor.py:186} INFO - Started process (PID=371) to work on /home/airflow/.local/lib/python3.12/site-packages/airflow/example_dags/example_inlet_event_extra.py
[2024-11-12T03:35:33.594+0000] {processor.py:914} INFO - Processing file /home/airflow/.local/lib/python3.12/site-packages/airflow/example_dags/example_inlet_event_extra.py for tasks to queue
[2024-11-12T03:35:33.597+0000] {logging_mixin.py:190} INFO - [2024-11-12T03:35:33.596+0000] {dagbag.py:588} INFO - Filling up the DagBag from /home/airflow/.local/lib/python3.12/site-packages/airflow/example_dags/example_inlet_event_extra.py
[2024-11-12T03:35:34.165+0000] {processor.py:925} INFO - DAG(s) 'read_dataset_event_from_classic', 'read_dataset_event' retrieved from /home/airflow/.local/lib/python3.12/site-packages/airflow/example_dags/example_inlet_event_extra.py
[2024-11-12T03:35:34.182+0000] {logging_mixin.py:190} INFO - [2024-11-12T03:35:34.181+0000] {dag.py:3239} INFO - Sync 2 DAGs
[2024-11-12T03:35:34.201+0000] {logging_mixin.py:190} INFO - [2024-11-12T03:35:34.201+0000] {dag.py:4180} INFO - Setting next_dagrun for read_dataset_event to 2024-11-11 00:00:00+00:00, run_after=2024-11-12 00:00:00+00:00
[2024-11-12T03:35:34.205+0000] {logging_mixin.py:190} INFO - [2024-11-12T03:35:34.205+0000] {dag.py:4180} INFO - Setting next_dagrun for read_dataset_event_from_classic to 2024-11-11 00:00:00+00:00, run_after=2024-11-12 00:00:00+00:00
[2024-11-12T03:35:34.218+0000] {processor.py:208} INFO - Processing /home/airflow/.local/lib/python3.12/site-packages/airflow/example_dags/example_inlet_event_extra.py took 0.629 seconds
[2024-11-12T03:36:04.308+0000] {processor.py:186} INFO - Started process (PID=436) to work on /home/airflow/.local/lib/python3.12/site-packages/airflow/example_dags/example_inlet_event_extra.py
[2024-11-12T03:36:04.309+0000] {processor.py:914} INFO - Processing file /home/airflow/.local/lib/python3.12/site-packages/airflow/example_dags/example_inlet_event_extra.py for tasks to queue
[2024-11-12T03:36:04.311+0000] {logging_mixin.py:190} INFO - [2024-11-12T03:36:04.310+0000] {dagbag.py:588} INFO - Filling up the DagBag from /home/airflow/.local/lib/python3.12/site-packages/airflow/example_dags/example_inlet_event_extra.py
[2024-11-12T03:36:04.777+0000] {processor.py:925} INFO - DAG(s) 'read_dataset_event_from_classic', 'read_dataset_event' retrieved from /home/airflow/.local/lib/python3.12/site-packages/airflow/example_dags/example_inlet_event_extra.py
[2024-11-12T03:36:04.793+0000] {logging_mixin.py:190} INFO - [2024-11-12T03:36:04.793+0000] {dag.py:3239} INFO - Sync 2 DAGs
[2024-11-12T03:36:04.813+0000] {logging_mixin.py:190} INFO - [2024-11-12T03:36:04.813+0000] {dag.py:4180} INFO - Setting next_dagrun for read_dataset_event to 2024-11-11 00:00:00+00:00, run_after=2024-11-12 00:00:00+00:00
[2024-11-12T03:36:04.817+0000] {logging_mixin.py:190} INFO - [2024-11-12T03:36:04.817+0000] {dag.py:4180} INFO - Setting next_dagrun for read_dataset_event_from_classic to 2024-11-11 00:00:00+00:00, run_after=2024-11-12 00:00:00+00:00
[2024-11-12T03:36:04.842+0000] {processor.py:208} INFO - Processing /home/airflow/.local/lib/python3.12/site-packages/airflow/example_dags/example_inlet_event_extra.py took 0.539 seconds
[2024-11-12T03:36:35.170+0000] {processor.py:186} INFO - Started process (PID=502) to work on /home/airflow/.local/lib/python3.12/site-packages/airflow/example_dags/example_inlet_event_extra.py
[2024-11-12T03:36:35.171+0000] {processor.py:914} INFO - Processing file /home/airflow/.local/lib/python3.12/site-packages/airflow/example_dags/example_inlet_event_extra.py for tasks to queue
[2024-11-12T03:36:35.173+0000] {logging_mixin.py:190} INFO - [2024-11-12T03:36:35.173+0000] {dagbag.py:588} INFO - Filling up the DagBag from /home/airflow/.local/lib/python3.12/site-packages/airflow/example_dags/example_inlet_event_extra.py
[2024-11-12T03:36:35.632+0000] {processor.py:925} INFO - DAG(s) 'read_dataset_event_from_classic', 'read_dataset_event' retrieved from /home/airflow/.local/lib/python3.12/site-packages/airflow/example_dags/example_inlet_event_extra.py
[2024-11-12T03:36:35.647+0000] {logging_mixin.py:190} INFO - [2024-11-12T03:36:35.647+0000] {dag.py:3239} INFO - Sync 2 DAGs
[2024-11-12T03:36:35.674+0000] {logging_mixin.py:190} INFO - [2024-11-12T03:36:35.674+0000] {dag.py:4180} INFO - Setting next_dagrun for read_dataset_event to 2024-11-11 00:00:00+00:00, run_after=2024-11-12 00:00:00+00:00
[2024-11-12T03:36:35.678+0000] {logging_mixin.py:190} INFO - [2024-11-12T03:36:35.678+0000] {dag.py:4180} INFO - Setting next_dagrun for read_dataset_event_from_classic to 2024-11-11 00:00:00+00:00, run_after=2024-11-12 00:00:00+00:00
[2024-11-12T03:36:35.709+0000] {processor.py:208} INFO - Processing /home/airflow/.local/lib/python3.12/site-packages/airflow/example_dags/example_inlet_event_extra.py took 0.544 seconds
[2024-11-12T03:37:05.918+0000] {processor.py:186} INFO - Started process (PID=557) to work on /home/airflow/.local/lib/python3.12/site-packages/airflow/example_dags/example_inlet_event_extra.py
[2024-11-12T03:37:05.919+0000] {processor.py:914} INFO - Processing file /home/airflow/.local/lib/python3.12/site-packages/airflow/example_dags/example_inlet_event_extra.py for tasks to queue
[2024-11-12T03:37:05.921+0000] {logging_mixin.py:190} INFO - [2024-11-12T03:37:05.921+0000] {dagbag.py:588} INFO - Filling up the DagBag from /home/airflow/.local/lib/python3.12/site-packages/airflow/example_dags/example_inlet_event_extra.py
[2024-11-12T03:37:06.367+0000] {processor.py:925} INFO - DAG(s) 'read_dataset_event', 'read_dataset_event_from_classic' retrieved from /home/airflow/.local/lib/python3.12/site-packages/airflow/example_dags/example_inlet_event_extra.py
[2024-11-12T03:37:06.383+0000] {logging_mixin.py:190} INFO - [2024-11-12T03:37:06.383+0000] {dag.py:3239} INFO - Sync 2 DAGs
[2024-11-12T03:37:06.400+0000] {logging_mixin.py:190} INFO - [2024-11-12T03:37:06.400+0000] {dag.py:4180} INFO - Setting next_dagrun for read_dataset_event to 2024-11-11 00:00:00+00:00, run_after=2024-11-12 00:00:00+00:00
[2024-11-12T03:37:06.404+0000] {logging_mixin.py:190} INFO - [2024-11-12T03:37:06.404+0000] {dag.py:4180} INFO - Setting next_dagrun for read_dataset_event_from_classic to 2024-11-11 00:00:00+00:00, run_after=2024-11-12 00:00:00+00:00
[2024-11-12T03:37:06.420+0000] {processor.py:208} INFO - Processing /home/airflow/.local/lib/python3.12/site-packages/airflow/example_dags/example_inlet_event_extra.py took 0.507 seconds
[2024-11-12T03:37:36.882+0000] {processor.py:186} INFO - Started process (PID=623) to work on /home/airflow/.local/lib/python3.12/site-packages/airflow/example_dags/example_inlet_event_extra.py
[2024-11-12T03:37:36.883+0000] {processor.py:914} INFO - Processing file /home/airflow/.local/lib/python3.12/site-packages/airflow/example_dags/example_inlet_event_extra.py for tasks to queue
[2024-11-12T03:37:36.886+0000] {logging_mixin.py:190} INFO - [2024-11-12T03:37:36.885+0000] {dagbag.py:588} INFO - Filling up the DagBag from /home/airflow/.local/lib/python3.12/site-packages/airflow/example_dags/example_inlet_event_extra.py
[2024-11-12T03:37:37.309+0000] {processor.py:925} INFO - DAG(s) 'read_dataset_event_from_classic', 'read_dataset_event' retrieved from /home/airflow/.local/lib/python3.12/site-packages/airflow/example_dags/example_inlet_event_extra.py
[2024-11-12T03:37:37.325+0000] {logging_mixin.py:190} INFO - [2024-11-12T03:37:37.325+0000] {dag.py:3239} INFO - Sync 2 DAGs
[2024-11-12T03:37:37.342+0000] {logging_mixin.py:190} INFO - [2024-11-12T03:37:37.342+0000] {dag.py:4180} INFO - Setting next_dagrun for read_dataset_event to 2024-11-11 00:00:00+00:00, run_after=2024-11-12 00:00:00+00:00
[2024-11-12T03:37:37.346+0000] {logging_mixin.py:190} INFO - [2024-11-12T03:37:37.346+0000] {dag.py:4180} INFO - Setting next_dagrun for read_dataset_event_from_classic to 2024-11-11 00:00:00+00:00, run_after=2024-11-12 00:00:00+00:00
[2024-11-12T03:37:37.369+0000] {processor.py:208} INFO - Processing /home/airflow/.local/lib/python3.12/site-packages/airflow/example_dags/example_inlet_event_extra.py took 0.491 seconds
[2024-11-12T03:39:58.493+0000] {processor.py:186} INFO - Started process (PID=102) to work on /home/airflow/.local/lib/python3.12/site-packages/airflow/example_dags/example_inlet_event_extra.py
[2024-11-12T03:39:58.494+0000] {processor.py:914} INFO - Processing file /home/airflow/.local/lib/python3.12/site-packages/airflow/example_dags/example_inlet_event_extra.py for tasks to queue
[2024-11-12T03:39:58.496+0000] {logging_mixin.py:190} INFO - [2024-11-12T03:39:58.496+0000] {dagbag.py:588} INFO - Filling up the DagBag from /home/airflow/.local/lib/python3.12/site-packages/airflow/example_dags/example_inlet_event_extra.py
[2024-11-12T03:39:59.020+0000] {processor.py:925} INFO - DAG(s) 'read_dataset_event', 'read_dataset_event_from_classic' retrieved from /home/airflow/.local/lib/python3.12/site-packages/airflow/example_dags/example_inlet_event_extra.py
[2024-11-12T03:39:59.038+0000] {logging_mixin.py:190} INFO - [2024-11-12T03:39:59.038+0000] {dag.py:3239} INFO - Sync 2 DAGs
[2024-11-12T03:39:59.059+0000] {logging_mixin.py:190} INFO - [2024-11-12T03:39:59.059+0000] {dag.py:4180} INFO - Setting next_dagrun for read_dataset_event to 2024-11-11 00:00:00+00:00, run_after=2024-11-12 00:00:00+00:00
[2024-11-12T03:39:59.063+0000] {logging_mixin.py:190} INFO - [2024-11-12T03:39:59.063+0000] {dag.py:4180} INFO - Setting next_dagrun for read_dataset_event_from_classic to 2024-11-11 00:00:00+00:00, run_after=2024-11-12 00:00:00+00:00
[2024-11-12T03:39:59.078+0000] {processor.py:208} INFO - Processing /home/airflow/.local/lib/python3.12/site-packages/airflow/example_dags/example_inlet_event_extra.py took 0.590 seconds
[2024-11-12T03:40:29.133+0000] {processor.py:186} INFO - Started process (PID=169) to work on /home/airflow/.local/lib/python3.12/site-packages/airflow/example_dags/example_inlet_event_extra.py
[2024-11-12T03:40:29.134+0000] {processor.py:914} INFO - Processing file /home/airflow/.local/lib/python3.12/site-packages/airflow/example_dags/example_inlet_event_extra.py for tasks to queue
[2024-11-12T03:40:29.136+0000] {logging_mixin.py:190} INFO - [2024-11-12T03:40:29.136+0000] {dagbag.py:588} INFO - Filling up the DagBag from /home/airflow/.local/lib/python3.12/site-packages/airflow/example_dags/example_inlet_event_extra.py
[2024-11-12T03:40:29.547+0000] {processor.py:925} INFO - DAG(s) 'read_dataset_event_from_classic', 'read_dataset_event' retrieved from /home/airflow/.local/lib/python3.12/site-packages/airflow/example_dags/example_inlet_event_extra.py
[2024-11-12T03:40:29.562+0000] {logging_mixin.py:190} INFO - [2024-11-12T03:40:29.562+0000] {dag.py:3239} INFO - Sync 2 DAGs
[2024-11-12T03:40:29.580+0000] {logging_mixin.py:190} INFO - [2024-11-12T03:40:29.580+0000] {dag.py:4180} INFO - Setting next_dagrun for read_dataset_event to 2024-11-11 00:00:00+00:00, run_after=2024-11-12 00:00:00+00:00
[2024-11-12T03:40:29.585+0000] {logging_mixin.py:190} INFO - [2024-11-12T03:40:29.585+0000] {dag.py:4180} INFO - Setting next_dagrun for read_dataset_event_from_classic to 2024-11-11 00:00:00+00:00, run_after=2024-11-12 00:00:00+00:00
[2024-11-12T03:40:29.599+0000] {processor.py:208} INFO - Processing /home/airflow/.local/lib/python3.12/site-packages/airflow/example_dags/example_inlet_event_extra.py took 0.470 seconds
[2024-11-12T03:40:59.661+0000] {processor.py:186} INFO - Started process (PID=233) to work on /home/airflow/.local/lib/python3.12/site-packages/airflow/example_dags/example_inlet_event_extra.py
[2024-11-12T03:40:59.662+0000] {processor.py:914} INFO - Processing file /home/airflow/.local/lib/python3.12/site-packages/airflow/example_dags/example_inlet_event_extra.py for tasks to queue
[2024-11-12T03:40:59.664+0000] {logging_mixin.py:190} INFO - [2024-11-12T03:40:59.664+0000] {dagbag.py:588} INFO - Filling up the DagBag from /home/airflow/.local/lib/python3.12/site-packages/airflow/example_dags/example_inlet_event_extra.py
[2024-11-12T03:41:00.113+0000] {processor.py:925} INFO - DAG(s) 'read_dataset_event', 'read_dataset_event_from_classic' retrieved from /home/airflow/.local/lib/python3.12/site-packages/airflow/example_dags/example_inlet_event_extra.py
[2024-11-12T03:41:00.131+0000] {logging_mixin.py:190} INFO - [2024-11-12T03:41:00.131+0000] {dag.py:3239} INFO - Sync 2 DAGs
[2024-11-12T03:41:00.150+0000] {logging_mixin.py:190} INFO - [2024-11-12T03:41:00.149+0000] {dag.py:4180} INFO - Setting next_dagrun for read_dataset_event to 2024-11-11 00:00:00+00:00, run_after=2024-11-12 00:00:00+00:00
[2024-11-12T03:41:00.154+0000] {logging_mixin.py:190} INFO - [2024-11-12T03:41:00.153+0000] {dag.py:4180} INFO - Setting next_dagrun for read_dataset_event_from_classic to 2024-11-11 00:00:00+00:00, run_after=2024-11-12 00:00:00+00:00
[2024-11-12T03:41:00.169+0000] {processor.py:208} INFO - Processing /home/airflow/.local/lib/python3.12/site-packages/airflow/example_dags/example_inlet_event_extra.py took 0.513 seconds
[2024-11-12T03:41:30.306+0000] {processor.py:186} INFO - Started process (PID=296) to work on /home/airflow/.local/lib/python3.12/site-packages/airflow/example_dags/example_inlet_event_extra.py
[2024-11-12T03:41:30.307+0000] {processor.py:914} INFO - Processing file /home/airflow/.local/lib/python3.12/site-packages/airflow/example_dags/example_inlet_event_extra.py for tasks to queue
[2024-11-12T03:41:30.309+0000] {logging_mixin.py:190} INFO - [2024-11-12T03:41:30.309+0000] {dagbag.py:588} INFO - Filling up the DagBag from /home/airflow/.local/lib/python3.12/site-packages/airflow/example_dags/example_inlet_event_extra.py
[2024-11-12T03:41:30.751+0000] {processor.py:925} INFO - DAG(s) 'read_dataset_event_from_classic', 'read_dataset_event' retrieved from /home/airflow/.local/lib/python3.12/site-packages/airflow/example_dags/example_inlet_event_extra.py
[2024-11-12T03:41:30.766+0000] {logging_mixin.py:190} INFO - [2024-11-12T03:41:30.765+0000] {dag.py:3239} INFO - Sync 2 DAGs
[2024-11-12T03:41:30.784+0000] {logging_mixin.py:190} INFO - [2024-11-12T03:41:30.784+0000] {dag.py:4180} INFO - Setting next_dagrun for read_dataset_event to 2024-11-11 00:00:00+00:00, run_after=2024-11-12 00:00:00+00:00
[2024-11-12T03:41:30.788+0000] {logging_mixin.py:190} INFO - [2024-11-12T03:41:30.788+0000] {dag.py:4180} INFO - Setting next_dagrun for read_dataset_event_from_classic to 2024-11-11 00:00:00+00:00, run_after=2024-11-12 00:00:00+00:00
[2024-11-12T03:41:30.811+0000] {processor.py:208} INFO - Processing /home/airflow/.local/lib/python3.12/site-packages/airflow/example_dags/example_inlet_event_extra.py took 0.509 seconds
