[2024-11-12T03:33:26.663+0000] {processor.py:186} INFO - Started process (PID=96) to work on /home/airflow/.local/lib/python3.12/site-packages/airflow/example_dags/example_python_operator.py
[2024-11-12T03:33:26.665+0000] {processor.py:914} INFO - Processing file /home/airflow/.local/lib/python3.12/site-packages/airflow/example_dags/example_python_operator.py for tasks to queue
[2024-11-12T03:33:26.668+0000] {logging_mixin.py:190} INFO - [2024-11-12T03:33:26.667+0000] {dagbag.py:588} INFO - Filling up the DagBag from /home/airflow/.local/lib/python3.12/site-packages/airflow/example_dags/example_python_operator.py
[2024-11-12T03:33:26.681+0000] {processor.py:925} INFO - DAG(s) 'example_python_operator' retrieved from /home/airflow/.local/lib/python3.12/site-packages/airflow/example_dags/example_python_operator.py
[2024-11-12T03:33:26.781+0000] {logging_mixin.py:190} INFO - [2024-11-12T03:33:26.780+0000] {override.py:1911} INFO - Created Permission View: can read on DAG:example_python_operator
[2024-11-12T03:33:26.791+0000] {logging_mixin.py:190} INFO - [2024-11-12T03:33:26.791+0000] {override.py:1911} INFO - Created Permission View: can delete on DAG:example_python_operator
[2024-11-12T03:33:26.799+0000] {logging_mixin.py:190} INFO - [2024-11-12T03:33:26.799+0000] {override.py:1911} INFO - Created Permission View: can edit on DAG:example_python_operator
[2024-11-12T03:33:26.813+0000] {logging_mixin.py:190} INFO - [2024-11-12T03:33:26.813+0000] {override.py:1911} INFO - Created Permission View: can read on DAG Run:example_python_operator
[2024-11-12T03:33:26.823+0000] {logging_mixin.py:190} INFO - [2024-11-12T03:33:26.822+0000] {override.py:1911} INFO - Created Permission View: can create on DAG Run:example_python_operator
[2024-11-12T03:33:26.831+0000] {logging_mixin.py:190} INFO - [2024-11-12T03:33:26.830+0000] {override.py:1911} INFO - Created Permission View: can delete on DAG Run:example_python_operator
[2024-11-12T03:33:26.836+0000] {logging_mixin.py:190} INFO - [2024-11-12T03:33:26.836+0000] {override.py:1911} INFO - Created Permission View: menu access on DAG Run:example_python_operator
[2024-11-12T03:33:26.837+0000] {logging_mixin.py:190} INFO - [2024-11-12T03:33:26.837+0000] {dag.py:3239} INFO - Sync 1 DAGs
[2024-11-12T03:33:26.850+0000] {logging_mixin.py:190} INFO - [2024-11-12T03:33:26.850+0000] {dag.py:3262} INFO - Creating ORM DAG for example_python_operator
[2024-11-12T03:33:26.851+0000] {logging_mixin.py:190} INFO - [2024-11-12T03:33:26.851+0000] {dag.py:4180} INFO - Setting next_dagrun for example_python_operator to None, run_after=None
[2024-11-12T03:33:26.873+0000] {processor.py:208} INFO - Processing /home/airflow/.local/lib/python3.12/site-packages/airflow/example_dags/example_python_operator.py took 0.215 seconds
[2024-11-12T03:33:57.810+0000] {processor.py:186} INFO - Started process (PID=159) to work on /home/airflow/.local/lib/python3.12/site-packages/airflow/example_dags/example_python_operator.py
[2024-11-12T03:33:57.811+0000] {processor.py:914} INFO - Processing file /home/airflow/.local/lib/python3.12/site-packages/airflow/example_dags/example_python_operator.py for tasks to queue
[2024-11-12T03:33:57.813+0000] {logging_mixin.py:190} INFO - [2024-11-12T03:33:57.813+0000] {dagbag.py:588} INFO - Filling up the DagBag from /home/airflow/.local/lib/python3.12/site-packages/airflow/example_dags/example_python_operator.py
[2024-11-12T03:33:57.824+0000] {processor.py:925} INFO - DAG(s) 'example_python_operator' retrieved from /home/airflow/.local/lib/python3.12/site-packages/airflow/example_dags/example_python_operator.py
[2024-11-12T03:33:57.840+0000] {logging_mixin.py:190} INFO - [2024-11-12T03:33:57.840+0000] {dag.py:3239} INFO - Sync 1 DAGs
[2024-11-12T03:33:57.850+0000] {logging_mixin.py:190} INFO - [2024-11-12T03:33:57.850+0000] {dag.py:4180} INFO - Setting next_dagrun for example_python_operator to None, run_after=None
[2024-11-12T03:33:57.866+0000] {processor.py:208} INFO - Processing /home/airflow/.local/lib/python3.12/site-packages/airflow/example_dags/example_python_operator.py took 0.062 seconds
[2024-11-12T03:34:28.725+0000] {processor.py:186} INFO - Started process (PID=222) to work on /home/airflow/.local/lib/python3.12/site-packages/airflow/example_dags/example_python_operator.py
[2024-11-12T03:34:28.726+0000] {processor.py:914} INFO - Processing file /home/airflow/.local/lib/python3.12/site-packages/airflow/example_dags/example_python_operator.py for tasks to queue
[2024-11-12T03:34:28.728+0000] {logging_mixin.py:190} INFO - [2024-11-12T03:34:28.727+0000] {dagbag.py:588} INFO - Filling up the DagBag from /home/airflow/.local/lib/python3.12/site-packages/airflow/example_dags/example_python_operator.py
[2024-11-12T03:34:28.737+0000] {processor.py:925} INFO - DAG(s) 'example_python_operator' retrieved from /home/airflow/.local/lib/python3.12/site-packages/airflow/example_dags/example_python_operator.py
[2024-11-12T03:34:28.754+0000] {logging_mixin.py:190} INFO - [2024-11-12T03:34:28.754+0000] {dag.py:3239} INFO - Sync 1 DAGs
[2024-11-12T03:34:28.765+0000] {logging_mixin.py:190} INFO - [2024-11-12T03:34:28.765+0000] {dag.py:4180} INFO - Setting next_dagrun for example_python_operator to None, run_after=None
[2024-11-12T03:34:28.790+0000] {processor.py:208} INFO - Processing /home/airflow/.local/lib/python3.12/site-packages/airflow/example_dags/example_python_operator.py took 0.069 seconds
[2024-11-12T03:34:59.288+0000] {processor.py:186} INFO - Started process (PID=284) to work on /home/airflow/.local/lib/python3.12/site-packages/airflow/example_dags/example_python_operator.py
[2024-11-12T03:34:59.289+0000] {processor.py:914} INFO - Processing file /home/airflow/.local/lib/python3.12/site-packages/airflow/example_dags/example_python_operator.py for tasks to queue
[2024-11-12T03:34:59.291+0000] {logging_mixin.py:190} INFO - [2024-11-12T03:34:59.291+0000] {dagbag.py:588} INFO - Filling up the DagBag from /home/airflow/.local/lib/python3.12/site-packages/airflow/example_dags/example_python_operator.py
[2024-11-12T03:34:59.300+0000] {processor.py:925} INFO - DAG(s) 'example_python_operator' retrieved from /home/airflow/.local/lib/python3.12/site-packages/airflow/example_dags/example_python_operator.py
[2024-11-12T03:34:59.320+0000] {logging_mixin.py:190} INFO - [2024-11-12T03:34:59.320+0000] {dag.py:3239} INFO - Sync 1 DAGs
[2024-11-12T03:34:59.332+0000] {logging_mixin.py:190} INFO - [2024-11-12T03:34:59.332+0000] {dag.py:4180} INFO - Setting next_dagrun for example_python_operator to None, run_after=None
[2024-11-12T03:34:59.349+0000] {processor.py:208} INFO - Processing /home/airflow/.local/lib/python3.12/site-packages/airflow/example_dags/example_python_operator.py took 0.065 seconds
[2024-11-12T03:35:30.112+0000] {processor.py:186} INFO - Started process (PID=347) to work on /home/airflow/.local/lib/python3.12/site-packages/airflow/example_dags/example_python_operator.py
[2024-11-12T03:35:30.114+0000] {processor.py:914} INFO - Processing file /home/airflow/.local/lib/python3.12/site-packages/airflow/example_dags/example_python_operator.py for tasks to queue
[2024-11-12T03:35:30.116+0000] {logging_mixin.py:190} INFO - [2024-11-12T03:35:30.116+0000] {dagbag.py:588} INFO - Filling up the DagBag from /home/airflow/.local/lib/python3.12/site-packages/airflow/example_dags/example_python_operator.py
[2024-11-12T03:35:30.126+0000] {processor.py:925} INFO - DAG(s) 'example_python_operator' retrieved from /home/airflow/.local/lib/python3.12/site-packages/airflow/example_dags/example_python_operator.py
[2024-11-12T03:35:30.145+0000] {logging_mixin.py:190} INFO - [2024-11-12T03:35:30.144+0000] {dag.py:3239} INFO - Sync 1 DAGs
[2024-11-12T03:35:30.157+0000] {logging_mixin.py:190} INFO - [2024-11-12T03:35:30.157+0000] {dag.py:4180} INFO - Setting next_dagrun for example_python_operator to None, run_after=None
[2024-11-12T03:35:30.176+0000] {processor.py:208} INFO - Processing /home/airflow/.local/lib/python3.12/site-packages/airflow/example_dags/example_python_operator.py took 0.069 seconds
[2024-11-12T03:36:00.434+0000] {processor.py:186} INFO - Started process (PID=410) to work on /home/airflow/.local/lib/python3.12/site-packages/airflow/example_dags/example_python_operator.py
[2024-11-12T03:36:00.435+0000] {processor.py:914} INFO - Processing file /home/airflow/.local/lib/python3.12/site-packages/airflow/example_dags/example_python_operator.py for tasks to queue
[2024-11-12T03:36:00.437+0000] {logging_mixin.py:190} INFO - [2024-11-12T03:36:00.437+0000] {dagbag.py:588} INFO - Filling up the DagBag from /home/airflow/.local/lib/python3.12/site-packages/airflow/example_dags/example_python_operator.py
[2024-11-12T03:36:00.449+0000] {processor.py:925} INFO - DAG(s) 'example_python_operator' retrieved from /home/airflow/.local/lib/python3.12/site-packages/airflow/example_dags/example_python_operator.py
[2024-11-12T03:36:00.468+0000] {logging_mixin.py:190} INFO - [2024-11-12T03:36:00.468+0000] {dag.py:3239} INFO - Sync 1 DAGs
[2024-11-12T03:36:00.481+0000] {logging_mixin.py:190} INFO - [2024-11-12T03:36:00.481+0000] {dag.py:4180} INFO - Setting next_dagrun for example_python_operator to None, run_after=None
[2024-11-12T03:36:00.499+0000] {processor.py:208} INFO - Processing /home/airflow/.local/lib/python3.12/site-packages/airflow/example_dags/example_python_operator.py took 0.070 seconds
[2024-11-12T03:36:31.177+0000] {processor.py:186} INFO - Started process (PID=473) to work on /home/airflow/.local/lib/python3.12/site-packages/airflow/example_dags/example_python_operator.py
[2024-11-12T03:36:31.178+0000] {processor.py:914} INFO - Processing file /home/airflow/.local/lib/python3.12/site-packages/airflow/example_dags/example_python_operator.py for tasks to queue
[2024-11-12T03:36:31.180+0000] {logging_mixin.py:190} INFO - [2024-11-12T03:36:31.180+0000] {dagbag.py:588} INFO - Filling up the DagBag from /home/airflow/.local/lib/python3.12/site-packages/airflow/example_dags/example_python_operator.py
[2024-11-12T03:36:31.192+0000] {processor.py:925} INFO - DAG(s) 'example_python_operator' retrieved from /home/airflow/.local/lib/python3.12/site-packages/airflow/example_dags/example_python_operator.py
[2024-11-12T03:36:31.212+0000] {logging_mixin.py:190} INFO - [2024-11-12T03:36:31.212+0000] {dag.py:3239} INFO - Sync 1 DAGs
[2024-11-12T03:36:31.226+0000] {logging_mixin.py:190} INFO - [2024-11-12T03:36:31.226+0000] {dag.py:4180} INFO - Setting next_dagrun for example_python_operator to None, run_after=None
[2024-11-12T03:36:31.247+0000] {processor.py:208} INFO - Processing /home/airflow/.local/lib/python3.12/site-packages/airflow/example_dags/example_python_operator.py took 0.077 seconds
[2024-11-12T03:37:01.874+0000] {processor.py:186} INFO - Started process (PID=536) to work on /home/airflow/.local/lib/python3.12/site-packages/airflow/example_dags/example_python_operator.py
[2024-11-12T03:37:01.875+0000] {processor.py:914} INFO - Processing file /home/airflow/.local/lib/python3.12/site-packages/airflow/example_dags/example_python_operator.py for tasks to queue
[2024-11-12T03:37:01.877+0000] {logging_mixin.py:190} INFO - [2024-11-12T03:37:01.877+0000] {dagbag.py:588} INFO - Filling up the DagBag from /home/airflow/.local/lib/python3.12/site-packages/airflow/example_dags/example_python_operator.py
[2024-11-12T03:37:01.888+0000] {processor.py:925} INFO - DAG(s) 'example_python_operator' retrieved from /home/airflow/.local/lib/python3.12/site-packages/airflow/example_dags/example_python_operator.py
[2024-11-12T03:37:01.906+0000] {logging_mixin.py:190} INFO - [2024-11-12T03:37:01.906+0000] {dag.py:3239} INFO - Sync 1 DAGs
[2024-11-12T03:37:01.918+0000] {logging_mixin.py:190} INFO - [2024-11-12T03:37:01.917+0000] {dag.py:4180} INFO - Setting next_dagrun for example_python_operator to None, run_after=None
[2024-11-12T03:37:01.933+0000] {processor.py:208} INFO - Processing /home/airflow/.local/lib/python3.12/site-packages/airflow/example_dags/example_python_operator.py took 0.064 seconds
[2024-11-12T03:37:32.820+0000] {processor.py:186} INFO - Started process (PID=599) to work on /home/airflow/.local/lib/python3.12/site-packages/airflow/example_dags/example_python_operator.py
[2024-11-12T03:37:32.821+0000] {processor.py:914} INFO - Processing file /home/airflow/.local/lib/python3.12/site-packages/airflow/example_dags/example_python_operator.py for tasks to queue
[2024-11-12T03:37:32.824+0000] {logging_mixin.py:190} INFO - [2024-11-12T03:37:32.823+0000] {dagbag.py:588} INFO - Filling up the DagBag from /home/airflow/.local/lib/python3.12/site-packages/airflow/example_dags/example_python_operator.py
[2024-11-12T03:37:32.833+0000] {processor.py:925} INFO - DAG(s) 'example_python_operator' retrieved from /home/airflow/.local/lib/python3.12/site-packages/airflow/example_dags/example_python_operator.py
[2024-11-12T03:37:32.850+0000] {logging_mixin.py:190} INFO - [2024-11-12T03:37:32.850+0000] {dag.py:3239} INFO - Sync 1 DAGs
[2024-11-12T03:37:32.861+0000] {logging_mixin.py:190} INFO - [2024-11-12T03:37:32.860+0000] {dag.py:4180} INFO - Setting next_dagrun for example_python_operator to None, run_after=None
[2024-11-12T03:37:32.877+0000] {processor.py:208} INFO - Processing /home/airflow/.local/lib/python3.12/site-packages/airflow/example_dags/example_python_operator.py took 0.061 seconds
[2024-11-12T03:39:56.956+0000] {processor.py:186} INFO - Started process (PID=83) to work on /home/airflow/.local/lib/python3.12/site-packages/airflow/example_dags/example_python_operator.py
[2024-11-12T03:39:56.957+0000] {processor.py:914} INFO - Processing file /home/airflow/.local/lib/python3.12/site-packages/airflow/example_dags/example_python_operator.py for tasks to queue
[2024-11-12T03:39:56.960+0000] {logging_mixin.py:190} INFO - [2024-11-12T03:39:56.959+0000] {dagbag.py:588} INFO - Filling up the DagBag from /home/airflow/.local/lib/python3.12/site-packages/airflow/example_dags/example_python_operator.py
[2024-11-12T03:39:56.970+0000] {processor.py:925} INFO - DAG(s) 'example_python_operator' retrieved from /home/airflow/.local/lib/python3.12/site-packages/airflow/example_dags/example_python_operator.py
[2024-11-12T03:39:57.070+0000] {logging_mixin.py:190} INFO - [2024-11-12T03:39:57.070+0000] {dag.py:3239} INFO - Sync 1 DAGs
[2024-11-12T03:39:57.082+0000] {logging_mixin.py:190} INFO - [2024-11-12T03:39:57.081+0000] {dag.py:4180} INFO - Setting next_dagrun for example_python_operator to None, run_after=None
[2024-11-12T03:39:57.098+0000] {processor.py:208} INFO - Processing /home/airflow/.local/lib/python3.12/site-packages/airflow/example_dags/example_python_operator.py took 0.148 seconds
[2024-11-12T03:40:27.577+0000] {processor.py:186} INFO - Started process (PID=146) to work on /home/airflow/.local/lib/python3.12/site-packages/airflow/example_dags/example_python_operator.py
[2024-11-12T03:40:27.578+0000] {processor.py:914} INFO - Processing file /home/airflow/.local/lib/python3.12/site-packages/airflow/example_dags/example_python_operator.py for tasks to queue
[2024-11-12T03:40:27.579+0000] {logging_mixin.py:190} INFO - [2024-11-12T03:40:27.579+0000] {dagbag.py:588} INFO - Filling up the DagBag from /home/airflow/.local/lib/python3.12/site-packages/airflow/example_dags/example_python_operator.py
[2024-11-12T03:40:27.589+0000] {processor.py:925} INFO - DAG(s) 'example_python_operator' retrieved from /home/airflow/.local/lib/python3.12/site-packages/airflow/example_dags/example_python_operator.py
[2024-11-12T03:40:27.606+0000] {logging_mixin.py:190} INFO - [2024-11-12T03:40:27.606+0000] {dag.py:3239} INFO - Sync 1 DAGs
[2024-11-12T03:40:27.617+0000] {logging_mixin.py:190} INFO - [2024-11-12T03:40:27.617+0000] {dag.py:4180} INFO - Setting next_dagrun for example_python_operator to None, run_after=None
[2024-11-12T03:40:27.632+0000] {processor.py:208} INFO - Processing /home/airflow/.local/lib/python3.12/site-packages/airflow/example_dags/example_python_operator.py took 0.059 seconds
[2024-11-12T03:40:57.756+0000] {processor.py:186} INFO - Started process (PID=209) to work on /home/airflow/.local/lib/python3.12/site-packages/airflow/example_dags/example_python_operator.py
[2024-11-12T03:40:57.757+0000] {processor.py:914} INFO - Processing file /home/airflow/.local/lib/python3.12/site-packages/airflow/example_dags/example_python_operator.py for tasks to queue
[2024-11-12T03:40:57.759+0000] {logging_mixin.py:190} INFO - [2024-11-12T03:40:57.759+0000] {dagbag.py:588} INFO - Filling up the DagBag from /home/airflow/.local/lib/python3.12/site-packages/airflow/example_dags/example_python_operator.py
[2024-11-12T03:40:57.768+0000] {processor.py:925} INFO - DAG(s) 'example_python_operator' retrieved from /home/airflow/.local/lib/python3.12/site-packages/airflow/example_dags/example_python_operator.py
[2024-11-12T03:40:57.785+0000] {logging_mixin.py:190} INFO - [2024-11-12T03:40:57.784+0000] {dag.py:3239} INFO - Sync 1 DAGs
[2024-11-12T03:40:57.796+0000] {logging_mixin.py:190} INFO - [2024-11-12T03:40:57.796+0000] {dag.py:4180} INFO - Setting next_dagrun for example_python_operator to None, run_after=None
[2024-11-12T03:40:57.812+0000] {processor.py:208} INFO - Processing /home/airflow/.local/lib/python3.12/site-packages/airflow/example_dags/example_python_operator.py took 0.060 seconds
