[2024-11-12T03:33:28.840+0000] {processor.py:186} INFO - Started process (PID=107) to work on /home/airflow/.local/lib/python3.12/site-packages/airflow/example_dags/example_dataset_alias_with_no_taskflow.py
[2024-11-12T03:33:28.842+0000] {processor.py:914} INFO - Processing file /home/airflow/.local/lib/python3.12/site-packages/airflow/example_dags/example_dataset_alias_with_no_taskflow.py for tasks to queue
[2024-11-12T03:33:28.844+0000] {logging_mixin.py:190} INFO - [2024-11-12T03:33:28.844+0000] {dagbag.py:588} INFO - Filling up the DagBag from /home/airflow/.local/lib/python3.12/site-packages/airflow/example_dags/example_dataset_alias_with_no_taskflow.py
[2024-11-12T03:33:29.356+0000] {processor.py:925} INFO - DAG(s) 'dataset_s3_bucket_producer_with_no_taskflow', 'dataset_alias_example_alias_producer_with_no_taskflow', 'dataset_s3_bucket_consumer_with_no_taskflow', 'dataset_alias_example_alias_consumer_with_no_taskflow' retrieved from /home/airflow/.local/lib/python3.12/site-packages/airflow/example_dags/example_dataset_alias_with_no_taskflow.py
[2024-11-12T03:33:29.423+0000] {logging_mixin.py:190} INFO - [2024-11-12T03:33:29.423+0000] {override.py:1911} INFO - Created Permission View: can read on DAG:dataset_s3_bucket_producer_with_no_taskflow
[2024-11-12T03:33:29.433+0000] {logging_mixin.py:190} INFO - [2024-11-12T03:33:29.433+0000] {override.py:1911} INFO - Created Permission View: can delete on DAG:dataset_s3_bucket_producer_with_no_taskflow
[2024-11-12T03:33:29.438+0000] {logging_mixin.py:190} INFO - [2024-11-12T03:33:29.438+0000] {override.py:1911} INFO - Created Permission View: can edit on DAG:dataset_s3_bucket_producer_with_no_taskflow
[2024-11-12T03:33:29.446+0000] {logging_mixin.py:190} INFO - [2024-11-12T03:33:29.446+0000] {override.py:1911} INFO - Created Permission View: can read on DAG Run:dataset_s3_bucket_producer_with_no_taskflow
[2024-11-12T03:33:29.451+0000] {logging_mixin.py:190} INFO - [2024-11-12T03:33:29.450+0000] {override.py:1911} INFO - Created Permission View: can create on DAG Run:dataset_s3_bucket_producer_with_no_taskflow
[2024-11-12T03:33:29.456+0000] {logging_mixin.py:190} INFO - [2024-11-12T03:33:29.456+0000] {override.py:1911} INFO - Created Permission View: can delete on DAG Run:dataset_s3_bucket_producer_with_no_taskflow
[2024-11-12T03:33:29.462+0000] {logging_mixin.py:190} INFO - [2024-11-12T03:33:29.462+0000] {override.py:1911} INFO - Created Permission View: menu access on DAG Run:dataset_s3_bucket_producer_with_no_taskflow
[2024-11-12T03:33:29.475+0000] {logging_mixin.py:190} INFO - [2024-11-12T03:33:29.475+0000] {override.py:1911} INFO - Created Permission View: can read on DAG:dataset_alias_example_alias_producer_with_no_taskflow
[2024-11-12T03:33:29.480+0000] {logging_mixin.py:190} INFO - [2024-11-12T03:33:29.480+0000] {override.py:1911} INFO - Created Permission View: can delete on DAG:dataset_alias_example_alias_producer_with_no_taskflow
[2024-11-12T03:33:29.487+0000] {logging_mixin.py:190} INFO - [2024-11-12T03:33:29.487+0000] {override.py:1911} INFO - Created Permission View: can edit on DAG:dataset_alias_example_alias_producer_with_no_taskflow
[2024-11-12T03:33:29.493+0000] {logging_mixin.py:190} INFO - [2024-11-12T03:33:29.493+0000] {override.py:1911} INFO - Created Permission View: can read on DAG Run:dataset_alias_example_alias_producer_with_no_taskflow
[2024-11-12T03:33:29.499+0000] {logging_mixin.py:190} INFO - [2024-11-12T03:33:29.499+0000] {override.py:1911} INFO - Created Permission View: can create on DAG Run:dataset_alias_example_alias_producer_with_no_taskflow
[2024-11-12T03:33:29.504+0000] {logging_mixin.py:190} INFO - [2024-11-12T03:33:29.504+0000] {override.py:1911} INFO - Created Permission View: can delete on DAG Run:dataset_alias_example_alias_producer_with_no_taskflow
[2024-11-12T03:33:29.511+0000] {logging_mixin.py:190} INFO - [2024-11-12T03:33:29.510+0000] {override.py:1911} INFO - Created Permission View: menu access on DAG Run:dataset_alias_example_alias_producer_with_no_taskflow
[2024-11-12T03:33:29.520+0000] {logging_mixin.py:190} INFO - [2024-11-12T03:33:29.520+0000] {override.py:1911} INFO - Created Permission View: can read on DAG:dataset_s3_bucket_consumer_with_no_taskflow
[2024-11-12T03:33:29.526+0000] {logging_mixin.py:190} INFO - [2024-11-12T03:33:29.526+0000] {override.py:1911} INFO - Created Permission View: can delete on DAG:dataset_s3_bucket_consumer_with_no_taskflow
[2024-11-12T03:33:29.532+0000] {logging_mixin.py:190} INFO - [2024-11-12T03:33:29.531+0000] {override.py:1911} INFO - Created Permission View: can edit on DAG:dataset_s3_bucket_consumer_with_no_taskflow
[2024-11-12T03:33:29.539+0000] {logging_mixin.py:190} INFO - [2024-11-12T03:33:29.539+0000] {override.py:1911} INFO - Created Permission View: can read on DAG Run:dataset_s3_bucket_consumer_with_no_taskflow
[2024-11-12T03:33:29.544+0000] {logging_mixin.py:190} INFO - [2024-11-12T03:33:29.544+0000] {override.py:1911} INFO - Created Permission View: can create on DAG Run:dataset_s3_bucket_consumer_with_no_taskflow
[2024-11-12T03:33:29.553+0000] {logging_mixin.py:190} INFO - [2024-11-12T03:33:29.553+0000] {override.py:1911} INFO - Created Permission View: can delete on DAG Run:dataset_s3_bucket_consumer_with_no_taskflow
[2024-11-12T03:33:29.560+0000] {logging_mixin.py:190} INFO - [2024-11-12T03:33:29.560+0000] {override.py:1911} INFO - Created Permission View: menu access on DAG Run:dataset_s3_bucket_consumer_with_no_taskflow
[2024-11-12T03:33:29.573+0000] {logging_mixin.py:190} INFO - [2024-11-12T03:33:29.573+0000] {override.py:1911} INFO - Created Permission View: can read on DAG:dataset_alias_example_alias_consumer_with_no_taskflow
[2024-11-12T03:33:29.582+0000] {logging_mixin.py:190} INFO - [2024-11-12T03:33:29.582+0000] {override.py:1911} INFO - Created Permission View: can delete on DAG:dataset_alias_example_alias_consumer_with_no_taskflow
[2024-11-12T03:33:29.591+0000] {logging_mixin.py:190} INFO - [2024-11-12T03:33:29.590+0000] {override.py:1911} INFO - Created Permission View: can edit on DAG:dataset_alias_example_alias_consumer_with_no_taskflow
[2024-11-12T03:33:29.599+0000] {logging_mixin.py:190} INFO - [2024-11-12T03:33:29.599+0000] {override.py:1911} INFO - Created Permission View: can read on DAG Run:dataset_alias_example_alias_consumer_with_no_taskflow
[2024-11-12T03:33:29.609+0000] {logging_mixin.py:190} INFO - [2024-11-12T03:33:29.609+0000] {override.py:1911} INFO - Created Permission View: can create on DAG Run:dataset_alias_example_alias_consumer_with_no_taskflow
[2024-11-12T03:33:29.619+0000] {logging_mixin.py:190} INFO - [2024-11-12T03:33:29.618+0000] {override.py:1911} INFO - Created Permission View: can delete on DAG Run:dataset_alias_example_alias_consumer_with_no_taskflow
[2024-11-12T03:33:29.631+0000] {logging_mixin.py:190} INFO - [2024-11-12T03:33:29.630+0000] {override.py:1911} INFO - Created Permission View: menu access on DAG Run:dataset_alias_example_alias_consumer_with_no_taskflow
[2024-11-12T03:33:29.632+0000] {logging_mixin.py:190} INFO - [2024-11-12T03:33:29.631+0000] {dag.py:3239} INFO - Sync 4 DAGs
[2024-11-12T03:33:29.644+0000] {logging_mixin.py:190} INFO - [2024-11-12T03:33:29.644+0000] {dag.py:3262} INFO - Creating ORM DAG for dataset_s3_bucket_producer_with_no_taskflow
[2024-11-12T03:33:29.646+0000] {logging_mixin.py:190} INFO - [2024-11-12T03:33:29.646+0000] {dag.py:3262} INFO - Creating ORM DAG for dataset_s3_bucket_consumer_with_no_taskflow
[2024-11-12T03:33:29.648+0000] {logging_mixin.py:190} INFO - [2024-11-12T03:33:29.647+0000] {dag.py:3262} INFO - Creating ORM DAG for dataset_alias_example_alias_consumer_with_no_taskflow
[2024-11-12T03:33:29.649+0000] {logging_mixin.py:190} INFO - [2024-11-12T03:33:29.648+0000] {dag.py:3262} INFO - Creating ORM DAG for dataset_alias_example_alias_producer_with_no_taskflow
[2024-11-12T03:33:29.658+0000] {logging_mixin.py:190} INFO - [2024-11-12T03:33:29.658+0000] {dag.py:4180} INFO - Setting next_dagrun for dataset_alias_example_alias_consumer_with_no_taskflow to None, run_after=None
[2024-11-12T03:33:29.659+0000] {logging_mixin.py:190} INFO - [2024-11-12T03:33:29.659+0000] {dag.py:4180} INFO - Setting next_dagrun for dataset_alias_example_alias_producer_with_no_taskflow to None, run_after=None
[2024-11-12T03:33:29.660+0000] {logging_mixin.py:190} INFO - [2024-11-12T03:33:29.660+0000] {dag.py:4180} INFO - Setting next_dagrun for dataset_s3_bucket_consumer_with_no_taskflow to None, run_after=None
[2024-11-12T03:33:29.661+0000] {logging_mixin.py:190} INFO - [2024-11-12T03:33:29.661+0000] {dag.py:4180} INFO - Setting next_dagrun for dataset_s3_bucket_producer_with_no_taskflow to None, run_after=None
[2024-11-12T03:33:29.694+0000] {processor.py:208} INFO - Processing /home/airflow/.local/lib/python3.12/site-packages/airflow/example_dags/example_dataset_alias_with_no_taskflow.py took 0.858 seconds
[2024-11-12T03:33:59.896+0000] {processor.py:186} INFO - Started process (PID=170) to work on /home/airflow/.local/lib/python3.12/site-packages/airflow/example_dags/example_dataset_alias_with_no_taskflow.py
[2024-11-12T03:33:59.897+0000] {processor.py:914} INFO - Processing file /home/airflow/.local/lib/python3.12/site-packages/airflow/example_dags/example_dataset_alias_with_no_taskflow.py for tasks to queue
[2024-11-12T03:33:59.899+0000] {logging_mixin.py:190} INFO - [2024-11-12T03:33:59.899+0000] {dagbag.py:588} INFO - Filling up the DagBag from /home/airflow/.local/lib/python3.12/site-packages/airflow/example_dags/example_dataset_alias_with_no_taskflow.py
[2024-11-12T03:34:00.347+0000] {processor.py:925} INFO - DAG(s) 'dataset_alias_example_alias_producer_with_no_taskflow', 'dataset_s3_bucket_producer_with_no_taskflow', 'dataset_alias_example_alias_consumer_with_no_taskflow', 'dataset_s3_bucket_consumer_with_no_taskflow' retrieved from /home/airflow/.local/lib/python3.12/site-packages/airflow/example_dags/example_dataset_alias_with_no_taskflow.py
[2024-11-12T03:34:00.376+0000] {logging_mixin.py:190} INFO - [2024-11-12T03:34:00.376+0000] {dag.py:3239} INFO - Sync 4 DAGs
[2024-11-12T03:34:00.396+0000] {logging_mixin.py:190} INFO - [2024-11-12T03:34:00.395+0000] {dag.py:4180} INFO - Setting next_dagrun for dataset_alias_example_alias_consumer_with_no_taskflow to None, run_after=None
[2024-11-12T03:34:00.399+0000] {logging_mixin.py:190} INFO - [2024-11-12T03:34:00.399+0000] {dag.py:4180} INFO - Setting next_dagrun for dataset_alias_example_alias_producer_with_no_taskflow to None, run_after=None
[2024-11-12T03:34:00.401+0000] {logging_mixin.py:190} INFO - [2024-11-12T03:34:00.401+0000] {dag.py:4180} INFO - Setting next_dagrun for dataset_s3_bucket_consumer_with_no_taskflow to None, run_after=None
[2024-11-12T03:34:00.402+0000] {logging_mixin.py:190} INFO - [2024-11-12T03:34:00.402+0000] {dag.py:4180} INFO - Setting next_dagrun for dataset_s3_bucket_producer_with_no_taskflow to None, run_after=None
[2024-11-12T03:34:00.424+0000] {processor.py:208} INFO - Processing /home/airflow/.local/lib/python3.12/site-packages/airflow/example_dags/example_dataset_alias_with_no_taskflow.py took 0.536 seconds
[2024-11-12T03:34:30.497+0000] {processor.py:186} INFO - Started process (PID=236) to work on /home/airflow/.local/lib/python3.12/site-packages/airflow/example_dags/example_dataset_alias_with_no_taskflow.py
[2024-11-12T03:34:30.498+0000] {processor.py:914} INFO - Processing file /home/airflow/.local/lib/python3.12/site-packages/airflow/example_dags/example_dataset_alias_with_no_taskflow.py for tasks to queue
[2024-11-12T03:34:30.500+0000] {logging_mixin.py:190} INFO - [2024-11-12T03:34:30.500+0000] {dagbag.py:588} INFO - Filling up the DagBag from /home/airflow/.local/lib/python3.12/site-packages/airflow/example_dags/example_dataset_alias_with_no_taskflow.py
[2024-11-12T03:34:31.054+0000] {processor.py:925} INFO - DAG(s) 'dataset_s3_bucket_producer_with_no_taskflow', 'dataset_alias_example_alias_producer_with_no_taskflow', 'dataset_alias_example_alias_consumer_with_no_taskflow', 'dataset_s3_bucket_consumer_with_no_taskflow' retrieved from /home/airflow/.local/lib/python3.12/site-packages/airflow/example_dags/example_dataset_alias_with_no_taskflow.py
[2024-11-12T03:34:31.074+0000] {logging_mixin.py:190} INFO - [2024-11-12T03:34:31.074+0000] {dag.py:3239} INFO - Sync 4 DAGs
[2024-11-12T03:34:31.099+0000] {logging_mixin.py:190} INFO - [2024-11-12T03:34:31.098+0000] {dag.py:4180} INFO - Setting next_dagrun for dataset_alias_example_alias_consumer_with_no_taskflow to None, run_after=None
[2024-11-12T03:34:31.102+0000] {logging_mixin.py:190} INFO - [2024-11-12T03:34:31.102+0000] {dag.py:4180} INFO - Setting next_dagrun for dataset_alias_example_alias_producer_with_no_taskflow to None, run_after=None
[2024-11-12T03:34:31.107+0000] {logging_mixin.py:190} INFO - [2024-11-12T03:34:31.106+0000] {dag.py:4180} INFO - Setting next_dagrun for dataset_s3_bucket_consumer_with_no_taskflow to None, run_after=None
[2024-11-12T03:34:31.110+0000] {logging_mixin.py:190} INFO - [2024-11-12T03:34:31.110+0000] {dag.py:4180} INFO - Setting next_dagrun for dataset_s3_bucket_producer_with_no_taskflow to None, run_after=None
[2024-11-12T03:34:31.138+0000] {processor.py:208} INFO - Processing /home/airflow/.local/lib/python3.12/site-packages/airflow/example_dags/example_dataset_alias_with_no_taskflow.py took 0.646 seconds
[2024-11-12T03:35:01.384+0000] {processor.py:186} INFO - Started process (PID=297) to work on /home/airflow/.local/lib/python3.12/site-packages/airflow/example_dags/example_dataset_alias_with_no_taskflow.py
[2024-11-12T03:35:01.385+0000] {processor.py:914} INFO - Processing file /home/airflow/.local/lib/python3.12/site-packages/airflow/example_dags/example_dataset_alias_with_no_taskflow.py for tasks to queue
[2024-11-12T03:35:01.387+0000] {logging_mixin.py:190} INFO - [2024-11-12T03:35:01.387+0000] {dagbag.py:588} INFO - Filling up the DagBag from /home/airflow/.local/lib/python3.12/site-packages/airflow/example_dags/example_dataset_alias_with_no_taskflow.py
[2024-11-12T03:35:01.869+0000] {processor.py:925} INFO - DAG(s) 'dataset_alias_example_alias_consumer_with_no_taskflow', 'dataset_s3_bucket_producer_with_no_taskflow', 'dataset_s3_bucket_consumer_with_no_taskflow', 'dataset_alias_example_alias_producer_with_no_taskflow' retrieved from /home/airflow/.local/lib/python3.12/site-packages/airflow/example_dags/example_dataset_alias_with_no_taskflow.py
[2024-11-12T03:35:01.884+0000] {logging_mixin.py:190} INFO - [2024-11-12T03:35:01.884+0000] {dag.py:3239} INFO - Sync 4 DAGs
[2024-11-12T03:35:01.902+0000] {logging_mixin.py:190} INFO - [2024-11-12T03:35:01.902+0000] {dag.py:4180} INFO - Setting next_dagrun for dataset_alias_example_alias_consumer_with_no_taskflow to None, run_after=None
[2024-11-12T03:35:01.905+0000] {logging_mixin.py:190} INFO - [2024-11-12T03:35:01.905+0000] {dag.py:4180} INFO - Setting next_dagrun for dataset_alias_example_alias_producer_with_no_taskflow to None, run_after=None
[2024-11-12T03:35:01.906+0000] {logging_mixin.py:190} INFO - [2024-11-12T03:35:01.906+0000] {dag.py:4180} INFO - Setting next_dagrun for dataset_s3_bucket_consumer_with_no_taskflow to None, run_after=None
[2024-11-12T03:35:01.908+0000] {logging_mixin.py:190} INFO - [2024-11-12T03:35:01.908+0000] {dag.py:4180} INFO - Setting next_dagrun for dataset_s3_bucket_producer_with_no_taskflow to None, run_after=None
[2024-11-12T03:35:01.923+0000] {processor.py:208} INFO - Processing /home/airflow/.local/lib/python3.12/site-packages/airflow/example_dags/example_dataset_alias_with_no_taskflow.py took 0.545 seconds
[2024-11-12T03:35:32.301+0000] {processor.py:186} INFO - Started process (PID=358) to work on /home/airflow/.local/lib/python3.12/site-packages/airflow/example_dags/example_dataset_alias_with_no_taskflow.py
[2024-11-12T03:35:32.302+0000] {processor.py:914} INFO - Processing file /home/airflow/.local/lib/python3.12/site-packages/airflow/example_dags/example_dataset_alias_with_no_taskflow.py for tasks to queue
[2024-11-12T03:35:32.307+0000] {logging_mixin.py:190} INFO - [2024-11-12T03:35:32.306+0000] {dagbag.py:588} INFO - Filling up the DagBag from /home/airflow/.local/lib/python3.12/site-packages/airflow/example_dags/example_dataset_alias_with_no_taskflow.py
[2024-11-12T03:35:32.970+0000] {processor.py:925} INFO - DAG(s) 'dataset_alias_example_alias_consumer_with_no_taskflow', 'dataset_alias_example_alias_producer_with_no_taskflow', 'dataset_s3_bucket_producer_with_no_taskflow', 'dataset_s3_bucket_consumer_with_no_taskflow' retrieved from /home/airflow/.local/lib/python3.12/site-packages/airflow/example_dags/example_dataset_alias_with_no_taskflow.py
[2024-11-12T03:35:32.992+0000] {logging_mixin.py:190} INFO - [2024-11-12T03:35:32.991+0000] {dag.py:3239} INFO - Sync 4 DAGs
[2024-11-12T03:35:33.014+0000] {logging_mixin.py:190} INFO - [2024-11-12T03:35:33.014+0000] {dag.py:4180} INFO - Setting next_dagrun for dataset_alias_example_alias_consumer_with_no_taskflow to None, run_after=None
[2024-11-12T03:35:33.017+0000] {logging_mixin.py:190} INFO - [2024-11-12T03:35:33.016+0000] {dag.py:4180} INFO - Setting next_dagrun for dataset_alias_example_alias_producer_with_no_taskflow to None, run_after=None
[2024-11-12T03:35:33.018+0000] {logging_mixin.py:190} INFO - [2024-11-12T03:35:33.018+0000] {dag.py:4180} INFO - Setting next_dagrun for dataset_s3_bucket_consumer_with_no_taskflow to None, run_after=None
[2024-11-12T03:35:33.021+0000] {logging_mixin.py:190} INFO - [2024-11-12T03:35:33.021+0000] {dag.py:4180} INFO - Setting next_dagrun for dataset_s3_bucket_producer_with_no_taskflow to None, run_after=None
[2024-11-12T03:35:33.045+0000] {processor.py:208} INFO - Processing /home/airflow/.local/lib/python3.12/site-packages/airflow/example_dags/example_dataset_alias_with_no_taskflow.py took 0.752 seconds
[2024-11-12T03:36:03.353+0000] {processor.py:186} INFO - Started process (PID=422) to work on /home/airflow/.local/lib/python3.12/site-packages/airflow/example_dags/example_dataset_alias_with_no_taskflow.py
[2024-11-12T03:36:03.354+0000] {processor.py:914} INFO - Processing file /home/airflow/.local/lib/python3.12/site-packages/airflow/example_dags/example_dataset_alias_with_no_taskflow.py for tasks to queue
[2024-11-12T03:36:03.357+0000] {logging_mixin.py:190} INFO - [2024-11-12T03:36:03.356+0000] {dagbag.py:588} INFO - Filling up the DagBag from /home/airflow/.local/lib/python3.12/site-packages/airflow/example_dags/example_dataset_alias_with_no_taskflow.py
[2024-11-12T03:36:03.860+0000] {processor.py:925} INFO - DAG(s) 'dataset_s3_bucket_consumer_with_no_taskflow', 'dataset_alias_example_alias_producer_with_no_taskflow', 'dataset_s3_bucket_producer_with_no_taskflow', 'dataset_alias_example_alias_consumer_with_no_taskflow' retrieved from /home/airflow/.local/lib/python3.12/site-packages/airflow/example_dags/example_dataset_alias_with_no_taskflow.py
[2024-11-12T03:36:03.881+0000] {logging_mixin.py:190} INFO - [2024-11-12T03:36:03.881+0000] {dag.py:3239} INFO - Sync 4 DAGs
[2024-11-12T03:36:03.903+0000] {logging_mixin.py:190} INFO - [2024-11-12T03:36:03.903+0000] {dag.py:4180} INFO - Setting next_dagrun for dataset_alias_example_alias_consumer_with_no_taskflow to None, run_after=None
[2024-11-12T03:36:03.906+0000] {logging_mixin.py:190} INFO - [2024-11-12T03:36:03.906+0000] {dag.py:4180} INFO - Setting next_dagrun for dataset_alias_example_alias_producer_with_no_taskflow to None, run_after=None
[2024-11-12T03:36:03.908+0000] {logging_mixin.py:190} INFO - [2024-11-12T03:36:03.908+0000] {dag.py:4180} INFO - Setting next_dagrun for dataset_s3_bucket_consumer_with_no_taskflow to None, run_after=None
[2024-11-12T03:36:03.909+0000] {logging_mixin.py:190} INFO - [2024-11-12T03:36:03.909+0000] {dag.py:4180} INFO - Setting next_dagrun for dataset_s3_bucket_producer_with_no_taskflow to None, run_after=None
[2024-11-12T03:36:03.932+0000] {processor.py:208} INFO - Processing /home/airflow/.local/lib/python3.12/site-packages/airflow/example_dags/example_dataset_alias_with_no_taskflow.py took 0.584 seconds
[2024-11-12T03:36:33.976+0000] {processor.py:186} INFO - Started process (PID=484) to work on /home/airflow/.local/lib/python3.12/site-packages/airflow/example_dags/example_dataset_alias_with_no_taskflow.py
[2024-11-12T03:36:33.977+0000] {processor.py:914} INFO - Processing file /home/airflow/.local/lib/python3.12/site-packages/airflow/example_dags/example_dataset_alias_with_no_taskflow.py for tasks to queue
[2024-11-12T03:36:33.979+0000] {logging_mixin.py:190} INFO - [2024-11-12T03:36:33.979+0000] {dagbag.py:588} INFO - Filling up the DagBag from /home/airflow/.local/lib/python3.12/site-packages/airflow/example_dags/example_dataset_alias_with_no_taskflow.py
[2024-11-12T03:36:34.460+0000] {processor.py:925} INFO - DAG(s) 'dataset_alias_example_alias_consumer_with_no_taskflow', 'dataset_s3_bucket_producer_with_no_taskflow', 'dataset_alias_example_alias_producer_with_no_taskflow', 'dataset_s3_bucket_consumer_with_no_taskflow' retrieved from /home/airflow/.local/lib/python3.12/site-packages/airflow/example_dags/example_dataset_alias_with_no_taskflow.py
[2024-11-12T03:36:34.478+0000] {logging_mixin.py:190} INFO - [2024-11-12T03:36:34.478+0000] {dag.py:3239} INFO - Sync 4 DAGs
[2024-11-12T03:36:34.500+0000] {logging_mixin.py:190} INFO - [2024-11-12T03:36:34.499+0000] {dag.py:4180} INFO - Setting next_dagrun for dataset_alias_example_alias_consumer_with_no_taskflow to None, run_after=None
[2024-11-12T03:36:34.502+0000] {logging_mixin.py:190} INFO - [2024-11-12T03:36:34.502+0000] {dag.py:4180} INFO - Setting next_dagrun for dataset_alias_example_alias_producer_with_no_taskflow to None, run_after=None
[2024-11-12T03:36:34.504+0000] {logging_mixin.py:190} INFO - [2024-11-12T03:36:34.504+0000] {dag.py:4180} INFO - Setting next_dagrun for dataset_s3_bucket_consumer_with_no_taskflow to None, run_after=None
[2024-11-12T03:36:34.505+0000] {logging_mixin.py:190} INFO - [2024-11-12T03:36:34.505+0000] {dag.py:4180} INFO - Setting next_dagrun for dataset_s3_bucket_producer_with_no_taskflow to None, run_after=None
[2024-11-12T03:36:34.525+0000] {processor.py:208} INFO - Processing /home/airflow/.local/lib/python3.12/site-packages/airflow/example_dags/example_dataset_alias_with_no_taskflow.py took 0.553 seconds
[2024-11-12T03:37:05.039+0000] {processor.py:186} INFO - Started process (PID=547) to work on /home/airflow/.local/lib/python3.12/site-packages/airflow/example_dags/example_dataset_alias_with_no_taskflow.py
[2024-11-12T03:37:05.040+0000] {processor.py:914} INFO - Processing file /home/airflow/.local/lib/python3.12/site-packages/airflow/example_dags/example_dataset_alias_with_no_taskflow.py for tasks to queue
[2024-11-12T03:37:05.043+0000] {logging_mixin.py:190} INFO - [2024-11-12T03:37:05.043+0000] {dagbag.py:588} INFO - Filling up the DagBag from /home/airflow/.local/lib/python3.12/site-packages/airflow/example_dags/example_dataset_alias_with_no_taskflow.py
[2024-11-12T03:37:05.518+0000] {processor.py:925} INFO - DAG(s) 'dataset_alias_example_alias_producer_with_no_taskflow', 'dataset_alias_example_alias_consumer_with_no_taskflow', 'dataset_s3_bucket_consumer_with_no_taskflow', 'dataset_s3_bucket_producer_with_no_taskflow' retrieved from /home/airflow/.local/lib/python3.12/site-packages/airflow/example_dags/example_dataset_alias_with_no_taskflow.py
[2024-11-12T03:37:05.535+0000] {logging_mixin.py:190} INFO - [2024-11-12T03:37:05.534+0000] {dag.py:3239} INFO - Sync 4 DAGs
[2024-11-12T03:37:05.554+0000] {logging_mixin.py:190} INFO - [2024-11-12T03:37:05.554+0000] {dag.py:4180} INFO - Setting next_dagrun for dataset_alias_example_alias_consumer_with_no_taskflow to None, run_after=None
[2024-11-12T03:37:05.557+0000] {logging_mixin.py:190} INFO - [2024-11-12T03:37:05.556+0000] {dag.py:4180} INFO - Setting next_dagrun for dataset_alias_example_alias_producer_with_no_taskflow to None, run_after=None
[2024-11-12T03:37:05.559+0000] {logging_mixin.py:190} INFO - [2024-11-12T03:37:05.559+0000] {dag.py:4180} INFO - Setting next_dagrun for dataset_s3_bucket_consumer_with_no_taskflow to None, run_after=None
[2024-11-12T03:37:05.561+0000] {logging_mixin.py:190} INFO - [2024-11-12T03:37:05.561+0000] {dag.py:4180} INFO - Setting next_dagrun for dataset_s3_bucket_producer_with_no_taskflow to None, run_after=None
[2024-11-12T03:37:05.580+0000] {processor.py:208} INFO - Processing /home/airflow/.local/lib/python3.12/site-packages/airflow/example_dags/example_dataset_alias_with_no_taskflow.py took 0.545 seconds
[2024-11-12T03:37:35.624+0000] {processor.py:186} INFO - Started process (PID=610) to work on /home/airflow/.local/lib/python3.12/site-packages/airflow/example_dags/example_dataset_alias_with_no_taskflow.py
[2024-11-12T03:37:35.624+0000] {processor.py:914} INFO - Processing file /home/airflow/.local/lib/python3.12/site-packages/airflow/example_dags/example_dataset_alias_with_no_taskflow.py for tasks to queue
[2024-11-12T03:37:35.626+0000] {logging_mixin.py:190} INFO - [2024-11-12T03:37:35.626+0000] {dagbag.py:588} INFO - Filling up the DagBag from /home/airflow/.local/lib/python3.12/site-packages/airflow/example_dags/example_dataset_alias_with_no_taskflow.py
[2024-11-12T03:37:36.087+0000] {processor.py:925} INFO - DAG(s) 'dataset_alias_example_alias_producer_with_no_taskflow', 'dataset_s3_bucket_consumer_with_no_taskflow', 'dataset_s3_bucket_producer_with_no_taskflow', 'dataset_alias_example_alias_consumer_with_no_taskflow' retrieved from /home/airflow/.local/lib/python3.12/site-packages/airflow/example_dags/example_dataset_alias_with_no_taskflow.py
[2024-11-12T03:37:36.111+0000] {logging_mixin.py:190} INFO - [2024-11-12T03:37:36.110+0000] {dag.py:3239} INFO - Sync 4 DAGs
[2024-11-12T03:37:36.128+0000] {logging_mixin.py:190} INFO - [2024-11-12T03:37:36.127+0000] {dag.py:4180} INFO - Setting next_dagrun for dataset_alias_example_alias_consumer_with_no_taskflow to None, run_after=None
[2024-11-12T03:37:36.130+0000] {logging_mixin.py:190} INFO - [2024-11-12T03:37:36.130+0000] {dag.py:4180} INFO - Setting next_dagrun for dataset_alias_example_alias_producer_with_no_taskflow to None, run_after=None
[2024-11-12T03:37:36.133+0000] {logging_mixin.py:190} INFO - [2024-11-12T03:37:36.133+0000] {dag.py:4180} INFO - Setting next_dagrun for dataset_s3_bucket_consumer_with_no_taskflow to None, run_after=None
[2024-11-12T03:37:36.135+0000] {logging_mixin.py:190} INFO - [2024-11-12T03:37:36.135+0000] {dag.py:4180} INFO - Setting next_dagrun for dataset_s3_bucket_producer_with_no_taskflow to None, run_after=None
[2024-11-12T03:37:36.153+0000] {processor.py:208} INFO - Processing /home/airflow/.local/lib/python3.12/site-packages/airflow/example_dags/example_dataset_alias_with_no_taskflow.py took 0.533 seconds
[2024-11-12T03:39:57.813+0000] {processor.py:186} INFO - Started process (PID=94) to work on /home/airflow/.local/lib/python3.12/site-packages/airflow/example_dags/example_dataset_alias_with_no_taskflow.py
[2024-11-12T03:39:57.814+0000] {processor.py:914} INFO - Processing file /home/airflow/.local/lib/python3.12/site-packages/airflow/example_dags/example_dataset_alias_with_no_taskflow.py for tasks to queue
[2024-11-12T03:39:57.816+0000] {logging_mixin.py:190} INFO - [2024-11-12T03:39:57.816+0000] {dagbag.py:588} INFO - Filling up the DagBag from /home/airflow/.local/lib/python3.12/site-packages/airflow/example_dags/example_dataset_alias_with_no_taskflow.py
[2024-11-12T03:39:58.312+0000] {processor.py:925} INFO - DAG(s) 'dataset_alias_example_alias_producer_with_no_taskflow', 'dataset_s3_bucket_consumer_with_no_taskflow', 'dataset_s3_bucket_producer_with_no_taskflow', 'dataset_alias_example_alias_consumer_with_no_taskflow' retrieved from /home/airflow/.local/lib/python3.12/site-packages/airflow/example_dags/example_dataset_alias_with_no_taskflow.py
[2024-11-12T03:39:58.333+0000] {logging_mixin.py:190} INFO - [2024-11-12T03:39:58.332+0000] {dag.py:3239} INFO - Sync 4 DAGs
[2024-11-12T03:39:58.351+0000] {logging_mixin.py:190} INFO - [2024-11-12T03:39:58.351+0000] {dag.py:4180} INFO - Setting next_dagrun for dataset_alias_example_alias_consumer_with_no_taskflow to None, run_after=None
[2024-11-12T03:39:58.353+0000] {logging_mixin.py:190} INFO - [2024-11-12T03:39:58.353+0000] {dag.py:4180} INFO - Setting next_dagrun for dataset_alias_example_alias_producer_with_no_taskflow to None, run_after=None
[2024-11-12T03:39:58.355+0000] {logging_mixin.py:190} INFO - [2024-11-12T03:39:58.355+0000] {dag.py:4180} INFO - Setting next_dagrun for dataset_s3_bucket_consumer_with_no_taskflow to None, run_after=None
[2024-11-12T03:39:58.356+0000] {logging_mixin.py:190} INFO - [2024-11-12T03:39:58.356+0000] {dag.py:4180} INFO - Setting next_dagrun for dataset_s3_bucket_producer_with_no_taskflow to None, run_after=None
[2024-11-12T03:39:58.375+0000] {processor.py:208} INFO - Processing /home/airflow/.local/lib/python3.12/site-packages/airflow/example_dags/example_dataset_alias_with_no_taskflow.py took 0.567 seconds
[2024-11-12T03:40:28.537+0000] {processor.py:186} INFO - Started process (PID=161) to work on /home/airflow/.local/lib/python3.12/site-packages/airflow/example_dags/example_dataset_alias_with_no_taskflow.py
[2024-11-12T03:40:28.538+0000] {processor.py:914} INFO - Processing file /home/airflow/.local/lib/python3.12/site-packages/airflow/example_dags/example_dataset_alias_with_no_taskflow.py for tasks to queue
[2024-11-12T03:40:28.540+0000] {logging_mixin.py:190} INFO - [2024-11-12T03:40:28.540+0000] {dagbag.py:588} INFO - Filling up the DagBag from /home/airflow/.local/lib/python3.12/site-packages/airflow/example_dags/example_dataset_alias_with_no_taskflow.py
[2024-11-12T03:40:28.987+0000] {processor.py:925} INFO - DAG(s) 'dataset_alias_example_alias_consumer_with_no_taskflow', 'dataset_s3_bucket_producer_with_no_taskflow', 'dataset_s3_bucket_consumer_with_no_taskflow', 'dataset_alias_example_alias_producer_with_no_taskflow' retrieved from /home/airflow/.local/lib/python3.12/site-packages/airflow/example_dags/example_dataset_alias_with_no_taskflow.py
[2024-11-12T03:40:29.007+0000] {logging_mixin.py:190} INFO - [2024-11-12T03:40:29.006+0000] {dag.py:3239} INFO - Sync 4 DAGs
[2024-11-12T03:40:29.029+0000] {logging_mixin.py:190} INFO - [2024-11-12T03:40:29.029+0000] {dag.py:4180} INFO - Setting next_dagrun for dataset_alias_example_alias_consumer_with_no_taskflow to None, run_after=None
[2024-11-12T03:40:29.032+0000] {logging_mixin.py:190} INFO - [2024-11-12T03:40:29.031+0000] {dag.py:4180} INFO - Setting next_dagrun for dataset_alias_example_alias_producer_with_no_taskflow to None, run_after=None
[2024-11-12T03:40:29.033+0000] {logging_mixin.py:190} INFO - [2024-11-12T03:40:29.033+0000] {dag.py:4180} INFO - Setting next_dagrun for dataset_s3_bucket_consumer_with_no_taskflow to None, run_after=None
[2024-11-12T03:40:29.035+0000] {logging_mixin.py:190} INFO - [2024-11-12T03:40:29.034+0000] {dag.py:4180} INFO - Setting next_dagrun for dataset_s3_bucket_producer_with_no_taskflow to None, run_after=None
[2024-11-12T03:40:29.053+0000] {processor.py:208} INFO - Processing /home/airflow/.local/lib/python3.12/site-packages/airflow/example_dags/example_dataset_alias_with_no_taskflow.py took 0.519 seconds
[2024-11-12T03:40:59.129+0000] {processor.py:186} INFO - Started process (PID=226) to work on /home/airflow/.local/lib/python3.12/site-packages/airflow/example_dags/example_dataset_alias_with_no_taskflow.py
[2024-11-12T03:40:59.131+0000] {processor.py:914} INFO - Processing file /home/airflow/.local/lib/python3.12/site-packages/airflow/example_dags/example_dataset_alias_with_no_taskflow.py for tasks to queue
[2024-11-12T03:40:59.133+0000] {logging_mixin.py:190} INFO - [2024-11-12T03:40:59.132+0000] {dagbag.py:588} INFO - Filling up the DagBag from /home/airflow/.local/lib/python3.12/site-packages/airflow/example_dags/example_dataset_alias_with_no_taskflow.py
[2024-11-12T03:40:59.560+0000] {processor.py:925} INFO - DAG(s) 'dataset_alias_example_alias_producer_with_no_taskflow', 'dataset_alias_example_alias_consumer_with_no_taskflow', 'dataset_s3_bucket_consumer_with_no_taskflow', 'dataset_s3_bucket_producer_with_no_taskflow' retrieved from /home/airflow/.local/lib/python3.12/site-packages/airflow/example_dags/example_dataset_alias_with_no_taskflow.py
[2024-11-12T03:40:59.580+0000] {logging_mixin.py:190} INFO - [2024-11-12T03:40:59.580+0000] {dag.py:3239} INFO - Sync 4 DAGs
[2024-11-12T03:40:59.599+0000] {logging_mixin.py:190} INFO - [2024-11-12T03:40:59.599+0000] {dag.py:4180} INFO - Setting next_dagrun for dataset_alias_example_alias_consumer_with_no_taskflow to None, run_after=None
[2024-11-12T03:40:59.602+0000] {logging_mixin.py:190} INFO - [2024-11-12T03:40:59.601+0000] {dag.py:4180} INFO - Setting next_dagrun for dataset_alias_example_alias_producer_with_no_taskflow to None, run_after=None
[2024-11-12T03:40:59.603+0000] {logging_mixin.py:190} INFO - [2024-11-12T03:40:59.603+0000] {dag.py:4180} INFO - Setting next_dagrun for dataset_s3_bucket_consumer_with_no_taskflow to None, run_after=None
[2024-11-12T03:40:59.604+0000] {logging_mixin.py:190} INFO - [2024-11-12T03:40:59.604+0000] {dag.py:4180} INFO - Setting next_dagrun for dataset_s3_bucket_producer_with_no_taskflow to None, run_after=None
[2024-11-12T03:40:59.622+0000] {processor.py:208} INFO - Processing /home/airflow/.local/lib/python3.12/site-packages/airflow/example_dags/example_dataset_alias_with_no_taskflow.py took 0.497 seconds
[2024-11-12T03:41:29.739+0000] {processor.py:186} INFO - Started process (PID=294) to work on /home/airflow/.local/lib/python3.12/site-packages/airflow/example_dags/example_dataset_alias_with_no_taskflow.py
[2024-11-12T03:41:29.740+0000] {processor.py:914} INFO - Processing file /home/airflow/.local/lib/python3.12/site-packages/airflow/example_dags/example_dataset_alias_with_no_taskflow.py for tasks to queue
[2024-11-12T03:41:29.743+0000] {logging_mixin.py:190} INFO - [2024-11-12T03:41:29.742+0000] {dagbag.py:588} INFO - Filling up the DagBag from /home/airflow/.local/lib/python3.12/site-packages/airflow/example_dags/example_dataset_alias_with_no_taskflow.py
[2024-11-12T03:41:30.191+0000] {processor.py:925} INFO - DAG(s) 'dataset_alias_example_alias_consumer_with_no_taskflow', 'dataset_s3_bucket_consumer_with_no_taskflow', 'dataset_s3_bucket_producer_with_no_taskflow', 'dataset_alias_example_alias_producer_with_no_taskflow' retrieved from /home/airflow/.local/lib/python3.12/site-packages/airflow/example_dags/example_dataset_alias_with_no_taskflow.py
[2024-11-12T03:41:30.209+0000] {logging_mixin.py:190} INFO - [2024-11-12T03:41:30.208+0000] {dag.py:3239} INFO - Sync 4 DAGs
[2024-11-12T03:41:30.226+0000] {logging_mixin.py:190} INFO - [2024-11-12T03:41:30.225+0000] {dag.py:4180} INFO - Setting next_dagrun for dataset_alias_example_alias_consumer_with_no_taskflow to None, run_after=None
[2024-11-12T03:41:30.228+0000] {logging_mixin.py:190} INFO - [2024-11-12T03:41:30.228+0000] {dag.py:4180} INFO - Setting next_dagrun for dataset_alias_example_alias_producer_with_no_taskflow to None, run_after=None
[2024-11-12T03:41:30.230+0000] {logging_mixin.py:190} INFO - [2024-11-12T03:41:30.230+0000] {dag.py:4180} INFO - Setting next_dagrun for dataset_s3_bucket_consumer_with_no_taskflow to None, run_after=None
[2024-11-12T03:41:30.231+0000] {logging_mixin.py:190} INFO - [2024-11-12T03:41:30.231+0000] {dag.py:4180} INFO - Setting next_dagrun for dataset_s3_bucket_producer_with_no_taskflow to None, run_after=None
[2024-11-12T03:41:30.251+0000] {processor.py:208} INFO - Processing /home/airflow/.local/lib/python3.12/site-packages/airflow/example_dags/example_dataset_alias_with_no_taskflow.py took 0.517 seconds
