[2024-11-12T03:33:26.599+0000] {processor.py:186} INFO - Started process (PID=95) to work on /home/airflow/.local/lib/python3.12/site-packages/airflow/example_dags/example_external_task_marker_dag.py
[2024-11-12T03:33:26.600+0000] {processor.py:914} INFO - Processing file /home/airflow/.local/lib/python3.12/site-packages/airflow/example_dags/example_external_task_marker_dag.py for tasks to queue
[2024-11-12T03:33:26.602+0000] {logging_mixin.py:190} INFO - [2024-11-12T03:33:26.602+0000] {dagbag.py:588} INFO - Filling up the DagBag from /home/airflow/.local/lib/python3.12/site-packages/airflow/example_dags/example_external_task_marker_dag.py
[2024-11-12T03:33:26.610+0000] {processor.py:925} INFO - DAG(s) 'example_external_task_marker_parent', 'example_external_task_marker_child' retrieved from /home/airflow/.local/lib/python3.12/site-packages/airflow/example_dags/example_external_task_marker_dag.py
[2024-11-12T03:33:26.710+0000] {logging_mixin.py:190} INFO - [2024-11-12T03:33:26.708+0000] {override.py:1911} INFO - Created Permission View: can read on DAG:example_external_task_marker_parent
[2024-11-12T03:33:26.722+0000] {logging_mixin.py:190} INFO - [2024-11-12T03:33:26.722+0000] {override.py:1911} INFO - Created Permission View: can delete on DAG:example_external_task_marker_parent
[2024-11-12T03:33:26.729+0000] {logging_mixin.py:190} INFO - [2024-11-12T03:33:26.729+0000] {override.py:1911} INFO - Created Permission View: can edit on DAG:example_external_task_marker_parent
[2024-11-12T03:33:26.743+0000] {logging_mixin.py:190} INFO - [2024-11-12T03:33:26.742+0000] {override.py:1911} INFO - Created Permission View: can read on DAG Run:example_external_task_marker_parent
[2024-11-12T03:33:26.753+0000] {logging_mixin.py:190} INFO - [2024-11-12T03:33:26.752+0000] {override.py:1911} INFO - Created Permission View: can create on DAG Run:example_external_task_marker_parent
[2024-11-12T03:33:26.762+0000] {logging_mixin.py:190} INFO - [2024-11-12T03:33:26.762+0000] {override.py:1911} INFO - Created Permission View: can delete on DAG Run:example_external_task_marker_parent
[2024-11-12T03:33:26.771+0000] {logging_mixin.py:190} INFO - [2024-11-12T03:33:26.770+0000] {override.py:1911} INFO - Created Permission View: menu access on DAG Run:example_external_task_marker_parent
[2024-11-12T03:33:26.785+0000] {logging_mixin.py:190} INFO - [2024-11-12T03:33:26.784+0000] {override.py:1911} INFO - Created Permission View: can read on DAG:example_external_task_marker_child
[2024-11-12T03:33:26.793+0000] {logging_mixin.py:190} INFO - [2024-11-12T03:33:26.792+0000] {override.py:1911} INFO - Created Permission View: can delete on DAG:example_external_task_marker_child
[2024-11-12T03:33:26.801+0000] {logging_mixin.py:190} INFO - [2024-11-12T03:33:26.801+0000] {override.py:1911} INFO - Created Permission View: can edit on DAG:example_external_task_marker_child
[2024-11-12T03:33:26.816+0000] {logging_mixin.py:190} INFO - [2024-11-12T03:33:26.816+0000] {override.py:1911} INFO - Created Permission View: can read on DAG Run:example_external_task_marker_child
[2024-11-12T03:33:26.823+0000] {logging_mixin.py:190} INFO - [2024-11-12T03:33:26.823+0000] {override.py:1911} INFO - Created Permission View: can create on DAG Run:example_external_task_marker_child
[2024-11-12T03:33:26.830+0000] {logging_mixin.py:190} INFO - [2024-11-12T03:33:26.830+0000] {override.py:1911} INFO - Created Permission View: can delete on DAG Run:example_external_task_marker_child
[2024-11-12T03:33:26.837+0000] {logging_mixin.py:190} INFO - [2024-11-12T03:33:26.837+0000] {override.py:1911} INFO - Created Permission View: menu access on DAG Run:example_external_task_marker_child
[2024-11-12T03:33:26.838+0000] {logging_mixin.py:190} INFO - [2024-11-12T03:33:26.838+0000] {dag.py:3239} INFO - Sync 2 DAGs
[2024-11-12T03:33:26.849+0000] {logging_mixin.py:190} INFO - [2024-11-12T03:33:26.849+0000] {dag.py:3262} INFO - Creating ORM DAG for example_external_task_marker_child
[2024-11-12T03:33:26.850+0000] {logging_mixin.py:190} INFO - [2024-11-12T03:33:26.850+0000] {dag.py:3262} INFO - Creating ORM DAG for example_external_task_marker_parent
[2024-11-12T03:33:26.851+0000] {logging_mixin.py:190} INFO - [2024-11-12T03:33:26.851+0000] {dag.py:4180} INFO - Setting next_dagrun for example_external_task_marker_child to None, run_after=None
[2024-11-12T03:33:26.853+0000] {logging_mixin.py:190} INFO - [2024-11-12T03:33:26.853+0000] {dag.py:4180} INFO - Setting next_dagrun for example_external_task_marker_parent to None, run_after=None
[2024-11-12T03:33:26.882+0000] {processor.py:208} INFO - Processing /home/airflow/.local/lib/python3.12/site-packages/airflow/example_dags/example_external_task_marker_dag.py took 0.288 seconds
[2024-11-12T03:33:57.808+0000] {processor.py:186} INFO - Started process (PID=158) to work on /home/airflow/.local/lib/python3.12/site-packages/airflow/example_dags/example_external_task_marker_dag.py
[2024-11-12T03:33:57.809+0000] {processor.py:914} INFO - Processing file /home/airflow/.local/lib/python3.12/site-packages/airflow/example_dags/example_external_task_marker_dag.py for tasks to queue
[2024-11-12T03:33:57.811+0000] {logging_mixin.py:190} INFO - [2024-11-12T03:33:57.811+0000] {dagbag.py:588} INFO - Filling up the DagBag from /home/airflow/.local/lib/python3.12/site-packages/airflow/example_dags/example_external_task_marker_dag.py
[2024-11-12T03:33:57.817+0000] {processor.py:925} INFO - DAG(s) 'example_external_task_marker_child', 'example_external_task_marker_parent' retrieved from /home/airflow/.local/lib/python3.12/site-packages/airflow/example_dags/example_external_task_marker_dag.py
[2024-11-12T03:33:57.834+0000] {logging_mixin.py:190} INFO - [2024-11-12T03:33:57.834+0000] {dag.py:3239} INFO - Sync 2 DAGs
[2024-11-12T03:33:57.845+0000] {logging_mixin.py:190} INFO - [2024-11-12T03:33:57.845+0000] {dag.py:4180} INFO - Setting next_dagrun for example_external_task_marker_child to None, run_after=None
[2024-11-12T03:33:57.848+0000] {logging_mixin.py:190} INFO - [2024-11-12T03:33:57.848+0000] {dag.py:4180} INFO - Setting next_dagrun for example_external_task_marker_parent to None, run_after=None
[2024-11-12T03:33:57.862+0000] {processor.py:208} INFO - Processing /home/airflow/.local/lib/python3.12/site-packages/airflow/example_dags/example_external_task_marker_dag.py took 0.059 seconds
[2024-11-12T03:34:28.725+0000] {processor.py:186} INFO - Started process (PID=221) to work on /home/airflow/.local/lib/python3.12/site-packages/airflow/example_dags/example_external_task_marker_dag.py
[2024-11-12T03:34:28.726+0000] {processor.py:914} INFO - Processing file /home/airflow/.local/lib/python3.12/site-packages/airflow/example_dags/example_external_task_marker_dag.py for tasks to queue
[2024-11-12T03:34:28.728+0000] {logging_mixin.py:190} INFO - [2024-11-12T03:34:28.727+0000] {dagbag.py:588} INFO - Filling up the DagBag from /home/airflow/.local/lib/python3.12/site-packages/airflow/example_dags/example_external_task_marker_dag.py
[2024-11-12T03:34:28.734+0000] {processor.py:925} INFO - DAG(s) 'example_external_task_marker_child', 'example_external_task_marker_parent' retrieved from /home/airflow/.local/lib/python3.12/site-packages/airflow/example_dags/example_external_task_marker_dag.py
[2024-11-12T03:34:28.753+0000] {logging_mixin.py:190} INFO - [2024-11-12T03:34:28.753+0000] {dag.py:3239} INFO - Sync 2 DAGs
[2024-11-12T03:34:28.765+0000] {logging_mixin.py:190} INFO - [2024-11-12T03:34:28.765+0000] {dag.py:4180} INFO - Setting next_dagrun for example_external_task_marker_child to None, run_after=None
[2024-11-12T03:34:28.768+0000] {logging_mixin.py:190} INFO - [2024-11-12T03:34:28.768+0000] {dag.py:4180} INFO - Setting next_dagrun for example_external_task_marker_parent to None, run_after=None
[2024-11-12T03:34:28.791+0000] {processor.py:208} INFO - Processing /home/airflow/.local/lib/python3.12/site-packages/airflow/example_dags/example_external_task_marker_dag.py took 0.071 seconds
[2024-11-12T03:34:59.288+0000] {processor.py:186} INFO - Started process (PID=283) to work on /home/airflow/.local/lib/python3.12/site-packages/airflow/example_dags/example_external_task_marker_dag.py
[2024-11-12T03:34:59.289+0000] {processor.py:914} INFO - Processing file /home/airflow/.local/lib/python3.12/site-packages/airflow/example_dags/example_external_task_marker_dag.py for tasks to queue
[2024-11-12T03:34:59.291+0000] {logging_mixin.py:190} INFO - [2024-11-12T03:34:59.291+0000] {dagbag.py:588} INFO - Filling up the DagBag from /home/airflow/.local/lib/python3.12/site-packages/airflow/example_dags/example_external_task_marker_dag.py
[2024-11-12T03:34:59.297+0000] {processor.py:925} INFO - DAG(s) 'example_external_task_marker_child', 'example_external_task_marker_parent' retrieved from /home/airflow/.local/lib/python3.12/site-packages/airflow/example_dags/example_external_task_marker_dag.py
[2024-11-12T03:34:59.319+0000] {logging_mixin.py:190} INFO - [2024-11-12T03:34:59.319+0000] {dag.py:3239} INFO - Sync 2 DAGs
[2024-11-12T03:34:59.332+0000] {logging_mixin.py:190} INFO - [2024-11-12T03:34:59.332+0000] {dag.py:4180} INFO - Setting next_dagrun for example_external_task_marker_child to None, run_after=None
[2024-11-12T03:34:59.336+0000] {logging_mixin.py:190} INFO - [2024-11-12T03:34:59.336+0000] {dag.py:4180} INFO - Setting next_dagrun for example_external_task_marker_parent to None, run_after=None
[2024-11-12T03:34:59.352+0000] {processor.py:208} INFO - Processing /home/airflow/.local/lib/python3.12/site-packages/airflow/example_dags/example_external_task_marker_dag.py took 0.069 seconds
[2024-11-12T03:35:30.108+0000] {processor.py:186} INFO - Started process (PID=346) to work on /home/airflow/.local/lib/python3.12/site-packages/airflow/example_dags/example_external_task_marker_dag.py
[2024-11-12T03:35:30.109+0000] {processor.py:914} INFO - Processing file /home/airflow/.local/lib/python3.12/site-packages/airflow/example_dags/example_external_task_marker_dag.py for tasks to queue
[2024-11-12T03:35:30.111+0000] {logging_mixin.py:190} INFO - [2024-11-12T03:35:30.111+0000] {dagbag.py:588} INFO - Filling up the DagBag from /home/airflow/.local/lib/python3.12/site-packages/airflow/example_dags/example_external_task_marker_dag.py
[2024-11-12T03:35:30.118+0000] {processor.py:925} INFO - DAG(s) 'example_external_task_marker_parent', 'example_external_task_marker_child' retrieved from /home/airflow/.local/lib/python3.12/site-packages/airflow/example_dags/example_external_task_marker_dag.py
[2024-11-12T03:35:30.141+0000] {logging_mixin.py:190} INFO - [2024-11-12T03:35:30.141+0000] {dag.py:3239} INFO - Sync 2 DAGs
[2024-11-12T03:35:30.154+0000] {logging_mixin.py:190} INFO - [2024-11-12T03:35:30.154+0000] {dag.py:4180} INFO - Setting next_dagrun for example_external_task_marker_child to None, run_after=None
[2024-11-12T03:35:30.159+0000] {logging_mixin.py:190} INFO - [2024-11-12T03:35:30.159+0000] {dag.py:4180} INFO - Setting next_dagrun for example_external_task_marker_parent to None, run_after=None
[2024-11-12T03:35:30.176+0000] {processor.py:208} INFO - Processing /home/airflow/.local/lib/python3.12/site-packages/airflow/example_dags/example_external_task_marker_dag.py took 0.073 seconds
[2024-11-12T03:36:00.433+0000] {processor.py:186} INFO - Started process (PID=409) to work on /home/airflow/.local/lib/python3.12/site-packages/airflow/example_dags/example_external_task_marker_dag.py
[2024-11-12T03:36:00.434+0000] {processor.py:914} INFO - Processing file /home/airflow/.local/lib/python3.12/site-packages/airflow/example_dags/example_external_task_marker_dag.py for tasks to queue
[2024-11-12T03:36:00.436+0000] {logging_mixin.py:190} INFO - [2024-11-12T03:36:00.436+0000] {dagbag.py:588} INFO - Filling up the DagBag from /home/airflow/.local/lib/python3.12/site-packages/airflow/example_dags/example_external_task_marker_dag.py
[2024-11-12T03:36:00.442+0000] {processor.py:925} INFO - DAG(s) 'example_external_task_marker_child', 'example_external_task_marker_parent' retrieved from /home/airflow/.local/lib/python3.12/site-packages/airflow/example_dags/example_external_task_marker_dag.py
[2024-11-12T03:36:00.466+0000] {logging_mixin.py:190} INFO - [2024-11-12T03:36:00.466+0000] {dag.py:3239} INFO - Sync 2 DAGs
[2024-11-12T03:36:00.479+0000] {logging_mixin.py:190} INFO - [2024-11-12T03:36:00.479+0000] {dag.py:4180} INFO - Setting next_dagrun for example_external_task_marker_child to None, run_after=None
[2024-11-12T03:36:00.484+0000] {logging_mixin.py:190} INFO - [2024-11-12T03:36:00.483+0000] {dag.py:4180} INFO - Setting next_dagrun for example_external_task_marker_parent to None, run_after=None
[2024-11-12T03:36:00.499+0000] {processor.py:208} INFO - Processing /home/airflow/.local/lib/python3.12/site-packages/airflow/example_dags/example_external_task_marker_dag.py took 0.072 seconds
[2024-11-12T03:36:31.177+0000] {processor.py:186} INFO - Started process (PID=472) to work on /home/airflow/.local/lib/python3.12/site-packages/airflow/example_dags/example_external_task_marker_dag.py
[2024-11-12T03:36:31.178+0000] {processor.py:914} INFO - Processing file /home/airflow/.local/lib/python3.12/site-packages/airflow/example_dags/example_external_task_marker_dag.py for tasks to queue
[2024-11-12T03:36:31.180+0000] {logging_mixin.py:190} INFO - [2024-11-12T03:36:31.180+0000] {dagbag.py:588} INFO - Filling up the DagBag from /home/airflow/.local/lib/python3.12/site-packages/airflow/example_dags/example_external_task_marker_dag.py
[2024-11-12T03:36:31.188+0000] {processor.py:925} INFO - DAG(s) 'example_external_task_marker_parent', 'example_external_task_marker_child' retrieved from /home/airflow/.local/lib/python3.12/site-packages/airflow/example_dags/example_external_task_marker_dag.py
[2024-11-12T03:36:31.213+0000] {logging_mixin.py:190} INFO - [2024-11-12T03:36:31.212+0000] {dag.py:3239} INFO - Sync 2 DAGs
[2024-11-12T03:36:31.227+0000] {logging_mixin.py:190} INFO - [2024-11-12T03:36:31.226+0000] {dag.py:4180} INFO - Setting next_dagrun for example_external_task_marker_child to None, run_after=None
[2024-11-12T03:36:31.232+0000] {logging_mixin.py:190} INFO - [2024-11-12T03:36:31.231+0000] {dag.py:4180} INFO - Setting next_dagrun for example_external_task_marker_parent to None, run_after=None
[2024-11-12T03:36:31.250+0000] {processor.py:208} INFO - Processing /home/airflow/.local/lib/python3.12/site-packages/airflow/example_dags/example_external_task_marker_dag.py took 0.079 seconds
[2024-11-12T03:37:01.775+0000] {processor.py:186} INFO - Started process (PID=535) to work on /home/airflow/.local/lib/python3.12/site-packages/airflow/example_dags/example_external_task_marker_dag.py
[2024-11-12T03:37:01.776+0000] {processor.py:914} INFO - Processing file /home/airflow/.local/lib/python3.12/site-packages/airflow/example_dags/example_external_task_marker_dag.py for tasks to queue
[2024-11-12T03:37:01.779+0000] {logging_mixin.py:190} INFO - [2024-11-12T03:37:01.779+0000] {dagbag.py:588} INFO - Filling up the DagBag from /home/airflow/.local/lib/python3.12/site-packages/airflow/example_dags/example_external_task_marker_dag.py
[2024-11-12T03:37:01.787+0000] {processor.py:925} INFO - DAG(s) 'example_external_task_marker_parent', 'example_external_task_marker_child' retrieved from /home/airflow/.local/lib/python3.12/site-packages/airflow/example_dags/example_external_task_marker_dag.py
[2024-11-12T03:37:01.809+0000] {logging_mixin.py:190} INFO - [2024-11-12T03:37:01.808+0000] {dag.py:3239} INFO - Sync 2 DAGs
[2024-11-12T03:37:01.821+0000] {logging_mixin.py:190} INFO - [2024-11-12T03:37:01.821+0000] {dag.py:4180} INFO - Setting next_dagrun for example_external_task_marker_child to None, run_after=None
[2024-11-12T03:37:01.825+0000] {logging_mixin.py:190} INFO - [2024-11-12T03:37:01.824+0000] {dag.py:4180} INFO - Setting next_dagrun for example_external_task_marker_parent to None, run_after=None
[2024-11-12T03:37:01.841+0000] {processor.py:208} INFO - Processing /home/airflow/.local/lib/python3.12/site-packages/airflow/example_dags/example_external_task_marker_dag.py took 0.072 seconds
[2024-11-12T03:37:32.710+0000] {processor.py:186} INFO - Started process (PID=598) to work on /home/airflow/.local/lib/python3.12/site-packages/airflow/example_dags/example_external_task_marker_dag.py
[2024-11-12T03:37:32.712+0000] {processor.py:914} INFO - Processing file /home/airflow/.local/lib/python3.12/site-packages/airflow/example_dags/example_external_task_marker_dag.py for tasks to queue
[2024-11-12T03:37:32.718+0000] {logging_mixin.py:190} INFO - [2024-11-12T03:37:32.716+0000] {dagbag.py:588} INFO - Filling up the DagBag from /home/airflow/.local/lib/python3.12/site-packages/airflow/example_dags/example_external_task_marker_dag.py
[2024-11-12T03:37:32.725+0000] {processor.py:925} INFO - DAG(s) 'example_external_task_marker_parent', 'example_external_task_marker_child' retrieved from /home/airflow/.local/lib/python3.12/site-packages/airflow/example_dags/example_external_task_marker_dag.py
[2024-11-12T03:37:32.746+0000] {logging_mixin.py:190} INFO - [2024-11-12T03:37:32.746+0000] {dag.py:3239} INFO - Sync 2 DAGs
[2024-11-12T03:37:32.758+0000] {logging_mixin.py:190} INFO - [2024-11-12T03:37:32.758+0000] {dag.py:4180} INFO - Setting next_dagrun for example_external_task_marker_child to None, run_after=None
[2024-11-12T03:37:32.761+0000] {logging_mixin.py:190} INFO - [2024-11-12T03:37:32.761+0000] {dag.py:4180} INFO - Setting next_dagrun for example_external_task_marker_parent to None, run_after=None
[2024-11-12T03:37:32.784+0000] {processor.py:208} INFO - Processing /home/airflow/.local/lib/python3.12/site-packages/airflow/example_dags/example_external_task_marker_dag.py took 0.081 seconds
[2024-11-12T03:39:56.833+0000] {processor.py:186} INFO - Started process (PID=82) to work on /home/airflow/.local/lib/python3.12/site-packages/airflow/example_dags/example_external_task_marker_dag.py
[2024-11-12T03:39:56.834+0000] {processor.py:914} INFO - Processing file /home/airflow/.local/lib/python3.12/site-packages/airflow/example_dags/example_external_task_marker_dag.py for tasks to queue
[2024-11-12T03:39:56.836+0000] {logging_mixin.py:190} INFO - [2024-11-12T03:39:56.836+0000] {dagbag.py:588} INFO - Filling up the DagBag from /home/airflow/.local/lib/python3.12/site-packages/airflow/example_dags/example_external_task_marker_dag.py
[2024-11-12T03:39:56.843+0000] {processor.py:925} INFO - DAG(s) 'example_external_task_marker_parent', 'example_external_task_marker_child' retrieved from /home/airflow/.local/lib/python3.12/site-packages/airflow/example_dags/example_external_task_marker_dag.py
[2024-11-12T03:39:56.866+0000] {logging_mixin.py:190} INFO - [2024-11-12T03:39:56.865+0000] {dag.py:3239} INFO - Sync 2 DAGs
[2024-11-12T03:39:56.879+0000] {logging_mixin.py:190} INFO - [2024-11-12T03:39:56.879+0000] {dag.py:4180} INFO - Setting next_dagrun for example_external_task_marker_child to None, run_after=None
[2024-11-12T03:39:56.883+0000] {logging_mixin.py:190} INFO - [2024-11-12T03:39:56.883+0000] {dag.py:4180} INFO - Setting next_dagrun for example_external_task_marker_parent to None, run_after=None
[2024-11-12T03:39:56.901+0000] {processor.py:208} INFO - Processing /home/airflow/.local/lib/python3.12/site-packages/airflow/example_dags/example_external_task_marker_dag.py took 0.073 seconds
[2024-11-12T03:40:27.506+0000] {processor.py:186} INFO - Started process (PID=145) to work on /home/airflow/.local/lib/python3.12/site-packages/airflow/example_dags/example_external_task_marker_dag.py
[2024-11-12T03:40:27.507+0000] {processor.py:914} INFO - Processing file /home/airflow/.local/lib/python3.12/site-packages/airflow/example_dags/example_external_task_marker_dag.py for tasks to queue
[2024-11-12T03:40:27.509+0000] {logging_mixin.py:190} INFO - [2024-11-12T03:40:27.509+0000] {dagbag.py:588} INFO - Filling up the DagBag from /home/airflow/.local/lib/python3.12/site-packages/airflow/example_dags/example_external_task_marker_dag.py
[2024-11-12T03:40:27.516+0000] {processor.py:925} INFO - DAG(s) 'example_external_task_marker_child', 'example_external_task_marker_parent' retrieved from /home/airflow/.local/lib/python3.12/site-packages/airflow/example_dags/example_external_task_marker_dag.py
[2024-11-12T03:40:27.536+0000] {logging_mixin.py:190} INFO - [2024-11-12T03:40:27.536+0000] {dag.py:3239} INFO - Sync 2 DAGs
[2024-11-12T03:40:27.549+0000] {logging_mixin.py:190} INFO - [2024-11-12T03:40:27.549+0000] {dag.py:4180} INFO - Setting next_dagrun for example_external_task_marker_child to None, run_after=None
[2024-11-12T03:40:27.552+0000] {logging_mixin.py:190} INFO - [2024-11-12T03:40:27.552+0000] {dag.py:4180} INFO - Setting next_dagrun for example_external_task_marker_parent to None, run_after=None
[2024-11-12T03:40:27.568+0000] {processor.py:208} INFO - Processing /home/airflow/.local/lib/python3.12/site-packages/airflow/example_dags/example_external_task_marker_dag.py took 0.069 seconds
[2024-11-12T03:40:57.738+0000] {processor.py:186} INFO - Started process (PID=208) to work on /home/airflow/.local/lib/python3.12/site-packages/airflow/example_dags/example_external_task_marker_dag.py
[2024-11-12T03:40:57.739+0000] {processor.py:914} INFO - Processing file /home/airflow/.local/lib/python3.12/site-packages/airflow/example_dags/example_external_task_marker_dag.py for tasks to queue
[2024-11-12T03:40:57.741+0000] {logging_mixin.py:190} INFO - [2024-11-12T03:40:57.741+0000] {dagbag.py:588} INFO - Filling up the DagBag from /home/airflow/.local/lib/python3.12/site-packages/airflow/example_dags/example_external_task_marker_dag.py
[2024-11-12T03:40:57.747+0000] {processor.py:925} INFO - DAG(s) 'example_external_task_marker_child', 'example_external_task_marker_parent' retrieved from /home/airflow/.local/lib/python3.12/site-packages/airflow/example_dags/example_external_task_marker_dag.py
[2024-11-12T03:40:57.763+0000] {logging_mixin.py:190} INFO - [2024-11-12T03:40:57.763+0000] {dag.py:3239} INFO - Sync 2 DAGs
[2024-11-12T03:40:57.775+0000] {logging_mixin.py:190} INFO - [2024-11-12T03:40:57.775+0000] {dag.py:4180} INFO - Setting next_dagrun for example_external_task_marker_child to None, run_after=None
[2024-11-12T03:40:57.779+0000] {logging_mixin.py:190} INFO - [2024-11-12T03:40:57.779+0000] {dag.py:4180} INFO - Setting next_dagrun for example_external_task_marker_parent to None, run_after=None
[2024-11-12T03:40:57.794+0000] {processor.py:208} INFO - Processing /home/airflow/.local/lib/python3.12/site-packages/airflow/example_dags/example_external_task_marker_dag.py took 0.060 seconds
