[2024-11-12T03:33:23.263+0000] {processor.py:186} INFO - Started process (PID=71) to work on /home/airflow/.local/lib/python3.12/site-packages/airflow/example_dags/example_branch_operator.py
[2024-11-12T03:33:23.264+0000] {processor.py:914} INFO - Processing file /home/airflow/.local/lib/python3.12/site-packages/airflow/example_dags/example_branch_operator.py for tasks to queue
[2024-11-12T03:33:23.266+0000] {logging_mixin.py:190} INFO - [2024-11-12T03:33:23.266+0000] {dagbag.py:588} INFO - Filling up the DagBag from /home/airflow/.local/lib/python3.12/site-packages/airflow/example_dags/example_branch_operator.py
[2024-11-12T03:33:23.294+0000] {processor.py:925} INFO - DAG(s) 'example_branch_operator' retrieved from /home/airflow/.local/lib/python3.12/site-packages/airflow/example_dags/example_branch_operator.py
[2024-11-12T03:33:23.392+0000] {logging_mixin.py:190} INFO - [2024-11-12T03:33:23.392+0000] {override.py:1911} INFO - Created Permission View: can read on DAG:example_branch_operator
[2024-11-12T03:33:23.409+0000] {logging_mixin.py:190} INFO - [2024-11-12T03:33:23.408+0000] {override.py:1911} INFO - Created Permission View: can delete on DAG:example_branch_operator
[2024-11-12T03:33:23.416+0000] {logging_mixin.py:190} INFO - [2024-11-12T03:33:23.416+0000] {override.py:1911} INFO - Created Permission View: can edit on DAG:example_branch_operator
[2024-11-12T03:33:23.428+0000] {logging_mixin.py:190} INFO - [2024-11-12T03:33:23.428+0000] {override.py:1911} INFO - Created Permission View: can read on DAG Run:example_branch_operator
[2024-11-12T03:33:23.438+0000] {logging_mixin.py:190} INFO - [2024-11-12T03:33:23.438+0000] {override.py:1911} INFO - Created Permission View: can create on DAG Run:example_branch_operator
[2024-11-12T03:33:23.446+0000] {logging_mixin.py:190} INFO - [2024-11-12T03:33:23.446+0000] {override.py:1911} INFO - Created Permission View: can delete on DAG Run:example_branch_operator
[2024-11-12T03:33:23.454+0000] {logging_mixin.py:190} INFO - [2024-11-12T03:33:23.454+0000] {override.py:1911} INFO - Created Permission View: menu access on DAG Run:example_branch_operator
[2024-11-12T03:33:23.455+0000] {logging_mixin.py:190} INFO - [2024-11-12T03:33:23.455+0000] {dag.py:3239} INFO - Sync 1 DAGs
[2024-11-12T03:33:23.465+0000] {logging_mixin.py:190} INFO - [2024-11-12T03:33:23.465+0000] {dag.py:3262} INFO - Creating ORM DAG for example_branch_operator
[2024-11-12T03:33:23.474+0000] {logging_mixin.py:190} INFO - [2024-11-12T03:33:23.474+0000] {dag.py:4180} INFO - Setting next_dagrun for example_branch_operator to 2024-11-11 00:00:00+00:00, run_after=2024-11-12 00:00:00+00:00
[2024-11-12T03:33:23.491+0000] {processor.py:208} INFO - Processing /home/airflow/.local/lib/python3.12/site-packages/airflow/example_dags/example_branch_operator.py took 0.232 seconds
[2024-11-12T03:33:54.365+0000] {processor.py:186} INFO - Started process (PID=134) to work on /home/airflow/.local/lib/python3.12/site-packages/airflow/example_dags/example_branch_operator.py
[2024-11-12T03:33:54.366+0000] {processor.py:914} INFO - Processing file /home/airflow/.local/lib/python3.12/site-packages/airflow/example_dags/example_branch_operator.py for tasks to queue
[2024-11-12T03:33:54.368+0000] {logging_mixin.py:190} INFO - [2024-11-12T03:33:54.368+0000] {dagbag.py:588} INFO - Filling up the DagBag from /home/airflow/.local/lib/python3.12/site-packages/airflow/example_dags/example_branch_operator.py
[2024-11-12T03:33:54.383+0000] {processor.py:925} INFO - DAG(s) 'example_branch_operator' retrieved from /home/airflow/.local/lib/python3.12/site-packages/airflow/example_dags/example_branch_operator.py
[2024-11-12T03:33:54.412+0000] {logging_mixin.py:190} INFO - [2024-11-12T03:33:54.412+0000] {dag.py:3239} INFO - Sync 1 DAGs
[2024-11-12T03:33:54.433+0000] {logging_mixin.py:190} INFO - [2024-11-12T03:33:54.433+0000] {dag.py:4180} INFO - Setting next_dagrun for example_branch_operator to 2024-11-11 00:00:00+00:00, run_after=2024-11-12 00:00:00+00:00
[2024-11-12T03:33:54.458+0000] {processor.py:208} INFO - Processing /home/airflow/.local/lib/python3.12/site-packages/airflow/example_dags/example_branch_operator.py took 0.098 seconds
[2024-11-12T03:34:24.863+0000] {processor.py:186} INFO - Started process (PID=196) to work on /home/airflow/.local/lib/python3.12/site-packages/airflow/example_dags/example_branch_operator.py
[2024-11-12T03:34:24.864+0000] {processor.py:914} INFO - Processing file /home/airflow/.local/lib/python3.12/site-packages/airflow/example_dags/example_branch_operator.py for tasks to queue
[2024-11-12T03:34:24.866+0000] {logging_mixin.py:190} INFO - [2024-11-12T03:34:24.866+0000] {dagbag.py:588} INFO - Filling up the DagBag from /home/airflow/.local/lib/python3.12/site-packages/airflow/example_dags/example_branch_operator.py
[2024-11-12T03:34:24.881+0000] {processor.py:925} INFO - DAG(s) 'example_branch_operator' retrieved from /home/airflow/.local/lib/python3.12/site-packages/airflow/example_dags/example_branch_operator.py
[2024-11-12T03:34:24.901+0000] {logging_mixin.py:190} INFO - [2024-11-12T03:34:24.900+0000] {dag.py:3239} INFO - Sync 1 DAGs
[2024-11-12T03:34:24.917+0000] {logging_mixin.py:190} INFO - [2024-11-12T03:34:24.917+0000] {dag.py:4180} INFO - Setting next_dagrun for example_branch_operator to 2024-11-11 00:00:00+00:00, run_after=2024-11-12 00:00:00+00:00
[2024-11-12T03:34:24.931+0000] {processor.py:208} INFO - Processing /home/airflow/.local/lib/python3.12/site-packages/airflow/example_dags/example_branch_operator.py took 0.074 seconds
[2024-11-12T03:34:55.411+0000] {processor.py:186} INFO - Started process (PID=259) to work on /home/airflow/.local/lib/python3.12/site-packages/airflow/example_dags/example_branch_operator.py
[2024-11-12T03:34:55.412+0000] {processor.py:914} INFO - Processing file /home/airflow/.local/lib/python3.12/site-packages/airflow/example_dags/example_branch_operator.py for tasks to queue
[2024-11-12T03:34:55.414+0000] {logging_mixin.py:190} INFO - [2024-11-12T03:34:55.414+0000] {dagbag.py:588} INFO - Filling up the DagBag from /home/airflow/.local/lib/python3.12/site-packages/airflow/example_dags/example_branch_operator.py
[2024-11-12T03:34:55.427+0000] {processor.py:925} INFO - DAG(s) 'example_branch_operator' retrieved from /home/airflow/.local/lib/python3.12/site-packages/airflow/example_dags/example_branch_operator.py
[2024-11-12T03:34:55.448+0000] {logging_mixin.py:190} INFO - [2024-11-12T03:34:55.448+0000] {dag.py:3239} INFO - Sync 1 DAGs
[2024-11-12T03:34:55.467+0000] {logging_mixin.py:190} INFO - [2024-11-12T03:34:55.466+0000] {dag.py:4180} INFO - Setting next_dagrun for example_branch_operator to 2024-11-11 00:00:00+00:00, run_after=2024-11-12 00:00:00+00:00
[2024-11-12T03:34:55.484+0000] {processor.py:208} INFO - Processing /home/airflow/.local/lib/python3.12/site-packages/airflow/example_dags/example_branch_operator.py took 0.077 seconds
[2024-11-12T03:35:26.212+0000] {processor.py:186} INFO - Started process (PID=327) to work on /home/airflow/.local/lib/python3.12/site-packages/airflow/example_dags/example_branch_operator.py
[2024-11-12T03:35:26.213+0000] {processor.py:914} INFO - Processing file /home/airflow/.local/lib/python3.12/site-packages/airflow/example_dags/example_branch_operator.py for tasks to queue
[2024-11-12T03:35:26.215+0000] {logging_mixin.py:190} INFO - [2024-11-12T03:35:26.214+0000] {dagbag.py:588} INFO - Filling up the DagBag from /home/airflow/.local/lib/python3.12/site-packages/airflow/example_dags/example_branch_operator.py
[2024-11-12T03:35:26.230+0000] {processor.py:925} INFO - DAG(s) 'example_branch_operator' retrieved from /home/airflow/.local/lib/python3.12/site-packages/airflow/example_dags/example_branch_operator.py
[2024-11-12T03:35:26.251+0000] {logging_mixin.py:190} INFO - [2024-11-12T03:35:26.251+0000] {dag.py:3239} INFO - Sync 1 DAGs
[2024-11-12T03:35:26.271+0000] {logging_mixin.py:190} INFO - [2024-11-12T03:35:26.271+0000] {dag.py:4180} INFO - Setting next_dagrun for example_branch_operator to 2024-11-11 00:00:00+00:00, run_after=2024-11-12 00:00:00+00:00
[2024-11-12T03:35:26.288+0000] {processor.py:208} INFO - Processing /home/airflow/.local/lib/python3.12/site-packages/airflow/example_dags/example_branch_operator.py took 0.081 seconds
[2024-11-12T03:35:56.742+0000] {processor.py:186} INFO - Started process (PID=390) to work on /home/airflow/.local/lib/python3.12/site-packages/airflow/example_dags/example_branch_operator.py
[2024-11-12T03:35:56.743+0000] {processor.py:914} INFO - Processing file /home/airflow/.local/lib/python3.12/site-packages/airflow/example_dags/example_branch_operator.py for tasks to queue
[2024-11-12T03:35:56.745+0000] {logging_mixin.py:190} INFO - [2024-11-12T03:35:56.745+0000] {dagbag.py:588} INFO - Filling up the DagBag from /home/airflow/.local/lib/python3.12/site-packages/airflow/example_dags/example_branch_operator.py
[2024-11-12T03:35:56.760+0000] {processor.py:925} INFO - DAG(s) 'example_branch_operator' retrieved from /home/airflow/.local/lib/python3.12/site-packages/airflow/example_dags/example_branch_operator.py
[2024-11-12T03:35:56.782+0000] {logging_mixin.py:190} INFO - [2024-11-12T03:35:56.782+0000] {dag.py:3239} INFO - Sync 1 DAGs
[2024-11-12T03:35:56.800+0000] {logging_mixin.py:190} INFO - [2024-11-12T03:35:56.800+0000] {dag.py:4180} INFO - Setting next_dagrun for example_branch_operator to 2024-11-11 00:00:00+00:00, run_after=2024-11-12 00:00:00+00:00
[2024-11-12T03:35:56.817+0000] {processor.py:208} INFO - Processing /home/airflow/.local/lib/python3.12/site-packages/airflow/example_dags/example_branch_operator.py took 0.081 seconds
[2024-11-12T03:36:27.164+0000] {processor.py:186} INFO - Started process (PID=453) to work on /home/airflow/.local/lib/python3.12/site-packages/airflow/example_dags/example_branch_operator.py
[2024-11-12T03:36:27.165+0000] {processor.py:914} INFO - Processing file /home/airflow/.local/lib/python3.12/site-packages/airflow/example_dags/example_branch_operator.py for tasks to queue
[2024-11-12T03:36:27.168+0000] {logging_mixin.py:190} INFO - [2024-11-12T03:36:27.167+0000] {dagbag.py:588} INFO - Filling up the DagBag from /home/airflow/.local/lib/python3.12/site-packages/airflow/example_dags/example_branch_operator.py
[2024-11-12T03:36:27.182+0000] {processor.py:925} INFO - DAG(s) 'example_branch_operator' retrieved from /home/airflow/.local/lib/python3.12/site-packages/airflow/example_dags/example_branch_operator.py
[2024-11-12T03:36:27.207+0000] {logging_mixin.py:190} INFO - [2024-11-12T03:36:27.207+0000] {dag.py:3239} INFO - Sync 1 DAGs
[2024-11-12T03:36:27.227+0000] {logging_mixin.py:190} INFO - [2024-11-12T03:36:27.227+0000] {dag.py:4180} INFO - Setting next_dagrun for example_branch_operator to 2024-11-11 00:00:00+00:00, run_after=2024-11-12 00:00:00+00:00
[2024-11-12T03:36:27.247+0000] {processor.py:208} INFO - Processing /home/airflow/.local/lib/python3.12/site-packages/airflow/example_dags/example_branch_operator.py took 0.089 seconds
[2024-11-12T03:36:57.321+0000] {processor.py:186} INFO - Started process (PID=516) to work on /home/airflow/.local/lib/python3.12/site-packages/airflow/example_dags/example_branch_operator.py
[2024-11-12T03:36:57.322+0000] {processor.py:914} INFO - Processing file /home/airflow/.local/lib/python3.12/site-packages/airflow/example_dags/example_branch_operator.py for tasks to queue
[2024-11-12T03:36:57.324+0000] {logging_mixin.py:190} INFO - [2024-11-12T03:36:57.324+0000] {dagbag.py:588} INFO - Filling up the DagBag from /home/airflow/.local/lib/python3.12/site-packages/airflow/example_dags/example_branch_operator.py
[2024-11-12T03:36:57.340+0000] {processor.py:925} INFO - DAG(s) 'example_branch_operator' retrieved from /home/airflow/.local/lib/python3.12/site-packages/airflow/example_dags/example_branch_operator.py
[2024-11-12T03:36:57.363+0000] {logging_mixin.py:190} INFO - [2024-11-12T03:36:57.363+0000] {dag.py:3239} INFO - Sync 1 DAGs
[2024-11-12T03:36:57.382+0000] {logging_mixin.py:190} INFO - [2024-11-12T03:36:57.382+0000] {dag.py:4180} INFO - Setting next_dagrun for example_branch_operator to 2024-11-11 00:00:00+00:00, run_after=2024-11-12 00:00:00+00:00
[2024-11-12T03:36:57.402+0000] {processor.py:208} INFO - Processing /home/airflow/.local/lib/python3.12/site-packages/airflow/example_dags/example_branch_operator.py took 0.089 seconds
[2024-11-12T03:37:28.137+0000] {processor.py:186} INFO - Started process (PID=579) to work on /home/airflow/.local/lib/python3.12/site-packages/airflow/example_dags/example_branch_operator.py
[2024-11-12T03:37:28.138+0000] {processor.py:914} INFO - Processing file /home/airflow/.local/lib/python3.12/site-packages/airflow/example_dags/example_branch_operator.py for tasks to queue
[2024-11-12T03:37:28.140+0000] {logging_mixin.py:190} INFO - [2024-11-12T03:37:28.140+0000] {dagbag.py:588} INFO - Filling up the DagBag from /home/airflow/.local/lib/python3.12/site-packages/airflow/example_dags/example_branch_operator.py
[2024-11-12T03:37:28.155+0000] {processor.py:925} INFO - DAG(s) 'example_branch_operator' retrieved from /home/airflow/.local/lib/python3.12/site-packages/airflow/example_dags/example_branch_operator.py
[2024-11-12T03:37:28.177+0000] {logging_mixin.py:190} INFO - [2024-11-12T03:37:28.177+0000] {dag.py:3239} INFO - Sync 1 DAGs
[2024-11-12T03:37:28.195+0000] {logging_mixin.py:190} INFO - [2024-11-12T03:37:28.195+0000] {dag.py:4180} INFO - Setting next_dagrun for example_branch_operator to 2024-11-11 00:00:00+00:00, run_after=2024-11-12 00:00:00+00:00
[2024-11-12T03:37:28.254+0000] {processor.py:208} INFO - Processing /home/airflow/.local/lib/python3.12/site-packages/airflow/example_dags/example_branch_operator.py took 0.121 seconds
[2024-11-12T03:39:55.214+0000] {processor.py:186} INFO - Started process (PID=58) to work on /home/airflow/.local/lib/python3.12/site-packages/airflow/example_dags/example_branch_operator.py
[2024-11-12T03:39:55.215+0000] {processor.py:914} INFO - Processing file /home/airflow/.local/lib/python3.12/site-packages/airflow/example_dags/example_branch_operator.py for tasks to queue
[2024-11-12T03:39:55.217+0000] {logging_mixin.py:190} INFO - [2024-11-12T03:39:55.217+0000] {dagbag.py:588} INFO - Filling up the DagBag from /home/airflow/.local/lib/python3.12/site-packages/airflow/example_dags/example_branch_operator.py
[2024-11-12T03:39:55.230+0000] {processor.py:925} INFO - DAG(s) 'example_branch_operator' retrieved from /home/airflow/.local/lib/python3.12/site-packages/airflow/example_dags/example_branch_operator.py
[2024-11-12T03:39:55.333+0000] {logging_mixin.py:190} INFO - [2024-11-12T03:39:55.332+0000] {dag.py:3239} INFO - Sync 1 DAGs
[2024-11-12T03:39:55.350+0000] {logging_mixin.py:190} INFO - [2024-11-12T03:39:55.350+0000] {dag.py:4180} INFO - Setting next_dagrun for example_branch_operator to 2024-11-11 00:00:00+00:00, run_after=2024-11-12 00:00:00+00:00
[2024-11-12T03:39:55.368+0000] {processor.py:208} INFO - Processing /home/airflow/.local/lib/python3.12/site-packages/airflow/example_dags/example_branch_operator.py took 0.162 seconds
[2024-11-12T03:40:26.037+0000] {processor.py:186} INFO - Started process (PID=127) to work on /home/airflow/.local/lib/python3.12/site-packages/airflow/example_dags/example_branch_operator.py
[2024-11-12T03:40:26.038+0000] {processor.py:914} INFO - Processing file /home/airflow/.local/lib/python3.12/site-packages/airflow/example_dags/example_branch_operator.py for tasks to queue
[2024-11-12T03:40:26.039+0000] {logging_mixin.py:190} INFO - [2024-11-12T03:40:26.039+0000] {dagbag.py:588} INFO - Filling up the DagBag from /home/airflow/.local/lib/python3.12/site-packages/airflow/example_dags/example_branch_operator.py
[2024-11-12T03:40:26.053+0000] {processor.py:925} INFO - DAG(s) 'example_branch_operator' retrieved from /home/airflow/.local/lib/python3.12/site-packages/airflow/example_dags/example_branch_operator.py
[2024-11-12T03:40:26.078+0000] {logging_mixin.py:190} INFO - [2024-11-12T03:40:26.078+0000] {dag.py:3239} INFO - Sync 1 DAGs
[2024-11-12T03:40:26.096+0000] {logging_mixin.py:190} INFO - [2024-11-12T03:40:26.096+0000] {dag.py:4180} INFO - Setting next_dagrun for example_branch_operator to 2024-11-11 00:00:00+00:00, run_after=2024-11-12 00:00:00+00:00
[2024-11-12T03:40:26.111+0000] {processor.py:208} INFO - Processing /home/airflow/.local/lib/python3.12/site-packages/airflow/example_dags/example_branch_operator.py took 0.079 seconds
[2024-11-12T03:40:56.317+0000] {processor.py:186} INFO - Started process (PID=189) to work on /home/airflow/.local/lib/python3.12/site-packages/airflow/example_dags/example_branch_operator.py
[2024-11-12T03:40:56.318+0000] {processor.py:914} INFO - Processing file /home/airflow/.local/lib/python3.12/site-packages/airflow/example_dags/example_branch_operator.py for tasks to queue
[2024-11-12T03:40:56.320+0000] {logging_mixin.py:190} INFO - [2024-11-12T03:40:56.320+0000] {dagbag.py:588} INFO - Filling up the DagBag from /home/airflow/.local/lib/python3.12/site-packages/airflow/example_dags/example_branch_operator.py
[2024-11-12T03:40:56.334+0000] {processor.py:925} INFO - DAG(s) 'example_branch_operator' retrieved from /home/airflow/.local/lib/python3.12/site-packages/airflow/example_dags/example_branch_operator.py
[2024-11-12T03:40:56.354+0000] {logging_mixin.py:190} INFO - [2024-11-12T03:40:56.354+0000] {dag.py:3239} INFO - Sync 1 DAGs
[2024-11-12T03:40:56.372+0000] {logging_mixin.py:190} INFO - [2024-11-12T03:40:56.371+0000] {dag.py:4180} INFO - Setting next_dagrun for example_branch_operator to 2024-11-11 00:00:00+00:00, run_after=2024-11-12 00:00:00+00:00
[2024-11-12T03:40:56.388+0000] {processor.py:208} INFO - Processing /home/airflow/.local/lib/python3.12/site-packages/airflow/example_dags/example_branch_operator.py took 0.075 seconds
