[2024-11-12T03:33:21.639+0000] {processor.py:186} INFO - Started process (PID=65) to work on /home/airflow/.local/lib/python3.12/site-packages/airflow/example_dags/example_setup_teardown.py
[2024-11-12T03:33:21.641+0000] {processor.py:914} INFO - Processing file /home/airflow/.local/lib/python3.12/site-packages/airflow/example_dags/example_setup_teardown.py for tasks to queue
[2024-11-12T03:33:21.644+0000] {logging_mixin.py:190} INFO - [2024-11-12T03:33:21.643+0000] {dagbag.py:588} INFO - Filling up the DagBag from /home/airflow/.local/lib/python3.12/site-packages/airflow/example_dags/example_setup_teardown.py
[2024-11-12T03:33:21.707+0000] {processor.py:925} INFO - DAG(s) 'example_setup_teardown' retrieved from /home/airflow/.local/lib/python3.12/site-packages/airflow/example_dags/example_setup_teardown.py
[2024-11-12T03:33:22.001+0000] {logging_mixin.py:190} INFO - [2024-11-12T03:33:21.999+0000] {override.py:1911} INFO - Created Permission View: can read on DAG:example_setup_teardown
[2024-11-12T03:33:22.014+0000] {logging_mixin.py:190} INFO - [2024-11-12T03:33:22.014+0000] {override.py:1911} INFO - Created Permission View: can delete on DAG:example_setup_teardown
[2024-11-12T03:33:22.022+0000] {logging_mixin.py:190} INFO - [2024-11-12T03:33:22.022+0000] {override.py:1911} INFO - Created Permission View: can edit on DAG:example_setup_teardown
[2024-11-12T03:33:22.035+0000] {logging_mixin.py:190} INFO - [2024-11-12T03:33:22.034+0000] {override.py:1911} INFO - Created Permission View: can read on DAG Run:example_setup_teardown
[2024-11-12T03:33:22.044+0000] {logging_mixin.py:190} INFO - [2024-11-12T03:33:22.043+0000] {override.py:1911} INFO - Created Permission View: can create on DAG Run:example_setup_teardown
[2024-11-12T03:33:22.052+0000] {logging_mixin.py:190} INFO - [2024-11-12T03:33:22.052+0000] {override.py:1911} INFO - Created Permission View: can delete on DAG Run:example_setup_teardown
[2024-11-12T03:33:22.059+0000] {logging_mixin.py:190} INFO - [2024-11-12T03:33:22.059+0000] {override.py:1911} INFO - Created Permission View: menu access on DAG Run:example_setup_teardown
[2024-11-12T03:33:22.060+0000] {logging_mixin.py:190} INFO - [2024-11-12T03:33:22.060+0000] {dag.py:3239} INFO - Sync 1 DAGs
[2024-11-12T03:33:22.072+0000] {logging_mixin.py:190} INFO - [2024-11-12T03:33:22.072+0000] {dag.py:3262} INFO - Creating ORM DAG for example_setup_teardown
[2024-11-12T03:33:22.075+0000] {logging_mixin.py:190} INFO - [2024-11-12T03:33:22.074+0000] {dag.py:4180} INFO - Setting next_dagrun for example_setup_teardown to None, run_after=None
[2024-11-12T03:33:22.093+0000] {processor.py:208} INFO - Processing /home/airflow/.local/lib/python3.12/site-packages/airflow/example_dags/example_setup_teardown.py took 0.461 seconds
[2024-11-12T03:33:52.947+0000] {processor.py:186} INFO - Started process (PID=128) to work on /home/airflow/.local/lib/python3.12/site-packages/airflow/example_dags/example_setup_teardown.py
[2024-11-12T03:33:52.949+0000] {processor.py:914} INFO - Processing file /home/airflow/.local/lib/python3.12/site-packages/airflow/example_dags/example_setup_teardown.py for tasks to queue
[2024-11-12T03:33:52.953+0000] {logging_mixin.py:190} INFO - [2024-11-12T03:33:52.953+0000] {dagbag.py:588} INFO - Filling up the DagBag from /home/airflow/.local/lib/python3.12/site-packages/airflow/example_dags/example_setup_teardown.py
[2024-11-12T03:33:52.965+0000] {processor.py:925} INFO - DAG(s) 'example_setup_teardown' retrieved from /home/airflow/.local/lib/python3.12/site-packages/airflow/example_dags/example_setup_teardown.py
[2024-11-12T03:33:52.983+0000] {logging_mixin.py:190} INFO - [2024-11-12T03:33:52.983+0000] {dag.py:3239} INFO - Sync 1 DAGs
[2024-11-12T03:33:52.995+0000] {logging_mixin.py:190} INFO - [2024-11-12T03:33:52.995+0000] {dag.py:4180} INFO - Setting next_dagrun for example_setup_teardown to None, run_after=None
[2024-11-12T03:33:53.014+0000] {processor.py:208} INFO - Processing /home/airflow/.local/lib/python3.12/site-packages/airflow/example_dags/example_setup_teardown.py took 0.077 seconds
[2024-11-12T03:34:23.485+0000] {processor.py:186} INFO - Started process (PID=191) to work on /home/airflow/.local/lib/python3.12/site-packages/airflow/example_dags/example_setup_teardown.py
[2024-11-12T03:34:23.487+0000] {processor.py:914} INFO - Processing file /home/airflow/.local/lib/python3.12/site-packages/airflow/example_dags/example_setup_teardown.py for tasks to queue
[2024-11-12T03:34:23.490+0000] {logging_mixin.py:190} INFO - [2024-11-12T03:34:23.490+0000] {dagbag.py:588} INFO - Filling up the DagBag from /home/airflow/.local/lib/python3.12/site-packages/airflow/example_dags/example_setup_teardown.py
[2024-11-12T03:34:23.496+0000] {processor.py:925} INFO - DAG(s) 'example_setup_teardown' retrieved from /home/airflow/.local/lib/python3.12/site-packages/airflow/example_dags/example_setup_teardown.py
[2024-11-12T03:34:23.511+0000] {logging_mixin.py:190} INFO - [2024-11-12T03:34:23.511+0000] {dag.py:3239} INFO - Sync 1 DAGs
[2024-11-12T03:34:23.522+0000] {logging_mixin.py:190} INFO - [2024-11-12T03:34:23.522+0000] {dag.py:4180} INFO - Setting next_dagrun for example_setup_teardown to None, run_after=None
[2024-11-12T03:34:23.546+0000] {processor.py:208} INFO - Processing /home/airflow/.local/lib/python3.12/site-packages/airflow/example_dags/example_setup_teardown.py took 0.067 seconds
[2024-11-12T03:34:54.078+0000] {processor.py:186} INFO - Started process (PID=254) to work on /home/airflow/.local/lib/python3.12/site-packages/airflow/example_dags/example_setup_teardown.py
[2024-11-12T03:34:54.080+0000] {processor.py:914} INFO - Processing file /home/airflow/.local/lib/python3.12/site-packages/airflow/example_dags/example_setup_teardown.py for tasks to queue
[2024-11-12T03:34:54.082+0000] {logging_mixin.py:190} INFO - [2024-11-12T03:34:54.082+0000] {dagbag.py:588} INFO - Filling up the DagBag from /home/airflow/.local/lib/python3.12/site-packages/airflow/example_dags/example_setup_teardown.py
[2024-11-12T03:34:54.090+0000] {processor.py:925} INFO - DAG(s) 'example_setup_teardown' retrieved from /home/airflow/.local/lib/python3.12/site-packages/airflow/example_dags/example_setup_teardown.py
[2024-11-12T03:34:54.111+0000] {logging_mixin.py:190} INFO - [2024-11-12T03:34:54.110+0000] {dag.py:3239} INFO - Sync 1 DAGs
[2024-11-12T03:34:54.123+0000] {logging_mixin.py:190} INFO - [2024-11-12T03:34:54.123+0000] {dag.py:4180} INFO - Setting next_dagrun for example_setup_teardown to None, run_after=None
[2024-11-12T03:34:54.151+0000] {processor.py:208} INFO - Processing /home/airflow/.local/lib/python3.12/site-packages/airflow/example_dags/example_setup_teardown.py took 0.078 seconds
[2024-11-12T03:35:24.907+0000] {processor.py:186} INFO - Started process (PID=316) to work on /home/airflow/.local/lib/python3.12/site-packages/airflow/example_dags/example_setup_teardown.py
[2024-11-12T03:35:24.908+0000] {processor.py:914} INFO - Processing file /home/airflow/.local/lib/python3.12/site-packages/airflow/example_dags/example_setup_teardown.py for tasks to queue
[2024-11-12T03:35:24.911+0000] {logging_mixin.py:190} INFO - [2024-11-12T03:35:24.911+0000] {dagbag.py:588} INFO - Filling up the DagBag from /home/airflow/.local/lib/python3.12/site-packages/airflow/example_dags/example_setup_teardown.py
[2024-11-12T03:35:24.918+0000] {processor.py:925} INFO - DAG(s) 'example_setup_teardown' retrieved from /home/airflow/.local/lib/python3.12/site-packages/airflow/example_dags/example_setup_teardown.py
[2024-11-12T03:35:24.935+0000] {logging_mixin.py:190} INFO - [2024-11-12T03:35:24.935+0000] {dag.py:3239} INFO - Sync 1 DAGs
[2024-11-12T03:35:24.947+0000] {logging_mixin.py:190} INFO - [2024-11-12T03:35:24.946+0000] {dag.py:4180} INFO - Setting next_dagrun for example_setup_teardown to None, run_after=None
[2024-11-12T03:35:24.963+0000] {processor.py:208} INFO - Processing /home/airflow/.local/lib/python3.12/site-packages/airflow/example_dags/example_setup_teardown.py took 0.061 seconds
[2024-11-12T03:35:55.375+0000] {processor.py:186} INFO - Started process (PID=379) to work on /home/airflow/.local/lib/python3.12/site-packages/airflow/example_dags/example_setup_teardown.py
[2024-11-12T03:35:55.376+0000] {processor.py:914} INFO - Processing file /home/airflow/.local/lib/python3.12/site-packages/airflow/example_dags/example_setup_teardown.py for tasks to queue
[2024-11-12T03:35:55.379+0000] {logging_mixin.py:190} INFO - [2024-11-12T03:35:55.378+0000] {dagbag.py:588} INFO - Filling up the DagBag from /home/airflow/.local/lib/python3.12/site-packages/airflow/example_dags/example_setup_teardown.py
[2024-11-12T03:35:55.385+0000] {processor.py:925} INFO - DAG(s) 'example_setup_teardown' retrieved from /home/airflow/.local/lib/python3.12/site-packages/airflow/example_dags/example_setup_teardown.py
[2024-11-12T03:35:55.402+0000] {logging_mixin.py:190} INFO - [2024-11-12T03:35:55.402+0000] {dag.py:3239} INFO - Sync 1 DAGs
[2024-11-12T03:35:55.413+0000] {logging_mixin.py:190} INFO - [2024-11-12T03:35:55.412+0000] {dag.py:4180} INFO - Setting next_dagrun for example_setup_teardown to None, run_after=None
[2024-11-12T03:35:55.438+0000] {processor.py:208} INFO - Processing /home/airflow/.local/lib/python3.12/site-packages/airflow/example_dags/example_setup_teardown.py took 0.067 seconds
[2024-11-12T03:36:25.775+0000] {processor.py:186} INFO - Started process (PID=448) to work on /home/airflow/.local/lib/python3.12/site-packages/airflow/example_dags/example_setup_teardown.py
[2024-11-12T03:36:25.776+0000] {processor.py:914} INFO - Processing file /home/airflow/.local/lib/python3.12/site-packages/airflow/example_dags/example_setup_teardown.py for tasks to queue
[2024-11-12T03:36:25.778+0000] {logging_mixin.py:190} INFO - [2024-11-12T03:36:25.778+0000] {dagbag.py:588} INFO - Filling up the DagBag from /home/airflow/.local/lib/python3.12/site-packages/airflow/example_dags/example_setup_teardown.py
[2024-11-12T03:36:25.787+0000] {processor.py:925} INFO - DAG(s) 'example_setup_teardown' retrieved from /home/airflow/.local/lib/python3.12/site-packages/airflow/example_dags/example_setup_teardown.py
[2024-11-12T03:36:25.804+0000] {logging_mixin.py:190} INFO - [2024-11-12T03:36:25.804+0000] {dag.py:3239} INFO - Sync 1 DAGs
[2024-11-12T03:36:25.815+0000] {logging_mixin.py:190} INFO - [2024-11-12T03:36:25.815+0000] {dag.py:4180} INFO - Setting next_dagrun for example_setup_teardown to None, run_after=None
[2024-11-12T03:36:25.841+0000] {processor.py:208} INFO - Processing /home/airflow/.local/lib/python3.12/site-packages/airflow/example_dags/example_setup_teardown.py took 0.073 seconds
[2024-11-12T03:36:55.927+0000] {processor.py:186} INFO - Started process (PID=511) to work on /home/airflow/.local/lib/python3.12/site-packages/airflow/example_dags/example_setup_teardown.py
[2024-11-12T03:36:55.928+0000] {processor.py:914} INFO - Processing file /home/airflow/.local/lib/python3.12/site-packages/airflow/example_dags/example_setup_teardown.py for tasks to queue
[2024-11-12T03:36:55.931+0000] {logging_mixin.py:190} INFO - [2024-11-12T03:36:55.930+0000] {dagbag.py:588} INFO - Filling up the DagBag from /home/airflow/.local/lib/python3.12/site-packages/airflow/example_dags/example_setup_teardown.py
[2024-11-12T03:36:55.937+0000] {processor.py:925} INFO - DAG(s) 'example_setup_teardown' retrieved from /home/airflow/.local/lib/python3.12/site-packages/airflow/example_dags/example_setup_teardown.py
[2024-11-12T03:36:55.956+0000] {logging_mixin.py:190} INFO - [2024-11-12T03:36:55.955+0000] {dag.py:3239} INFO - Sync 1 DAGs
[2024-11-12T03:36:55.968+0000] {logging_mixin.py:190} INFO - [2024-11-12T03:36:55.968+0000] {dag.py:4180} INFO - Setting next_dagrun for example_setup_teardown to None, run_after=None
[2024-11-12T03:36:55.994+0000] {processor.py:208} INFO - Processing /home/airflow/.local/lib/python3.12/site-packages/airflow/example_dags/example_setup_teardown.py took 0.071 seconds
[2024-11-12T03:37:26.799+0000] {processor.py:186} INFO - Started process (PID=574) to work on /home/airflow/.local/lib/python3.12/site-packages/airflow/example_dags/example_setup_teardown.py
[2024-11-12T03:37:26.800+0000] {processor.py:914} INFO - Processing file /home/airflow/.local/lib/python3.12/site-packages/airflow/example_dags/example_setup_teardown.py for tasks to queue
[2024-11-12T03:37:26.803+0000] {logging_mixin.py:190} INFO - [2024-11-12T03:37:26.803+0000] {dagbag.py:588} INFO - Filling up the DagBag from /home/airflow/.local/lib/python3.12/site-packages/airflow/example_dags/example_setup_teardown.py
[2024-11-12T03:37:26.814+0000] {processor.py:925} INFO - DAG(s) 'example_setup_teardown' retrieved from /home/airflow/.local/lib/python3.12/site-packages/airflow/example_dags/example_setup_teardown.py
[2024-11-12T03:37:26.832+0000] {logging_mixin.py:190} INFO - [2024-11-12T03:37:26.832+0000] {dag.py:3239} INFO - Sync 1 DAGs
[2024-11-12T03:37:26.844+0000] {logging_mixin.py:190} INFO - [2024-11-12T03:37:26.844+0000] {dag.py:4180} INFO - Setting next_dagrun for example_setup_teardown to None, run_after=None
[2024-11-12T03:37:26.861+0000] {processor.py:208} INFO - Processing /home/airflow/.local/lib/python3.12/site-packages/airflow/example_dags/example_setup_teardown.py took 0.070 seconds
[2024-11-12T03:39:54.479+0000] {processor.py:186} INFO - Started process (PID=52) to work on /home/airflow/.local/lib/python3.12/site-packages/airflow/example_dags/example_setup_teardown.py
[2024-11-12T03:39:54.481+0000] {processor.py:914} INFO - Processing file /home/airflow/.local/lib/python3.12/site-packages/airflow/example_dags/example_setup_teardown.py for tasks to queue
[2024-11-12T03:39:54.484+0000] {logging_mixin.py:190} INFO - [2024-11-12T03:39:54.483+0000] {dagbag.py:588} INFO - Filling up the DagBag from /home/airflow/.local/lib/python3.12/site-packages/airflow/example_dags/example_setup_teardown.py
[2024-11-12T03:39:54.492+0000] {processor.py:925} INFO - DAG(s) 'example_setup_teardown' retrieved from /home/airflow/.local/lib/python3.12/site-packages/airflow/example_dags/example_setup_teardown.py
[2024-11-12T03:39:54.521+0000] {logging_mixin.py:190} INFO - [2024-11-12T03:39:54.521+0000] {dag.py:3239} INFO - Sync 1 DAGs
[2024-11-12T03:39:54.534+0000] {logging_mixin.py:190} INFO - [2024-11-12T03:39:54.533+0000] {dag.py:4180} INFO - Setting next_dagrun for example_setup_teardown to None, run_after=None
[2024-11-12T03:39:54.554+0000] {processor.py:208} INFO - Processing /home/airflow/.local/lib/python3.12/site-packages/airflow/example_dags/example_setup_teardown.py took 0.080 seconds
[2024-11-12T03:40:24.610+0000] {processor.py:186} INFO - Started process (PID=115) to work on /home/airflow/.local/lib/python3.12/site-packages/airflow/example_dags/example_setup_teardown.py
[2024-11-12T03:40:24.611+0000] {processor.py:914} INFO - Processing file /home/airflow/.local/lib/python3.12/site-packages/airflow/example_dags/example_setup_teardown.py for tasks to queue
[2024-11-12T03:40:24.613+0000] {logging_mixin.py:190} INFO - [2024-11-12T03:40:24.613+0000] {dagbag.py:588} INFO - Filling up the DagBag from /home/airflow/.local/lib/python3.12/site-packages/airflow/example_dags/example_setup_teardown.py
[2024-11-12T03:40:24.619+0000] {processor.py:925} INFO - DAG(s) 'example_setup_teardown' retrieved from /home/airflow/.local/lib/python3.12/site-packages/airflow/example_dags/example_setup_teardown.py
[2024-11-12T03:40:24.635+0000] {logging_mixin.py:190} INFO - [2024-11-12T03:40:24.635+0000] {dag.py:3239} INFO - Sync 1 DAGs
[2024-11-12T03:40:24.645+0000] {logging_mixin.py:190} INFO - [2024-11-12T03:40:24.645+0000] {dag.py:4180} INFO - Setting next_dagrun for example_setup_teardown to None, run_after=None
[2024-11-12T03:40:24.662+0000] {processor.py:208} INFO - Processing /home/airflow/.local/lib/python3.12/site-packages/airflow/example_dags/example_setup_teardown.py took 0.056 seconds
[2024-11-12T03:40:55.015+0000] {processor.py:186} INFO - Started process (PID=178) to work on /home/airflow/.local/lib/python3.12/site-packages/airflow/example_dags/example_setup_teardown.py
[2024-11-12T03:40:55.016+0000] {processor.py:914} INFO - Processing file /home/airflow/.local/lib/python3.12/site-packages/airflow/example_dags/example_setup_teardown.py for tasks to queue
[2024-11-12T03:40:55.018+0000] {logging_mixin.py:190} INFO - [2024-11-12T03:40:55.018+0000] {dagbag.py:588} INFO - Filling up the DagBag from /home/airflow/.local/lib/python3.12/site-packages/airflow/example_dags/example_setup_teardown.py
[2024-11-12T03:40:55.025+0000] {processor.py:925} INFO - DAG(s) 'example_setup_teardown' retrieved from /home/airflow/.local/lib/python3.12/site-packages/airflow/example_dags/example_setup_teardown.py
[2024-11-12T03:40:55.040+0000] {logging_mixin.py:190} INFO - [2024-11-12T03:40:55.040+0000] {dag.py:3239} INFO - Sync 1 DAGs
[2024-11-12T03:40:55.050+0000] {logging_mixin.py:190} INFO - [2024-11-12T03:40:55.049+0000] {dag.py:4180} INFO - Setting next_dagrun for example_setup_teardown to None, run_after=None
[2024-11-12T03:40:55.073+0000] {processor.py:208} INFO - Processing /home/airflow/.local/lib/python3.12/site-packages/airflow/example_dags/example_setup_teardown.py took 0.062 seconds
