[2024-11-12T03:33:25.697+0000] {processor.py:186} INFO - Started process (PID=88) to work on /home/airflow/.local/lib/python3.12/site-packages/airflow/example_dags/example_branch_labels.py
[2024-11-12T03:33:25.698+0000] {processor.py:914} INFO - Processing file /home/airflow/.local/lib/python3.12/site-packages/airflow/example_dags/example_branch_labels.py for tasks to queue
[2024-11-12T03:33:25.702+0000] {logging_mixin.py:190} INFO - [2024-11-12T03:33:25.701+0000] {dagbag.py:588} INFO - Filling up the DagBag from /home/airflow/.local/lib/python3.12/site-packages/airflow/example_dags/example_branch_labels.py
[2024-11-12T03:33:25.710+0000] {processor.py:925} INFO - DAG(s) 'example_branch_labels' retrieved from /home/airflow/.local/lib/python3.12/site-packages/airflow/example_dags/example_branch_labels.py
[2024-11-12T03:33:25.795+0000] {logging_mixin.py:190} INFO - [2024-11-12T03:33:25.794+0000] {override.py:1911} INFO - Created Permission View: can read on DAG:example_branch_labels
[2024-11-12T03:33:25.806+0000] {logging_mixin.py:190} INFO - [2024-11-12T03:33:25.806+0000] {override.py:1911} INFO - Created Permission View: can delete on DAG:example_branch_labels
[2024-11-12T03:33:25.812+0000] {logging_mixin.py:190} INFO - [2024-11-12T03:33:25.811+0000] {override.py:1911} INFO - Created Permission View: can edit on DAG:example_branch_labels
[2024-11-12T03:33:25.821+0000] {logging_mixin.py:190} INFO - [2024-11-12T03:33:25.821+0000] {override.py:1911} INFO - Created Permission View: can read on DAG Run:example_branch_labels
[2024-11-12T03:33:25.828+0000] {logging_mixin.py:190} INFO - [2024-11-12T03:33:25.828+0000] {override.py:1911} INFO - Created Permission View: can create on DAG Run:example_branch_labels
[2024-11-12T03:33:25.835+0000] {logging_mixin.py:190} INFO - [2024-11-12T03:33:25.835+0000] {override.py:1911} INFO - Created Permission View: can delete on DAG Run:example_branch_labels
[2024-11-12T03:33:25.844+0000] {logging_mixin.py:190} INFO - [2024-11-12T03:33:25.844+0000] {override.py:1911} INFO - Created Permission View: menu access on DAG Run:example_branch_labels
[2024-11-12T03:33:25.845+0000] {logging_mixin.py:190} INFO - [2024-11-12T03:33:25.845+0000] {dag.py:3239} INFO - Sync 1 DAGs
[2024-11-12T03:33:25.855+0000] {logging_mixin.py:190} INFO - [2024-11-12T03:33:25.855+0000] {dag.py:3262} INFO - Creating ORM DAG for example_branch_labels
[2024-11-12T03:33:25.864+0000] {logging_mixin.py:190} INFO - [2024-11-12T03:33:25.864+0000] {dag.py:4180} INFO - Setting next_dagrun for example_branch_labels to 2024-11-11 00:00:00+00:00, run_after=2024-11-12 00:00:00+00:00
[2024-11-12T03:33:25.882+0000] {processor.py:208} INFO - Processing /home/airflow/.local/lib/python3.12/site-packages/airflow/example_dags/example_branch_labels.py took 0.190 seconds
[2024-11-12T03:33:56.414+0000] {processor.py:186} INFO - Started process (PID=151) to work on /home/airflow/.local/lib/python3.12/site-packages/airflow/example_dags/example_branch_labels.py
[2024-11-12T03:33:56.415+0000] {processor.py:914} INFO - Processing file /home/airflow/.local/lib/python3.12/site-packages/airflow/example_dags/example_branch_labels.py for tasks to queue
[2024-11-12T03:33:56.417+0000] {logging_mixin.py:190} INFO - [2024-11-12T03:33:56.417+0000] {dagbag.py:588} INFO - Filling up the DagBag from /home/airflow/.local/lib/python3.12/site-packages/airflow/example_dags/example_branch_labels.py
[2024-11-12T03:33:56.424+0000] {processor.py:925} INFO - DAG(s) 'example_branch_labels' retrieved from /home/airflow/.local/lib/python3.12/site-packages/airflow/example_dags/example_branch_labels.py
[2024-11-12T03:33:56.439+0000] {logging_mixin.py:190} INFO - [2024-11-12T03:33:56.439+0000] {dag.py:3239} INFO - Sync 1 DAGs
[2024-11-12T03:33:56.456+0000] {logging_mixin.py:190} INFO - [2024-11-12T03:33:56.456+0000] {dag.py:4180} INFO - Setting next_dagrun for example_branch_labels to 2024-11-11 00:00:00+00:00, run_after=2024-11-12 00:00:00+00:00
[2024-11-12T03:33:56.472+0000] {processor.py:208} INFO - Processing /home/airflow/.local/lib/python3.12/site-packages/airflow/example_dags/example_branch_labels.py took 0.062 seconds
[2024-11-12T03:34:27.295+0000] {processor.py:186} INFO - Started process (PID=214) to work on /home/airflow/.local/lib/python3.12/site-packages/airflow/example_dags/example_branch_labels.py
[2024-11-12T03:34:27.296+0000] {processor.py:914} INFO - Processing file /home/airflow/.local/lib/python3.12/site-packages/airflow/example_dags/example_branch_labels.py for tasks to queue
[2024-11-12T03:34:27.298+0000] {logging_mixin.py:190} INFO - [2024-11-12T03:34:27.298+0000] {dagbag.py:588} INFO - Filling up the DagBag from /home/airflow/.local/lib/python3.12/site-packages/airflow/example_dags/example_branch_labels.py
[2024-11-12T03:34:27.306+0000] {processor.py:925} INFO - DAG(s) 'example_branch_labels' retrieved from /home/airflow/.local/lib/python3.12/site-packages/airflow/example_dags/example_branch_labels.py
[2024-11-12T03:34:27.323+0000] {logging_mixin.py:190} INFO - [2024-11-12T03:34:27.323+0000] {dag.py:3239} INFO - Sync 1 DAGs
[2024-11-12T03:34:27.345+0000] {logging_mixin.py:190} INFO - [2024-11-12T03:34:27.345+0000] {dag.py:4180} INFO - Setting next_dagrun for example_branch_labels to 2024-11-11 00:00:00+00:00, run_after=2024-11-12 00:00:00+00:00
[2024-11-12T03:34:27.361+0000] {processor.py:208} INFO - Processing /home/airflow/.local/lib/python3.12/site-packages/airflow/example_dags/example_branch_labels.py took 0.070 seconds
[2024-11-12T03:34:57.542+0000] {processor.py:186} INFO - Started process (PID=275) to work on /home/airflow/.local/lib/python3.12/site-packages/airflow/example_dags/example_branch_labels.py
[2024-11-12T03:34:57.543+0000] {processor.py:914} INFO - Processing file /home/airflow/.local/lib/python3.12/site-packages/airflow/example_dags/example_branch_labels.py for tasks to queue
[2024-11-12T03:34:57.545+0000] {logging_mixin.py:190} INFO - [2024-11-12T03:34:57.545+0000] {dagbag.py:588} INFO - Filling up the DagBag from /home/airflow/.local/lib/python3.12/site-packages/airflow/example_dags/example_branch_labels.py
[2024-11-12T03:34:57.552+0000] {processor.py:925} INFO - DAG(s) 'example_branch_labels' retrieved from /home/airflow/.local/lib/python3.12/site-packages/airflow/example_dags/example_branch_labels.py
[2024-11-12T03:34:57.569+0000] {logging_mixin.py:190} INFO - [2024-11-12T03:34:57.569+0000] {dag.py:3239} INFO - Sync 1 DAGs
[2024-11-12T03:34:57.588+0000] {logging_mixin.py:190} INFO - [2024-11-12T03:34:57.588+0000] {dag.py:4180} INFO - Setting next_dagrun for example_branch_labels to 2024-11-11 00:00:00+00:00, run_after=2024-11-12 00:00:00+00:00
[2024-11-12T03:34:57.605+0000] {processor.py:208} INFO - Processing /home/airflow/.local/lib/python3.12/site-packages/airflow/example_dags/example_branch_labels.py took 0.069 seconds
[2024-11-12T03:35:28.117+0000] {processor.py:186} INFO - Started process (PID=338) to work on /home/airflow/.local/lib/python3.12/site-packages/airflow/example_dags/example_branch_labels.py
[2024-11-12T03:35:28.119+0000] {processor.py:914} INFO - Processing file /home/airflow/.local/lib/python3.12/site-packages/airflow/example_dags/example_branch_labels.py for tasks to queue
[2024-11-12T03:35:28.121+0000] {logging_mixin.py:190} INFO - [2024-11-12T03:35:28.121+0000] {dagbag.py:588} INFO - Filling up the DagBag from /home/airflow/.local/lib/python3.12/site-packages/airflow/example_dags/example_branch_labels.py
[2024-11-12T03:35:28.134+0000] {processor.py:925} INFO - DAG(s) 'example_branch_labels' retrieved from /home/airflow/.local/lib/python3.12/site-packages/airflow/example_dags/example_branch_labels.py
[2024-11-12T03:35:28.156+0000] {logging_mixin.py:190} INFO - [2024-11-12T03:35:28.155+0000] {dag.py:3239} INFO - Sync 1 DAGs
[2024-11-12T03:35:28.180+0000] {logging_mixin.py:190} INFO - [2024-11-12T03:35:28.180+0000] {dag.py:4180} INFO - Setting next_dagrun for example_branch_labels to 2024-11-11 00:00:00+00:00, run_after=2024-11-12 00:00:00+00:00
[2024-11-12T03:35:28.199+0000] {processor.py:208} INFO - Processing /home/airflow/.local/lib/python3.12/site-packages/airflow/example_dags/example_branch_labels.py took 0.088 seconds
[2024-11-12T03:35:58.976+0000] {processor.py:186} INFO - Started process (PID=401) to work on /home/airflow/.local/lib/python3.12/site-packages/airflow/example_dags/example_branch_labels.py
[2024-11-12T03:35:58.978+0000] {processor.py:914} INFO - Processing file /home/airflow/.local/lib/python3.12/site-packages/airflow/example_dags/example_branch_labels.py for tasks to queue
[2024-11-12T03:35:58.980+0000] {logging_mixin.py:190} INFO - [2024-11-12T03:35:58.980+0000] {dagbag.py:588} INFO - Filling up the DagBag from /home/airflow/.local/lib/python3.12/site-packages/airflow/example_dags/example_branch_labels.py
[2024-11-12T03:35:58.989+0000] {processor.py:925} INFO - DAG(s) 'example_branch_labels' retrieved from /home/airflow/.local/lib/python3.12/site-packages/airflow/example_dags/example_branch_labels.py
[2024-11-12T03:35:59.007+0000] {logging_mixin.py:190} INFO - [2024-11-12T03:35:59.007+0000] {dag.py:3239} INFO - Sync 1 DAGs
[2024-11-12T03:35:59.029+0000] {logging_mixin.py:190} INFO - [2024-11-12T03:35:59.029+0000] {dag.py:4180} INFO - Setting next_dagrun for example_branch_labels to 2024-11-11 00:00:00+00:00, run_after=2024-11-12 00:00:00+00:00
[2024-11-12T03:35:59.050+0000] {processor.py:208} INFO - Processing /home/airflow/.local/lib/python3.12/site-packages/airflow/example_dags/example_branch_labels.py took 0.079 seconds
[2024-11-12T03:36:29.880+0000] {processor.py:186} INFO - Started process (PID=464) to work on /home/airflow/.local/lib/python3.12/site-packages/airflow/example_dags/example_branch_labels.py
[2024-11-12T03:36:29.882+0000] {processor.py:914} INFO - Processing file /home/airflow/.local/lib/python3.12/site-packages/airflow/example_dags/example_branch_labels.py for tasks to queue
[2024-11-12T03:36:29.884+0000] {logging_mixin.py:190} INFO - [2024-11-12T03:36:29.883+0000] {dagbag.py:588} INFO - Filling up the DagBag from /home/airflow/.local/lib/python3.12/site-packages/airflow/example_dags/example_branch_labels.py
[2024-11-12T03:36:29.891+0000] {processor.py:925} INFO - DAG(s) 'example_branch_labels' retrieved from /home/airflow/.local/lib/python3.12/site-packages/airflow/example_dags/example_branch_labels.py
[2024-11-12T03:36:29.910+0000] {logging_mixin.py:190} INFO - [2024-11-12T03:36:29.910+0000] {dag.py:3239} INFO - Sync 1 DAGs
[2024-11-12T03:36:29.930+0000] {logging_mixin.py:190} INFO - [2024-11-12T03:36:29.930+0000] {dag.py:4180} INFO - Setting next_dagrun for example_branch_labels to 2024-11-11 00:00:00+00:00, run_after=2024-11-12 00:00:00+00:00
[2024-11-12T03:36:29.948+0000] {processor.py:208} INFO - Processing /home/airflow/.local/lib/python3.12/site-packages/airflow/example_dags/example_branch_labels.py took 0.072 seconds
[2024-11-12T03:37:00.004+0000] {processor.py:186} INFO - Started process (PID=526) to work on /home/airflow/.local/lib/python3.12/site-packages/airflow/example_dags/example_branch_labels.py
[2024-11-12T03:37:00.005+0000] {processor.py:914} INFO - Processing file /home/airflow/.local/lib/python3.12/site-packages/airflow/example_dags/example_branch_labels.py for tasks to queue
[2024-11-12T03:37:00.007+0000] {logging_mixin.py:190} INFO - [2024-11-12T03:37:00.007+0000] {dagbag.py:588} INFO - Filling up the DagBag from /home/airflow/.local/lib/python3.12/site-packages/airflow/example_dags/example_branch_labels.py
[2024-11-12T03:37:00.018+0000] {processor.py:925} INFO - DAG(s) 'example_branch_labels' retrieved from /home/airflow/.local/lib/python3.12/site-packages/airflow/example_dags/example_branch_labels.py
[2024-11-12T03:37:00.042+0000] {logging_mixin.py:190} INFO - [2024-11-12T03:37:00.042+0000] {dag.py:3239} INFO - Sync 1 DAGs
[2024-11-12T03:37:00.061+0000] {logging_mixin.py:190} INFO - [2024-11-12T03:37:00.061+0000] {dag.py:4180} INFO - Setting next_dagrun for example_branch_labels to 2024-11-11 00:00:00+00:00, run_after=2024-11-12 00:00:00+00:00
[2024-11-12T03:37:00.079+0000] {processor.py:208} INFO - Processing /home/airflow/.local/lib/python3.12/site-packages/airflow/example_dags/example_branch_labels.py took 0.079 seconds
[2024-11-12T03:37:30.797+0000] {processor.py:186} INFO - Started process (PID=589) to work on /home/airflow/.local/lib/python3.12/site-packages/airflow/example_dags/example_branch_labels.py
[2024-11-12T03:37:30.798+0000] {processor.py:914} INFO - Processing file /home/airflow/.local/lib/python3.12/site-packages/airflow/example_dags/example_branch_labels.py for tasks to queue
[2024-11-12T03:37:30.800+0000] {logging_mixin.py:190} INFO - [2024-11-12T03:37:30.800+0000] {dagbag.py:588} INFO - Filling up the DagBag from /home/airflow/.local/lib/python3.12/site-packages/airflow/example_dags/example_branch_labels.py
[2024-11-12T03:37:30.808+0000] {processor.py:925} INFO - DAG(s) 'example_branch_labels' retrieved from /home/airflow/.local/lib/python3.12/site-packages/airflow/example_dags/example_branch_labels.py
[2024-11-12T03:37:30.822+0000] {logging_mixin.py:190} INFO - [2024-11-12T03:37:30.821+0000] {dag.py:3239} INFO - Sync 1 DAGs
[2024-11-12T03:37:30.839+0000] {logging_mixin.py:190} INFO - [2024-11-12T03:37:30.839+0000] {dag.py:4180} INFO - Setting next_dagrun for example_branch_labels to 2024-11-11 00:00:00+00:00, run_after=2024-11-12 00:00:00+00:00
[2024-11-12T03:37:30.855+0000] {processor.py:208} INFO - Processing /home/airflow/.local/lib/python3.12/site-packages/airflow/example_dags/example_branch_labels.py took 0.062 seconds
[2024-11-12T03:39:56.229+0000] {processor.py:186} INFO - Started process (PID=75) to work on /home/airflow/.local/lib/python3.12/site-packages/airflow/example_dags/example_branch_labels.py
[2024-11-12T03:39:56.230+0000] {processor.py:914} INFO - Processing file /home/airflow/.local/lib/python3.12/site-packages/airflow/example_dags/example_branch_labels.py for tasks to queue
[2024-11-12T03:39:56.233+0000] {logging_mixin.py:190} INFO - [2024-11-12T03:39:56.233+0000] {dagbag.py:588} INFO - Filling up the DagBag from /home/airflow/.local/lib/python3.12/site-packages/airflow/example_dags/example_branch_labels.py
[2024-11-12T03:39:56.246+0000] {processor.py:925} INFO - DAG(s) 'example_branch_labels' retrieved from /home/airflow/.local/lib/python3.12/site-packages/airflow/example_dags/example_branch_labels.py
[2024-11-12T03:39:56.272+0000] {logging_mixin.py:190} INFO - [2024-11-12T03:39:56.272+0000] {dag.py:3239} INFO - Sync 1 DAGs
[2024-11-12T03:39:56.297+0000] {logging_mixin.py:190} INFO - [2024-11-12T03:39:56.296+0000] {dag.py:4180} INFO - Setting next_dagrun for example_branch_labels to 2024-11-11 00:00:00+00:00, run_after=2024-11-12 00:00:00+00:00
[2024-11-12T03:39:56.322+0000] {processor.py:208} INFO - Processing /home/airflow/.local/lib/python3.12/site-packages/airflow/example_dags/example_branch_labels.py took 0.097 seconds
[2024-11-12T03:40:27.049+0000] {processor.py:186} INFO - Started process (PID=138) to work on /home/airflow/.local/lib/python3.12/site-packages/airflow/example_dags/example_branch_labels.py
[2024-11-12T03:40:27.051+0000] {processor.py:914} INFO - Processing file /home/airflow/.local/lib/python3.12/site-packages/airflow/example_dags/example_branch_labels.py for tasks to queue
[2024-11-12T03:40:27.053+0000] {logging_mixin.py:190} INFO - [2024-11-12T03:40:27.053+0000] {dagbag.py:588} INFO - Filling up the DagBag from /home/airflow/.local/lib/python3.12/site-packages/airflow/example_dags/example_branch_labels.py
[2024-11-12T03:40:27.066+0000] {processor.py:925} INFO - DAG(s) 'example_branch_labels' retrieved from /home/airflow/.local/lib/python3.12/site-packages/airflow/example_dags/example_branch_labels.py
[2024-11-12T03:40:27.088+0000] {logging_mixin.py:190} INFO - [2024-11-12T03:40:27.088+0000] {dag.py:3239} INFO - Sync 1 DAGs
[2024-11-12T03:40:27.109+0000] {logging_mixin.py:190} INFO - [2024-11-12T03:40:27.109+0000] {dag.py:4180} INFO - Setting next_dagrun for example_branch_labels to 2024-11-11 00:00:00+00:00, run_after=2024-11-12 00:00:00+00:00
[2024-11-12T03:40:27.128+0000] {processor.py:208} INFO - Processing /home/airflow/.local/lib/python3.12/site-packages/airflow/example_dags/example_branch_labels.py took 0.086 seconds
[2024-11-12T03:40:57.200+0000] {processor.py:186} INFO - Started process (PID=201) to work on /home/airflow/.local/lib/python3.12/site-packages/airflow/example_dags/example_branch_labels.py
[2024-11-12T03:40:57.201+0000] {processor.py:914} INFO - Processing file /home/airflow/.local/lib/python3.12/site-packages/airflow/example_dags/example_branch_labels.py for tasks to queue
[2024-11-12T03:40:57.203+0000] {logging_mixin.py:190} INFO - [2024-11-12T03:40:57.202+0000] {dagbag.py:588} INFO - Filling up the DagBag from /home/airflow/.local/lib/python3.12/site-packages/airflow/example_dags/example_branch_labels.py
[2024-11-12T03:40:57.212+0000] {processor.py:925} INFO - DAG(s) 'example_branch_labels' retrieved from /home/airflow/.local/lib/python3.12/site-packages/airflow/example_dags/example_branch_labels.py
[2024-11-12T03:40:57.228+0000] {logging_mixin.py:190} INFO - [2024-11-12T03:40:57.228+0000] {dag.py:3239} INFO - Sync 1 DAGs
[2024-11-12T03:40:57.246+0000] {logging_mixin.py:190} INFO - [2024-11-12T03:40:57.246+0000] {dag.py:4180} INFO - Setting next_dagrun for example_branch_labels to 2024-11-11 00:00:00+00:00, run_after=2024-11-12 00:00:00+00:00
[2024-11-12T03:40:57.262+0000] {processor.py:208} INFO - Processing /home/airflow/.local/lib/python3.12/site-packages/airflow/example_dags/example_branch_labels.py took 0.067 seconds
[2024-11-12T03:41:27.797+0000] {processor.py:186} INFO - Started process (PID=264) to work on /home/airflow/.local/lib/python3.12/site-packages/airflow/example_dags/example_branch_labels.py
[2024-11-12T03:41:27.798+0000] {processor.py:914} INFO - Processing file /home/airflow/.local/lib/python3.12/site-packages/airflow/example_dags/example_branch_labels.py for tasks to queue
[2024-11-12T03:41:27.800+0000] {logging_mixin.py:190} INFO - [2024-11-12T03:41:27.800+0000] {dagbag.py:588} INFO - Filling up the DagBag from /home/airflow/.local/lib/python3.12/site-packages/airflow/example_dags/example_branch_labels.py
[2024-11-12T03:41:27.807+0000] {processor.py:925} INFO - DAG(s) 'example_branch_labels' retrieved from /home/airflow/.local/lib/python3.12/site-packages/airflow/example_dags/example_branch_labels.py
[2024-11-12T03:41:27.824+0000] {logging_mixin.py:190} INFO - [2024-11-12T03:41:27.823+0000] {dag.py:3239} INFO - Sync 1 DAGs
[2024-11-12T03:41:27.841+0000] {logging_mixin.py:190} INFO - [2024-11-12T03:41:27.841+0000] {dag.py:4180} INFO - Setting next_dagrun for example_branch_labels to 2024-11-11 00:00:00+00:00, run_after=2024-11-12 00:00:00+00:00
[2024-11-12T03:41:27.855+0000] {processor.py:208} INFO - Processing /home/airflow/.local/lib/python3.12/site-packages/airflow/example_dags/example_branch_labels.py took 0.062 seconds
