[2024-11-12T03:33:25.922+0000] {processor.py:186} INFO - Started process (PID=90) to work on /home/airflow/.local/lib/python3.12/site-packages/airflow/example_dags/example_short_circuit_operator.py
[2024-11-12T03:33:25.923+0000] {processor.py:914} INFO - Processing file /home/airflow/.local/lib/python3.12/site-packages/airflow/example_dags/example_short_circuit_operator.py for tasks to queue
[2024-11-12T03:33:25.926+0000] {logging_mixin.py:190} INFO - [2024-11-12T03:33:25.926+0000] {dagbag.py:588} INFO - Filling up the DagBag from /home/airflow/.local/lib/python3.12/site-packages/airflow/example_dags/example_short_circuit_operator.py
[2024-11-12T03:33:25.935+0000] {processor.py:925} INFO - DAG(s) 'example_short_circuit_operator' retrieved from /home/airflow/.local/lib/python3.12/site-packages/airflow/example_dags/example_short_circuit_operator.py
[2024-11-12T03:33:26.024+0000] {logging_mixin.py:190} INFO - [2024-11-12T03:33:26.023+0000] {override.py:1911} INFO - Created Permission View: can read on DAG:example_short_circuit_operator
[2024-11-12T03:33:26.035+0000] {logging_mixin.py:190} INFO - [2024-11-12T03:33:26.034+0000] {override.py:1911} INFO - Created Permission View: can delete on DAG:example_short_circuit_operator
[2024-11-12T03:33:26.045+0000] {logging_mixin.py:190} INFO - [2024-11-12T03:33:26.045+0000] {override.py:1911} INFO - Created Permission View: can edit on DAG:example_short_circuit_operator
[2024-11-12T03:33:26.055+0000] {logging_mixin.py:190} INFO - [2024-11-12T03:33:26.054+0000] {override.py:1911} INFO - Created Permission View: can read on DAG Run:example_short_circuit_operator
[2024-11-12T03:33:26.063+0000] {logging_mixin.py:190} INFO - [2024-11-12T03:33:26.063+0000] {override.py:1911} INFO - Created Permission View: can create on DAG Run:example_short_circuit_operator
[2024-11-12T03:33:26.073+0000] {logging_mixin.py:190} INFO - [2024-11-12T03:33:26.073+0000] {override.py:1911} INFO - Created Permission View: can delete on DAG Run:example_short_circuit_operator
[2024-11-12T03:33:26.084+0000] {logging_mixin.py:190} INFO - [2024-11-12T03:33:26.083+0000] {override.py:1911} INFO - Created Permission View: menu access on DAG Run:example_short_circuit_operator
[2024-11-12T03:33:26.085+0000] {logging_mixin.py:190} INFO - [2024-11-12T03:33:26.085+0000] {dag.py:3239} INFO - Sync 1 DAGs
[2024-11-12T03:33:26.101+0000] {logging_mixin.py:190} INFO - [2024-11-12T03:33:26.101+0000] {dag.py:3262} INFO - Creating ORM DAG for example_short_circuit_operator
[2024-11-12T03:33:26.102+0000] {logging_mixin.py:190} INFO - [2024-11-12T03:33:26.101+0000] {dag.py:4180} INFO - Setting next_dagrun for example_short_circuit_operator to None, run_after=None
[2024-11-12T03:33:26.116+0000] {processor.py:208} INFO - Processing /home/airflow/.local/lib/python3.12/site-packages/airflow/example_dags/example_short_circuit_operator.py took 0.199 seconds
[2024-11-12T03:33:56.579+0000] {processor.py:186} INFO - Started process (PID=153) to work on /home/airflow/.local/lib/python3.12/site-packages/airflow/example_dags/example_short_circuit_operator.py
[2024-11-12T03:33:56.580+0000] {processor.py:914} INFO - Processing file /home/airflow/.local/lib/python3.12/site-packages/airflow/example_dags/example_short_circuit_operator.py for tasks to queue
[2024-11-12T03:33:56.582+0000] {logging_mixin.py:190} INFO - [2024-11-12T03:33:56.582+0000] {dagbag.py:588} INFO - Filling up the DagBag from /home/airflow/.local/lib/python3.12/site-packages/airflow/example_dags/example_short_circuit_operator.py
[2024-11-12T03:33:56.591+0000] {processor.py:925} INFO - DAG(s) 'example_short_circuit_operator' retrieved from /home/airflow/.local/lib/python3.12/site-packages/airflow/example_dags/example_short_circuit_operator.py
[2024-11-12T03:33:56.612+0000] {logging_mixin.py:190} INFO - [2024-11-12T03:33:56.611+0000] {dag.py:3239} INFO - Sync 1 DAGs
[2024-11-12T03:33:56.623+0000] {logging_mixin.py:190} INFO - [2024-11-12T03:33:56.623+0000] {dag.py:4180} INFO - Setting next_dagrun for example_short_circuit_operator to None, run_after=None
[2024-11-12T03:33:56.640+0000] {processor.py:208} INFO - Processing /home/airflow/.local/lib/python3.12/site-packages/airflow/example_dags/example_short_circuit_operator.py took 0.065 seconds
[2024-11-12T03:34:27.472+0000] {processor.py:186} INFO - Started process (PID=216) to work on /home/airflow/.local/lib/python3.12/site-packages/airflow/example_dags/example_short_circuit_operator.py
[2024-11-12T03:34:27.473+0000] {processor.py:914} INFO - Processing file /home/airflow/.local/lib/python3.12/site-packages/airflow/example_dags/example_short_circuit_operator.py for tasks to queue
[2024-11-12T03:34:27.475+0000] {logging_mixin.py:190} INFO - [2024-11-12T03:34:27.475+0000] {dagbag.py:588} INFO - Filling up the DagBag from /home/airflow/.local/lib/python3.12/site-packages/airflow/example_dags/example_short_circuit_operator.py
[2024-11-12T03:34:27.483+0000] {processor.py:925} INFO - DAG(s) 'example_short_circuit_operator' retrieved from /home/airflow/.local/lib/python3.12/site-packages/airflow/example_dags/example_short_circuit_operator.py
[2024-11-12T03:34:27.501+0000] {logging_mixin.py:190} INFO - [2024-11-12T03:34:27.501+0000] {dag.py:3239} INFO - Sync 1 DAGs
[2024-11-12T03:34:27.515+0000] {logging_mixin.py:190} INFO - [2024-11-12T03:34:27.515+0000] {dag.py:4180} INFO - Setting next_dagrun for example_short_circuit_operator to None, run_after=None
[2024-11-12T03:34:27.532+0000] {processor.py:208} INFO - Processing /home/airflow/.local/lib/python3.12/site-packages/airflow/example_dags/example_short_circuit_operator.py took 0.064 seconds
[2024-11-12T03:34:57.741+0000] {processor.py:186} INFO - Started process (PID=278) to work on /home/airflow/.local/lib/python3.12/site-packages/airflow/example_dags/example_short_circuit_operator.py
[2024-11-12T03:34:57.743+0000] {processor.py:914} INFO - Processing file /home/airflow/.local/lib/python3.12/site-packages/airflow/example_dags/example_short_circuit_operator.py for tasks to queue
[2024-11-12T03:34:57.746+0000] {logging_mixin.py:190} INFO - [2024-11-12T03:34:57.746+0000] {dagbag.py:588} INFO - Filling up the DagBag from /home/airflow/.local/lib/python3.12/site-packages/airflow/example_dags/example_short_circuit_operator.py
[2024-11-12T03:34:57.753+0000] {processor.py:925} INFO - DAG(s) 'example_short_circuit_operator' retrieved from /home/airflow/.local/lib/python3.12/site-packages/airflow/example_dags/example_short_circuit_operator.py
[2024-11-12T03:34:57.774+0000] {logging_mixin.py:190} INFO - [2024-11-12T03:34:57.774+0000] {dag.py:3239} INFO - Sync 1 DAGs
[2024-11-12T03:34:57.790+0000] {logging_mixin.py:190} INFO - [2024-11-12T03:34:57.790+0000] {dag.py:4180} INFO - Setting next_dagrun for example_short_circuit_operator to None, run_after=None
[2024-11-12T03:34:57.812+0000] {processor.py:208} INFO - Processing /home/airflow/.local/lib/python3.12/site-packages/airflow/example_dags/example_short_circuit_operator.py took 0.076 seconds
[2024-11-12T03:35:28.238+0000] {processor.py:186} INFO - Started process (PID=340) to work on /home/airflow/.local/lib/python3.12/site-packages/airflow/example_dags/example_short_circuit_operator.py
[2024-11-12T03:35:28.240+0000] {processor.py:914} INFO - Processing file /home/airflow/.local/lib/python3.12/site-packages/airflow/example_dags/example_short_circuit_operator.py for tasks to queue
[2024-11-12T03:35:28.242+0000] {logging_mixin.py:190} INFO - [2024-11-12T03:35:28.242+0000] {dagbag.py:588} INFO - Filling up the DagBag from /home/airflow/.local/lib/python3.12/site-packages/airflow/example_dags/example_short_circuit_operator.py
[2024-11-12T03:35:28.251+0000] {processor.py:925} INFO - DAG(s) 'example_short_circuit_operator' retrieved from /home/airflow/.local/lib/python3.12/site-packages/airflow/example_dags/example_short_circuit_operator.py
[2024-11-12T03:35:28.272+0000] {logging_mixin.py:190} INFO - [2024-11-12T03:35:28.272+0000] {dag.py:3239} INFO - Sync 1 DAGs
[2024-11-12T03:35:28.286+0000] {logging_mixin.py:190} INFO - [2024-11-12T03:35:28.286+0000] {dag.py:4180} INFO - Setting next_dagrun for example_short_circuit_operator to None, run_after=None
[2024-11-12T03:35:28.305+0000] {processor.py:208} INFO - Processing /home/airflow/.local/lib/python3.12/site-packages/airflow/example_dags/example_short_circuit_operator.py took 0.072 seconds
[2024-11-12T03:35:59.097+0000] {processor.py:186} INFO - Started process (PID=403) to work on /home/airflow/.local/lib/python3.12/site-packages/airflow/example_dags/example_short_circuit_operator.py
[2024-11-12T03:35:59.098+0000] {processor.py:914} INFO - Processing file /home/airflow/.local/lib/python3.12/site-packages/airflow/example_dags/example_short_circuit_operator.py for tasks to queue
[2024-11-12T03:35:59.101+0000] {logging_mixin.py:190} INFO - [2024-11-12T03:35:59.100+0000] {dagbag.py:588} INFO - Filling up the DagBag from /home/airflow/.local/lib/python3.12/site-packages/airflow/example_dags/example_short_circuit_operator.py
[2024-11-12T03:35:59.108+0000] {processor.py:925} INFO - DAG(s) 'example_short_circuit_operator' retrieved from /home/airflow/.local/lib/python3.12/site-packages/airflow/example_dags/example_short_circuit_operator.py
[2024-11-12T03:35:59.131+0000] {logging_mixin.py:190} INFO - [2024-11-12T03:35:59.130+0000] {dag.py:3239} INFO - Sync 1 DAGs
[2024-11-12T03:35:59.147+0000] {logging_mixin.py:190} INFO - [2024-11-12T03:35:59.147+0000] {dag.py:4180} INFO - Setting next_dagrun for example_short_circuit_operator to None, run_after=None
[2024-11-12T03:35:59.167+0000] {processor.py:208} INFO - Processing /home/airflow/.local/lib/python3.12/site-packages/airflow/example_dags/example_short_circuit_operator.py took 0.074 seconds
[2024-11-12T03:36:30.075+0000] {processor.py:186} INFO - Started process (PID=466) to work on /home/airflow/.local/lib/python3.12/site-packages/airflow/example_dags/example_short_circuit_operator.py
[2024-11-12T03:36:30.076+0000] {processor.py:914} INFO - Processing file /home/airflow/.local/lib/python3.12/site-packages/airflow/example_dags/example_short_circuit_operator.py for tasks to queue
[2024-11-12T03:36:30.078+0000] {logging_mixin.py:190} INFO - [2024-11-12T03:36:30.077+0000] {dagbag.py:588} INFO - Filling up the DagBag from /home/airflow/.local/lib/python3.12/site-packages/airflow/example_dags/example_short_circuit_operator.py
[2024-11-12T03:36:30.086+0000] {processor.py:925} INFO - DAG(s) 'example_short_circuit_operator' retrieved from /home/airflow/.local/lib/python3.12/site-packages/airflow/example_dags/example_short_circuit_operator.py
[2024-11-12T03:36:30.104+0000] {logging_mixin.py:190} INFO - [2024-11-12T03:36:30.104+0000] {dag.py:3239} INFO - Sync 1 DAGs
[2024-11-12T03:36:30.116+0000] {logging_mixin.py:190} INFO - [2024-11-12T03:36:30.116+0000] {dag.py:4180} INFO - Setting next_dagrun for example_short_circuit_operator to None, run_after=None
[2024-11-12T03:36:30.131+0000] {processor.py:208} INFO - Processing /home/airflow/.local/lib/python3.12/site-packages/airflow/example_dags/example_short_circuit_operator.py took 0.060 seconds
[2024-11-12T03:37:00.240+0000] {processor.py:186} INFO - Started process (PID=528) to work on /home/airflow/.local/lib/python3.12/site-packages/airflow/example_dags/example_short_circuit_operator.py
[2024-11-12T03:37:00.241+0000] {processor.py:914} INFO - Processing file /home/airflow/.local/lib/python3.12/site-packages/airflow/example_dags/example_short_circuit_operator.py for tasks to queue
[2024-11-12T03:37:00.243+0000] {logging_mixin.py:190} INFO - [2024-11-12T03:37:00.243+0000] {dagbag.py:588} INFO - Filling up the DagBag from /home/airflow/.local/lib/python3.12/site-packages/airflow/example_dags/example_short_circuit_operator.py
[2024-11-12T03:37:00.249+0000] {processor.py:925} INFO - DAG(s) 'example_short_circuit_operator' retrieved from /home/airflow/.local/lib/python3.12/site-packages/airflow/example_dags/example_short_circuit_operator.py
[2024-11-12T03:37:00.267+0000] {logging_mixin.py:190} INFO - [2024-11-12T03:37:00.267+0000] {dag.py:3239} INFO - Sync 1 DAGs
[2024-11-12T03:37:00.277+0000] {logging_mixin.py:190} INFO - [2024-11-12T03:37:00.277+0000] {dag.py:4180} INFO - Setting next_dagrun for example_short_circuit_operator to None, run_after=None
[2024-11-12T03:37:00.295+0000] {processor.py:208} INFO - Processing /home/airflow/.local/lib/python3.12/site-packages/airflow/example_dags/example_short_circuit_operator.py took 0.060 seconds
[2024-11-12T03:37:30.888+0000] {processor.py:186} INFO - Started process (PID=591) to work on /home/airflow/.local/lib/python3.12/site-packages/airflow/example_dags/example_short_circuit_operator.py
[2024-11-12T03:37:30.889+0000] {processor.py:914} INFO - Processing file /home/airflow/.local/lib/python3.12/site-packages/airflow/example_dags/example_short_circuit_operator.py for tasks to queue
[2024-11-12T03:37:30.891+0000] {logging_mixin.py:190} INFO - [2024-11-12T03:37:30.891+0000] {dagbag.py:588} INFO - Filling up the DagBag from /home/airflow/.local/lib/python3.12/site-packages/airflow/example_dags/example_short_circuit_operator.py
[2024-11-12T03:37:30.897+0000] {processor.py:925} INFO - DAG(s) 'example_short_circuit_operator' retrieved from /home/airflow/.local/lib/python3.12/site-packages/airflow/example_dags/example_short_circuit_operator.py
[2024-11-12T03:37:30.916+0000] {logging_mixin.py:190} INFO - [2024-11-12T03:37:30.915+0000] {dag.py:3239} INFO - Sync 1 DAGs
[2024-11-12T03:37:30.926+0000] {logging_mixin.py:190} INFO - [2024-11-12T03:37:30.926+0000] {dag.py:4180} INFO - Setting next_dagrun for example_short_circuit_operator to None, run_after=None
[2024-11-12T03:37:30.943+0000] {processor.py:208} INFO - Processing /home/airflow/.local/lib/python3.12/site-packages/airflow/example_dags/example_short_circuit_operator.py took 0.059 seconds
[2024-11-12T03:39:56.474+0000] {processor.py:186} INFO - Started process (PID=77) to work on /home/airflow/.local/lib/python3.12/site-packages/airflow/example_dags/example_short_circuit_operator.py
[2024-11-12T03:39:56.475+0000] {processor.py:914} INFO - Processing file /home/airflow/.local/lib/python3.12/site-packages/airflow/example_dags/example_short_circuit_operator.py for tasks to queue
[2024-11-12T03:39:56.479+0000] {logging_mixin.py:190} INFO - [2024-11-12T03:39:56.478+0000] {dagbag.py:588} INFO - Filling up the DagBag from /home/airflow/.local/lib/python3.12/site-packages/airflow/example_dags/example_short_circuit_operator.py
[2024-11-12T03:39:56.487+0000] {processor.py:925} INFO - DAG(s) 'example_short_circuit_operator' retrieved from /home/airflow/.local/lib/python3.12/site-packages/airflow/example_dags/example_short_circuit_operator.py
[2024-11-12T03:39:56.511+0000] {logging_mixin.py:190} INFO - [2024-11-12T03:39:56.511+0000] {dag.py:3239} INFO - Sync 1 DAGs
[2024-11-12T03:39:56.524+0000] {logging_mixin.py:190} INFO - [2024-11-12T03:39:56.523+0000] {dag.py:4180} INFO - Setting next_dagrun for example_short_circuit_operator to None, run_after=None
[2024-11-12T03:39:56.540+0000] {processor.py:208} INFO - Processing /home/airflow/.local/lib/python3.12/site-packages/airflow/example_dags/example_short_circuit_operator.py took 0.072 seconds
[2024-11-12T03:40:27.166+0000] {processor.py:186} INFO - Started process (PID=140) to work on /home/airflow/.local/lib/python3.12/site-packages/airflow/example_dags/example_short_circuit_operator.py
[2024-11-12T03:40:27.166+0000] {processor.py:914} INFO - Processing file /home/airflow/.local/lib/python3.12/site-packages/airflow/example_dags/example_short_circuit_operator.py for tasks to queue
[2024-11-12T03:40:27.169+0000] {logging_mixin.py:190} INFO - [2024-11-12T03:40:27.168+0000] {dagbag.py:588} INFO - Filling up the DagBag from /home/airflow/.local/lib/python3.12/site-packages/airflow/example_dags/example_short_circuit_operator.py
[2024-11-12T03:40:27.175+0000] {processor.py:925} INFO - DAG(s) 'example_short_circuit_operator' retrieved from /home/airflow/.local/lib/python3.12/site-packages/airflow/example_dags/example_short_circuit_operator.py
[2024-11-12T03:40:27.192+0000] {logging_mixin.py:190} INFO - [2024-11-12T03:40:27.191+0000] {dag.py:3239} INFO - Sync 1 DAGs
[2024-11-12T03:40:27.202+0000] {logging_mixin.py:190} INFO - [2024-11-12T03:40:27.202+0000] {dag.py:4180} INFO - Setting next_dagrun for example_short_circuit_operator to None, run_after=None
[2024-11-12T03:40:27.217+0000] {processor.py:208} INFO - Processing /home/airflow/.local/lib/python3.12/site-packages/airflow/example_dags/example_short_circuit_operator.py took 0.056 seconds
[2024-11-12T03:40:57.381+0000] {processor.py:186} INFO - Started process (PID=203) to work on /home/airflow/.local/lib/python3.12/site-packages/airflow/example_dags/example_short_circuit_operator.py
[2024-11-12T03:40:57.382+0000] {processor.py:914} INFO - Processing file /home/airflow/.local/lib/python3.12/site-packages/airflow/example_dags/example_short_circuit_operator.py for tasks to queue
[2024-11-12T03:40:57.384+0000] {logging_mixin.py:190} INFO - [2024-11-12T03:40:57.384+0000] {dagbag.py:588} INFO - Filling up the DagBag from /home/airflow/.local/lib/python3.12/site-packages/airflow/example_dags/example_short_circuit_operator.py
[2024-11-12T03:40:57.391+0000] {processor.py:925} INFO - DAG(s) 'example_short_circuit_operator' retrieved from /home/airflow/.local/lib/python3.12/site-packages/airflow/example_dags/example_short_circuit_operator.py
[2024-11-12T03:40:57.409+0000] {logging_mixin.py:190} INFO - [2024-11-12T03:40:57.409+0000] {dag.py:3239} INFO - Sync 1 DAGs
[2024-11-12T03:40:57.420+0000] {logging_mixin.py:190} INFO - [2024-11-12T03:40:57.420+0000] {dag.py:4180} INFO - Setting next_dagrun for example_short_circuit_operator to None, run_after=None
[2024-11-12T03:40:57.437+0000] {processor.py:208} INFO - Processing /home/airflow/.local/lib/python3.12/site-packages/airflow/example_dags/example_short_circuit_operator.py took 0.061 seconds
