[2024-11-12T03:33:27.673+0000] {processor.py:186} INFO - Started process (PID=98) to work on /home/airflow/.local/lib/python3.12/site-packages/airflow/example_dags/tutorial_dag.py
[2024-11-12T03:33:27.674+0000] {processor.py:914} INFO - Processing file /home/airflow/.local/lib/python3.12/site-packages/airflow/example_dags/tutorial_dag.py for tasks to queue
[2024-11-12T03:33:27.676+0000] {logging_mixin.py:190} INFO - [2024-11-12T03:33:27.676+0000] {dagbag.py:588} INFO - Filling up the DagBag from /home/airflow/.local/lib/python3.12/site-packages/airflow/example_dags/tutorial_dag.py
[2024-11-12T03:33:27.686+0000] {processor.py:925} INFO - DAG(s) 'tutorial_dag' retrieved from /home/airflow/.local/lib/python3.12/site-packages/airflow/example_dags/tutorial_dag.py
[2024-11-12T03:33:27.799+0000] {logging_mixin.py:190} INFO - [2024-11-12T03:33:27.798+0000] {override.py:1911} INFO - Created Permission View: can read on DAG:tutorial_dag
[2024-11-12T03:33:27.811+0000] {logging_mixin.py:190} INFO - [2024-11-12T03:33:27.811+0000] {override.py:1911} INFO - Created Permission View: can delete on DAG:tutorial_dag
[2024-11-12T03:33:27.820+0000] {logging_mixin.py:190} INFO - [2024-11-12T03:33:27.820+0000] {override.py:1911} INFO - Created Permission View: can edit on DAG:tutorial_dag
[2024-11-12T03:33:27.827+0000] {logging_mixin.py:190} INFO - [2024-11-12T03:33:27.826+0000] {override.py:1911} INFO - Created Permission View: can read on DAG Run:tutorial_dag
[2024-11-12T03:33:27.835+0000] {logging_mixin.py:190} INFO - [2024-11-12T03:33:27.835+0000] {override.py:1911} INFO - Created Permission View: can create on DAG Run:tutorial_dag
[2024-11-12T03:33:27.842+0000] {logging_mixin.py:190} INFO - [2024-11-12T03:33:27.842+0000] {override.py:1911} INFO - Created Permission View: can delete on DAG Run:tutorial_dag
[2024-11-12T03:33:27.851+0000] {logging_mixin.py:190} INFO - [2024-11-12T03:33:27.850+0000] {override.py:1911} INFO - Created Permission View: menu access on DAG Run:tutorial_dag
[2024-11-12T03:33:27.851+0000] {logging_mixin.py:190} INFO - [2024-11-12T03:33:27.851+0000] {dag.py:3239} INFO - Sync 1 DAGs
[2024-11-12T03:33:27.863+0000] {logging_mixin.py:190} INFO - [2024-11-12T03:33:27.863+0000] {dag.py:3262} INFO - Creating ORM DAG for tutorial_dag
[2024-11-12T03:33:27.864+0000] {logging_mixin.py:190} INFO - [2024-11-12T03:33:27.864+0000] {dag.py:4180} INFO - Setting next_dagrun for tutorial_dag to None, run_after=None
[2024-11-12T03:33:27.883+0000] {processor.py:208} INFO - Processing /home/airflow/.local/lib/python3.12/site-packages/airflow/example_dags/tutorial_dag.py took 0.216 seconds
[2024-11-12T03:33:58.483+0000] {processor.py:186} INFO - Started process (PID=161) to work on /home/airflow/.local/lib/python3.12/site-packages/airflow/example_dags/tutorial_dag.py
[2024-11-12T03:33:58.484+0000] {processor.py:914} INFO - Processing file /home/airflow/.local/lib/python3.12/site-packages/airflow/example_dags/tutorial_dag.py for tasks to queue
[2024-11-12T03:33:58.486+0000] {logging_mixin.py:190} INFO - [2024-11-12T03:33:58.486+0000] {dagbag.py:588} INFO - Filling up the DagBag from /home/airflow/.local/lib/python3.12/site-packages/airflow/example_dags/tutorial_dag.py
[2024-11-12T03:33:58.491+0000] {processor.py:925} INFO - DAG(s) 'tutorial_dag' retrieved from /home/airflow/.local/lib/python3.12/site-packages/airflow/example_dags/tutorial_dag.py
[2024-11-12T03:33:58.508+0000] {logging_mixin.py:190} INFO - [2024-11-12T03:33:58.508+0000] {dag.py:3239} INFO - Sync 1 DAGs
[2024-11-12T03:33:58.518+0000] {logging_mixin.py:190} INFO - [2024-11-12T03:33:58.518+0000] {dag.py:4180} INFO - Setting next_dagrun for tutorial_dag to None, run_after=None
[2024-11-12T03:33:58.534+0000] {processor.py:208} INFO - Processing /home/airflow/.local/lib/python3.12/site-packages/airflow/example_dags/tutorial_dag.py took 0.055 seconds
[2024-11-12T03:34:29.410+0000] {processor.py:186} INFO - Started process (PID=224) to work on /home/airflow/.local/lib/python3.12/site-packages/airflow/example_dags/tutorial_dag.py
[2024-11-12T03:34:29.411+0000] {processor.py:914} INFO - Processing file /home/airflow/.local/lib/python3.12/site-packages/airflow/example_dags/tutorial_dag.py for tasks to queue
[2024-11-12T03:34:29.414+0000] {logging_mixin.py:190} INFO - [2024-11-12T03:34:29.413+0000] {dagbag.py:588} INFO - Filling up the DagBag from /home/airflow/.local/lib/python3.12/site-packages/airflow/example_dags/tutorial_dag.py
[2024-11-12T03:34:29.419+0000] {processor.py:925} INFO - DAG(s) 'tutorial_dag' retrieved from /home/airflow/.local/lib/python3.12/site-packages/airflow/example_dags/tutorial_dag.py
[2024-11-12T03:34:29.435+0000] {logging_mixin.py:190} INFO - [2024-11-12T03:34:29.435+0000] {dag.py:3239} INFO - Sync 1 DAGs
[2024-11-12T03:34:29.445+0000] {logging_mixin.py:190} INFO - [2024-11-12T03:34:29.445+0000] {dag.py:4180} INFO - Setting next_dagrun for tutorial_dag to None, run_after=None
[2024-11-12T03:34:29.461+0000] {processor.py:208} INFO - Processing /home/airflow/.local/lib/python3.12/site-packages/airflow/example_dags/tutorial_dag.py took 0.056 seconds
[2024-11-12T03:35:00.424+0000] {processor.py:186} INFO - Started process (PID=286) to work on /home/airflow/.local/lib/python3.12/site-packages/airflow/example_dags/tutorial_dag.py
[2024-11-12T03:35:00.425+0000] {processor.py:914} INFO - Processing file /home/airflow/.local/lib/python3.12/site-packages/airflow/example_dags/tutorial_dag.py for tasks to queue
[2024-11-12T03:35:00.427+0000] {logging_mixin.py:190} INFO - [2024-11-12T03:35:00.427+0000] {dagbag.py:588} INFO - Filling up the DagBag from /home/airflow/.local/lib/python3.12/site-packages/airflow/example_dags/tutorial_dag.py
[2024-11-12T03:35:00.435+0000] {processor.py:925} INFO - DAG(s) 'tutorial_dag' retrieved from /home/airflow/.local/lib/python3.12/site-packages/airflow/example_dags/tutorial_dag.py
[2024-11-12T03:35:00.454+0000] {logging_mixin.py:190} INFO - [2024-11-12T03:35:00.454+0000] {dag.py:3239} INFO - Sync 1 DAGs
[2024-11-12T03:35:00.465+0000] {logging_mixin.py:190} INFO - [2024-11-12T03:35:00.464+0000] {dag.py:4180} INFO - Setting next_dagrun for tutorial_dag to None, run_after=None
[2024-11-12T03:35:00.480+0000] {processor.py:208} INFO - Processing /home/airflow/.local/lib/python3.12/site-packages/airflow/example_dags/tutorial_dag.py took 0.062 seconds
[2024-11-12T03:35:31.210+0000] {processor.py:186} INFO - Started process (PID=349) to work on /home/airflow/.local/lib/python3.12/site-packages/airflow/example_dags/tutorial_dag.py
[2024-11-12T03:35:31.211+0000] {processor.py:914} INFO - Processing file /home/airflow/.local/lib/python3.12/site-packages/airflow/example_dags/tutorial_dag.py for tasks to queue
[2024-11-12T03:35:31.213+0000] {logging_mixin.py:190} INFO - [2024-11-12T03:35:31.212+0000] {dagbag.py:588} INFO - Filling up the DagBag from /home/airflow/.local/lib/python3.12/site-packages/airflow/example_dags/tutorial_dag.py
[2024-11-12T03:35:31.219+0000] {processor.py:925} INFO - DAG(s) 'tutorial_dag' retrieved from /home/airflow/.local/lib/python3.12/site-packages/airflow/example_dags/tutorial_dag.py
[2024-11-12T03:35:31.237+0000] {logging_mixin.py:190} INFO - [2024-11-12T03:35:31.236+0000] {dag.py:3239} INFO - Sync 1 DAGs
[2024-11-12T03:35:31.253+0000] {logging_mixin.py:190} INFO - [2024-11-12T03:35:31.252+0000] {dag.py:4180} INFO - Setting next_dagrun for tutorial_dag to None, run_after=None
[2024-11-12T03:35:31.285+0000] {processor.py:208} INFO - Processing /home/airflow/.local/lib/python3.12/site-packages/airflow/example_dags/tutorial_dag.py took 0.081 seconds
[2024-11-12T03:36:01.447+0000] {processor.py:186} INFO - Started process (PID=411) to work on /home/airflow/.local/lib/python3.12/site-packages/airflow/example_dags/tutorial_dag.py
[2024-11-12T03:36:01.448+0000] {processor.py:914} INFO - Processing file /home/airflow/.local/lib/python3.12/site-packages/airflow/example_dags/tutorial_dag.py for tasks to queue
[2024-11-12T03:36:01.450+0000] {logging_mixin.py:190} INFO - [2024-11-12T03:36:01.450+0000] {dagbag.py:588} INFO - Filling up the DagBag from /home/airflow/.local/lib/python3.12/site-packages/airflow/example_dags/tutorial_dag.py
[2024-11-12T03:36:01.458+0000] {processor.py:925} INFO - DAG(s) 'tutorial_dag' retrieved from /home/airflow/.local/lib/python3.12/site-packages/airflow/example_dags/tutorial_dag.py
[2024-11-12T03:36:01.474+0000] {logging_mixin.py:190} INFO - [2024-11-12T03:36:01.474+0000] {dag.py:3239} INFO - Sync 1 DAGs
[2024-11-12T03:36:01.487+0000] {logging_mixin.py:190} INFO - [2024-11-12T03:36:01.487+0000] {dag.py:4180} INFO - Setting next_dagrun for tutorial_dag to None, run_after=None
[2024-11-12T03:36:01.514+0000] {processor.py:208} INFO - Processing /home/airflow/.local/lib/python3.12/site-packages/airflow/example_dags/tutorial_dag.py took 0.074 seconds
[2024-11-12T03:36:32.202+0000] {processor.py:186} INFO - Started process (PID=474) to work on /home/airflow/.local/lib/python3.12/site-packages/airflow/example_dags/tutorial_dag.py
[2024-11-12T03:36:32.203+0000] {processor.py:914} INFO - Processing file /home/airflow/.local/lib/python3.12/site-packages/airflow/example_dags/tutorial_dag.py for tasks to queue
[2024-11-12T03:36:32.205+0000] {logging_mixin.py:190} INFO - [2024-11-12T03:36:32.205+0000] {dagbag.py:588} INFO - Filling up the DagBag from /home/airflow/.local/lib/python3.12/site-packages/airflow/example_dags/tutorial_dag.py
[2024-11-12T03:36:32.210+0000] {processor.py:925} INFO - DAG(s) 'tutorial_dag' retrieved from /home/airflow/.local/lib/python3.12/site-packages/airflow/example_dags/tutorial_dag.py
[2024-11-12T03:36:32.226+0000] {logging_mixin.py:190} INFO - [2024-11-12T03:36:32.226+0000] {dag.py:3239} INFO - Sync 1 DAGs
[2024-11-12T03:36:32.240+0000] {logging_mixin.py:190} INFO - [2024-11-12T03:36:32.240+0000] {dag.py:4180} INFO - Setting next_dagrun for tutorial_dag to None, run_after=None
[2024-11-12T03:36:32.256+0000] {processor.py:208} INFO - Processing /home/airflow/.local/lib/python3.12/site-packages/airflow/example_dags/tutorial_dag.py took 0.059 seconds
[2024-11-12T03:37:02.428+0000] {processor.py:186} INFO - Started process (PID=537) to work on /home/airflow/.local/lib/python3.12/site-packages/airflow/example_dags/tutorial_dag.py
[2024-11-12T03:37:02.429+0000] {processor.py:914} INFO - Processing file /home/airflow/.local/lib/python3.12/site-packages/airflow/example_dags/tutorial_dag.py for tasks to queue
[2024-11-12T03:37:02.431+0000] {logging_mixin.py:190} INFO - [2024-11-12T03:37:02.431+0000] {dagbag.py:588} INFO - Filling up the DagBag from /home/airflow/.local/lib/python3.12/site-packages/airflow/example_dags/tutorial_dag.py
[2024-11-12T03:37:02.439+0000] {processor.py:925} INFO - DAG(s) 'tutorial_dag' retrieved from /home/airflow/.local/lib/python3.12/site-packages/airflow/example_dags/tutorial_dag.py
[2024-11-12T03:37:02.460+0000] {logging_mixin.py:190} INFO - [2024-11-12T03:37:02.460+0000] {dag.py:3239} INFO - Sync 1 DAGs
[2024-11-12T03:37:02.473+0000] {logging_mixin.py:190} INFO - [2024-11-12T03:37:02.473+0000] {dag.py:4180} INFO - Setting next_dagrun for tutorial_dag to None, run_after=None
[2024-11-12T03:37:02.491+0000] {processor.py:208} INFO - Processing /home/airflow/.local/lib/python3.12/site-packages/airflow/example_dags/tutorial_dag.py took 0.068 seconds
[2024-11-12T03:37:32.910+0000] {processor.py:186} INFO - Started process (PID=600) to work on /home/airflow/.local/lib/python3.12/site-packages/airflow/example_dags/tutorial_dag.py
[2024-11-12T03:37:32.911+0000] {processor.py:914} INFO - Processing file /home/airflow/.local/lib/python3.12/site-packages/airflow/example_dags/tutorial_dag.py for tasks to queue
[2024-11-12T03:37:32.913+0000] {logging_mixin.py:190} INFO - [2024-11-12T03:37:32.913+0000] {dagbag.py:588} INFO - Filling up the DagBag from /home/airflow/.local/lib/python3.12/site-packages/airflow/example_dags/tutorial_dag.py
[2024-11-12T03:37:32.919+0000] {processor.py:925} INFO - DAG(s) 'tutorial_dag' retrieved from /home/airflow/.local/lib/python3.12/site-packages/airflow/example_dags/tutorial_dag.py
[2024-11-12T03:37:32.935+0000] {logging_mixin.py:190} INFO - [2024-11-12T03:37:32.935+0000] {dag.py:3239} INFO - Sync 1 DAGs
[2024-11-12T03:37:32.946+0000] {logging_mixin.py:190} INFO - [2024-11-12T03:37:32.946+0000] {dag.py:4180} INFO - Setting next_dagrun for tutorial_dag to None, run_after=None
[2024-11-12T03:37:32.964+0000] {processor.py:208} INFO - Processing /home/airflow/.local/lib/python3.12/site-packages/airflow/example_dags/tutorial_dag.py took 0.058 seconds
[2024-11-12T03:39:57.133+0000] {processor.py:186} INFO - Started process (PID=85) to work on /home/airflow/.local/lib/python3.12/site-packages/airflow/example_dags/tutorial_dag.py
[2024-11-12T03:39:57.134+0000] {processor.py:914} INFO - Processing file /home/airflow/.local/lib/python3.12/site-packages/airflow/example_dags/tutorial_dag.py for tasks to queue
[2024-11-12T03:39:57.137+0000] {logging_mixin.py:190} INFO - [2024-11-12T03:39:57.136+0000] {dagbag.py:588} INFO - Filling up the DagBag from /home/airflow/.local/lib/python3.12/site-packages/airflow/example_dags/tutorial_dag.py
[2024-11-12T03:39:57.143+0000] {processor.py:925} INFO - DAG(s) 'tutorial_dag' retrieved from /home/airflow/.local/lib/python3.12/site-packages/airflow/example_dags/tutorial_dag.py
[2024-11-12T03:39:57.161+0000] {logging_mixin.py:190} INFO - [2024-11-12T03:39:57.161+0000] {dag.py:3239} INFO - Sync 1 DAGs
[2024-11-12T03:39:57.173+0000] {logging_mixin.py:190} INFO - [2024-11-12T03:39:57.173+0000] {dag.py:4180} INFO - Setting next_dagrun for tutorial_dag to None, run_after=None
[2024-11-12T03:39:57.190+0000] {processor.py:208} INFO - Processing /home/airflow/.local/lib/python3.12/site-packages/airflow/example_dags/tutorial_dag.py took 0.063 seconds
[2024-11-12T03:40:27.666+0000] {processor.py:186} INFO - Started process (PID=148) to work on /home/airflow/.local/lib/python3.12/site-packages/airflow/example_dags/tutorial_dag.py
[2024-11-12T03:40:27.667+0000] {processor.py:914} INFO - Processing file /home/airflow/.local/lib/python3.12/site-packages/airflow/example_dags/tutorial_dag.py for tasks to queue
[2024-11-12T03:40:27.669+0000] {logging_mixin.py:190} INFO - [2024-11-12T03:40:27.669+0000] {dagbag.py:588} INFO - Filling up the DagBag from /home/airflow/.local/lib/python3.12/site-packages/airflow/example_dags/tutorial_dag.py
[2024-11-12T03:40:27.675+0000] {processor.py:925} INFO - DAG(s) 'tutorial_dag' retrieved from /home/airflow/.local/lib/python3.12/site-packages/airflow/example_dags/tutorial_dag.py
[2024-11-12T03:40:27.690+0000] {logging_mixin.py:190} INFO - [2024-11-12T03:40:27.690+0000] {dag.py:3239} INFO - Sync 1 DAGs
[2024-11-12T03:40:27.701+0000] {logging_mixin.py:190} INFO - [2024-11-12T03:40:27.700+0000] {dag.py:4180} INFO - Setting next_dagrun for tutorial_dag to None, run_after=None
[2024-11-12T03:40:27.719+0000] {processor.py:208} INFO - Processing /home/airflow/.local/lib/python3.12/site-packages/airflow/example_dags/tutorial_dag.py took 0.056 seconds
[2024-11-12T03:40:57.827+0000] {processor.py:186} INFO - Started process (PID=210) to work on /home/airflow/.local/lib/python3.12/site-packages/airflow/example_dags/tutorial_dag.py
[2024-11-12T03:40:57.828+0000] {processor.py:914} INFO - Processing file /home/airflow/.local/lib/python3.12/site-packages/airflow/example_dags/tutorial_dag.py for tasks to queue
[2024-11-12T03:40:57.830+0000] {logging_mixin.py:190} INFO - [2024-11-12T03:40:57.830+0000] {dagbag.py:588} INFO - Filling up the DagBag from /home/airflow/.local/lib/python3.12/site-packages/airflow/example_dags/tutorial_dag.py
[2024-11-12T03:40:57.836+0000] {processor.py:925} INFO - DAG(s) 'tutorial_dag' retrieved from /home/airflow/.local/lib/python3.12/site-packages/airflow/example_dags/tutorial_dag.py
[2024-11-12T03:40:57.852+0000] {logging_mixin.py:190} INFO - [2024-11-12T03:40:57.852+0000] {dag.py:3239} INFO - Sync 1 DAGs
[2024-11-12T03:40:57.863+0000] {logging_mixin.py:190} INFO - [2024-11-12T03:40:57.863+0000] {dag.py:4180} INFO - Setting next_dagrun for tutorial_dag to None, run_after=None
[2024-11-12T03:40:57.878+0000] {processor.py:208} INFO - Processing /home/airflow/.local/lib/python3.12/site-packages/airflow/example_dags/tutorial_dag.py took 0.055 seconds
