[2024-11-12T03:33:27.824+0000] {processor.py:186} INFO - Started process (PID=99) to work on /home/airflow/.local/lib/python3.12/site-packages/airflow/example_dags/tutorial_objectstorage.py
[2024-11-12T03:33:27.825+0000] {processor.py:914} INFO - Processing file /home/airflow/.local/lib/python3.12/site-packages/airflow/example_dags/tutorial_objectstorage.py for tasks to queue
[2024-11-12T03:33:27.828+0000] {logging_mixin.py:190} INFO - [2024-11-12T03:33:27.828+0000] {dagbag.py:588} INFO - Filling up the DagBag from /home/airflow/.local/lib/python3.12/site-packages/airflow/example_dags/tutorial_objectstorage.py
[2024-11-12T03:33:27.840+0000] {processor.py:925} INFO - DAG(s) 'tutorial_objectstorage' retrieved from /home/airflow/.local/lib/python3.12/site-packages/airflow/example_dags/tutorial_objectstorage.py
[2024-11-12T03:33:27.943+0000] {logging_mixin.py:190} INFO - [2024-11-12T03:33:27.943+0000] {override.py:1911} INFO - Created Permission View: can read on DAG:tutorial_objectstorage
[2024-11-12T03:33:27.955+0000] {logging_mixin.py:190} INFO - [2024-11-12T03:33:27.954+0000] {override.py:1911} INFO - Created Permission View: can delete on DAG:tutorial_objectstorage
[2024-11-12T03:33:27.965+0000] {logging_mixin.py:190} INFO - [2024-11-12T03:33:27.964+0000] {override.py:1911} INFO - Created Permission View: can edit on DAG:tutorial_objectstorage
[2024-11-12T03:33:27.973+0000] {logging_mixin.py:190} INFO - [2024-11-12T03:33:27.973+0000] {override.py:1911} INFO - Created Permission View: can read on DAG Run:tutorial_objectstorage
[2024-11-12T03:33:27.981+0000] {logging_mixin.py:190} INFO - [2024-11-12T03:33:27.980+0000] {override.py:1911} INFO - Created Permission View: can create on DAG Run:tutorial_objectstorage
[2024-11-12T03:33:27.987+0000] {logging_mixin.py:190} INFO - [2024-11-12T03:33:27.987+0000] {override.py:1911} INFO - Created Permission View: can delete on DAG Run:tutorial_objectstorage
[2024-11-12T03:33:27.994+0000] {logging_mixin.py:190} INFO - [2024-11-12T03:33:27.994+0000] {override.py:1911} INFO - Created Permission View: menu access on DAG Run:tutorial_objectstorage
[2024-11-12T03:33:27.995+0000] {logging_mixin.py:190} INFO - [2024-11-12T03:33:27.995+0000] {dag.py:3239} INFO - Sync 1 DAGs
[2024-11-12T03:33:28.006+0000] {logging_mixin.py:190} INFO - [2024-11-12T03:33:28.005+0000] {dag.py:3262} INFO - Creating ORM DAG for tutorial_objectstorage
[2024-11-12T03:33:28.007+0000] {logging_mixin.py:190} INFO - [2024-11-12T03:33:28.007+0000] {dag.py:4180} INFO - Setting next_dagrun for tutorial_objectstorage to None, run_after=None
[2024-11-12T03:33:28.025+0000] {processor.py:208} INFO - Processing /home/airflow/.local/lib/python3.12/site-packages/airflow/example_dags/tutorial_objectstorage.py took 0.205 seconds
[2024-11-12T03:33:58.483+0000] {processor.py:186} INFO - Started process (PID=162) to work on /home/airflow/.local/lib/python3.12/site-packages/airflow/example_dags/tutorial_objectstorage.py
[2024-11-12T03:33:58.484+0000] {processor.py:914} INFO - Processing file /home/airflow/.local/lib/python3.12/site-packages/airflow/example_dags/tutorial_objectstorage.py for tasks to queue
[2024-11-12T03:33:58.486+0000] {logging_mixin.py:190} INFO - [2024-11-12T03:33:58.486+0000] {dagbag.py:588} INFO - Filling up the DagBag from /home/airflow/.local/lib/python3.12/site-packages/airflow/example_dags/tutorial_objectstorage.py
[2024-11-12T03:33:58.493+0000] {processor.py:925} INFO - DAG(s) 'tutorial_objectstorage' retrieved from /home/airflow/.local/lib/python3.12/site-packages/airflow/example_dags/tutorial_objectstorage.py
[2024-11-12T03:33:58.508+0000] {logging_mixin.py:190} INFO - [2024-11-12T03:33:58.507+0000] {dag.py:3239} INFO - Sync 1 DAGs
[2024-11-12T03:33:58.518+0000] {logging_mixin.py:190} INFO - [2024-11-12T03:33:58.518+0000] {dag.py:4180} INFO - Setting next_dagrun for tutorial_objectstorage to None, run_after=None
[2024-11-12T03:33:58.534+0000] {processor.py:208} INFO - Processing /home/airflow/.local/lib/python3.12/site-packages/airflow/example_dags/tutorial_objectstorage.py took 0.054 seconds
[2024-11-12T03:34:29.411+0000] {processor.py:186} INFO - Started process (PID=225) to work on /home/airflow/.local/lib/python3.12/site-packages/airflow/example_dags/tutorial_objectstorage.py
[2024-11-12T03:34:29.412+0000] {processor.py:914} INFO - Processing file /home/airflow/.local/lib/python3.12/site-packages/airflow/example_dags/tutorial_objectstorage.py for tasks to queue
[2024-11-12T03:34:29.414+0000] {logging_mixin.py:190} INFO - [2024-11-12T03:34:29.413+0000] {dagbag.py:588} INFO - Filling up the DagBag from /home/airflow/.local/lib/python3.12/site-packages/airflow/example_dags/tutorial_objectstorage.py
[2024-11-12T03:34:29.420+0000] {processor.py:925} INFO - DAG(s) 'tutorial_objectstorage' retrieved from /home/airflow/.local/lib/python3.12/site-packages/airflow/example_dags/tutorial_objectstorage.py
[2024-11-12T03:34:29.435+0000] {logging_mixin.py:190} INFO - [2024-11-12T03:34:29.435+0000] {dag.py:3239} INFO - Sync 1 DAGs
[2024-11-12T03:34:29.445+0000] {logging_mixin.py:190} INFO - [2024-11-12T03:34:29.445+0000] {dag.py:4180} INFO - Setting next_dagrun for tutorial_objectstorage to None, run_after=None
[2024-11-12T03:34:29.461+0000] {processor.py:208} INFO - Processing /home/airflow/.local/lib/python3.12/site-packages/airflow/example_dags/tutorial_objectstorage.py took 0.056 seconds
[2024-11-12T03:35:00.513+0000] {processor.py:186} INFO - Started process (PID=287) to work on /home/airflow/.local/lib/python3.12/site-packages/airflow/example_dags/tutorial_objectstorage.py
[2024-11-12T03:35:00.514+0000] {processor.py:914} INFO - Processing file /home/airflow/.local/lib/python3.12/site-packages/airflow/example_dags/tutorial_objectstorage.py for tasks to queue
[2024-11-12T03:35:00.516+0000] {logging_mixin.py:190} INFO - [2024-11-12T03:35:00.516+0000] {dagbag.py:588} INFO - Filling up the DagBag from /home/airflow/.local/lib/python3.12/site-packages/airflow/example_dags/tutorial_objectstorage.py
[2024-11-12T03:35:00.524+0000] {processor.py:925} INFO - DAG(s) 'tutorial_objectstorage' retrieved from /home/airflow/.local/lib/python3.12/site-packages/airflow/example_dags/tutorial_objectstorage.py
[2024-11-12T03:35:00.538+0000] {logging_mixin.py:190} INFO - [2024-11-12T03:35:00.538+0000] {dag.py:3239} INFO - Sync 1 DAGs
[2024-11-12T03:35:00.549+0000] {logging_mixin.py:190} INFO - [2024-11-12T03:35:00.549+0000] {dag.py:4180} INFO - Setting next_dagrun for tutorial_objectstorage to None, run_after=None
[2024-11-12T03:35:00.563+0000] {processor.py:208} INFO - Processing /home/airflow/.local/lib/python3.12/site-packages/airflow/example_dags/tutorial_objectstorage.py took 0.055 seconds
[2024-11-12T03:35:31.320+0000] {processor.py:186} INFO - Started process (PID=350) to work on /home/airflow/.local/lib/python3.12/site-packages/airflow/example_dags/tutorial_objectstorage.py
[2024-11-12T03:35:31.321+0000] {processor.py:914} INFO - Processing file /home/airflow/.local/lib/python3.12/site-packages/airflow/example_dags/tutorial_objectstorage.py for tasks to queue
[2024-11-12T03:35:31.323+0000] {logging_mixin.py:190} INFO - [2024-11-12T03:35:31.323+0000] {dagbag.py:588} INFO - Filling up the DagBag from /home/airflow/.local/lib/python3.12/site-packages/airflow/example_dags/tutorial_objectstorage.py
[2024-11-12T03:35:31.333+0000] {processor.py:925} INFO - DAG(s) 'tutorial_objectstorage' retrieved from /home/airflow/.local/lib/python3.12/site-packages/airflow/example_dags/tutorial_objectstorage.py
[2024-11-12T03:35:31.350+0000] {logging_mixin.py:190} INFO - [2024-11-12T03:35:31.350+0000] {dag.py:3239} INFO - Sync 1 DAGs
[2024-11-12T03:35:31.367+0000] {logging_mixin.py:190} INFO - [2024-11-12T03:35:31.367+0000] {dag.py:4180} INFO - Setting next_dagrun for tutorial_objectstorage to None, run_after=None
[2024-11-12T03:35:31.389+0000] {processor.py:208} INFO - Processing /home/airflow/.local/lib/python3.12/site-packages/airflow/example_dags/tutorial_objectstorage.py took 0.073 seconds
[2024-11-12T03:36:01.446+0000] {processor.py:186} INFO - Started process (PID=412) to work on /home/airflow/.local/lib/python3.12/site-packages/airflow/example_dags/tutorial_objectstorage.py
[2024-11-12T03:36:01.448+0000] {processor.py:914} INFO - Processing file /home/airflow/.local/lib/python3.12/site-packages/airflow/example_dags/tutorial_objectstorage.py for tasks to queue
[2024-11-12T03:36:01.450+0000] {logging_mixin.py:190} INFO - [2024-11-12T03:36:01.450+0000] {dagbag.py:588} INFO - Filling up the DagBag from /home/airflow/.local/lib/python3.12/site-packages/airflow/example_dags/tutorial_objectstorage.py
[2024-11-12T03:36:01.458+0000] {processor.py:925} INFO - DAG(s) 'tutorial_objectstorage' retrieved from /home/airflow/.local/lib/python3.12/site-packages/airflow/example_dags/tutorial_objectstorage.py
[2024-11-12T03:36:01.474+0000] {logging_mixin.py:190} INFO - [2024-11-12T03:36:01.474+0000] {dag.py:3239} INFO - Sync 1 DAGs
[2024-11-12T03:36:01.487+0000] {logging_mixin.py:190} INFO - [2024-11-12T03:36:01.487+0000] {dag.py:4180} INFO - Setting next_dagrun for tutorial_objectstorage to None, run_after=None
[2024-11-12T03:36:01.514+0000] {processor.py:208} INFO - Processing /home/airflow/.local/lib/python3.12/site-packages/airflow/example_dags/tutorial_objectstorage.py took 0.074 seconds
[2024-11-12T03:36:32.202+0000] {processor.py:186} INFO - Started process (PID=475) to work on /home/airflow/.local/lib/python3.12/site-packages/airflow/example_dags/tutorial_objectstorage.py
[2024-11-12T03:36:32.203+0000] {processor.py:914} INFO - Processing file /home/airflow/.local/lib/python3.12/site-packages/airflow/example_dags/tutorial_objectstorage.py for tasks to queue
[2024-11-12T03:36:32.205+0000] {logging_mixin.py:190} INFO - [2024-11-12T03:36:32.205+0000] {dagbag.py:588} INFO - Filling up the DagBag from /home/airflow/.local/lib/python3.12/site-packages/airflow/example_dags/tutorial_objectstorage.py
[2024-11-12T03:36:32.211+0000] {processor.py:925} INFO - DAG(s) 'tutorial_objectstorage' retrieved from /home/airflow/.local/lib/python3.12/site-packages/airflow/example_dags/tutorial_objectstorage.py
[2024-11-12T03:36:32.227+0000] {logging_mixin.py:190} INFO - [2024-11-12T03:36:32.227+0000] {dag.py:3239} INFO - Sync 1 DAGs
[2024-11-12T03:36:32.240+0000] {logging_mixin.py:190} INFO - [2024-11-12T03:36:32.240+0000] {dag.py:4180} INFO - Setting next_dagrun for tutorial_objectstorage to None, run_after=None
[2024-11-12T03:36:32.255+0000] {processor.py:208} INFO - Processing /home/airflow/.local/lib/python3.12/site-packages/airflow/example_dags/tutorial_objectstorage.py took 0.058 seconds
[2024-11-12T03:37:02.429+0000] {processor.py:186} INFO - Started process (PID=538) to work on /home/airflow/.local/lib/python3.12/site-packages/airflow/example_dags/tutorial_objectstorage.py
[2024-11-12T03:37:02.430+0000] {processor.py:914} INFO - Processing file /home/airflow/.local/lib/python3.12/site-packages/airflow/example_dags/tutorial_objectstorage.py for tasks to queue
[2024-11-12T03:37:02.431+0000] {logging_mixin.py:190} INFO - [2024-11-12T03:37:02.431+0000] {dagbag.py:588} INFO - Filling up the DagBag from /home/airflow/.local/lib/python3.12/site-packages/airflow/example_dags/tutorial_objectstorage.py
[2024-11-12T03:37:02.443+0000] {processor.py:925} INFO - DAG(s) 'tutorial_objectstorage' retrieved from /home/airflow/.local/lib/python3.12/site-packages/airflow/example_dags/tutorial_objectstorage.py
[2024-11-12T03:37:02.461+0000] {logging_mixin.py:190} INFO - [2024-11-12T03:37:02.461+0000] {dag.py:3239} INFO - Sync 1 DAGs
[2024-11-12T03:37:02.473+0000] {logging_mixin.py:190} INFO - [2024-11-12T03:37:02.473+0000] {dag.py:4180} INFO - Setting next_dagrun for tutorial_objectstorage to None, run_after=None
[2024-11-12T03:37:02.492+0000] {processor.py:208} INFO - Processing /home/airflow/.local/lib/python3.12/site-packages/airflow/example_dags/tutorial_objectstorage.py took 0.069 seconds
[2024-11-12T03:37:33.001+0000] {processor.py:186} INFO - Started process (PID=601) to work on /home/airflow/.local/lib/python3.12/site-packages/airflow/example_dags/tutorial_objectstorage.py
[2024-11-12T03:37:33.002+0000] {processor.py:914} INFO - Processing file /home/airflow/.local/lib/python3.12/site-packages/airflow/example_dags/tutorial_objectstorage.py for tasks to queue
[2024-11-12T03:37:33.005+0000] {logging_mixin.py:190} INFO - [2024-11-12T03:37:33.004+0000] {dagbag.py:588} INFO - Filling up the DagBag from /home/airflow/.local/lib/python3.12/site-packages/airflow/example_dags/tutorial_objectstorage.py
[2024-11-12T03:37:33.013+0000] {processor.py:925} INFO - DAG(s) 'tutorial_objectstorage' retrieved from /home/airflow/.local/lib/python3.12/site-packages/airflow/example_dags/tutorial_objectstorage.py
[2024-11-12T03:37:33.029+0000] {logging_mixin.py:190} INFO - [2024-11-12T03:37:33.029+0000] {dag.py:3239} INFO - Sync 1 DAGs
[2024-11-12T03:37:33.041+0000] {logging_mixin.py:190} INFO - [2024-11-12T03:37:33.040+0000] {dag.py:4180} INFO - Setting next_dagrun for tutorial_objectstorage to None, run_after=None
[2024-11-12T03:37:33.056+0000] {processor.py:208} INFO - Processing /home/airflow/.local/lib/python3.12/site-packages/airflow/example_dags/tutorial_objectstorage.py took 0.060 seconds
[2024-11-12T03:39:57.226+0000] {processor.py:186} INFO - Started process (PID=86) to work on /home/airflow/.local/lib/python3.12/site-packages/airflow/example_dags/tutorial_objectstorage.py
[2024-11-12T03:39:57.227+0000] {processor.py:914} INFO - Processing file /home/airflow/.local/lib/python3.12/site-packages/airflow/example_dags/tutorial_objectstorage.py for tasks to queue
[2024-11-12T03:39:57.229+0000] {logging_mixin.py:190} INFO - [2024-11-12T03:39:57.229+0000] {dagbag.py:588} INFO - Filling up the DagBag from /home/airflow/.local/lib/python3.12/site-packages/airflow/example_dags/tutorial_objectstorage.py
[2024-11-12T03:39:57.238+0000] {processor.py:925} INFO - DAG(s) 'tutorial_objectstorage' retrieved from /home/airflow/.local/lib/python3.12/site-packages/airflow/example_dags/tutorial_objectstorage.py
[2024-11-12T03:39:57.256+0000] {logging_mixin.py:190} INFO - [2024-11-12T03:39:57.256+0000] {dag.py:3239} INFO - Sync 1 DAGs
[2024-11-12T03:39:57.269+0000] {logging_mixin.py:190} INFO - [2024-11-12T03:39:57.269+0000] {dag.py:4180} INFO - Setting next_dagrun for tutorial_objectstorage to None, run_after=None
[2024-11-12T03:39:57.287+0000] {processor.py:208} INFO - Processing /home/airflow/.local/lib/python3.12/site-packages/airflow/example_dags/tutorial_objectstorage.py took 0.067 seconds
[2024-11-12T03:40:27.751+0000] {processor.py:186} INFO - Started process (PID=149) to work on /home/airflow/.local/lib/python3.12/site-packages/airflow/example_dags/tutorial_objectstorage.py
[2024-11-12T03:40:27.752+0000] {processor.py:914} INFO - Processing file /home/airflow/.local/lib/python3.12/site-packages/airflow/example_dags/tutorial_objectstorage.py for tasks to queue
[2024-11-12T03:40:27.754+0000] {logging_mixin.py:190} INFO - [2024-11-12T03:40:27.754+0000] {dagbag.py:588} INFO - Filling up the DagBag from /home/airflow/.local/lib/python3.12/site-packages/airflow/example_dags/tutorial_objectstorage.py
[2024-11-12T03:40:27.761+0000] {processor.py:925} INFO - DAG(s) 'tutorial_objectstorage' retrieved from /home/airflow/.local/lib/python3.12/site-packages/airflow/example_dags/tutorial_objectstorage.py
[2024-11-12T03:40:27.775+0000] {logging_mixin.py:190} INFO - [2024-11-12T03:40:27.775+0000] {dag.py:3239} INFO - Sync 1 DAGs
[2024-11-12T03:40:27.787+0000] {logging_mixin.py:190} INFO - [2024-11-12T03:40:27.786+0000] {dag.py:4180} INFO - Setting next_dagrun for tutorial_objectstorage to None, run_after=None
[2024-11-12T03:40:27.801+0000] {processor.py:208} INFO - Processing /home/airflow/.local/lib/python3.12/site-packages/airflow/example_dags/tutorial_objectstorage.py took 0.053 seconds
[2024-11-12T03:40:57.849+0000] {processor.py:186} INFO - Started process (PID=211) to work on /home/airflow/.local/lib/python3.12/site-packages/airflow/example_dags/tutorial_objectstorage.py
[2024-11-12T03:40:57.850+0000] {processor.py:914} INFO - Processing file /home/airflow/.local/lib/python3.12/site-packages/airflow/example_dags/tutorial_objectstorage.py for tasks to queue
[2024-11-12T03:40:57.852+0000] {logging_mixin.py:190} INFO - [2024-11-12T03:40:57.852+0000] {dagbag.py:588} INFO - Filling up the DagBag from /home/airflow/.local/lib/python3.12/site-packages/airflow/example_dags/tutorial_objectstorage.py
[2024-11-12T03:40:57.860+0000] {processor.py:925} INFO - DAG(s) 'tutorial_objectstorage' retrieved from /home/airflow/.local/lib/python3.12/site-packages/airflow/example_dags/tutorial_objectstorage.py
[2024-11-12T03:40:57.874+0000] {logging_mixin.py:190} INFO - [2024-11-12T03:40:57.874+0000] {dag.py:3239} INFO - Sync 1 DAGs
[2024-11-12T03:40:57.885+0000] {logging_mixin.py:190} INFO - [2024-11-12T03:40:57.885+0000] {dag.py:4180} INFO - Setting next_dagrun for tutorial_objectstorage to None, run_after=None
[2024-11-12T03:40:57.902+0000] {processor.py:208} INFO - Processing /home/airflow/.local/lib/python3.12/site-packages/airflow/example_dags/tutorial_objectstorage.py took 0.058 seconds
