[2024-11-12T03:33:30.757+0000] {processor.py:186} INFO - Started process (PID=117) to work on /home/airflow/.local/lib/python3.12/site-packages/airflow/example_dags/tutorial.py
[2024-11-12T03:33:30.758+0000] {processor.py:914} INFO - Processing file /home/airflow/.local/lib/python3.12/site-packages/airflow/example_dags/tutorial.py for tasks to queue
[2024-11-12T03:33:30.761+0000] {logging_mixin.py:190} INFO - [2024-11-12T03:33:30.760+0000] {dagbag.py:588} INFO - Filling up the DagBag from /home/airflow/.local/lib/python3.12/site-packages/airflow/example_dags/tutorial.py
[2024-11-12T03:33:30.769+0000] {processor.py:925} INFO - DAG(s) 'tutorial' retrieved from /home/airflow/.local/lib/python3.12/site-packages/airflow/example_dags/tutorial.py
[2024-11-12T03:33:30.862+0000] {logging_mixin.py:190} INFO - [2024-11-12T03:33:30.861+0000] {override.py:1911} INFO - Created Permission View: can read on DAG:tutorial
[2024-11-12T03:33:30.870+0000] {logging_mixin.py:190} INFO - [2024-11-12T03:33:30.870+0000] {override.py:1911} INFO - Created Permission View: can delete on DAG:tutorial
[2024-11-12T03:33:30.876+0000] {logging_mixin.py:190} INFO - [2024-11-12T03:33:30.876+0000] {override.py:1911} INFO - Created Permission View: can edit on DAG:tutorial
[2024-11-12T03:33:30.882+0000] {logging_mixin.py:190} INFO - [2024-11-12T03:33:30.882+0000] {override.py:1911} INFO - Created Permission View: can read on DAG Run:tutorial
[2024-11-12T03:33:30.889+0000] {logging_mixin.py:190} INFO - [2024-11-12T03:33:30.889+0000] {override.py:1911} INFO - Created Permission View: can create on DAG Run:tutorial
[2024-11-12T03:33:30.894+0000] {logging_mixin.py:190} INFO - [2024-11-12T03:33:30.894+0000] {override.py:1911} INFO - Created Permission View: can delete on DAG Run:tutorial
[2024-11-12T03:33:30.901+0000] {logging_mixin.py:190} INFO - [2024-11-12T03:33:30.901+0000] {override.py:1911} INFO - Created Permission View: menu access on DAG Run:tutorial
[2024-11-12T03:33:30.902+0000] {logging_mixin.py:190} INFO - [2024-11-12T03:33:30.902+0000] {dag.py:3239} INFO - Sync 1 DAGs
[2024-11-12T03:33:30.912+0000] {logging_mixin.py:190} INFO - [2024-11-12T03:33:30.911+0000] {dag.py:3262} INFO - Creating ORM DAG for tutorial
[2024-11-12T03:33:30.920+0000] {logging_mixin.py:190} INFO - [2024-11-12T03:33:30.920+0000] {dag.py:4180} INFO - Setting next_dagrun for tutorial to 2024-11-11 00:00:00+00:00, run_after=2024-11-12 00:00:00+00:00
[2024-11-12T03:33:30.940+0000] {processor.py:208} INFO - Processing /home/airflow/.local/lib/python3.12/site-packages/airflow/example_dags/tutorial.py took 0.189 seconds
[2024-11-12T03:34:01.697+0000] {processor.py:186} INFO - Started process (PID=180) to work on /home/airflow/.local/lib/python3.12/site-packages/airflow/example_dags/tutorial.py
[2024-11-12T03:34:01.698+0000] {processor.py:914} INFO - Processing file /home/airflow/.local/lib/python3.12/site-packages/airflow/example_dags/tutorial.py for tasks to queue
[2024-11-12T03:34:01.700+0000] {logging_mixin.py:190} INFO - [2024-11-12T03:34:01.699+0000] {dagbag.py:588} INFO - Filling up the DagBag from /home/airflow/.local/lib/python3.12/site-packages/airflow/example_dags/tutorial.py
[2024-11-12T03:34:01.706+0000] {processor.py:925} INFO - DAG(s) 'tutorial' retrieved from /home/airflow/.local/lib/python3.12/site-packages/airflow/example_dags/tutorial.py
[2024-11-12T03:34:01.722+0000] {logging_mixin.py:190} INFO - [2024-11-12T03:34:01.721+0000] {dag.py:3239} INFO - Sync 1 DAGs
[2024-11-12T03:34:01.739+0000] {logging_mixin.py:190} INFO - [2024-11-12T03:34:01.739+0000] {dag.py:4180} INFO - Setting next_dagrun for tutorial to 2024-11-11 00:00:00+00:00, run_after=2024-11-12 00:00:00+00:00
[2024-11-12T03:34:01.754+0000] {processor.py:208} INFO - Processing /home/airflow/.local/lib/python3.12/site-packages/airflow/example_dags/tutorial.py took 0.062 seconds
[2024-11-12T03:34:31.911+0000] {processor.py:186} INFO - Started process (PID=242) to work on /home/airflow/.local/lib/python3.12/site-packages/airflow/example_dags/tutorial.py
[2024-11-12T03:34:31.913+0000] {processor.py:914} INFO - Processing file /home/airflow/.local/lib/python3.12/site-packages/airflow/example_dags/tutorial.py for tasks to queue
[2024-11-12T03:34:31.916+0000] {logging_mixin.py:190} INFO - [2024-11-12T03:34:31.916+0000] {dagbag.py:588} INFO - Filling up the DagBag from /home/airflow/.local/lib/python3.12/site-packages/airflow/example_dags/tutorial.py
[2024-11-12T03:34:31.925+0000] {processor.py:925} INFO - DAG(s) 'tutorial' retrieved from /home/airflow/.local/lib/python3.12/site-packages/airflow/example_dags/tutorial.py
[2024-11-12T03:34:31.942+0000] {logging_mixin.py:190} INFO - [2024-11-12T03:34:31.942+0000] {dag.py:3239} INFO - Sync 1 DAGs
[2024-11-12T03:34:31.965+0000] {logging_mixin.py:190} INFO - [2024-11-12T03:34:31.965+0000] {dag.py:4180} INFO - Setting next_dagrun for tutorial to 2024-11-11 00:00:00+00:00, run_after=2024-11-12 00:00:00+00:00
[2024-11-12T03:34:31.981+0000] {processor.py:208} INFO - Processing /home/airflow/.local/lib/python3.12/site-packages/airflow/example_dags/tutorial.py took 0.078 seconds
[2024-11-12T03:35:03.024+0000] {processor.py:186} INFO - Started process (PID=305) to work on /home/airflow/.local/lib/python3.12/site-packages/airflow/example_dags/tutorial.py
[2024-11-12T03:35:03.025+0000] {processor.py:914} INFO - Processing file /home/airflow/.local/lib/python3.12/site-packages/airflow/example_dags/tutorial.py for tasks to queue
[2024-11-12T03:35:03.028+0000] {logging_mixin.py:190} INFO - [2024-11-12T03:35:03.028+0000] {dagbag.py:588} INFO - Filling up the DagBag from /home/airflow/.local/lib/python3.12/site-packages/airflow/example_dags/tutorial.py
[2024-11-12T03:35:03.034+0000] {processor.py:925} INFO - DAG(s) 'tutorial' retrieved from /home/airflow/.local/lib/python3.12/site-packages/airflow/example_dags/tutorial.py
[2024-11-12T03:35:03.053+0000] {logging_mixin.py:190} INFO - [2024-11-12T03:35:03.053+0000] {dag.py:3239} INFO - Sync 1 DAGs
[2024-11-12T03:35:03.073+0000] {logging_mixin.py:190} INFO - [2024-11-12T03:35:03.072+0000] {dag.py:4180} INFO - Setting next_dagrun for tutorial to 2024-11-11 00:00:00+00:00, run_after=2024-11-12 00:00:00+00:00
[2024-11-12T03:35:03.094+0000] {processor.py:208} INFO - Processing /home/airflow/.local/lib/python3.12/site-packages/airflow/example_dags/tutorial.py took 0.074 seconds
[2024-11-12T03:35:33.337+0000] {processor.py:186} INFO - Started process (PID=367) to work on /home/airflow/.local/lib/python3.12/site-packages/airflow/example_dags/tutorial.py
[2024-11-12T03:35:33.338+0000] {processor.py:914} INFO - Processing file /home/airflow/.local/lib/python3.12/site-packages/airflow/example_dags/tutorial.py for tasks to queue
[2024-11-12T03:35:33.341+0000] {logging_mixin.py:190} INFO - [2024-11-12T03:35:33.340+0000] {dagbag.py:588} INFO - Filling up the DagBag from /home/airflow/.local/lib/python3.12/site-packages/airflow/example_dags/tutorial.py
[2024-11-12T03:35:33.349+0000] {processor.py:925} INFO - DAG(s) 'tutorial' retrieved from /home/airflow/.local/lib/python3.12/site-packages/airflow/example_dags/tutorial.py
[2024-11-12T03:35:33.367+0000] {logging_mixin.py:190} INFO - [2024-11-12T03:35:33.367+0000] {dag.py:3239} INFO - Sync 1 DAGs
[2024-11-12T03:35:33.390+0000] {logging_mixin.py:190} INFO - [2024-11-12T03:35:33.390+0000] {dag.py:4180} INFO - Setting next_dagrun for tutorial to 2024-11-11 00:00:00+00:00, run_after=2024-11-12 00:00:00+00:00
[2024-11-12T03:35:33.410+0000] {processor.py:208} INFO - Processing /home/airflow/.local/lib/python3.12/site-packages/airflow/example_dags/tutorial.py took 0.078 seconds
[2024-11-12T03:36:03.994+0000] {processor.py:186} INFO - Started process (PID=430) to work on /home/airflow/.local/lib/python3.12/site-packages/airflow/example_dags/tutorial.py
[2024-11-12T03:36:03.995+0000] {processor.py:914} INFO - Processing file /home/airflow/.local/lib/python3.12/site-packages/airflow/example_dags/tutorial.py for tasks to queue
[2024-11-12T03:36:03.997+0000] {logging_mixin.py:190} INFO - [2024-11-12T03:36:03.997+0000] {dagbag.py:588} INFO - Filling up the DagBag from /home/airflow/.local/lib/python3.12/site-packages/airflow/example_dags/tutorial.py
[2024-11-12T03:36:04.003+0000] {processor.py:925} INFO - DAG(s) 'tutorial' retrieved from /home/airflow/.local/lib/python3.12/site-packages/airflow/example_dags/tutorial.py
[2024-11-12T03:36:04.021+0000] {logging_mixin.py:190} INFO - [2024-11-12T03:36:04.021+0000] {dag.py:3239} INFO - Sync 1 DAGs
[2024-11-12T03:36:04.044+0000] {logging_mixin.py:190} INFO - [2024-11-12T03:36:04.044+0000] {dag.py:4180} INFO - Setting next_dagrun for tutorial to 2024-11-11 00:00:00+00:00, run_after=2024-11-12 00:00:00+00:00
[2024-11-12T03:36:04.062+0000] {processor.py:208} INFO - Processing /home/airflow/.local/lib/python3.12/site-packages/airflow/example_dags/tutorial.py took 0.073 seconds
[2024-11-12T03:36:34.659+0000] {processor.py:186} INFO - Started process (PID=493) to work on /home/airflow/.local/lib/python3.12/site-packages/airflow/example_dags/tutorial.py
[2024-11-12T03:36:34.660+0000] {processor.py:914} INFO - Processing file /home/airflow/.local/lib/python3.12/site-packages/airflow/example_dags/tutorial.py for tasks to queue
[2024-11-12T03:36:34.662+0000] {logging_mixin.py:190} INFO - [2024-11-12T03:36:34.662+0000] {dagbag.py:588} INFO - Filling up the DagBag from /home/airflow/.local/lib/python3.12/site-packages/airflow/example_dags/tutorial.py
[2024-11-12T03:36:34.669+0000] {processor.py:925} INFO - DAG(s) 'tutorial' retrieved from /home/airflow/.local/lib/python3.12/site-packages/airflow/example_dags/tutorial.py
[2024-11-12T03:36:34.685+0000] {logging_mixin.py:190} INFO - [2024-11-12T03:36:34.685+0000] {dag.py:3239} INFO - Sync 1 DAGs
[2024-11-12T03:36:34.705+0000] {logging_mixin.py:190} INFO - [2024-11-12T03:36:34.705+0000] {dag.py:4180} INFO - Setting next_dagrun for tutorial to 2024-11-11 00:00:00+00:00, run_after=2024-11-12 00:00:00+00:00
[2024-11-12T03:36:34.720+0000] {processor.py:208} INFO - Processing /home/airflow/.local/lib/python3.12/site-packages/airflow/example_dags/tutorial.py took 0.066 seconds
[2024-11-12T03:37:05.890+0000] {processor.py:186} INFO - Started process (PID=556) to work on /home/airflow/.local/lib/python3.12/site-packages/airflow/example_dags/tutorial.py
[2024-11-12T03:37:05.891+0000] {processor.py:914} INFO - Processing file /home/airflow/.local/lib/python3.12/site-packages/airflow/example_dags/tutorial.py for tasks to queue
[2024-11-12T03:37:05.893+0000] {logging_mixin.py:190} INFO - [2024-11-12T03:37:05.892+0000] {dagbag.py:588} INFO - Filling up the DagBag from /home/airflow/.local/lib/python3.12/site-packages/airflow/example_dags/tutorial.py
[2024-11-12T03:37:05.901+0000] {processor.py:925} INFO - DAG(s) 'tutorial' retrieved from /home/airflow/.local/lib/python3.12/site-packages/airflow/example_dags/tutorial.py
[2024-11-12T03:37:05.919+0000] {logging_mixin.py:190} INFO - [2024-11-12T03:37:05.919+0000] {dag.py:3239} INFO - Sync 1 DAGs
[2024-11-12T03:37:05.940+0000] {logging_mixin.py:190} INFO - [2024-11-12T03:37:05.940+0000] {dag.py:4180} INFO - Setting next_dagrun for tutorial to 2024-11-11 00:00:00+00:00, run_after=2024-11-12 00:00:00+00:00
[2024-11-12T03:37:05.957+0000] {processor.py:208} INFO - Processing /home/airflow/.local/lib/python3.12/site-packages/airflow/example_dags/tutorial.py took 0.073 seconds
[2024-11-12T03:37:36.683+0000] {processor.py:186} INFO - Started process (PID=619) to work on /home/airflow/.local/lib/python3.12/site-packages/airflow/example_dags/tutorial.py
[2024-11-12T03:37:36.684+0000] {processor.py:914} INFO - Processing file /home/airflow/.local/lib/python3.12/site-packages/airflow/example_dags/tutorial.py for tasks to queue
[2024-11-12T03:37:36.686+0000] {logging_mixin.py:190} INFO - [2024-11-12T03:37:36.686+0000] {dagbag.py:588} INFO - Filling up the DagBag from /home/airflow/.local/lib/python3.12/site-packages/airflow/example_dags/tutorial.py
[2024-11-12T03:37:36.692+0000] {processor.py:925} INFO - DAG(s) 'tutorial' retrieved from /home/airflow/.local/lib/python3.12/site-packages/airflow/example_dags/tutorial.py
[2024-11-12T03:37:36.707+0000] {logging_mixin.py:190} INFO - [2024-11-12T03:37:36.706+0000] {dag.py:3239} INFO - Sync 1 DAGs
[2024-11-12T03:37:36.726+0000] {logging_mixin.py:190} INFO - [2024-11-12T03:37:36.725+0000] {dag.py:4180} INFO - Setting next_dagrun for tutorial to 2024-11-11 00:00:00+00:00, run_after=2024-11-12 00:00:00+00:00
[2024-11-12T03:37:36.743+0000] {processor.py:208} INFO - Processing /home/airflow/.local/lib/python3.12/site-packages/airflow/example_dags/tutorial.py took 0.064 seconds
[2024-11-12T03:39:58.608+0000] {processor.py:186} INFO - Started process (PID=104) to work on /home/airflow/.local/lib/python3.12/site-packages/airflow/example_dags/tutorial.py
[2024-11-12T03:39:58.609+0000] {processor.py:914} INFO - Processing file /home/airflow/.local/lib/python3.12/site-packages/airflow/example_dags/tutorial.py for tasks to queue
[2024-11-12T03:39:58.611+0000] {logging_mixin.py:190} INFO - [2024-11-12T03:39:58.610+0000] {dagbag.py:588} INFO - Filling up the DagBag from /home/airflow/.local/lib/python3.12/site-packages/airflow/example_dags/tutorial.py
[2024-11-12T03:39:58.618+0000] {processor.py:925} INFO - DAG(s) 'tutorial' retrieved from /home/airflow/.local/lib/python3.12/site-packages/airflow/example_dags/tutorial.py
[2024-11-12T03:39:58.633+0000] {logging_mixin.py:190} INFO - [2024-11-12T03:39:58.633+0000] {dag.py:3239} INFO - Sync 1 DAGs
[2024-11-12T03:39:58.657+0000] {logging_mixin.py:190} INFO - [2024-11-12T03:39:58.656+0000] {dag.py:4180} INFO - Setting next_dagrun for tutorial to 2024-11-11 00:00:00+00:00, run_after=2024-11-12 00:00:00+00:00
[2024-11-12T03:39:58.684+0000] {processor.py:208} INFO - Processing /home/airflow/.local/lib/python3.12/site-packages/airflow/example_dags/tutorial.py took 0.081 seconds
[2024-11-12T03:40:28.933+0000] {processor.py:186} INFO - Started process (PID=166) to work on /home/airflow/.local/lib/python3.12/site-packages/airflow/example_dags/tutorial.py
[2024-11-12T03:40:28.934+0000] {processor.py:914} INFO - Processing file /home/airflow/.local/lib/python3.12/site-packages/airflow/example_dags/tutorial.py for tasks to queue
[2024-11-12T03:40:28.936+0000] {logging_mixin.py:190} INFO - [2024-11-12T03:40:28.936+0000] {dagbag.py:588} INFO - Filling up the DagBag from /home/airflow/.local/lib/python3.12/site-packages/airflow/example_dags/tutorial.py
[2024-11-12T03:40:28.943+0000] {processor.py:925} INFO - DAG(s) 'tutorial' retrieved from /home/airflow/.local/lib/python3.12/site-packages/airflow/example_dags/tutorial.py
[2024-11-12T03:40:28.958+0000] {logging_mixin.py:190} INFO - [2024-11-12T03:40:28.958+0000] {dag.py:3239} INFO - Sync 1 DAGs
[2024-11-12T03:40:28.975+0000] {logging_mixin.py:190} INFO - [2024-11-12T03:40:28.975+0000] {dag.py:4180} INFO - Setting next_dagrun for tutorial to 2024-11-11 00:00:00+00:00, run_after=2024-11-12 00:00:00+00:00
[2024-11-12T03:40:28.990+0000] {processor.py:208} INFO - Processing /home/airflow/.local/lib/python3.12/site-packages/airflow/example_dags/tutorial.py took 0.061 seconds
[2024-11-12T03:40:59.308+0000] {processor.py:186} INFO - Started process (PID=229) to work on /home/airflow/.local/lib/python3.12/site-packages/airflow/example_dags/tutorial.py
[2024-11-12T03:40:59.309+0000] {processor.py:914} INFO - Processing file /home/airflow/.local/lib/python3.12/site-packages/airflow/example_dags/tutorial.py for tasks to queue
[2024-11-12T03:40:59.311+0000] {logging_mixin.py:190} INFO - [2024-11-12T03:40:59.311+0000] {dagbag.py:588} INFO - Filling up the DagBag from /home/airflow/.local/lib/python3.12/site-packages/airflow/example_dags/tutorial.py
[2024-11-12T03:40:59.317+0000] {processor.py:925} INFO - DAG(s) 'tutorial' retrieved from /home/airflow/.local/lib/python3.12/site-packages/airflow/example_dags/tutorial.py
[2024-11-12T03:40:59.333+0000] {logging_mixin.py:190} INFO - [2024-11-12T03:40:59.333+0000] {dag.py:3239} INFO - Sync 1 DAGs
[2024-11-12T03:40:59.350+0000] {logging_mixin.py:190} INFO - [2024-11-12T03:40:59.350+0000] {dag.py:4180} INFO - Setting next_dagrun for tutorial to 2024-11-11 00:00:00+00:00, run_after=2024-11-12 00:00:00+00:00
[2024-11-12T03:40:59.365+0000] {processor.py:208} INFO - Processing /home/airflow/.local/lib/python3.12/site-packages/airflow/example_dags/tutorial.py took 0.061 seconds
[2024-11-12T03:41:29.471+0000] {processor.py:186} INFO - Started process (PID=291) to work on /home/airflow/.local/lib/python3.12/site-packages/airflow/example_dags/tutorial.py
[2024-11-12T03:41:29.472+0000] {processor.py:914} INFO - Processing file /home/airflow/.local/lib/python3.12/site-packages/airflow/example_dags/tutorial.py for tasks to queue
[2024-11-12T03:41:29.474+0000] {logging_mixin.py:190} INFO - [2024-11-12T03:41:29.473+0000] {dagbag.py:588} INFO - Filling up the DagBag from /home/airflow/.local/lib/python3.12/site-packages/airflow/example_dags/tutorial.py
[2024-11-12T03:41:29.479+0000] {processor.py:925} INFO - DAG(s) 'tutorial' retrieved from /home/airflow/.local/lib/python3.12/site-packages/airflow/example_dags/tutorial.py
[2024-11-12T03:41:29.494+0000] {logging_mixin.py:190} INFO - [2024-11-12T03:41:29.494+0000] {dag.py:3239} INFO - Sync 1 DAGs
[2024-11-12T03:41:29.514+0000] {logging_mixin.py:190} INFO - [2024-11-12T03:41:29.513+0000] {dag.py:4180} INFO - Setting next_dagrun for tutorial to 2024-11-11 00:00:00+00:00, run_after=2024-11-12 00:00:00+00:00
[2024-11-12T03:41:29.529+0000] {processor.py:208} INFO - Processing /home/airflow/.local/lib/python3.12/site-packages/airflow/example_dags/tutorial.py took 0.062 seconds
