[2024-11-12T03:33:25.885+0000] {processor.py:186} INFO - Started process (PID=89) to work on /home/airflow/.local/lib/python3.12/site-packages/airflow/example_dags/tutorial_taskflow_api.py
[2024-11-12T03:33:25.887+0000] {processor.py:914} INFO - Processing file /home/airflow/.local/lib/python3.12/site-packages/airflow/example_dags/tutorial_taskflow_api.py for tasks to queue
[2024-11-12T03:33:25.889+0000] {logging_mixin.py:190} INFO - [2024-11-12T03:33:25.889+0000] {dagbag.py:588} INFO - Filling up the DagBag from /home/airflow/.local/lib/python3.12/site-packages/airflow/example_dags/tutorial_taskflow_api.py
[2024-11-12T03:33:25.898+0000] {processor.py:925} INFO - DAG(s) 'tutorial_taskflow_api' retrieved from /home/airflow/.local/lib/python3.12/site-packages/airflow/example_dags/tutorial_taskflow_api.py
[2024-11-12T03:33:25.983+0000] {logging_mixin.py:190} INFO - [2024-11-12T03:33:25.983+0000] {override.py:1911} INFO - Created Permission View: can read on DAG:tutorial_taskflow_api
[2024-11-12T03:33:25.995+0000] {logging_mixin.py:190} INFO - [2024-11-12T03:33:25.994+0000] {override.py:1911} INFO - Created Permission View: can delete on DAG:tutorial_taskflow_api
[2024-11-12T03:33:26.003+0000] {logging_mixin.py:190} INFO - [2024-11-12T03:33:26.003+0000] {override.py:1911} INFO - Created Permission View: can edit on DAG:tutorial_taskflow_api
[2024-11-12T03:33:26.011+0000] {logging_mixin.py:190} INFO - [2024-11-12T03:33:26.011+0000] {override.py:1911} INFO - Created Permission View: can read on DAG Run:tutorial_taskflow_api
[2024-11-12T03:33:26.020+0000] {logging_mixin.py:190} INFO - [2024-11-12T03:33:26.020+0000] {override.py:1911} INFO - Created Permission View: can create on DAG Run:tutorial_taskflow_api
[2024-11-12T03:33:26.028+0000] {logging_mixin.py:190} INFO - [2024-11-12T03:33:26.028+0000] {override.py:1911} INFO - Created Permission View: can delete on DAG Run:tutorial_taskflow_api
[2024-11-12T03:33:26.037+0000] {logging_mixin.py:190} INFO - [2024-11-12T03:33:26.037+0000] {override.py:1911} INFO - Created Permission View: menu access on DAG Run:tutorial_taskflow_api
[2024-11-12T03:33:26.038+0000] {logging_mixin.py:190} INFO - [2024-11-12T03:33:26.038+0000] {dag.py:3239} INFO - Sync 1 DAGs
[2024-11-12T03:33:26.049+0000] {logging_mixin.py:190} INFO - [2024-11-12T03:33:26.049+0000] {dag.py:3262} INFO - Creating ORM DAG for tutorial_taskflow_api
[2024-11-12T03:33:26.050+0000] {logging_mixin.py:190} INFO - [2024-11-12T03:33:26.050+0000] {dag.py:4180} INFO - Setting next_dagrun for tutorial_taskflow_api to None, run_after=None
[2024-11-12T03:33:26.068+0000] {processor.py:208} INFO - Processing /home/airflow/.local/lib/python3.12/site-packages/airflow/example_dags/tutorial_taskflow_api.py took 0.188 seconds
[2024-11-12T03:33:56.505+0000] {processor.py:186} INFO - Started process (PID=152) to work on /home/airflow/.local/lib/python3.12/site-packages/airflow/example_dags/tutorial_taskflow_api.py
[2024-11-12T03:33:56.507+0000] {processor.py:914} INFO - Processing file /home/airflow/.local/lib/python3.12/site-packages/airflow/example_dags/tutorial_taskflow_api.py for tasks to queue
[2024-11-12T03:33:56.508+0000] {logging_mixin.py:190} INFO - [2024-11-12T03:33:56.508+0000] {dagbag.py:588} INFO - Filling up the DagBag from /home/airflow/.local/lib/python3.12/site-packages/airflow/example_dags/tutorial_taskflow_api.py
[2024-11-12T03:33:56.517+0000] {processor.py:925} INFO - DAG(s) 'tutorial_taskflow_api' retrieved from /home/airflow/.local/lib/python3.12/site-packages/airflow/example_dags/tutorial_taskflow_api.py
[2024-11-12T03:33:56.536+0000] {logging_mixin.py:190} INFO - [2024-11-12T03:33:56.536+0000] {dag.py:3239} INFO - Sync 1 DAGs
[2024-11-12T03:33:56.549+0000] {logging_mixin.py:190} INFO - [2024-11-12T03:33:56.549+0000] {dag.py:4180} INFO - Setting next_dagrun for tutorial_taskflow_api to None, run_after=None
[2024-11-12T03:33:56.566+0000] {processor.py:208} INFO - Processing /home/airflow/.local/lib/python3.12/site-packages/airflow/example_dags/tutorial_taskflow_api.py took 0.066 seconds
[2024-11-12T03:34:27.395+0000] {processor.py:186} INFO - Started process (PID=215) to work on /home/airflow/.local/lib/python3.12/site-packages/airflow/example_dags/tutorial_taskflow_api.py
[2024-11-12T03:34:27.396+0000] {processor.py:914} INFO - Processing file /home/airflow/.local/lib/python3.12/site-packages/airflow/example_dags/tutorial_taskflow_api.py for tasks to queue
[2024-11-12T03:34:27.398+0000] {logging_mixin.py:190} INFO - [2024-11-12T03:34:27.397+0000] {dagbag.py:588} INFO - Filling up the DagBag from /home/airflow/.local/lib/python3.12/site-packages/airflow/example_dags/tutorial_taskflow_api.py
[2024-11-12T03:34:27.405+0000] {processor.py:925} INFO - DAG(s) 'tutorial_taskflow_api' retrieved from /home/airflow/.local/lib/python3.12/site-packages/airflow/example_dags/tutorial_taskflow_api.py
[2024-11-12T03:34:27.421+0000] {logging_mixin.py:190} INFO - [2024-11-12T03:34:27.421+0000] {dag.py:3239} INFO - Sync 1 DAGs
[2024-11-12T03:34:27.436+0000] {logging_mixin.py:190} INFO - [2024-11-12T03:34:27.435+0000] {dag.py:4180} INFO - Setting next_dagrun for tutorial_taskflow_api to None, run_after=None
[2024-11-12T03:34:27.454+0000] {processor.py:208} INFO - Processing /home/airflow/.local/lib/python3.12/site-packages/airflow/example_dags/tutorial_taskflow_api.py took 0.063 seconds
[2024-11-12T03:34:57.643+0000] {processor.py:186} INFO - Started process (PID=277) to work on /home/airflow/.local/lib/python3.12/site-packages/airflow/example_dags/tutorial_taskflow_api.py
[2024-11-12T03:34:57.644+0000] {processor.py:914} INFO - Processing file /home/airflow/.local/lib/python3.12/site-packages/airflow/example_dags/tutorial_taskflow_api.py for tasks to queue
[2024-11-12T03:34:57.646+0000] {logging_mixin.py:190} INFO - [2024-11-12T03:34:57.645+0000] {dagbag.py:588} INFO - Filling up the DagBag from /home/airflow/.local/lib/python3.12/site-packages/airflow/example_dags/tutorial_taskflow_api.py
[2024-11-12T03:34:57.654+0000] {processor.py:925} INFO - DAG(s) 'tutorial_taskflow_api' retrieved from /home/airflow/.local/lib/python3.12/site-packages/airflow/example_dags/tutorial_taskflow_api.py
[2024-11-12T03:34:57.671+0000] {logging_mixin.py:190} INFO - [2024-11-12T03:34:57.671+0000] {dag.py:3239} INFO - Sync 1 DAGs
[2024-11-12T03:34:57.685+0000] {logging_mixin.py:190} INFO - [2024-11-12T03:34:57.684+0000] {dag.py:4180} INFO - Setting next_dagrun for tutorial_taskflow_api to None, run_after=None
[2024-11-12T03:34:57.707+0000] {processor.py:208} INFO - Processing /home/airflow/.local/lib/python3.12/site-packages/airflow/example_dags/tutorial_taskflow_api.py took 0.068 seconds
[2024-11-12T03:35:28.158+0000] {processor.py:186} INFO - Started process (PID=339) to work on /home/airflow/.local/lib/python3.12/site-packages/airflow/example_dags/tutorial_taskflow_api.py
[2024-11-12T03:35:28.159+0000] {processor.py:914} INFO - Processing file /home/airflow/.local/lib/python3.12/site-packages/airflow/example_dags/tutorial_taskflow_api.py for tasks to queue
[2024-11-12T03:35:28.162+0000] {logging_mixin.py:190} INFO - [2024-11-12T03:35:28.161+0000] {dagbag.py:588} INFO - Filling up the DagBag from /home/airflow/.local/lib/python3.12/site-packages/airflow/example_dags/tutorial_taskflow_api.py
[2024-11-12T03:35:28.172+0000] {processor.py:925} INFO - DAG(s) 'tutorial_taskflow_api' retrieved from /home/airflow/.local/lib/python3.12/site-packages/airflow/example_dags/tutorial_taskflow_api.py
[2024-11-12T03:35:28.188+0000] {logging_mixin.py:190} INFO - [2024-11-12T03:35:28.188+0000] {dag.py:3239} INFO - Sync 1 DAGs
[2024-11-12T03:35:28.201+0000] {logging_mixin.py:190} INFO - [2024-11-12T03:35:28.201+0000] {dag.py:4180} INFO - Setting next_dagrun for tutorial_taskflow_api to None, run_after=None
[2024-11-12T03:35:28.223+0000] {processor.py:208} INFO - Processing /home/airflow/.local/lib/python3.12/site-packages/airflow/example_dags/tutorial_taskflow_api.py took 0.071 seconds
[2024-11-12T03:35:59.001+0000] {processor.py:186} INFO - Started process (PID=402) to work on /home/airflow/.local/lib/python3.12/site-packages/airflow/example_dags/tutorial_taskflow_api.py
[2024-11-12T03:35:59.001+0000] {processor.py:914} INFO - Processing file /home/airflow/.local/lib/python3.12/site-packages/airflow/example_dags/tutorial_taskflow_api.py for tasks to queue
[2024-11-12T03:35:59.004+0000] {logging_mixin.py:190} INFO - [2024-11-12T03:35:59.004+0000] {dagbag.py:588} INFO - Filling up the DagBag from /home/airflow/.local/lib/python3.12/site-packages/airflow/example_dags/tutorial_taskflow_api.py
[2024-11-12T03:35:59.012+0000] {processor.py:925} INFO - DAG(s) 'tutorial_taskflow_api' retrieved from /home/airflow/.local/lib/python3.12/site-packages/airflow/example_dags/tutorial_taskflow_api.py
[2024-11-12T03:35:59.032+0000] {logging_mixin.py:190} INFO - [2024-11-12T03:35:59.032+0000] {dag.py:3239} INFO - Sync 1 DAGs
[2024-11-12T03:35:59.046+0000] {logging_mixin.py:190} INFO - [2024-11-12T03:35:59.045+0000] {dag.py:4180} INFO - Setting next_dagrun for tutorial_taskflow_api to None, run_after=None
[2024-11-12T03:35:59.068+0000] {processor.py:208} INFO - Processing /home/airflow/.local/lib/python3.12/site-packages/airflow/example_dags/tutorial_taskflow_api.py took 0.072 seconds
[2024-11-12T03:36:29.984+0000] {processor.py:186} INFO - Started process (PID=465) to work on /home/airflow/.local/lib/python3.12/site-packages/airflow/example_dags/tutorial_taskflow_api.py
[2024-11-12T03:36:29.986+0000] {processor.py:914} INFO - Processing file /home/airflow/.local/lib/python3.12/site-packages/airflow/example_dags/tutorial_taskflow_api.py for tasks to queue
[2024-11-12T03:36:29.988+0000] {logging_mixin.py:190} INFO - [2024-11-12T03:36:29.988+0000] {dagbag.py:588} INFO - Filling up the DagBag from /home/airflow/.local/lib/python3.12/site-packages/airflow/example_dags/tutorial_taskflow_api.py
[2024-11-12T03:36:29.995+0000] {processor.py:925} INFO - DAG(s) 'tutorial_taskflow_api' retrieved from /home/airflow/.local/lib/python3.12/site-packages/airflow/example_dags/tutorial_taskflow_api.py
[2024-11-12T03:36:30.010+0000] {logging_mixin.py:190} INFO - [2024-11-12T03:36:30.010+0000] {dag.py:3239} INFO - Sync 1 DAGs
[2024-11-12T03:36:30.022+0000] {logging_mixin.py:190} INFO - [2024-11-12T03:36:30.022+0000] {dag.py:4180} INFO - Setting next_dagrun for tutorial_taskflow_api to None, run_after=None
[2024-11-12T03:36:30.043+0000] {processor.py:208} INFO - Processing /home/airflow/.local/lib/python3.12/site-packages/airflow/example_dags/tutorial_taskflow_api.py took 0.063 seconds
[2024-11-12T03:37:00.140+0000] {processor.py:186} INFO - Started process (PID=527) to work on /home/airflow/.local/lib/python3.12/site-packages/airflow/example_dags/tutorial_taskflow_api.py
[2024-11-12T03:37:00.142+0000] {processor.py:914} INFO - Processing file /home/airflow/.local/lib/python3.12/site-packages/airflow/example_dags/tutorial_taskflow_api.py for tasks to queue
[2024-11-12T03:37:00.144+0000] {logging_mixin.py:190} INFO - [2024-11-12T03:37:00.143+0000] {dagbag.py:588} INFO - Filling up the DagBag from /home/airflow/.local/lib/python3.12/site-packages/airflow/example_dags/tutorial_taskflow_api.py
[2024-11-12T03:37:00.151+0000] {processor.py:925} INFO - DAG(s) 'tutorial_taskflow_api' retrieved from /home/airflow/.local/lib/python3.12/site-packages/airflow/example_dags/tutorial_taskflow_api.py
[2024-11-12T03:37:00.168+0000] {logging_mixin.py:190} INFO - [2024-11-12T03:37:00.168+0000] {dag.py:3239} INFO - Sync 1 DAGs
[2024-11-12T03:37:00.181+0000] {logging_mixin.py:190} INFO - [2024-11-12T03:37:00.181+0000] {dag.py:4180} INFO - Setting next_dagrun for tutorial_taskflow_api to None, run_after=None
[2024-11-12T03:37:00.196+0000] {processor.py:208} INFO - Processing /home/airflow/.local/lib/python3.12/site-packages/airflow/example_dags/tutorial_taskflow_api.py took 0.062 seconds
[2024-11-12T03:37:30.822+0000] {processor.py:186} INFO - Started process (PID=590) to work on /home/airflow/.local/lib/python3.12/site-packages/airflow/example_dags/tutorial_taskflow_api.py
[2024-11-12T03:37:30.823+0000] {processor.py:914} INFO - Processing file /home/airflow/.local/lib/python3.12/site-packages/airflow/example_dags/tutorial_taskflow_api.py for tasks to queue
[2024-11-12T03:37:30.825+0000] {logging_mixin.py:190} INFO - [2024-11-12T03:37:30.825+0000] {dagbag.py:588} INFO - Filling up the DagBag from /home/airflow/.local/lib/python3.12/site-packages/airflow/example_dags/tutorial_taskflow_api.py
[2024-11-12T03:37:30.831+0000] {processor.py:925} INFO - DAG(s) 'tutorial_taskflow_api' retrieved from /home/airflow/.local/lib/python3.12/site-packages/airflow/example_dags/tutorial_taskflow_api.py
[2024-11-12T03:37:30.847+0000] {logging_mixin.py:190} INFO - [2024-11-12T03:37:30.847+0000] {dag.py:3239} INFO - Sync 1 DAGs
[2024-11-12T03:37:30.858+0000] {logging_mixin.py:190} INFO - [2024-11-12T03:37:30.858+0000] {dag.py:4180} INFO - Setting next_dagrun for tutorial_taskflow_api to None, run_after=None
[2024-11-12T03:37:30.876+0000] {processor.py:208} INFO - Processing /home/airflow/.local/lib/python3.12/site-packages/airflow/example_dags/tutorial_taskflow_api.py took 0.059 seconds
[2024-11-12T03:39:56.366+0000] {processor.py:186} INFO - Started process (PID=76) to work on /home/airflow/.local/lib/python3.12/site-packages/airflow/example_dags/tutorial_taskflow_api.py
[2024-11-12T03:39:56.367+0000] {processor.py:914} INFO - Processing file /home/airflow/.local/lib/python3.12/site-packages/airflow/example_dags/tutorial_taskflow_api.py for tasks to queue
[2024-11-12T03:39:56.370+0000] {logging_mixin.py:190} INFO - [2024-11-12T03:39:56.369+0000] {dagbag.py:588} INFO - Filling up the DagBag from /home/airflow/.local/lib/python3.12/site-packages/airflow/example_dags/tutorial_taskflow_api.py
[2024-11-12T03:39:56.377+0000] {processor.py:925} INFO - DAG(s) 'tutorial_taskflow_api' retrieved from /home/airflow/.local/lib/python3.12/site-packages/airflow/example_dags/tutorial_taskflow_api.py
[2024-11-12T03:39:56.399+0000] {logging_mixin.py:190} INFO - [2024-11-12T03:39:56.399+0000] {dag.py:3239} INFO - Sync 1 DAGs
[2024-11-12T03:39:56.412+0000] {logging_mixin.py:190} INFO - [2024-11-12T03:39:56.411+0000] {dag.py:4180} INFO - Setting next_dagrun for tutorial_taskflow_api to None, run_after=None
[2024-11-12T03:39:56.428+0000] {processor.py:208} INFO - Processing /home/airflow/.local/lib/python3.12/site-packages/airflow/example_dags/tutorial_taskflow_api.py took 0.067 seconds
[2024-11-12T03:40:27.165+0000] {processor.py:186} INFO - Started process (PID=139) to work on /home/airflow/.local/lib/python3.12/site-packages/airflow/example_dags/tutorial_taskflow_api.py
[2024-11-12T03:40:27.166+0000] {processor.py:914} INFO - Processing file /home/airflow/.local/lib/python3.12/site-packages/airflow/example_dags/tutorial_taskflow_api.py for tasks to queue
[2024-11-12T03:40:27.169+0000] {logging_mixin.py:190} INFO - [2024-11-12T03:40:27.168+0000] {dagbag.py:588} INFO - Filling up the DagBag from /home/airflow/.local/lib/python3.12/site-packages/airflow/example_dags/tutorial_taskflow_api.py
[2024-11-12T03:40:27.175+0000] {processor.py:925} INFO - DAG(s) 'tutorial_taskflow_api' retrieved from /home/airflow/.local/lib/python3.12/site-packages/airflow/example_dags/tutorial_taskflow_api.py
[2024-11-12T03:40:27.189+0000] {logging_mixin.py:190} INFO - [2024-11-12T03:40:27.189+0000] {dag.py:3239} INFO - Sync 1 DAGs
[2024-11-12T03:40:27.200+0000] {logging_mixin.py:190} INFO - [2024-11-12T03:40:27.200+0000] {dag.py:4180} INFO - Setting next_dagrun for tutorial_taskflow_api to None, run_after=None
[2024-11-12T03:40:27.216+0000] {processor.py:208} INFO - Processing /home/airflow/.local/lib/python3.12/site-packages/airflow/example_dags/tutorial_taskflow_api.py took 0.055 seconds
[2024-11-12T03:40:57.297+0000] {processor.py:186} INFO - Started process (PID=202) to work on /home/airflow/.local/lib/python3.12/site-packages/airflow/example_dags/tutorial_taskflow_api.py
[2024-11-12T03:40:57.298+0000] {processor.py:914} INFO - Processing file /home/airflow/.local/lib/python3.12/site-packages/airflow/example_dags/tutorial_taskflow_api.py for tasks to queue
[2024-11-12T03:40:57.300+0000] {logging_mixin.py:190} INFO - [2024-11-12T03:40:57.300+0000] {dagbag.py:588} INFO - Filling up the DagBag from /home/airflow/.local/lib/python3.12/site-packages/airflow/example_dags/tutorial_taskflow_api.py
[2024-11-12T03:40:57.306+0000] {processor.py:925} INFO - DAG(s) 'tutorial_taskflow_api' retrieved from /home/airflow/.local/lib/python3.12/site-packages/airflow/example_dags/tutorial_taskflow_api.py
[2024-11-12T03:40:57.321+0000] {logging_mixin.py:190} INFO - [2024-11-12T03:40:57.321+0000] {dag.py:3239} INFO - Sync 1 DAGs
[2024-11-12T03:40:57.333+0000] {logging_mixin.py:190} INFO - [2024-11-12T03:40:57.332+0000] {dag.py:4180} INFO - Setting next_dagrun for tutorial_taskflow_api to None, run_after=None
[2024-11-12T03:40:57.348+0000] {processor.py:208} INFO - Processing /home/airflow/.local/lib/python3.12/site-packages/airflow/example_dags/tutorial_taskflow_api.py took 0.055 seconds
